<?xml version="1.0" encoding="utf-8"?>
<TestRun id="eddd069c-dbc7-4b92-8476-cd91fe4baec9" name="admin@DESKTOP-TCCLH6H 2026-09-23 13:35:49" runUser="DESKTOP-TCCLH6H\CodexSandboxOffline" xmlns="http://microsoft.com/schemas/VisualStudio/TeamTest/2010">
  <Times creation="2026-09-23T13:35:49.1993371+05:30" queuing="2026-09-23T13:35:49.1993377+05:30" start="2026-09-23T13:35:47.0183299+05:30" finish="2026-09-23T13:36:05.1868727+05:30" />
  <TestSettings name="default" id="35498e1a-9402-4e69-83be-a45eecb51f33">
    <Deployment runDeploymentRoot="admin_DESKTOP-TCCLH6H_2026-09-23_13_35_49" />
  </TestSettings>
  <Results>
    <UnitTestResult executionId="bee7d996-4079-4bdf-999b-e3081d4f702f" testId="2c3a4814-71bf-c2ac-1389-3a7a5f77bdcf" testName="Jarvis5.Tests.EaFms.Delegation.DelegationTypeOnlyTatTests.TypeOnlyCreation_IsRefusedForAnyOtherModule" computerName="DESKTOP-TCCLH6H" duration="00:00:00.0053701" startTime="2026-09-23T13:36:02.5207306+05:30" endTime="2026-09-23T13:36:02.5207307+05:30" testType="13cdc9d9-ddb5-4fa4-a97d-d965ccfc6d4b" outcome="Passed" testListId="8c84fa94-04c1-424b-9868-57a2d4851a1d" relativeResultsDirectory="bee7d996-4079-4bdf-999b-e3081d4f702f" />
    <UnitTestResult executionId="db3adb75-4ac6-473f-9440-7d40121624b8" testId="e96f36c0-3ebb-8009-8a5c-0657ea67d2ca" testName="Jarvis5.Tests.EaFms.TaskReview.DelegationPhaseIntegrityPostgresTests.InvalidOpenPhase_RejectsSubmissionBeforeReviewWrite(fault: &quot;type&quot;)" computerName="DESKTOP-TCCLH6H" duration="00:00:00.0665089" startTime="2026-09-23T13:36:01.3111849+05:30" endTime="2026-09-23T13:36:01.3111850+05:30" testType="13cdc9d9-ddb5-4fa4-a97d-d965ccfc6d4b" outcome="Passed" testListId="8c84fa94-04c1-424b-9868-57a2d4851a1d" relativeResultsDirectory="db3adb75-4ac6-473f-9440-7d40121624b8" />
    <UnitTestResult executionId="9bde097c-eea1-448a-a0ea-7d5bff895b27" testId="b5529311-f13b-3a18-1444-573832402233" testName="Jarvis5.Tests.EaFms.Delegation.DelegationTypeOnlyTatTests.Create_SelfDelegation_MapsToTypeSelfDelegation_WithNullSubtype_AndSnapshotsTheRule" computerName="DESKTOP-TCCLH6H" duration="00:00:00.0407099" startTime="2026-09-23T13:36:01.4502729+05:30" endTime="2026-09-23T13:36:01.4502735+05:30" testType="13cdc9d9-ddb5-4fa4-a97d-d965ccfc6d4b" outcome="Passed" testListId="8c84fa94-04c1-424b-9868-57a2d4851a1d" relativeResultsDirectory="9bde097c-eea1-448a-a0ea-7d5bff895b27" />
    <UnitTestResult executionId="e1ba2b28-394a-493d-ac0c-7cfd69486c90" testId="76193127-1a26-a7c0-97bc-2beddf749ee6" testName="Jarvis5.Tests.EaFms.Delegation.DelegationFoundationTests.DelegationStatus_OnlyPersistsTheThreeCoreLifecycleValues(status: &quot;Completed&quot;, expected: True)" computerName="DESKTOP-TCCLH6H" duration="00:00:00.0000081" startTime="2026-09-23T13:35:50.8109042+05:30" endTime="2026-09-23T13:35:50.8109043+05:30" testType="13cdc9d9-ddb5-4fa4-a97d-d965ccfc6d4b" outcome="Passed" testListId="8c84fa94-04c1-424b-9868-57a2d4851a1d" relativeResultsDirectory="e1ba2b28-394a-493d-ac0c-7cfd69486c90" />
    <UnitTestResult executionId="9bef90a0-6049-4310-bbb0-9fe32eed6591" testId="ca863204-fa1f-f6b9-8940-64bdf7e74508" testName="Jarvis5.Tests.EaFms.Delegation.DelegationTypeOnlyTatTests.Create_DirectorDelegation_MapsToItsOwnTypeRule_AndNeverToAnotherTypesRule" computerName="DESKTOP-TCCLH6H" duration="00:00:00.0378215" startTime="2026-09-23T13:36:01.5239724+05:30" endTime="2026-09-23T13:36:01.5239732+05:30" testType="13cdc9d9-ddb5-4fa4-a97d-d965ccfc6d4b" outcome="Passed" testListId="8c84fa94-04c1-424b-9868-57a2d4851a1d" relativeResultsDirectory="9bef90a0-6049-4310-bbb0-9fe32eed6591" />
    <UnitTestResult executionId="3e09ac44-9286-471f-87ec-579eff04757d" testId="1318eb6f-a4f6-c3ca-f542-b6dbd7cd9763" testName="Jarvis5.Tests.EaFms.Delegation.DelegationTypeOnlyTatTests.EmReport_TatEnabledDelegation_OverItsTat_IsDelayed_EvenWithAFutureEndDate" computerName="DESKTOP-TCCLH6H" duration="00:00:00.1275010" startTime="2026-09-23T13:36:02.8093224+05:30" endTime="2026-09-23T13:36:02.8093225+05:30" testType="13cdc9d9-ddb5-4fa4-a97d-d965ccfc6d4b" outcome="Passed" testListId="8c84fa94-04c1-424b-9868-57a2d4851a1d" relativeResultsDirectory="3e09ac44-9286-471f-87ec-579eff04757d" />
    <UnitTestResult executionId="bb47003c-2716-4f7c-bb13-fdd6abccb84b" testId="5dc01c12-c412-6eb1-5754-714facc8a6d7" testName="Jarvis5.Tests.EaFms.Delegation.DelegationServiceTests.View_Overdue_IsDerived_AndExcludesCompletedEvenWithPastDueDate" computerName="DESKTOP-TCCLH6H" duration="00:00:00.0870290" startTime="2026-09-23T13:35:53.2034726+05:30" endTime="2026-09-23T13:35:53.2034728+05:30" testType="13cdc9d9-ddb5-4fa4-a97d-d965ccfc6d4b" outcome="Passed" testListId="8c84fa94-04c1-424b-9868-57a2d4851a1d" relativeResultsDirectory="bb47003c-2716-4f7c-bb13-fdd6abccb84b" />
    <UnitTestResult executionId="808c0d2c-7757-4c8b-8957-0496d9bb5121" testId="2fa805ef-8498-acfa-a434-5eb604d77294" testName="Jarvis5.Tests.EaFms.Delegation.DelegationPauseResumeTests.ListAndDetail_ExposeIsPaused_WithBatchedLookup" computerName="DESKTOP-TCCLH6H" duration="00:00:00.1010270" startTime="2026-09-23T13:35:51.7393900+05:30" endTime="2026-09-23T13:35:51.7393903+05:30" testType="13cdc9d9-ddb5-4fa4-a97d-d965ccfc6d4b" outcome="Passed" testListId="8c84fa94-04c1-424b-9868-57a2d4851a1d" relativeResultsDirectory="808c0d2c-7757-4c8b-8957-0496d9bb5121" />
    <UnitTestResult executionId="74b3db44-9fd1-4f77-ac21-1ead151f1d6a" testId="2133f5ec-8b7f-e5fe-1b2c-09cb1f249b87" testName="Jarvis5.Tests.EaFms.Delegation.DelegationServiceTests.Create_NullPriority_IsAllowed" computerName="DESKTOP-TCCLH6H" duration="00:00:00.0113516" startTime="2026-09-23T13:35:51.5685797+05:30" endTime="2026-09-23T13:35:51.5685799+05:30" testType="13cdc9d9-ddb5-4fa4-a97d-d965ccfc6d4b" outcome="Passed" testListId="8c84fa94-04c1-424b-9868-57a2d4851a1d" relativeResultsDirectory="74b3db44-9fd1-4f77-ac21-1ead151f1d6a" />
    <UnitTestResult executionId="33b90a48-bc7b-410e-a2c9-2baa6ba3e2c9" testId="ec499b77-a8a7-4bda-33e8-02b2cfdea6fa" testName="Jarvis5.Tests.EaFms.Delegation.DelegationServiceTests.Create_ManualDelegation_ExplicitNullSourceFields_SameAsOmitted" computerName="DESKTOP-TCCLH6H" duration="00:00:00.0080291" startTime="2026-09-23T13:35:52.5689922+05:30" endTime="2026-09-23T13:35:52.5689924+05:30" testType="13cdc9d9-ddb5-4fa4-a97d-d965ccfc6d4b" outcome="Passed" testListId="8c84fa94-04c1-424b-9868-57a2d4851a1d" relativeResultsDirectory="33b90a48-bc7b-410e-a2c9-2baa6ba3e2c9" />
    <UnitTestResult executionId="8473d71f-1237-4e16-bbcf-04cb0b8e0ad8" testId="b7e3de83-1746-ac58-3b3b-b42306a6c73d" testName="Jarvis5.Tests.EaFms.Delegation.DelegationTypeOnlyTatTests.Create_ZeroOrNegativeRuleMinutes_AreImpossible_ByTheExistingCheckConstraint" computerName="DESKTOP-TCCLH6H" duration="00:00:00.0055853" startTime="2026-09-23T13:36:01.4012310+05:30" endTime="2026-09-23T13:36:01.4012331+05:30" testType="13cdc9d9-ddb5-4fa4-a97d-d965ccfc6d4b" outcome="Passed" testListId="8c84fa94-04c1-424b-9868-57a2d4851a1d" relativeResultsDirectory="8473d71f-1237-4e16-bbcf-04cb0b8e0ad8" />
    <UnitTestResult executionId="d799e2d1-916f-44d6-9bca-b45f96d91bfb" testId="62d7a8b5-1e4a-551e-6cd5-57c27405cdc2" testName="Jarvis5.Tests.EaFms.Delegation.DelegationTypeOnlyTatTests.Create_WithoutDelegationType_StaysNoTat_EvenWhenRulesExist(type: &quot;   &quot;)" computerName="DESKTOP-TCCLH6H" duration="00:00:00.0310346" startTime="2026-09-23T13:36:02.5120959+05:30" endTime="2026-09-23T13:36:02.5120961+05:30" testType="13cdc9d9-ddb5-4fa4-a97d-d965ccfc6d4b" outcome="Passed" testListId="8c84fa94-04c1-424b-9868-57a2d4851a1d" relativeResultsDirectory="d799e2d1-916f-44d6-9bca-b45f96d91bfb" />
    <UnitTestResult executionId="b2a30862-d30b-418f-af5e-2584c7b7fe63" testId="3dcd9891-fb45-8f20-d97b-bb37f794eb61" testName="Jarvis5.Tests.EaFms.Delegation.DelegationServiceTests.View_PendingInProgressCompleted_MatchPersistedStatusExactly(view: &quot;completed&quot;, expectedCount: 1)" computerName="DESKTOP-TCCLH6H" duration="00:00:00.0834050" startTime="2026-09-23T13:35:51.6521209+05:30" endTime="2026-09-23T13:35:51.6521212+05:30" testType="13cdc9d9-ddb5-4fa4-a97d-d965ccfc6d4b" outcome="Passed" testListId="8c84fa94-04c1-424b-9868-57a2d4851a1d" relativeResultsDirectory="b2a30862-d30b-418f-af5e-2584c7b7fe63" />
    <UnitTestResult executionId="7b1bd70b-a70f-42e3-947a-95a4fe1daac4" testId="bf0144e4-e0f8-84d8-7459-f84a32e97642" testName="Jarvis5.Tests.EaFms.Delegation.DelegationContractTests.DelegationType_IsReturnedByList_StartAndLifecycleResponses_AndFilterable" computerName="DESKTOP-TCCLH6H" duration="00:00:00.1649893" startTime="2026-09-23T13:35:51.4750846+05:30" endTime="2026-09-23T13:35:51.4750850+05:30" testType="13cdc9d9-ddb5-4fa4-a97d-d965ccfc6d4b" outcome="Passed" testListId="8c84fa94-04c1-424b-9868-57a2d4851a1d" relativeResultsDirectory="7b1bd70b-a70f-42e3-947a-95a4fe1daac4" />
    <UnitTestResult executionId="d4f85c2a-e422-4fc6-a9dc-8bdba02092db" testId="de63a8d8-c679-8c71-deb9-e1d2100630e5" testName="Jarvis5.Tests.EaFms.Delegation.DelegationServiceTests.Summary_CompletedPastDueItem_DoesNotCountAsOverdue" computerName="DESKTOP-TCCLH6H" duration="00:00:00.0287410" startTime="2026-09-23T13:35:52.0188982+05:30" endTime="2026-09-23T13:35:52.0188984+05:30" testType="13cdc9d9-ddb5-4fa4-a97d-d965ccfc6d4b" outcome="Passed" testListId="8c84fa94-04c1-424b-9868-57a2d4851a1d" relativeResultsDirectory="d4f85c2a-e422-4fc6-a9dc-8bdba02092db" />
    <UnitTestResult executionId="6d12e51c-e107-4a52-a39a-2fef2e66b5e4" testId="0e14b9fc-847e-3f55-eabf-620a8224ab6b" testName="Jarvis5.Tests.EaFms.TaskReview.DelegationPhaseIntegrityPostgresTests.Database_RejectsDuplicateIdentityOrSecondOpenPhase(duplicateIdentity: False)" computerName="DESKTOP-TCCLH6H" duration="00:00:00.6353088" startTime="2026-09-23T13:36:00.8035893+05:30" endTime="2026-09-23T13:36:00.8035896+05:30" testType="13cdc9d9-ddb5-4fa4-a97d-d965ccfc6d4b" outcome="Passed" testListId="8c84fa94-04c1-424b-9868-57a2d4851a1d" relativeResultsDirectory="6d12e51c-e107-4a52-a39a-2fef2e66b5e4" />
    <UnitTestResult executionId="16450d21-b085-48a3-94ec-0553fbd55485" testId="bad720a7-20ea-a8b6-d05b-671da8b692ea" testName="Jarvis5.Tests.EaFms.Delegation.DelegationPauseResumeTests.Resume_WhenNotPaused_Is409_SameBusinessRuleConvention" computerName="DESKTOP-TCCLH6H" duration="00:00:00.0434409" startTime="2026-09-23T13:35:52.9203985+05:30" endTime="2026-09-23T13:35:52.9203987+05:30" testType="13cdc9d9-ddb5-4fa4-a97d-d965ccfc6d4b" outcome="Passed" testListId="8c84fa94-04c1-424b-9868-57a2d4851a1d" relativeResultsDirectory="16450d21-b085-48a3-94ec-0553fbd55485" />
    <UnitTestResult executionId="1885eac4-6a19-448b-ad02-9a67d48c617f" testId="c8d9ee6e-e5b7-cfd7-3a6d-400410f5dccc" testName="Jarvis5.Tests.EaFms.Delegation.DelegationTypeOnlyTatTests.Create_InactiveOrDeletedRules_AreIgnored(active: False, deleted: False)" computerName="DESKTOP-TCCLH6H" duration="00:00:00.0180653" startTime="2026-09-23T13:36:02.3804215+05:30" endTime="2026-09-23T13:36:02.3804218+05:30" testType="13cdc9d9-ddb5-4fa4-a97d-d965ccfc6d4b" outcome="Passed" testListId="8c84fa94-04c1-424b-9868-57a2d4851a1d" relativeResultsDirectory="1885eac4-6a19-448b-ad02-9a67d48c617f" />
    <UnitTestResult executionId="398db1a2-6928-4e6a-a3a8-a9d5f5dbadf8" testId="3e6cdbfd-3b91-5697-6a1c-0caac701e2e5" testName="Jarvis5.Tests.EaFms.Delegation.DelegationTatContractTests.Running_CurrentTatIsCountedFromStartedAt_AndKeepsIncreasing" computerName="DESKTOP-TCCLH6H" duration="00:00:00.1362332" startTime="2026-09-23T13:36:02.7847308+05:30" endTime="2026-09-23T13:36:02.7847309+05:30" testType="13cdc9d9-ddb5-4fa4-a97d-d965ccfc6d4b" outcome="Passed" testListId="8c84fa94-04c1-424b-9868-57a2d4851a1d" relativeResultsDirectory="398db1a2-6928-4e6a-a3a8-a9d5f5dbadf8" />
    <UnitTestResult executionId="326aa267-135e-4af6-b528-6eef074ee936" testId="85994226-2c95-e358-d38b-33a58cbcecc3" testName="Jarvis5.Tests.EaFms.TaskReview.DelegationPhaseIntegrityPostgresTests.NotStarted_SubmissionIsRejected" computerName="DESKTOP-TCCLH6H" duration="00:00:00.0423915" startTime="2026-09-23T13:36:03.3737050+05:30" endTime="2026-09-23T13:36:03.3737054+05:30" testType="13cdc9d9-ddb5-4fa4-a97d-d965ccfc6d4b" outcome="Passed" testListId="8c84fa94-04c1-424b-9868-57a2d4851a1d" relativeResultsDirectory="326aa267-135e-4af6-b528-6eef074ee936" />
    <UnitTestResult executionId="1bc7fc28-5289-4de1-b57b-574dc42d2e6a" testId="a1a5b5fc-17c8-c1ed-1093-46183c9f239a" testName="Jarvis5.Tests.EaFms.Delegation.DelegationPauseResumeTests.Pause_Unknown_Is404" computerName="DESKTOP-TCCLH6H" duration="00:00:00.0312691" startTime="2026-09-23T13:35:51.9326965+05:30" endTime="2026-09-23T13:35:51.9326968+05:30" testType="13cdc9d9-ddb5-4fa4-a97d-d965ccfc6d4b" outcome="Passed" testListId="8c84fa94-04c1-424b-9868-57a2d4851a1d" relativeResultsDirectory="1bc7fc28-5289-4de1-b57b-574dc42d2e6a" />
    <UnitTestResult executionId="13b36b67-8484-4c90-baab-85c36b11a0e1" testId="935e6775-8ebf-f4e2-3a37-843310a1a37f" testName="Jarvis5.Tests.EaFms.Delegation.DelegationPauseResumeTests.Resume_ClosesTheOpenPause_IsPausedFalse_StatusUnchanged" computerName="DESKTOP-TCCLH6H" duration="00:00:00.0694365" startTime="2026-09-23T13:35:51.8242527+05:30" endTime="2026-09-23T13:35:51.8242538+05:30" testType="13cdc9d9-ddb5-4fa4-a97d-d965ccfc6d4b" outcome="Passed" testListId="8c84fa94-04c1-424b-9868-57a2d4851a1d" relativeResultsDirectory="13b36b67-8484-4c90-baab-85c36b11a0e1" />
    <UnitTestResult executionId="0623a8da-3390-42f1-b2b8-fd8c78e8596a" testId="453b41ad-b3fd-72f5-3472-e2ad2c0bd1a4" testName="Jarvis5.Tests.EaFms.Delegation.DelegationContractTests.DelegationType_IsTrimmed_AndBlankBecomesNull(input: null, expected: null)" computerName="DESKTOP-TCCLH6H" duration="00:00:00.0115236" startTime="2026-09-23T13:35:51.1531824+05:30" endTime="2026-09-23T13:35:51.1531827+05:30" testType="13cdc9d9-ddb5-4fa4-a97d-d965ccfc6d4b" outcome="Passed" testListId="8c84fa94-04c1-424b-9868-57a2d4851a1d" relativeResultsDirectory="0623a8da-3390-42f1-b2b8-fd8c78e8596a" />
    <UnitTestResult executionId="df496aef-41f6-4ea2-8e46-179f430dc8cc" testId="c5b6861d-3667-cd2f-3f75-7f7ac257aa6b" testName="Jarvis5.Tests.EaFms.Delegation.DelegationServiceTests.Start_WhenAlreadyCompleted_ThrowsConflict" computerName="DESKTOP-TCCLH6H" duration="00:00:00.0440625" startTime="2026-09-23T13:35:53.1163182+05:30" endTime="2026-09-23T13:35:53.1163184+05:30" testType="13cdc9d9-ddb5-4fa4-a97d-d965ccfc6d4b" outcome="Passed" testListId="8c84fa94-04c1-424b-9868-57a2d4851a1d" relativeResultsDirectory="df496aef-41f6-4ea2-8e46-179f430dc8cc" />
    <UnitTestResult executionId="4ae6d403-b0e1-4c03-826b-95fdb1ebc0e4" testId="3ca664bd-d8b3-476d-8f27-785a0eb59e9a" testName="Jarvis5.Tests.EaFms.Delegation.DelegationCompletionPdfTests.InvalidUpload_IsRejected_AndNothingChanges(name: &quot;wrongtype.pdf&quot;, contentType: &quot;image/png&quot;, data: [37, 80, 68, 70, 45, ...])" computerName="DESKTOP-TCCLH6H" duration="00:00:00.0156114" startTime="2026-09-23T13:35:51.4014116+05:30" endTime="2026-09-23T13:35:51.4014118+05:30" testType="13cdc9d9-ddb5-4fa4-a97d-d965ccfc6d4b" outcome="Passed" testListId="8c84fa94-04c1-424b-9868-57a2d4851a1d" relativeResultsDirectory="4ae6d403-b0e1-4c03-826b-95fdb1ebc0e4" />
    <UnitTestResult executionId="95c2502b-1980-4afb-8869-0a4705503b6a" testId="b680a966-1f48-267c-99a4-ab4ccd29af59" testName="Jarvis5.Tests.EaFms.Delegation.DelegationServiceTests.Search_ByTitle_ReferenceDoerName_AndSourceReference_AllMatch" computerName="DESKTOP-TCCLH6H" duration="00:00:00.1281720" startTime="2026-09-23T13:35:52.4673071+05:30" endTime="2026-09-23T13:35:52.4673073+05:30" testType="13cdc9d9-ddb5-4fa4-a97d-d965ccfc6d4b" outcome="Passed" testListId="8c84fa94-04c1-424b-9868-57a2d4851a1d" relativeResultsDirectory="95c2502b-1980-4afb-8869-0a4705503b6a" />
    <UnitTestResult executionId="31e707e9-9936-44c4-b07e-a75d7933cceb" testId="dc59174e-718b-23b2-4376-ce86646b540e" testName="Jarvis5.Tests.EaFms.TaskReview.DelegationPhaseIntegrityPostgresTests.WrongReviewCycle_RejectsDecisionWithoutClosingPhase(action: &quot;approve&quot;)" computerName="DESKTOP-TCCLH6H" duration="00:00:00.1130243" startTime="2026-09-23T13:36:01.6387607+05:30" endTime="2026-09-23T13:36:01.6387629+05:30" testType="13cdc9d9-ddb5-4fa4-a97d-d965ccfc6d4b" outcome="Passed" testListId="8c84fa94-04c1-424b-9868-57a2d4851a1d" relativeResultsDirectory="31e707e9-9936-44c4-b07e-a75d7933cceb" />
    <UnitTestResult executionId="63219529-ce26-4395-aeea-8597e3970ffc" testId="3a9f3aca-00e7-d59a-6c1b-e2f8b112fd99" testName="Jarvis5.Tests.EaFms.TaskReview.DelegationPhaseIntegrityPostgresTests.SuccessorInsertFailure_RollsBackReviewAndFrozenSnapshot" computerName="DESKTOP-TCCLH6H" duration="00:00:00.2833671" startTime="2026-09-23T13:36:01.1447795+05:30" endTime="2026-09-23T13:36:01.1447799+05:30" testType="13cdc9d9-ddb5-4fa4-a97d-d965ccfc6d4b" outcome="Passed" testListId="8c84fa94-04c1-424b-9868-57a2d4851a1d" relativeResultsDirectory="63219529-ce26-4395-aeea-8597e3970ffc" />
    <UnitTestResult executionId="a2dc68d7-8550-4239-832f-1f8794353c0a" testId="18b233a3-8a84-8e26-178a-b1fa280ac797" testName="Jarvis5.Tests.EaFms.Delegation.DelegationPauseResumeTests.EaTaskHistory_ShowsStartedPausedResumedCompleted_WithoutDuplicates" computerName="DESKTOP-TCCLH6H" duration="00:00:00.0933607" startTime="2026-09-23T13:35:52.8488739+05:30" endTime="2026-09-23T13:35:52.8488741+05:30" testType="13cdc9d9-ddb5-4fa4-a97d-d965ccfc6d4b" outcome="Passed" testListId="8c84fa94-04c1-424b-9868-57a2d4851a1d" relativeResultsDirectory="a2dc68d7-8550-4239-832f-1f8794353c0a" />
    <UnitTestResult executionId="36af6880-1d05-4b4a-9516-d1dcad317e26" testId="4dde5275-80c1-05bc-106c-25184f2bd64d" testName="Jarvis5.Tests.EaFms.Delegation.DelegationFoundationTests.DelegationStatus_OnlyPersistsTheThreeCoreLifecycleValues(status: &quot;Overdue&quot;, expected: False)" computerName="DESKTOP-TCCLH6H" duration="00:00:00.0000060" startTime="2026-09-23T13:35:50.8110233+05:30" endTime="2026-09-23T13:35:50.8110234+05:30" testType="13cdc9d9-ddb5-4fa4-a97d-d965ccfc6d4b" outcome="Passed" testListId="8c84fa94-04c1-424b-9868-57a2d4851a1d" relativeResultsDirectory="36af6880-1d05-4b4a-9516-d1dcad317e26" />
    <UnitTestResult executionId="a5d08afb-ecaf-4ddf-9ac1-aecd003c746c" testId="f8d58aaf-fc4f-130e-01d5-462bb77a4450" testName="Jarvis5.Tests.EaFms.Delegation.DelegationServiceTests.Filters_SearchAndDoer_ComposeTogether" computerName="DESKTOP-TCCLH6H" duration="00:00:00.1579024" startTime="2026-09-23T13:35:52.3287917+05:30" endTime="2026-09-23T13:35:52.3287920+05:30" testType="13cdc9d9-ddb5-4fa4-a97d-d965ccfc6d4b" outcome="Passed" testListId="8c84fa94-04c1-424b-9868-57a2d4851a1d" relativeResultsDirectory="a5d08afb-ecaf-4ddf-9ac1-aecd003c746c" />
    <UnitTestResult executionId="67869ee4-ab7c-4873-85c2-9dcbdcc4c582" testId="ba3deb88-b594-4359-dae7-55b0f1968edd" testName="Jarvis5.Tests.EaFms.Delegation.DelegationServiceTests.Filter_Doer_Priority_Status_SourceModule_DueDate_AllNarrowCorrectly" computerName="DESKTOP-TCCLH6H" duration="00:00:02.4295691" startTime="2026-09-23T13:35:51.5572499+05:30" endTime="2026-09-23T13:35:51.5572501+05:30" testType="13cdc9d9-ddb5-4fa4-a97d-d965ccfc6d4b" outcome="Passed" testListId="8c84fa94-04c1-424b-9868-57a2d4851a1d" relativeResultsDirectory="67869ee4-ab7c-4873-85c2-9dcbdcc4c582" />
    <UnitTestResult executionId="3dd54b4b-b840-47b4-8f68-ab4e6761eeb2" testId="c2018449-a633-43cd-51df-d3342b5497e4" testName="Jarvis5.Tests.EaFms.Delegation.DelegationTypeOnlyTatTests.SharedActiveTatCalculation_IsTheSameMathMeetingUses" computerName="DESKTOP-TCCLH6H" duration="00:00:00.0028384" startTime="2026-09-23T13:36:02.5151426+05:30" endTime="2026-09-23T13:36:02.5151431+05:30" testType="13cdc9d9-ddb5-4fa4-a97d-d965ccfc6d4b" outcome="Passed" testListId="8c84fa94-04c1-424b-9868-57a2d4851a1d" relativeResultsDirectory="3dd54b4b-b840-47b4-8f68-ab4e6761eeb2" />
    <UnitTestResult executionId="25b4679c-ddf2-4f99-90d1-07a16ece41e5" testId="b79b3ee0-abbc-6413-bf40-222386e1504d" testName="Jarvis5.Tests.EaFms.Delegation.DelegationTypeOnlyTatTests.DuplicateActiveRules_NormalizedIdentity_IsRejectedByDatabase" computerName="DESKTOP-TCCLH6H" duration="00:00:00.0103527" startTime="2026-09-23T13:36:03.0127579+05:30" endTime="2026-09-23T13:36:03.0127581+05:30" testType="13cdc9d9-ddb5-4fa4-a97d-d965ccfc6d4b" outcome="Passed" testListId="8c84fa94-04c1-424b-9868-57a2d4851a1d" relativeResultsDirectory="25b4679c-ddf2-4f99-90d1-07a16ece41e5" />
    <UnitTestResult executionId="b0dc310b-60cf-40cf-9fda-709ecd12d60d" testId="a6ab8e4a-bd18-1fb4-147f-9763eda4d48f" testName="Jarvis5.Tests.EaFms.Delegation.DelegationServiceTests.Complete_PastDueItem_LeavesOverdueView_AndIsOverdueBecomesFalse" computerName="DESKTOP-TCCLH6H" duration="00:00:00.0251693" startTime="2026-09-23T13:35:53.4630184+05:30" endTime="2026-09-23T13:35:53.4630186+05:30" testType="13cdc9d9-ddb5-4fa4-a97d-d965ccfc6d4b" outcome="Passed" testListId="8c84fa94-04c1-424b-9868-57a2d4851a1d" relativeResultsDirectory="b0dc310b-60cf-40cf-9fda-709ecd12d60d" />
    <UnitTestResult executionId="b0b80eea-3957-4229-a03d-9e9b76232aec" testId="34855acb-c1a9-a8be-3fe0-16e61b98e6b0" testName="Jarvis5.Tests.EaFms.Delegation.DelegationCompletionPdfTests.InvalidUpload_IsRejected_AndNothingChanges(name: &quot;text.pdf&quot;, contentType: &quot;application/pdf&quot;, data: [104, 101, 108, 108, 111, ...])" computerName="DESKTOP-TCCLH6H" duration="00:00:00.0244314" startTime="2026-09-23T13:35:51.3841081+05:30" endTime="2026-09-23T13:35:51.3841082+05:30" testType="13cdc9d9-ddb5-4fa4-a97d-d965ccfc6d4b" outcome="Passed" testListId="8c84fa94-04c1-424b-9868-57a2d4851a1d" relativeResultsDirectory="b0b80eea-3957-4229-a03d-9e9b76232aec" />
    <UnitTestResult executionId="ca105176-eae3-43f6-8e13-7732c6f5fb33" testId="78cccfcd-bf49-ea2c-124c-45a08bf2474c" testName="Jarvis5.Tests.EaFms.Delegation.DelegationTypeOnlyTatTests.Create_ARuleThatCarriesASubtype_IsNotATypeOnlyMatch_AndNoGeneralSubtypeIsEverGenerated" computerName="DESKTOP-TCCLH6H" duration="00:00:00.0282609" startTime="2026-09-23T13:36:02.8435513+05:30" endTime="2026-09-23T13:36:02.8435513+05:30" testType="13cdc9d9-ddb5-4fa4-a97d-d965ccfc6d4b" outcome="Passed" testListId="8c84fa94-04c1-424b-9868-57a2d4851a1d" relativeResultsDirectory="ca105176-eae3-43f6-8e13-7732c6f5fb33" />
    <UnitTestResult executionId="6f430512-29b8-4eed-b008-6e947f539281" testId="9223d9ec-a201-7990-c50a-7d280014d059" testName="Jarvis5.Tests.EaFms.Delegation.DelegationCompletionPdfTests.MeetingCompleteContract_KeepsTheFieldNames_ButBothFieldsAreNowOptional" computerName="DESKTOP-TCCLH6H" duration="00:00:00.0007900" startTime="2026-09-23T13:35:52.1337689+05:30" endTime="2026-09-23T13:35:52.1337690+05:30" testType="13cdc9d9-ddb5-4fa4-a97d-d965ccfc6d4b" outcome="Passed" testListId="8c84fa94-04c1-424b-9868-57a2d4851a1d" relativeResultsDirectory="6f430512-29b8-4eed-b008-6e947f539281" />
    <UnitTestResult executionId="15ed972e-fed0-422e-b805-e196d8d731d5" testId="f6751715-1cb7-395b-b8c7-00aef91d0c1e" testName="Jarvis5.Tests.EaFms.Delegation.DelegationContractTests.Get_ReturnsDelegationType" computerName="DESKTOP-TCCLH6H" duration="00:00:00.0127675" startTime="2026-09-23T13:35:51.5263060+05:30" endTime="2026-09-23T13:35:51.5263063+05:30" testType="13cdc9d9-ddb5-4fa4-a97d-d965ccfc6d4b" outcome="Passed" testListId="8c84fa94-04c1-424b-9868-57a2d4851a1d" relativeResultsDirectory="15ed972e-fed0-422e-b805-e196d8d731d5" />
    <UnitTestResult executionId="f433e8a7-30b2-49f2-a64c-78b7d254e788" testId="83076247-d4da-379d-2203-11443596584b" testName="Jarvis5.Tests.EaFms.Delegation.DelegationTatContractTests.Complete_FreezesTheFinalActiveTat_ReturnsItInTheResponse_AndItNeverIncreasesAgain" computerName="DESKTOP-TCCLH6H" duration="00:00:00.5971756" startTime="2026-09-23T13:36:01.6289889+05:30" endTime="2026-09-23T13:36:01.6289890+05:30" testType="13cdc9d9-ddb5-4fa4-a97d-d965ccfc6d4b" outcome="Passed" testListId="8c84fa94-04c1-424b-9868-57a2d4851a1d" relativeResultsDirectory="f433e8a7-30b2-49f2-a64c-78b7d254e788" />
    <UnitTestResult executionId="e710e9ee-766d-4616-9f3a-b7d7b6849454" testId="5a98266d-5eac-9f14-ae7a-73b33f67da69" testName="Jarvis5.Tests.EaFms.Delegation.DelegationTatContractTests.TatSummary_Resume_ContinuesFromPriorActiveDuration_ExcludingPausedWindow" computerName="DESKTOP-TCCLH6H" duration="00:00:00.2148020" startTime="2026-09-23T13:36:03.1363502+05:30" endTime="2026-09-23T13:36:03.1363503+05:30" testType="13cdc9d9-ddb5-4fa4-a97d-d965ccfc6d4b" outcome="Passed" testListId="8c84fa94-04c1-424b-9868-57a2d4851a1d" relativeResultsDirectory="e710e9ee-766d-4616-9f3a-b7d7b6849454" />
    <UnitTestResult executionId="d347a715-6682-4409-a1aa-5ed6c407af51" testId="1fb856e9-ec87-1bdc-a01a-633b3e1c901c" testName="Jarvis5.Tests.EaFms.Delegation.DelegationPauseResumeTests.PauseAndResume_WriteOneAuditEachAndOneSharedWorkflowHistoryRowEach" computerName="DESKTOP-TCCLH6H" duration="00:00:00.0516119" startTime="2026-09-23T13:35:52.3701614+05:30" endTime="2026-09-23T13:35:52.3701616+05:30" testType="13cdc9d9-ddb5-4fa4-a97d-d965ccfc6d4b" outcome="Passed" testListId="8c84fa94-04c1-424b-9868-57a2d4851a1d" relativeResultsDirectory="d347a715-6682-4409-a1aa-5ed6c407af51" />
    <UnitTestResult executionId="ed95a226-7e9c-4b6a-bc81-13da3424b382" testId="4bb33f57-2577-a99b-97ff-f0a0f977e5e5" testName="Jarvis5.Tests.EaFms.Delegation.DelegationTypeOnlyTatTests.Complete_NoTatDelegation_LeavesTatUsedNull_AndStillWorks" computerName="DESKTOP-TCCLH6H" duration="00:00:00.1169517" startTime="2026-09-23T13:36:02.6378566+05:30" endTime="2026-09-23T13:36:02.6378568+05:30" testType="13cdc9d9-ddb5-4fa4-a97d-d965ccfc6d4b" outcome="Passed" testListId="8c84fa94-04c1-424b-9868-57a2d4851a1d" relativeResultsDirectory="ed95a226-7e9c-4b6a-bc81-13da3424b382" />
    <UnitTestResult executionId="9399bfdf-7d2e-44c1-8500-2795939208b2" testId="a1f27baf-9c7e-b56b-c7d8-f8c1fcbc3fb2" testName="Jarvis5.Tests.EaFms.Delegation.DelegationServiceTests.Filters_PriorityAndSourceModule_ComposeTogether" computerName="DESKTOP-TCCLH6H" duration="00:00:00.1011556" startTime="2026-09-23T13:35:52.9075149+05:30" endTime="2026-09-23T13:35:52.9075151+05:30" testType="13cdc9d9-ddb5-4fa4-a97d-d965ccfc6d4b" outcome="Passed" testListId="8c84fa94-04c1-424b-9868-57a2d4851a1d" relativeResultsDirectory="9399bfdf-7d2e-44c1-8500-2795939208b2" />
    <UnitTestResult executionId="ea380279-6dab-4415-97c8-86f2542e5c4a" testId="946370d1-f616-eca2-fdb9-86b819510308" testName="Jarvis5.Tests.EaFms.Delegation.DelegationTypeOnlyTatTests.PauseAndResume_ExcludePausedTime_FromActiveTat_LiveAndAtCompletion" computerName="DESKTOP-TCCLH6H" duration="00:00:00.2409744" startTime="2026-09-23T13:36:02.0051511+05:30" endTime="2026-09-23T13:36:02.0051511+05:30" testType="13cdc9d9-ddb5-4fa4-a97d-d965ccfc6d4b" outcome="Passed" testListId="8c84fa94-04c1-424b-9868-57a2d4851a1d" relativeResultsDirectory="ea380279-6dab-4415-97c8-86f2542e5c4a" />
    <UnitTestResult executionId="691e1904-b841-4662-8467-7e801c545c87" testId="43ccf208-0617-6d38-7193-067189d56964" testName="Jarvis5.Tests.EaFms.Delegation.DelegationTatContractTests.CurrentTatUsedMinutes_DoesNotExistOnDelegationPublicResponse_ItWasADelegationOnlyInventionMeetingNeverHad" computerName="DESKTOP-TCCLH6H" duration="00:00:00.0086670" startTime="2026-09-23T13:36:02.0500695+05:30" endTime="2026-09-23T13:36:02.0500697+05:30" testType="13cdc9d9-ddb5-4fa4-a97d-d965ccfc6d4b" outcome="Passed" testListId="8c84fa94-04c1-424b-9868-57a2d4851a1d" relativeResultsDirectory="691e1904-b841-4662-8467-7e801c545c87" />
    <UnitTestResult executionId="a275461e-c6f5-4324-a6e7-323b9efb0962" testId="c23c33ed-ac8c-7a59-b052-3ebf866ed08a" testName="Jarvis5.Tests.EaFms.Delegation.IndiaBusinessCalendarTests.ToIndiaDate_ShiftsAcrossTheMidnightIstBoundary_NotTheUtcBoundary(utcIso: &quot;2026-09-17T12:00:00Z&quot;, expectedIndiaDate: &quot;2026-09-17&quot;)" computerName="DESKTOP-TCCLH6H" duration="00:00:00.0000086" startTime="2026-09-23T13:35:49.1487609+05:30" endTime="2026-09-23T13:35:49.1487610+05:30" testType="13cdc9d9-ddb5-4fa4-a97d-d965ccfc6d4b" outcome="Passed" testListId="8c84fa94-04c1-424b-9868-57a2d4851a1d" relativeResultsDirectory="a275461e-c6f5-4324-a6e7-323b9efb0962" />
    <UnitTestResult executionId="24402241-f9b2-467c-a13d-acfa45f1aa9f" testId="47cb61e1-1a88-c2cf-4793-34a073b4bfaa" testName="Jarvis5.Tests.EaFms.Delegation.DelegationTatContractTests.NoTatOrExecutionColumnsWereDuplicatedOntoDelegation_AndTheResponseUsesTheCanonicalEaTaskNames" computerName="DESKTOP-TCCLH6H" duration="00:00:00.0050727" startTime="2026-09-23T13:36:00.1733326+05:30" endTime="2026-09-23T13:36:00.1733329+05:30" testType="13cdc9d9-ddb5-4fa4-a97d-d965ccfc6d4b" outcome="Passed" testListId="8c84fa94-04c1-424b-9868-57a2d4851a1d" relativeResultsDirectory="24402241-f9b2-467c-a13d-acfa45f1aa9f" />
    <UnitTestResult executionId="8dd38916-c87e-4f11-9805-cfb857c4b17d" testId="f95fdc5f-9b5c-928e-4d46-99aaed093b8c" testName="Jarvis5.Tests.EaFms.Delegation.DelegationTypeOnlyTatTests.Complete_WithoutAnyPause_FreezesElapsedTime_AndCompleteWhilePausedIsStillBlocked" computerName="DESKTOP-TCCLH6H" duration="00:00:00.2397046" startTime="2026-09-23T13:36:01.7639251+05:30" endTime="2026-09-23T13:36:01.7639256+05:30" testType="13cdc9d9-ddb5-4fa4-a97d-d965ccfc6d4b" outcome="Passed" testListId="8c84fa94-04c1-424b-9868-57a2d4851a1d" relativeResultsDirectory="8dd38916-c87e-4f11-9805-cfb857c4b17d" />
    <UnitTestResult executionId="c65941ac-3a89-4f1f-82f4-1c410559fe2a" testId="e3a54c65-feb6-1cfe-9bfc-ed2dc2136595" testName="Jarvis5.Tests.EaFms.Delegation.DelegationPauseResumeTests.Pause_CreatesNoNewTaskOrDelegation" computerName="DESKTOP-TCCLH6H" duration="00:00:00.0402167" startTime="2026-09-23T13:35:51.8650400+05:30" endTime="2026-09-23T13:35:51.8650408+05:30" testType="13cdc9d9-ddb5-4fa4-a97d-d965ccfc6d4b" outcome="Passed" testListId="8c84fa94-04c1-424b-9868-57a2d4851a1d" relativeResultsDirectory="c65941ac-3a89-4f1f-82f4-1c410559fe2a" />
    <UnitTestResult executionId="e40d5157-314f-4d25-8994-503d7b020cc8" testId="12b52580-62a7-5538-8ad5-fc9fd632acd8" testName="Jarvis5.Tests.EaFms.Delegation.DelegationTatContractTests.List_PopulatesTatSummaryAndTatPausedMinutes_InOneBatch_NoTatRowsUseUnavailableShape" computerName="DESKTOP-TCCLH6H" duration="00:00:00.3958930" startTime="2026-09-23T13:36:03.9402024+05:30" endTime="2026-09-23T13:36:03.9402028+05:30" testType="13cdc9d9-ddb5-4fa4-a97d-d965ccfc6d4b" outcome="Passed" testListId="8c84fa94-04c1-424b-9868-57a2d4851a1d" relativeResultsDirectory="e40d5157-314f-4d25-8994-503d7b020cc8" />
    <UnitTestResult executionId="092a48d0-67cf-40ab-9cd5-f11f0ed87a8b" testId="5017e6b6-82e8-6028-d97f-8eca1d75281a" testName="Jarvis5.Tests.EaFms.Delegation.DelegationServiceTests.Update_DoesNotAllowChangingAssignedByOrStatus_NoSuchFieldsExist" computerName="DESKTOP-TCCLH6H" duration="00:00:00.0010675" startTime="2026-09-23T13:35:51.8201435+05:30" endTime="2026-09-23T13:35:51.8201436+05:30" testType="13cdc9d9-ddb5-4fa4-a97d-d965ccfc6d4b" outcome="Passed" testListId="8c84fa94-04c1-424b-9868-57a2d4851a1d" relativeResultsDirectory="092a48d0-67cf-40ab-9cd5-f11f0ed87a8b" />
    <UnitTestResult executionId="760a08d0-f837-437c-b41f-d4a80ea83bdf" testId="b07b9984-7c08-36e1-0fe5-1f54297345c0" testName="Jarvis5.Tests.EaFms.Delegation.DelegationPauseResumeTests.Pause_StoresTheProvidedReason" computerName="DESKTOP-TCCLH6H" duration="00:00:00.0329580" startTime="2026-09-23T13:35:52.4225759+05:30" endTime="2026-09-23T13:35:52.4225761+05:30" testType="13cdc9d9-ddb5-4fa4-a97d-d965ccfc6d4b" outcome="Passed" testListId="8c84fa94-04c1-424b-9868-57a2d4851a1d" relativeResultsDirectory="760a08d0-f837-437c-b41f-d4a80ea83bdf" />
    <UnitTestResult executionId="b2bb4a3e-ea6b-4826-8baf-77b5cb20ccf4" testId="eb61d2a5-2a7d-ba79-e620-9f1952cf6885" testName="Jarvis5.Tests.EaFms.Delegation.DelegationTypeOnlyTatTests.TatRuleApi_RejectsASecondActiveTypeOnlyRule_AndADelegationRuleWithASubtype" computerName="DESKTOP-TCCLH6H" duration="00:00:00.0255043" startTime="2026-09-23T13:36:02.4194285+05:30" endTime="2026-09-23T13:36:02.4194287+05:30" testType="13cdc9d9-ddb5-4fa4-a97d-d965ccfc6d4b" outcome="Passed" testListId="8c84fa94-04c1-424b-9868-57a2d4851a1d" relativeResultsDirectory="b2bb4a3e-ea6b-4826-8baf-77b5cb20ccf4" />
    <UnitTestResult executionId="744000b9-a23a-4bdb-9dd0-063a1c7778a3" testId="6e6a2275-a83f-f8b0-f3bc-b42b9091ac08" testName="Jarvis5.Tests.EaFms.Delegation.DelegationServiceTests.Complete_FromInProgress_Succeeds_AndSynchronizesEaTaskAtomically" computerName="DESKTOP-TCCLH6H" duration="00:00:00.0538918" startTime="2026-09-23T13:35:52.7999463+05:30" endTime="2026-09-23T13:35:52.7999465+05:30" testType="13cdc9d9-ddb5-4fa4-a97d-d965ccfc6d4b" outcome="Passed" testListId="8c84fa94-04c1-424b-9868-57a2d4851a1d" relativeResultsDirectory="744000b9-a23a-4bdb-9dd0-063a1c7778a3" />
    <UnitTestResult executionId="4fe2d93c-eb0d-4ed7-a2ed-2f9983fc7314" testId="9edc4599-5123-e574-ecfd-94bb9d69e116" testName="Jarvis5.Tests.EaFms.Delegation.DelegationPauseResumeTests.Pause_Completed_Is409" computerName="DESKTOP-TCCLH6H" duration="00:00:00.0307220" startTime="2026-09-23T13:35:52.9513471+05:30" endTime="2026-09-23T13:35:52.9513473+05:30" testType="13cdc9d9-ddb5-4fa4-a97d-d965ccfc6d4b" outcome="Passed" testListId="8c84fa94-04c1-424b-9868-57a2d4851a1d" relativeResultsDirectory="4fe2d93c-eb0d-4ed7-a2ed-2f9983fc7314" />
    <UnitTestResult executionId="28391d46-f14f-4b30-b592-29a2f96d28de" testId="db1e36b9-1357-b78f-12d5-29ced7964e70" testName="Jarvis5.Tests.EaFms.Delegation.DelegationTatContractTests.Create_WithAConfiguredType_ShowsTheAllottedTat_AndAnUnstartedState" computerName="DESKTOP-TCCLH6H" duration="00:00:00.0422356" startTime="2026-09-23T13:36:01.8995364+05:30" endTime="2026-09-23T13:36:01.8995365+05:30" testType="13cdc9d9-ddb5-4fa4-a97d-d965ccfc6d4b" outcome="Passed" testListId="8c84fa94-04c1-424b-9868-57a2d4851a1d" relativeResultsDirectory="28391d46-f14f-4b30-b592-29a2f96d28de" />
    <UnitTestResult executionId="32ed1af7-d52d-4d0f-a1ee-0d4a5821abcc" testId="d478140f-7f57-c556-7dd1-a135f28a1cac" testName="Jarvis5.Tests.EaFms.Delegation.DelegationFoundationTests.DelegationStatus_OnlyPersistsTheThreeCoreLifecycleValues(status: &quot;Cancelled&quot;, expected: False)" computerName="DESKTOP-TCCLH6H" duration="00:00:00.0002342" startTime="2026-09-23T13:35:50.8108427+05:30" endTime="2026-09-23T13:35:50.8108427+05:30" testType="13cdc9d9-ddb5-4fa4-a97d-d965ccfc6d4b" outcome="Passed" testListId="8c84fa94-04c1-424b-9868-57a2d4851a1d" relativeResultsDirectory="32ed1af7-d52d-4d0f-a1ee-0d4a5821abcc" />
    <UnitTestResult executionId="95ce8323-2993-4ad0-ad8e-96a850791de9" testId="5bca7b19-15e9-4bc0-d118-02abb3c1728b" testName="Jarvis5.Tests.EaFms.Delegation.DelegationCompletionPdfTests.OversizedAndLongNamedUploads_AreRejected_BeforeAnyChange" computerName="DESKTOP-TCCLH6H" duration="00:00:00.0417144" startTime="2026-09-23T13:35:52.3399609+05:30" endTime="2026-09-23T13:35:52.3399611+05:30" testType="13cdc9d9-ddb5-4fa4-a97d-d965ccfc6d4b" outcome="Passed" testListId="8c84fa94-04c1-424b-9868-57a2d4851a1d" relativeResultsDirectory="95ce8323-2993-4ad0-ad8e-96a850791de9" />
    <UnitTestResult executionId="ecb418c1-3921-47b2-8f7f-c94e110bcaf0" testId="44dcf09a-1a7a-71fb-f4d4-8e9357e78ee7" testName="Jarvis5.Tests.EaFms.Delegation.DelegationCompletionPdfTests.PublicSurface_HasNoEvidenceOrCompletionPdfRoutes_AndTheUploadLivesInComplete" computerName="DESKTOP-TCCLH6H" duration="00:00:00.0370128" startTime="2026-09-23T13:35:52.2066509+05:30" endTime="2026-09-23T13:35:52.2066510+05:30" testType="13cdc9d9-ddb5-4fa4-a97d-d965ccfc6d4b" outcome="Passed" testListId="8c84fa94-04c1-424b-9868-57a2d4851a1d" relativeResultsDirectory="ecb418c1-3921-47b2-8f7f-c94e110bcaf0" />
    <UnitTestResult executionId="4efb1157-e7db-4664-80e9-0c5ed6cea1d4" testId="8c6b6447-df19-c62b-c15f-d2edea1a2580" testName="Jarvis5.Tests.EaFms.Delegation.DelegationServiceTests.GetById_ReturnsPersistedDelegation_WithSourceModuleNameResolved" computerName="DESKTOP-TCCLH6H" duration="00:00:00.0205983" startTime="2026-09-23T13:35:53.3282811+05:30" endTime="2026-09-23T13:35:53.3282815+05:30" testType="13cdc9d9-ddb5-4fa4-a97d-d965ccfc6d4b" outcome="Passed" testListId="8c84fa94-04c1-424b-9868-57a2d4851a1d" relativeResultsDirectory="4efb1157-e7db-4664-80e9-0c5ed6cea1d4" />
    <UnitTestResult executionId="e86f3d0b-3f10-4551-98d4-50879c612084" testId="cd7df1f3-e424-e714-1e14-698f28030e08" testName="Jarvis5.Tests.EaFms.Delegation.DelegationServiceTests.Start_UnknownId_ThrowsNotFound" computerName="DESKTOP-TCCLH6H" duration="00:00:00.0060900" startTime="2026-09-23T13:35:52.8061648+05:30" endTime="2026-09-23T13:35:52.8061649+05:30" testType="13cdc9d9-ddb5-4fa4-a97d-d965ccfc6d4b" outcome="Passed" testListId="8c84fa94-04c1-424b-9868-57a2d4851a1d" relativeResultsDirectory="e86f3d0b-3f10-4551-98d4-50879c612084" />
    <UnitTestResult executionId="b12993f1-813b-4ce2-92c4-66ea46fee56d" testId="02e00155-b8a2-729b-6638-0463a86cd789" testName="Jarvis5.Tests.EaFms.TaskReview.DelegationPhaseIntegrityPostgresTests.OpenPause_BlocksTransitionWithoutChangingHistory(action: &quot;rework&quot;, review: True)" computerName="DESKTOP-TCCLH6H" duration="00:00:00.2058289" startTime="2026-09-23T13:36:02.2434729+05:30" endTime="2026-09-23T13:36:02.2434731+05:30" testType="13cdc9d9-ddb5-4fa4-a97d-d965ccfc6d4b" outcome="Passed" testListId="8c84fa94-04c1-424b-9868-57a2d4851a1d" relativeResultsDirectory="b12993f1-813b-4ce2-92c4-66ea46fee56d" />
    <UnitTestResult executionId="54b4d52a-4bd9-405b-afd7-43c31b2b2af2" testId="b3c4e268-5e2d-ca8f-d40b-1247546515c5" testName="Jarvis5.Tests.EaFms.Delegation.DelegationServiceTests.Create_PriorityCasingIsPreservedVerbatim_NotCanonicalized" computerName="DESKTOP-TCCLH6H" duration="00:00:00.0139811" startTime="2026-09-23T13:35:52.5831138+05:30" endTime="2026-09-23T13:35:52.5831140+05:30" testType="13cdc9d9-ddb5-4fa4-a97d-d965ccfc6d4b" outcome="Passed" testListId="8c84fa94-04c1-424b-9868-57a2d4851a1d" relativeResultsDirectory="54b4d52a-4bd9-405b-afd7-43c31b2b2af2" />
    <UnitTestResult executionId="c9a5eb99-95d6-438f-9e38-17c0899cd3a9" testId="b5d9c88c-da09-04ae-a615-fbc5a48e8368" testName="Jarvis5.Tests.EaFms.Delegation.DelegationServiceTests.Summary_CountsMatchExactly_AndExcludesSoftDeleted" computerName="DESKTOP-TCCLH6H" duration="00:00:00.0209675" startTime="2026-09-23T13:35:52.5608441+05:30" endTime="2026-09-23T13:35:52.5608443+05:30" testType="13cdc9d9-ddb5-4fa4-a97d-d965ccfc6d4b" outcome="Passed" testListId="8c84fa94-04c1-424b-9868-57a2d4851a1d" relativeResultsDirectory="c9a5eb99-95d6-438f-9e38-17c0899cd3a9" />
    <UnitTestResult executionId="9841b344-e085-4f6d-9b66-d38c9db09af8" testId="1a3f7f9a-8e7e-0f4c-4d9b-bfa164d398fd" testName="Jarvis5.Tests.EaFms.TaskReview.DelegationTaskReviewTests.SubmitForReview_WhilePendingReview_Rejected" computerName="DESKTOP-TCCLH6H" duration="00:00:00.0315193" startTime="2026-09-23T13:35:51.6733806+05:30" endTime="2026-09-23T13:35:51.6733808+05:30" testType="13cdc9d9-ddb5-4fa4-a97d-d965ccfc6d4b" outcome="Passed" testListId="8c84fa94-04c1-424b-9868-57a2d4851a1d" relativeResultsDirectory="9841b344-e085-4f6d-9b66-d38c9db09af8" />
    <UnitTestResult executionId="f17d797e-07db-47a3-b5b0-d543240bc888" testId="d53309fa-d8c1-51da-63ad-e1a58904bbcc" testName="Jarvis5.Tests.EaFms.Delegation.DelegationServiceTests.Create_HappyPath_PersistsEverythingCorrectly" computerName="DESKTOP-TCCLH6H" duration="00:00:00.0543429" startTime="2026-09-23T13:35:52.1731524+05:30" endTime="2026-09-23T13:35:52.1731524+05:30" testType="13cdc9d9-ddb5-4fa4-a97d-d965ccfc6d4b" outcome="Passed" testListId="8c84fa94-04c1-424b-9868-57a2d4851a1d" relativeResultsDirectory="f17d797e-07db-47a3-b5b0-d543240bc888" />
    <UnitTestResult executionId="c3ce48b9-d822-4194-8bb4-c5f2dd9359d7" testId="e80cae52-b0d2-bbf9-10e9-a39495a62dc0" testName="Jarvis5.Tests.EaFms.Delegation.DelegationServiceTests.Lifecycle_MovesItemBetweenPendingInProgressCompletedViews_AndSummaryCounts" computerName="DESKTOP-TCCLH6H" duration="00:00:00.0761078" startTime="2026-09-23T13:35:52.1151775+05:30" endTime="2026-09-23T13:35:52.1151779+05:30" testType="13cdc9d9-ddb5-4fa4-a97d-d965ccfc6d4b" outcome="Passed" testListId="8c84fa94-04c1-424b-9868-57a2d4851a1d" relativeResultsDirectory="c3ce48b9-d822-4194-8bb4-c5f2dd9359d7" />
    <UnitTestResult executionId="6beb728e-00e7-4abc-bdcf-2fb27091abf3" testId="6fa3aeb9-8b43-19d8-27f4-7434efa31d58" testName="Jarvis5.Tests.EaFms.TaskReview.DelegationPhaseTatTests.AmbiguousRule_ForAPhase_LeavesItUnallotted_RatherThanPickingOneArbitrarily" computerName="DESKTOP-TCCLH6H" duration="00:00:00.1281577" startTime="2026-09-23T13:35:51.3874823+05:30" endTime="2026-09-23T13:35:51.3874826+05:30" testType="13cdc9d9-ddb5-4fa4-a97d-d965ccfc6d4b" outcome="Passed" testListId="8c84fa94-04c1-424b-9868-57a2d4851a1d" relativeResultsDirectory="6beb728e-00e7-4abc-bdcf-2fb27091abf3" />
    <UnitTestResult executionId="133273fc-c0bc-4015-ab04-a5fa0a1436fe" testId="0e2ba803-1171-22ce-ef62-d1f453eece50" testName="Jarvis5.Tests.EaFms.Delegation.DelegationTatContractTests.Resume_ContinuesFromThePreviousActiveDuration_WithoutCountingThePause" computerName="DESKTOP-TCCLH6H" duration="00:00:00.1414771" startTime="2026-09-23T13:36:02.0411993+05:30" endTime="2026-09-23T13:36:02.0411995+05:30" testType="13cdc9d9-ddb5-4fa4-a97d-d965ccfc6d4b" outcome="Passed" testListId="8c84fa94-04c1-424b-9868-57a2d4851a1d" relativeResultsDirectory="133273fc-c0bc-4015-ab04-a5fa0a1436fe" />
    <UnitTestResult executionId="ad9ea78f-7b8d-4e7e-b3a0-c1b5995d12c0" testId="bd642dc9-9d57-a7dd-8d06-86091bc95e74" testName="Jarvis5.Tests.EaFms.Delegation.DelegationPauseResumeTests.Resume_PendingCompletedOrUnknown_Rejected" computerName="DESKTOP-TCCLH6H" duration="00:00:00.0523372" startTime="2026-09-23T13:35:53.0072116+05:30" endTime="2026-09-23T13:35:53.0072118+05:30" testType="13cdc9d9-ddb5-4fa4-a97d-d965ccfc6d4b" outcome="Passed" testListId="8c84fa94-04c1-424b-9868-57a2d4851a1d" relativeResultsDirectory="ad9ea78f-7b8d-4e7e-b3a0-c1b5995d12c0" />
    <UnitTestResult executionId="35702d91-8faa-4175-9910-b86a08a9268b" testId="f6df33ce-c3f4-a0cd-b534-85e6ba0fb6ee" testName="Jarvis5.Tests.EaFms.Delegation.DelegationTypeOnlyTatTests.Start_TheActualStartedAt_StartsTheClock_NotThePlannedStartDate" computerName="DESKTOP-TCCLH6H" duration="00:00:00.0540998" startTime="2026-09-23T13:36:03.0021248+05:30" endTime="2026-09-23T13:36:03.0021251+05:30" testType="13cdc9d9-ddb5-4fa4-a97d-d965ccfc6d4b" outcome="Passed" testListId="8c84fa94-04c1-424b-9868-57a2d4851a1d" relativeResultsDirectory="35702d91-8faa-4175-9910-b86a08a9268b" />
    <UnitTestResult executionId="5380bbb3-c6b8-4ac7-85d4-07552a784540" testId="78e2f19f-8125-3813-8416-f4931149a70c" testName="Jarvis5.Tests.EaFms.Delegation.DelegationFoundationTests.DelegationStatus_OnlyPersistsTheThreeCoreLifecycleValues(status: &quot;Pending&quot;, expected: True)" computerName="DESKTOP-TCCLH6H" duration="00:00:00.0000060" startTime="2026-09-23T13:35:50.8110783+05:30" endTime="2026-09-23T13:35:50.8110784+05:30" testType="13cdc9d9-ddb5-4fa4-a97d-d965ccfc6d4b" outcome="Passed" testListId="8c84fa94-04c1-424b-9868-57a2d4851a1d" relativeResultsDirectory="5380bbb3-c6b8-4ac7-85d4-07552a784540" />
    <UnitTestResult executionId="7785a462-41f6-42a8-a31d-82492f1fba24" testId="78cd7053-787d-e17d-137b-8b550a17fd2c" testName="Jarvis5.Tests.EaFms.TaskReview.DelegationPhaseIntegrityPostgresTests.OpenPause_BlocksTransitionWithoutChangingHistory(action: &quot;submit&quot;, review: False)" computerName="DESKTOP-TCCLH6H" duration="00:00:00.2030331" startTime="2026-09-23T13:36:01.8420321+05:30" endTime="2026-09-23T13:36:01.8420323+05:30" testType="13cdc9d9-ddb5-4fa4-a97d-d965ccfc6d4b" outcome="Passed" testListId="8c84fa94-04c1-424b-9868-57a2d4851a1d" relativeResultsDirectory="7785a462-41f6-42a8-a31d-82492f1fba24" />
    <UnitTestResult executionId="0e2499bf-23c7-4c6d-9668-ed8797e1f9e2" testId="307d91f6-e3a8-0bef-86bf-91d064ddc287" testName="Jarvis5.Tests.EaFms.TaskReview.DelegationPhaseIntegrityPostgresTests.ConcurrentDuplicateTransitions_OnlyOneSucceeds(action: &quot;rework&quot;, review: True)" computerName="DESKTOP-TCCLH6H" duration="00:00:00.1362626" startTime="2026-09-23T13:36:02.8180787+05:30" endTime="2026-09-23T13:36:02.8180793+05:30" testType="13cdc9d9-ddb5-4fa4-a97d-d965ccfc6d4b" outcome="Passed" testListId="8c84fa94-04c1-424b-9868-57a2d4851a1d" relativeResultsDirectory="0e2499bf-23c7-4c6d-9668-ed8797e1f9e2" />
    <UnitTestResult executionId="1cbc563e-eedb-4941-b89d-224f29d7f0a7" testId="ff995683-bee4-9754-1d83-59f74ba34e65" testName="Jarvis5.Tests.EaFms.Delegation.DelegationTatContractTests.Update_ReturnsTheSameStrictMeetingAlignedTatContract_UnaffectedByBusinessFieldEdits" computerName="DESKTOP-TCCLH6H" duration="00:00:00.8579571" startTime="2026-09-23T13:36:01.0315471+05:30" endTime="2026-09-23T13:36:01.0315474+05:30" testType="13cdc9d9-ddb5-4fa4-a97d-d965ccfc6d4b" outcome="Passed" testListId="8c84fa94-04c1-424b-9868-57a2d4851a1d" relativeResultsDirectory="1cbc563e-eedb-4941-b89d-224f29d7f0a7" />
    <UnitTestResult executionId="e6ba0aae-b9fb-4904-9ee4-f9b14291ef90" testId="870c2e6b-7138-3636-95e4-923edd6ad7b1" testName="Jarvis5.Tests.EaFms.Delegation.DelegationCompletionPdfTests.CompletionDoesNotTouchAttachmentsOfOtherModules" computerName="DESKTOP-TCCLH6H" duration="00:00:00.0463958" startTime="2026-09-23T13:35:52.1334909+05:30" endTime="2026-09-23T13:35:52.1334914+05:30" testType="13cdc9d9-ddb5-4fa4-a97d-d965ccfc6d4b" outcome="Passed" testListId="8c84fa94-04c1-424b-9868-57a2d4851a1d" relativeResultsDirectory="e6ba0aae-b9fb-4904-9ee4-f9b14291ef90" />
    <UnitTestResult executionId="241418e6-4ee6-4cd2-a0a4-67fd46f74b18" testId="702e7b43-0605-74cb-bea5-62a327b5cdc3" testName="Jarvis5.Tests.EaFms.Delegation.DelegationTypeOnlyTatTests.Create_MissingTypeRule_FailsWithTheCanonicalTatFailure_AndCreatesNothing" computerName="DESKTOP-TCCLH6H" duration="00:00:00.0250527" startTime="2026-09-23T13:36:02.9478472+05:30" endTime="2026-09-23T13:36:02.9478473+05:30" testType="13cdc9d9-ddb5-4fa4-a97d-d965ccfc6d4b" outcome="Passed" testListId="8c84fa94-04c1-424b-9868-57a2d4851a1d" relativeResultsDirectory="241418e6-4ee6-4cd2-a0a4-67fd46f74b18" />
    <UnitTestResult executionId="ef6fcb0c-d5f1-4da5-ad4a-f7faf86b14b1" testId="70a15612-5635-335e-cb59-1be83a88776b" testName="Jarvis5.Tests.EaFms.Delegation.DelegationPauseResumeTests.NoDelegationSpecificPauseStorage_NoNewStatus_IsPausedIsNotPersisted" computerName="DESKTOP-TCCLH6H" duration="00:00:00.0126351" startTime="2026-09-23T13:35:52.7148217+05:30" endTime="2026-09-23T13:35:52.7148219+05:30" testType="13cdc9d9-ddb5-4fa4-a97d-d965ccfc6d4b" outcome="Passed" testListId="8c84fa94-04c1-424b-9868-57a2d4851a1d" relativeResultsDirectory="ef6fcb0c-d5f1-4da5-ad4a-f7faf86b14b1" />
    <UnitTestResult executionId="b064c332-4b2a-40f1-8bd8-5c371b9f3a2b" testId="8c95f670-a751-492f-fced-44219ab792d0" testName="Jarvis5.Tests.EaFms.Delegation.DelegationServiceTests.Create_WhenSourceBusinessModuleInvalid_Throws" computerName="DESKTOP-TCCLH6H" duration="00:00:00.0181691" startTime="2026-09-23T13:35:53.0376651+05:30" endTime="2026-09-23T13:35:53.0376655+05:30" testType="13cdc9d9-ddb5-4fa4-a97d-d965ccfc6d4b" outcome="Passed" testListId="8c84fa94-04c1-424b-9868-57a2d4851a1d" relativeResultsDirectory="b064c332-4b2a-40f1-8bd8-5c371b9f3a2b" />
    <UnitTestResult executionId="c02c0cee-e55d-4205-9358-f6164a110278" testId="74790a5e-f243-5fb8-47fc-28702d2e502a" testName="Jarvis5.Tests.EaFms.Delegation.DelegationContractTests.DelegationType_IsTrimmed_AndBlankBecomesNull(input: &quot;  Self Delegation  &quot;, expected: &quot;Self Delegation&quot;)" computerName="DESKTOP-TCCLH6H" duration="00:00:01.8577408" startTime="2026-09-23T13:35:51.0510808+05:30" endTime="2026-09-23T13:35:51.0510811+05:30" testType="13cdc9d9-ddb5-4fa4-a97d-d965ccfc6d4b" outcome="Passed" testListId="8c84fa94-04c1-424b-9868-57a2d4851a1d" relativeResultsDirectory="c02c0cee-e55d-4205-9358-f6164a110278" />
    <UnitTestResult executionId="1888bb2e-7c99-430a-be04-f47bef419607" testId="f6beb4e2-dff6-0871-5a55-cd9fb3878d97" testName="Jarvis5.Tests.EaFms.Delegation.DelegationPauseResumeTests.Sequence_Start_Pause_Resume_Complete_HasTheExpectedStatusAndIsPausedAtEachStep" computerName="DESKTOP-TCCLH6H" duration="00:00:00.1040735" startTime="2026-09-23T13:35:52.0370582+05:30" endTime="2026-09-23T13:35:52.0370583+05:30" testType="13cdc9d9-ddb5-4fa4-a97d-d965ccfc6d4b" outcome="Passed" testListId="8c84fa94-04c1-424b-9868-57a2d4851a1d" relativeResultsDirectory="1888bb2e-7c99-430a-be04-f47bef419607" />
    <UnitTestResult executionId="a4817aa9-8f44-4876-9a63-955ff6c773bf" testId="83198b4a-faa0-c289-484a-5edd99081632" testName="Jarvis5.Tests.EaFms.Delegation.IndiaBusinessCalendarTests.Today_ReturnsIndiaDateForTheCurrentInstant" computerName="DESKTOP-TCCLH6H" duration="00:00:00.0045255" startTime="2026-09-23T13:35:49.1431237+05:30" endTime="2026-09-23T13:35:49.1431437+05:30" testType="13cdc9d9-ddb5-4fa4-a97d-d965ccfc6d4b" outcome="Passed" testListId="8c84fa94-04c1-424b-9868-57a2d4851a1d" relativeResultsDirectory="a4817aa9-8f44-4876-9a63-955ff6c773bf" />
    <UnitTestResult executionId="1ee86de1-b9fb-410e-a578-0b737adcfbbb" testId="d767a412-cd04-1232-741b-7ff3babcd85f" testName="Jarvis5.Tests.EaFms.Delegation.DelegationPauseResumeTests.Controller_ExposesPauseAndResume_PostRoutes_WithAnOptionalPauseBody" computerName="DESKTOP-TCCLH6H" duration="00:00:00.0032242" startTime="2026-09-23T13:35:52.9546950+05:30" endTime="2026-09-23T13:35:52.9546954+05:30" testType="13cdc9d9-ddb5-4fa4-a97d-d965ccfc6d4b" outcome="Passed" testListId="8c84fa94-04c1-424b-9868-57a2d4851a1d" relativeResultsDirectory="1ee86de1-b9fb-410e-a578-0b737adcfbbb" />
    <UnitTestResult executionId="2a350557-be0b-4dfc-a0e9-f2c576b6d82b" testId="cdd0bd20-5878-ff46-457e-cd91d026c429" testName="Jarvis5.Tests.EaFms.Delegation.DelegationContractTests.StartDate_Persists_IsReturned_AndIsNotStartedAt" computerName="DESKTOP-TCCLH6H" duration="00:00:00.0198514" startTime="2026-09-23T13:35:51.4964877+05:30" endTime="2026-09-23T13:35:51.4964879+05:30" testType="13cdc9d9-ddb5-4fa4-a97d-d965ccfc6d4b" outcome="Passed" testListId="8c84fa94-04c1-424b-9868-57a2d4851a1d" relativeResultsDirectory="2a350557-be0b-4dfc-a0e9-f2c576b6d82b" />
    <UnitTestResult executionId="a2e49557-684e-48fd-9cc6-3e0c947737e9" testId="eec2b63c-8698-6990-4a66-b109f2773dac" testName="Jarvis5.Tests.EaFms.Delegation.DelegationTypeOnlyTatTests.TatRuleApi_MeetingRules_StillRequireASubtype_AndStillAcceptTypePlusSubtype" computerName="DESKTOP-TCCLH6H" duration="00:00:00.0785979" startTime="2026-09-23T13:36:02.3621134+05:30" endTime="2026-09-23T13:36:02.3621139+05:30" testType="13cdc9d9-ddb5-4fa4-a97d-d965ccfc6d4b" outcome="Passed" testListId="8c84fa94-04c1-424b-9868-57a2d4851a1d" relativeResultsDirectory="a2e49557-684e-48fd-9cc6-3e0c947737e9" />
    <UnitTestResult executionId="4ecbf60a-42fb-4f33-9ef6-877d360754ba" testId="b26a3bae-6a7e-91d7-91e4-672589ab4935" testName="Jarvis5.Tests.EaFms.Delegation.DelegationCreateCoreTransactionTests.CreateCoreAsync_TwiceInsideOneOuterTransaction_ThenCommit_PersistsBothIndependently" computerName="DESKTOP-TCCLH6H" duration="00:00:00.0645509" startTime="2026-09-23T13:36:00.9320109+05:30" endTime="2026-09-23T13:36:00.9320111+05:30" testType="13cdc9d9-ddb5-4fa4-a97d-d965ccfc6d4b" outcome="Passed" testListId="8c84fa94-04c1-424b-9868-57a2d4851a1d" relativeResultsDirectory="4ecbf60a-42fb-4f33-9ef6-877d360754ba" />
    <UnitTestResult executionId="895f1bf3-770f-4a00-8ce4-18600470ad87" testId="4ef2d7fb-12a5-75e9-e602-8ccbbffd57a2" testName="Jarvis5.Tests.EaFms.Delegation.DelegationContractTests.DoerFields_MapToTheDoerColumns_AndBackToTheResponse" computerName="DESKTOP-TCCLH6H" duration="00:00:00.0132177" startTime="2026-09-23T13:35:51.2693527+05:30" endTime="2026-09-23T13:35:51.2693531+05:30" testType="13cdc9d9-ddb5-4fa4-a97d-d965ccfc6d4b" outcome="Passed" testListId="8c84fa94-04c1-424b-9868-57a2d4851a1d" relativeResultsDirectory="895f1bf3-770f-4a00-8ce4-18600470ad87" />
    <UnitTestResult executionId="0a92089b-4825-4d5f-81cc-f545007117cd" testId="6576ee00-f156-2a48-e52e-10ddce7c9de2" testName="Jarvis5.Tests.EaFms.Delegation.DelegationCompletionPdfTests.Complete_ThenCompleteAgain_IsRejected_AndDoesNotAddASecondAttachment" computerName="DESKTOP-TCCLH6H" duration="00:00:00.0311508" startTime="2026-09-23T13:35:52.1730529+05:30" endTime="2026-09-23T13:35:52.1730531+05:30" testType="13cdc9d9-ddb5-4fa4-a97d-d965ccfc6d4b" outcome="Passed" testListId="8c84fa94-04c1-424b-9868-57a2d4851a1d" relativeResultsDirectory="0a92089b-4825-4d5f-81cc-f545007117cd" />
    <UnitTestResult executionId="e9e0a6b2-f17c-4975-9d3a-df0800bd8c73" testId="2d6e0538-9d3c-859a-fe62-b6be48998e09" testName="Jarvis5.Tests.EaFms.Delegation.DelegationServiceTests.Complete_WhilePending_ThrowsConflict" computerName="DESKTOP-TCCLH6H" duration="00:00:00.0133632" startTime="2026-09-23T13:35:51.8640913+05:30" endTime="2026-09-23T13:35:51.8640917+05:30" testType="13cdc9d9-ddb5-4fa4-a97d-d965ccfc6d4b" outcome="Passed" testListId="8c84fa94-04c1-424b-9868-57a2d4851a1d" relativeResultsDirectory="e9e0a6b2-f17c-4975-9d3a-df0800bd8c73" />
    <UnitTestResult executionId="3e775f8e-6a12-4839-a549-48b1dcf3d975" testId="6b1979f6-e20f-ee58-d826-57b11ea1d604" testName="Jarvis5.Tests.EaFms.Delegation.DelegationServiceTests.List_Pagination_IsDeterministic" computerName="DESKTOP-TCCLH6H" duration="00:00:00.0599568" startTime="2026-09-23T13:35:53.4377772+05:30" endTime="2026-09-23T13:35:53.4377776+05:30" testType="13cdc9d9-ddb5-4fa4-a97d-d965ccfc6d4b" outcome="Passed" testListId="8c84fa94-04c1-424b-9868-57a2d4851a1d" relativeResultsDirectory="3e775f8e-6a12-4839-a549-48b1dcf3d975" />
    <UnitTestResult executionId="1ab9d238-1da9-4c00-8de0-2581a712b16b" testId="d90219c7-5f44-59cc-cebc-401eec5ef962" testName="Jarvis5.Tests.EaFms.Delegation.DelegationCompletionPdfTests.InvalidUpload_IsRejected_AndNothingChanges(name: &quot;photo.jpg&quot;, contentType: &quot;image/jpeg&quot;, data: [255, 216, 255, 224, 1])" computerName="DESKTOP-TCCLH6H" duration="00:00:00.0376727" startTime="2026-09-23T13:35:51.3137665+05:30" endTime="2026-09-23T13:35:51.3137704+05:30" testType="13cdc9d9-ddb5-4fa4-a97d-d965ccfc6d4b" outcome="Passed" testListId="8c84fa94-04c1-424b-9868-57a2d4851a1d" relativeResultsDirectory="1ab9d238-1da9-4c00-8de0-2581a712b16b" />
    <UnitTestResult executionId="098b4cee-7e67-41fc-8bd4-0fa9e8949021" testId="5af12082-6c68-cf43-e32c-874fb86d563a" testName="Jarvis5.Tests.EaFms.Delegation.DelegationServiceTests.View_PendingInProgressCompleted_MatchPersistedStatusExactly(view: &quot;inProgress&quot;, expectedCount: 1)" computerName="DESKTOP-TCCLH6H" duration="00:00:00.0869649" startTime="2026-09-23T13:35:51.8189961+05:30" endTime="2026-09-23T13:35:51.8189964+05:30" testType="13cdc9d9-ddb5-4fa4-a97d-d965ccfc6d4b" outcome="Passed" testListId="8c84fa94-04c1-424b-9868-57a2d4851a1d" relativeResultsDirectory="098b4cee-7e67-41fc-8bd4-0fa9e8949021" />
    <UnitTestResult executionId="bf58cabf-4227-4bca-bf54-512e887553b5" testId="95b36901-c290-f4b5-dc7c-08254440c4fd" testName="Jarvis5.Tests.EaFms.Delegation.DelegationTatContractTests.TatSummary_Pause_FreezesLiveTat_ShowsPauseCountAndTatPausedMinutes" computerName="DESKTOP-TCCLH6H" duration="00:00:00.1127692" startTime="2026-09-23T13:36:03.4715450+05:30" endTime="2026-09-23T13:36:03.4715452+05:30" testType="13cdc9d9-ddb5-4fa4-a97d-d965ccfc6d4b" outcome="Passed" testListId="8c84fa94-04c1-424b-9868-57a2d4851a1d" relativeResultsDirectory="bf58cabf-4227-4bca-bf54-512e887553b5" />
    <UnitTestResult executionId="f1ccea57-ed47-4c7f-94a9-0565eb6cafa5" testId="82457582-1d19-8ae4-0e09-ab89bbdadfa1" testName="Jarvis5.Tests.EaFms.Delegation.DelegationTypeOnlyTatTests.TatRuleApi_AcceptsADelegationRuleWithModuleTypeAndMinutesOnly" computerName="DESKTOP-TCCLH6H" duration="00:00:00.0435585" startTime="2026-09-23T13:36:02.6816136+05:30" endTime="2026-09-23T13:36:02.6816138+05:30" testType="13cdc9d9-ddb5-4fa4-a97d-d965ccfc6d4b" outcome="Passed" testListId="8c84fa94-04c1-424b-9868-57a2d4851a1d" relativeResultsDirectory="f1ccea57-ed47-4c7f-94a9-0565eb6cafa5" />
    <UnitTestResult executionId="270a35e5-bb25-4b60-b8b1-3664e9e7134c" testId="d75d4b31-d647-2ae9-d7c2-220c24d69f60" testName="Jarvis5.Tests.EaFms.Delegation.DelegationTatContractTests.TatSummary_BeforeStart_ShowsZeroUsedAndFullAllotted_TatPausedMinutesNull" computerName="DESKTOP-TCCLH6H" duration="00:00:00.0398152" startTime="2026-09-23T13:36:02.3954734+05:30" endTime="2026-09-23T13:36:02.3954736+05:30" testType="13cdc9d9-ddb5-4fa4-a97d-d965ccfc6d4b" outcome="Passed" testListId="8c84fa94-04c1-424b-9868-57a2d4851a1d" relativeResultsDirectory="270a35e5-bb25-4b60-b8b1-3664e9e7134c" />
    <UnitTestResult executionId="5c91d828-8533-42e1-828b-e4418617d88b" testId="282fe2ef-5027-89e6-15b1-b70a11b53b8c" testName="Jarvis5.Tests.EaFms.Delegation.DelegationContractTests.Create_AcceptsAndPersistsDelegationType_FreeText_NoCatalog" computerName="DESKTOP-TCCLH6H" duration="00:00:00.0115937" startTime="2026-09-23T13:35:51.1694016+05:30" endTime="2026-09-23T13:35:51.1694024+05:30" testType="13cdc9d9-ddb5-4fa4-a97d-d965ccfc6d4b" outcome="Passed" testListId="8c84fa94-04c1-424b-9868-57a2d4851a1d" relativeResultsDirectory="5c91d828-8533-42e1-828b-e4418617d88b" />
    <UnitTestResult executionId="b0bfbdd1-c3f2-4112-94ce-06b7341ddaba" testId="9af4ab4b-5e5c-7127-1f39-28658f791c8c" testName="Jarvis5.Tests.EaFms.Delegation.DelegationServiceTests.Complete_UnknownId_ThrowsNotFound" computerName="DESKTOP-TCCLH6H" duration="00:00:00.0058636" startTime="2026-09-23T13:35:53.0721068+05:30" endTime="2026-09-23T13:35:53.0721071+05:30" testType="13cdc9d9-ddb5-4fa4-a97d-d965ccfc6d4b" outcome="Passed" testListId="8c84fa94-04c1-424b-9868-57a2d4851a1d" relativeResultsDirectory="b0bfbdd1-c3f2-4112-94ce-06b7341ddaba" />
    <UnitTestResult executionId="a6cd17fa-f897-4772-b39a-0a7f751a217d" testId="ea8a5e55-f85c-2e5a-181a-fb6baea5ffc0" testName="Jarvis5.Tests.EaFms.Delegation.DelegationContractTests.Update_MapsDoerFields_AndKeepsTheDelegatorUnchanged" computerName="DESKTOP-TCCLH6H" duration="00:00:00.0200405" startTime="2026-09-23T13:35:51.3101782+05:30" endTime="2026-09-23T13:35:51.3101784+05:30" testType="13cdc9d9-ddb5-4fa4-a97d-d965ccfc6d4b" outcome="Passed" testListId="8c84fa94-04c1-424b-9868-57a2d4851a1d" relativeResultsDirectory="a6cd17fa-f897-4772-b39a-0a7f751a217d" />
    <UnitTestResult executionId="3fe4391c-f792-49e2-89bb-b01218faacd2" testId="67ca67f7-7aa6-a927-9de1-d73cd0938001" testName="Jarvis5.Tests.EaFms.TaskReview.DelegationTaskReviewTests.Approve_Twice_SecondCallRejected" computerName="DESKTOP-TCCLH6H" duration="00:00:00.0422919" startTime="2026-09-23T13:35:51.6416941+05:30" endTime="2026-09-23T13:35:51.6416944+05:30" testType="13cdc9d9-ddb5-4fa4-a97d-d965ccfc6d4b" outcome="Passed" testListId="8c84fa94-04c1-424b-9868-57a2d4851a1d" relativeResultsDirectory="3fe4391c-f792-49e2-89bb-b01218faacd2" />
    <UnitTestResult executionId="f3a7d0a6-c034-4a70-af35-f594407f4b30" testId="40aace4b-aafb-2380-7c32-b2c5890d828c" testName="Jarvis5.Tests.EaFms.TaskReview.DelegationTaskReviewTests.Complete_OpensReview_ApproveFinalizesCompletion" computerName="DESKTOP-TCCLH6H" duration="00:00:00.0549013" startTime="2026-09-23T13:35:52.0426762+05:30" endTime="2026-09-23T13:35:52.0426763+05:30" testType="13cdc9d9-ddb5-4fa4-a97d-d965ccfc6d4b" outcome="Passed" testListId="8c84fa94-04c1-424b-9868-57a2d4851a1d" relativeResultsDirectory="f3a7d0a6-c034-4a70-af35-f594407f4b30" />
    <UnitTestResult executionId="08dfe545-2299-431c-bef3-bb3a79d69466" testId="71eb471f-8402-a1f7-9764-0e8ba4f81e6c" testName="Jarvis5.Tests.EaFms.Delegation.DelegationServiceTests.Summary_NoDelegations_ReturnsAllZeros" computerName="DESKTOP-TCCLH6H" duration="00:00:00.0131567" startTime="2026-09-23T13:35:52.5397502+05:30" endTime="2026-09-23T13:35:52.5397504+05:30" testType="13cdc9d9-ddb5-4fa4-a97d-d965ccfc6d4b" outcome="Passed" testListId="8c84fa94-04c1-424b-9868-57a2d4851a1d" relativeResultsDirectory="08dfe545-2299-431c-bef3-bb3a79d69466" />
    <UnitTestResult executionId="4bb96722-75a5-4b46-9887-0c92d62d1a73" testId="27bd8ef9-2b84-5ceb-a081-295b7f60adc6" testName="Jarvis5.Tests.EaFms.Delegation.DelegationContractTests.Update_ChangesDelegationType_AndBlankClearsIt" computerName="DESKTOP-TCCLH6H" duration="00:00:00.0362544" startTime="2026-09-23T13:35:51.2307910+05:30" endTime="2026-09-23T13:35:51.2307913+05:30" testType="13cdc9d9-ddb5-4fa4-a97d-d965ccfc6d4b" outcome="Passed" testListId="8c84fa94-04c1-424b-9868-57a2d4851a1d" relativeResultsDirectory="4bb96722-75a5-4b46-9887-0c92d62d1a73" />
    <UnitTestResult executionId="23142df1-c0bc-4c4f-8372-5b57968d08b0" testId="a548baff-a8bf-10b3-9629-a9089fe1f470" testName="Jarvis5.Tests.EaFms.Delegation.DelegationServiceTests.List_NeverReturnsSoftDeletedRecords" computerName="DESKTOP-TCCLH6H" duration="00:00:00.0309057" startTime="2026-09-23T13:35:53.2532141+05:30" endTime="2026-09-23T13:35:53.2532144+05:30" testType="13cdc9d9-ddb5-4fa4-a97d-d965ccfc6d4b" outcome="Passed" testListId="8c84fa94-04c1-424b-9868-57a2d4851a1d" relativeResultsDirectory="23142df1-c0bc-4c4f-8372-5b57968d08b0" />
    <UnitTestResult executionId="aa29af4e-7c89-43c1-8548-cd76c066e9a9" testId="6667dd0d-689c-4013-2584-cca121fad5f5" testName="Jarvis5.Tests.EaFms.TaskReview.DelegationTaskReviewTests.Rework_WithoutPendingReview_Rejected" computerName="DESKTOP-TCCLH6H" duration="00:00:00.0268623" startTime="2026-09-23T13:35:52.2521486+05:30" endTime="2026-09-23T13:35:52.2521487+05:30" testType="13cdc9d9-ddb5-4fa4-a97d-d965ccfc6d4b" outcome="Passed" testListId="8c84fa94-04c1-424b-9868-57a2d4851a1d" relativeResultsDirectory="aa29af4e-7c89-43c1-8548-cd76c066e9a9" />
    <UnitTestResult executionId="7c3f90d7-767a-4dd3-b1a9-6803c22c6aa0" testId="a9f9cf27-a0bf-87f9-5860-d696f6d2603e" testName="Jarvis5.Tests.EaFms.TaskReview.DelegationPhaseIntegrityPostgresTests.OpenPause_BlocksTransitionWithoutChangingHistory(action: &quot;approve&quot;, review: True)" computerName="DESKTOP-TCCLH6H" duration="00:00:00.1952911" startTime="2026-09-23T13:36:02.0375027+05:30" endTime="2026-09-23T13:36:02.0375029+05:30" testType="13cdc9d9-ddb5-4fa4-a97d-d965ccfc6d4b" outcome="Passed" testListId="8c84fa94-04c1-424b-9868-57a2d4851a1d" relativeResultsDirectory="7c3f90d7-767a-4dd3-b1a9-6803c22c6aa0" />
    <UnitTestResult executionId="5d003ee3-fe67-48c8-8b1e-dd3ad771a6a2" testId="f45d36de-91d8-1a7b-ebfa-0b8c15f564a2" testName="Jarvis5.Tests.EaFms.Delegation.DelegationFoundationTests.Delegation_PersistsAndRoundTripsAllRequiredFields" computerName="DESKTOP-TCCLH6H" duration="00:00:00.0477105" startTime="2026-09-23T13:35:50.9228808+05:30" endTime="2026-09-23T13:35:50.9228810+05:30" testType="13cdc9d9-ddb5-4fa4-a97d-d965ccfc6d4b" outcome="Passed" testListId="8c84fa94-04c1-424b-9868-57a2d4851a1d" relativeResultsDirectory="5d003ee3-fe67-48c8-8b1e-dd3ad771a6a2" />
    <UnitTestResult executionId="8129f2d8-94ed-4c0c-9693-90d2af62397a" testId="ca1d5a54-19a4-32a8-2309-9287edcfe3e9" testName="Jarvis5.Tests.EaFms.Delegation.DelegationContractTests.ListFilter_EndDate_MatchesTheDay_OnTheDueDateColumn" computerName="DESKTOP-TCCLH6H" duration="00:00:00.0306824" startTime="2026-09-23T13:35:51.5581315+05:30" endTime="2026-09-23T13:35:51.5581317+05:30" testType="13cdc9d9-ddb5-4fa4-a97d-d965ccfc6d4b" outcome="Passed" testListId="8c84fa94-04c1-424b-9868-57a2d4851a1d" relativeResultsDirectory="8129f2d8-94ed-4c0c-9693-90d2af62397a" />
    <UnitTestResult executionId="f3cbc277-f265-4fab-aedc-1840a75b238d" testId="32df2423-42d0-3646-d32e-3ee460d0f46e" testName="Jarvis5.Tests.EaFms.Delegation.DelegationPauseResumeTests.CompleteWithoutEverPausing_StillWorks_AndCreatesNoWorkflow" computerName="DESKTOP-TCCLH6H" duration="00:00:00.0551194" startTime="2026-09-23T13:35:52.2340561+05:30" endTime="2026-09-23T13:35:52.2340562+05:30" testType="13cdc9d9-ddb5-4fa4-a97d-d965ccfc6d4b" outcome="Passed" testListId="8c84fa94-04c1-424b-9868-57a2d4851a1d" relativeResultsDirectory="f3cbc277-f265-4fab-aedc-1840a75b238d" />
    <UnitTestResult executionId="b0999cf1-3dee-42b3-bf22-0b4fe525a55b" testId="3ea44260-03a2-7e7f-20b3-40247a803448" testName="Jarvis5.Tests.EaFms.TaskReview.DelegationPhaseIntegrityPostgresTests.ConcurrentDuplicateTransitions_OnlyOneSucceeds(action: &quot;submit&quot;, review: False)" computerName="DESKTOP-TCCLH6H" duration="00:00:00.0805445" startTime="2026-09-23T13:36:02.8988037+05:30" endTime="2026-09-23T13:36:02.8988038+05:30" testType="13cdc9d9-ddb5-4fa4-a97d-d965ccfc6d4b" outcome="Passed" testListId="8c84fa94-04c1-424b-9868-57a2d4851a1d" relativeResultsDirectory="b0999cf1-3dee-42b3-bf22-0b4fe525a55b" />
    <UnitTestResult executionId="0464fc24-33c4-42b3-bcce-1e3a4d9f6b69" testId="b447fcd5-7292-7c6d-f869-2f12a00ccb0e" testName="Jarvis5.Tests.EaFms.Delegation.DelegationPauseResumeTests.Pause_WhenAlreadyPaused_Is409_StillExactlyOneOpenPause" computerName="DESKTOP-TCCLH6H" duration="00:00:02.4449518" startTime="2026-09-23T13:35:51.6382414+05:30" endTime="2026-09-23T13:35:51.6382416+05:30" testType="13cdc9d9-ddb5-4fa4-a97d-d965ccfc6d4b" outcome="Passed" testListId="8c84fa94-04c1-424b-9868-57a2d4851a1d" relativeResultsDirectory="0464fc24-33c4-42b3-bcce-1e3a4d9f6b69" />
    <UnitTestResult executionId="1ff24d63-bd07-41b8-8d29-fe526ff48523" testId="39522a65-945c-29ff-f7fd-eada7bdfe672" testName="Jarvis5.Tests.EaFms.Delegation.DelegationPauseResumeTests.CompleteAfterResume_LeavesNoOpenPause_AndClosesTheAnchor" computerName="DESKTOP-TCCLH6H" duration="00:00:00.0979888" startTime="2026-09-23T13:35:52.1359554+05:30" endTime="2026-09-23T13:35:52.1359557+05:30" testType="13cdc9d9-ddb5-4fa4-a97d-d965ccfc6d4b" outcome="Passed" testListId="8c84fa94-04c1-424b-9868-57a2d4851a1d" relativeResultsDirectory="1ff24d63-bd07-41b8-8d29-fe526ff48523" />
    <UnitTestResult executionId="31cdb69c-460b-4c22-b512-e4f0ef43a527" testId="02bdeba3-71cd-1b0c-f446-e9cc3e07b0d5" testName="Jarvis5.Tests.EaFms.Delegation.DelegationPauseResumeTests.Update_WhilePaused_StillReportsIsPaused" computerName="DESKTOP-TCCLH6H" duration="00:00:00.0365209" startTime="2026-09-23T13:35:51.9024589+05:30" endTime="2026-09-23T13:35:51.9024591+05:30" testType="13cdc9d9-ddb5-4fa4-a97d-d965ccfc6d4b" outcome="Passed" testListId="8c84fa94-04c1-424b-9868-57a2d4851a1d" relativeResultsDirectory="31cdb69c-460b-4c22-b512-e4f0ef43a527" />
    <UnitTestResult executionId="175ca6fe-c371-4a74-8809-73334ca5fc9d" testId="4c2693de-ae94-e20f-5f68-fb02c6352ebf" testName="Jarvis5.Tests.EaFms.TaskReview.DelegationPhaseIntegrityPostgresTests.CompetingTransitions_SerializeWithoutExtraPhases(first: &quot;approve&quot;, second: &quot;rework&quot;, review: True)" computerName="DESKTOP-TCCLH6H" duration="00:00:00.2567510" startTime="2026-09-23T13:36:03.2422412+05:30" endTime="2026-09-23T13:36:03.2422415+05:30" testType="13cdc9d9-ddb5-4fa4-a97d-d965ccfc6d4b" outcome="Passed" testListId="8c84fa94-04c1-424b-9868-57a2d4851a1d" relativeResultsDirectory="175ca6fe-c371-4a74-8809-73334ca5fc9d" />
    <UnitTestResult executionId="4265d911-a23e-4ad7-baa0-37308fec3ec5" testId="76cf810c-09a0-6a74-1cf1-6ed2b7781241" testName="Jarvis5.Tests.EaFms.Delegation.DelegationCreateCoreTransactionTests.CreateCoreAsync_InsideCallerOwnedTransaction_ThenRollback_PersistsNothing" computerName="DESKTOP-TCCLH6H" duration="00:00:00.0365378" startTime="2026-09-23T13:36:00.8672710+05:30" endTime="2026-09-23T13:36:00.8672713+05:30" testType="13cdc9d9-ddb5-4fa4-a97d-d965ccfc6d4b" outcome="Passed" testListId="8c84fa94-04c1-424b-9868-57a2d4851a1d" relativeResultsDirectory="4265d911-a23e-4ad7-baa0-37308fec3ec5" />
    <UnitTestResult executionId="f0c98e0b-1763-47c9-9ef8-2b0e8fb7dd83" testId="dce9b23d-2098-bf87-0792-9a497de1ec2e" testName="Jarvis5.Tests.EaFms.Delegation.DelegationTypeOnlyTatTests.Delegation_HasNoSubtypeAnywhere_AndNoHardcodedTypeOptions" computerName="DESKTOP-TCCLH6H" duration="00:00:00.0055527" startTime="2026-09-23T13:36:02.8150837+05:30" endTime="2026-09-23T13:36:02.8150839+05:30" testType="13cdc9d9-ddb5-4fa4-a97d-d965ccfc6d4b" outcome="Passed" testListId="8c84fa94-04c1-424b-9868-57a2d4851a1d" relativeResultsDirectory="f0c98e0b-1763-47c9-9ef8-2b0e8fb7dd83" />
    <UnitTestResult executionId="d0502b13-f231-43e9-bfce-c46043faaf41" testId="68f73680-0c0f-fed7-09e7-c27f7af36903" testName="Jarvis5.Tests.EaFms.Delegation.DelegationServiceTests.List_FilterBySourceBusinessModuleId_StillWorks_ManualDelegationsExcluded" computerName="DESKTOP-TCCLH6H" duration="00:00:00.0212404" startTime="2026-09-23T13:35:52.4886164+05:30" endTime="2026-09-23T13:35:52.4886168+05:30" testType="13cdc9d9-ddb5-4fa4-a97d-d965ccfc6d4b" outcome="Passed" testListId="8c84fa94-04c1-424b-9868-57a2d4851a1d" relativeResultsDirectory="d0502b13-f231-43e9-bfce-c46043faaf41" />
    <UnitTestResult executionId="0a62ad77-50ce-4f07-bdb9-f86a5d6d7d91" testId="32ad9f5b-c94b-6201-4df6-828ffd40bc63" testName="Jarvis5.Tests.EaFms.Delegation.DelegationPauseResumeTests.Pause_OpensExactlyOneSharedWorkPause_StatusesUnchanged_IsPausedTrue" computerName="DESKTOP-TCCLH6H" duration="00:00:00.0277496" startTime="2026-09-23T13:35:52.8769725+05:30" endTime="2026-09-23T13:35:52.8769733+05:30" testType="13cdc9d9-ddb5-4fa4-a97d-d965ccfc6d4b" outcome="Passed" testListId="8c84fa94-04c1-424b-9868-57a2d4851a1d" relativeResultsDirectory="0a62ad77-50ce-4f07-bdb9-f86a5d6d7d91" />
    <UnitTestResult executionId="0ac77ef6-c086-454d-9574-f98d1daeebd6" testId="344ca912-5035-3048-d92c-c01b7e99e79b" testName="Jarvis5.Tests.EaFms.Delegation.DelegationContractTests.DelegationType_Exactly200_IsAccepted_201_IsRejected_AndNothingIsCreated" computerName="DESKTOP-TCCLH6H" duration="00:00:00.0158007" startTime="2026-09-23T13:35:51.2860168+05:30" endTime="2026-09-23T13:35:51.2860172+05:30" testType="13cdc9d9-ddb5-4fa4-a97d-d965ccfc6d4b" outcome="Passed" testListId="8c84fa94-04c1-424b-9868-57a2d4851a1d" relativeResultsDirectory="0ac77ef6-c086-454d-9574-f98d1daeebd6" />
    <UnitTestResult executionId="59103046-3b5f-4a79-9004-fab5688ae392" testId="7ff53e7b-437c-32d2-565d-033c0678309c" testName="Jarvis5.Tests.EaFms.Delegation.DelegationServiceTests.ConflictingViewAndStatus_IsRejectedDeterministically" computerName="DESKTOP-TCCLH6H" duration="00:00:00.0299875" startTime="2026-09-23T13:35:52.7458726+05:30" endTime="2026-09-23T13:35:52.7458728+05:30" testType="13cdc9d9-ddb5-4fa4-a97d-d965ccfc6d4b" outcome="Passed" testListId="8c84fa94-04c1-424b-9868-57a2d4851a1d" relativeResultsDirectory="59103046-3b5f-4a79-9004-fab5688ae392" />
    <UnitTestResult executionId="bcd77b99-84bb-4bfa-a8f8-2726ae3421b3" testId="7137a273-7895-9c2a-8413-42bc8c42d80e" testName="Jarvis5.Tests.EaFms.Delegation.DelegationTatContractTests.TatSummary_Start_LiveTatMatchesTatUsedMinutes_TatPausedMinutesZero" computerName="DESKTOP-TCCLH6H" duration="00:00:00.0723550" startTime="2026-09-23T13:36:03.5440880+05:30" endTime="2026-09-23T13:36:03.5440883+05:30" testType="13cdc9d9-ddb5-4fa4-a97d-d965ccfc6d4b" outcome="Passed" testListId="8c84fa94-04c1-424b-9868-57a2d4851a1d" relativeResultsDirectory="bcd77b99-84bb-4bfa-a8f8-2726ae3421b3" />
    <UnitTestResult executionId="25501d14-d060-4549-9a54-3dbec2a49dc6" testId="eae0b9ea-aedd-95da-d9bb-23b604ad9ca7" testName="Jarvis5.Tests.EaFms.Delegation.DelegationContractTests.EndDate_IsStoredInTheExistingDueDateColumn_AndDrivesTheDueCalculations" computerName="DESKTOP-TCCLH6H" duration="00:00:00.0505156" startTime="2026-09-23T13:35:51.6079320+05:30" endTime="2026-09-23T13:35:51.6079322+05:30" testType="13cdc9d9-ddb5-4fa4-a97d-d965ccfc6d4b" outcome="Passed" testListId="8c84fa94-04c1-424b-9868-57a2d4851a1d" relativeResultsDirectory="25501d14-d060-4549-9a54-3dbec2a49dc6" />
    <UnitTestResult executionId="fd6bf70a-5c0e-485b-bb07-ae96087b0eea" testId="8d78012f-531c-b21d-eb67-f3afe8459820" testName="Jarvis5.Tests.EaFms.Delegation.DelegationPauseResumeTests.Pause_ReasonLongerThan2000_Is400_AndChangesNothing" computerName="DESKTOP-TCCLH6H" duration="00:00:00.0151473" startTime="2026-09-23T13:35:51.7546810+05:30" endTime="2026-09-23T13:35:51.7546812+05:30" testType="13cdc9d9-ddb5-4fa4-a97d-d965ccfc6d4b" outcome="Passed" testListId="8c84fa94-04c1-424b-9868-57a2d4851a1d" relativeResultsDirectory="fd6bf70a-5c0e-485b-bb07-ae96087b0eea" />
    <UnitTestResult executionId="c5d0849b-9f68-4ef5-8252-4626e5bf0a49" testId="b21ecab3-d975-2e14-fc22-4465ac056f69" testName="Jarvis5.Tests.EaFms.Delegation.DelegationServiceTests.Complete_WhenAlreadyCompleted_ThrowsConflict_AndDoesNotCreateSecondCompletionEvent" computerName="DESKTOP-TCCLH6H" duration="00:00:00.0257456" startTime="2026-09-23T13:35:53.4889327+05:30" endTime="2026-09-23T13:35:53.4889329+05:30" testType="13cdc9d9-ddb5-4fa4-a97d-d965ccfc6d4b" outcome="Passed" testListId="8c84fa94-04c1-424b-9868-57a2d4851a1d" relativeResultsDirectory="c5d0849b-9f68-4ef5-8252-4626e5bf0a49" />
    <UnitTestResult executionId="518ea7b1-cf44-4863-8c02-7bcf7e644281" testId="de67fc1c-70a1-98ea-738d-2dc9c9e495d0" testName="Jarvis5.Tests.EaFms.Delegation.DelegationServiceTests.Create_WhenDelegationModuleMissing_ThrowsBeforeEaTaskCreation" computerName="DESKTOP-TCCLH6H" duration="00:00:00.0071695" startTime="2026-09-23T13:35:53.3355874+05:30" endTime="2026-09-23T13:35:53.3355876+05:30" testType="13cdc9d9-ddb5-4fa4-a97d-d965ccfc6d4b" outcome="Passed" testListId="8c84fa94-04c1-424b-9868-57a2d4851a1d" relativeResultsDirectory="518ea7b1-cf44-4863-8c02-7bcf7e644281" />
    <UnitTestResult executionId="0fc1dad7-144e-41ee-8873-b030d9247c7d" testId="f694f326-0570-a162-725f-312a5dfa06ae" testName="Jarvis5.Tests.EaFms.Delegation.DelegationServiceTests.Summary_CompletedDueTodayItem_DoesNotCountAsDueToday" computerName="DESKTOP-TCCLH6H" duration="00:00:00.0236809" startTime="2026-09-23T13:35:52.7157339+05:30" endTime="2026-09-23T13:35:52.7157342+05:30" testType="13cdc9d9-ddb5-4fa4-a97d-d965ccfc6d4b" outcome="Passed" testListId="8c84fa94-04c1-424b-9868-57a2d4851a1d" relativeResultsDirectory="0fc1dad7-144e-41ee-8873-b030d9247c7d" />
    <UnitTestResult executionId="90960c73-4e65-4456-9ee4-fae991fa7830" testId="2b2cfb91-d113-d7ea-4302-91c8682e1b62" testName="Jarvis5.Tests.EaFms.Delegation.DelegationCompletionPdfTests.InvalidUpload_IsRejected_AndNothingChanges(name: &quot;empty.pdf&quot;, contentType: &quot;application/pdf&quot;, data: [])" computerName="DESKTOP-TCCLH6H" duration="00:00:00.0124183" startTime="2026-09-23T13:35:51.3271109+05:30" endTime="2026-09-23T13:35:51.3271111+05:30" testType="13cdc9d9-ddb5-4fa4-a97d-d965ccfc6d4b" outcome="Passed" testListId="8c84fa94-04c1-424b-9868-57a2d4851a1d" relativeResultsDirectory="90960c73-4e65-4456-9ee4-fae991fa7830" />
    <UnitTestResult executionId="b7b2f629-3131-41f8-979e-e7813926d324" testId="b8a707df-906d-96ab-ac46-f7e9e9f4f70a" testName="Jarvis5.Tests.EaFms.Delegation.DelegationTatContractTests.Pause_ShowsPausedWhileStaying_InProgress_AndTheClockStopsIncreasing" computerName="DESKTOP-TCCLH6H" duration="00:00:00.1364592" startTime="2026-09-23T13:36:02.9213749+05:30" endTime="2026-09-23T13:36:02.9213750+05:30" testType="13cdc9d9-ddb5-4fa4-a97d-d965ccfc6d4b" outcome="Passed" testListId="8c84fa94-04c1-424b-9868-57a2d4851a1d" relativeResultsDirectory="b7b2f629-3131-41f8-979e-e7813926d324" />
    <UnitTestResult executionId="6a9f1e15-0a12-4e44-9601-e32bef091648" testId="4783162e-a6fd-668c-dbc4-18dcbd3cac5a" testName="Jarvis5.Tests.EaFms.Delegation.DelegationPauseResumeTests.Pause_IdentityIsTheDelegationId_ResolvedByModuleName_NotEaTaskOrDoer" computerName="DESKTOP-TCCLH6H" duration="00:00:00.0482790" startTime="2026-09-23T13:35:52.4710706+05:30" endTime="2026-09-23T13:35:52.4710709+05:30" testType="13cdc9d9-ddb5-4fa4-a97d-d965ccfc6d4b" outcome="Passed" testListId="8c84fa94-04c1-424b-9868-57a2d4851a1d" relativeResultsDirectory="6a9f1e15-0a12-4e44-9601-e32bef091648" />
    <UnitTestResult executionId="35c11032-cdcc-43df-b64f-bc4fa9029639" testId="026340d7-6f71-9112-940a-999d52bd6e43" testName="Jarvis5.Tests.EaFms.Delegation.DelegationTatContractTests.NoTatDelegation_TatSummaryUsesMeetingsUnavailableShape_AtEveryStep" computerName="DESKTOP-TCCLH6H" duration="00:00:00.2255523" startTime="2026-09-23T13:36:01.8547792+05:30" endTime="2026-09-23T13:36:01.8547794+05:30" testType="13cdc9d9-ddb5-4fa4-a97d-d965ccfc6d4b" outcome="Passed" testListId="8c84fa94-04c1-424b-9868-57a2d4851a1d" relativeResultsDirectory="35c11032-cdcc-43df-b64f-bc4fa9029639" />
    <UnitTestResult executionId="9225c0e9-2d9e-4b43-ac0d-a4e937f617af" testId="36cdb84a-5531-dfa7-6ae3-400dfb6d5c5b" testName="Jarvis5.Tests.EaFms.Delegation.DelegationCompletionPdfTests.CompleteWithoutPdf_StillCompletes_AndCreatesNoAttachment" computerName="DESKTOP-TCCLH6H" duration="00:00:00.0290295" startTime="2026-09-23T13:35:52.0190776+05:30" endTime="2026-09-23T13:35:52.0190778+05:30" testType="13cdc9d9-ddb5-4fa4-a97d-d965ccfc6d4b" outcome="Passed" testListId="8c84fa94-04c1-424b-9868-57a2d4851a1d" relativeResultsDirectory="9225c0e9-2d9e-4b43-ac0d-a4e937f617af" />
    <UnitTestResult executionId="4426db48-8ef4-41ea-9a1a-d3151a8a7e6f" testId="4a2b7bf7-d109-debf-8016-599262a4e448" testName="Jarvis5.Tests.EaFms.Delegation.DelegationTatContractTests.DelegationPublicTatFields_MatchMeetingsOwnTatFields_NameForNameAndTypeForType" computerName="DESKTOP-TCCLH6H" duration="00:00:00.0022348" startTime="2026-09-23T13:36:01.8571457+05:30" endTime="2026-09-23T13:36:01.8571459+05:30" testType="13cdc9d9-ddb5-4fa4-a97d-d965ccfc6d4b" outcome="Passed" testListId="8c84fa94-04c1-424b-9868-57a2d4851a1d" relativeResultsDirectory="4426db48-8ef4-41ea-9a1a-d3151a8a7e6f" />
    <UnitTestResult executionId="bbf166ff-7b62-480f-a6f3-01a007755746" testId="e3d3b587-e86f-5580-d74b-fbbfd105baa9" testName="Jarvis5.Tests.EaFms.Delegation.DelegationPauseResumeTests.FailedPause_WritesNoAudit" computerName="DESKTOP-TCCLH6H" duration="00:00:00.0835413" startTime="2026-09-23T13:35:52.3177659+05:30" endTime="2026-09-23T13:35:52.3177661+05:30" testType="13cdc9d9-ddb5-4fa4-a97d-d965ccfc6d4b" outcome="Passed" testListId="8c84fa94-04c1-424b-9868-57a2d4851a1d" relativeResultsDirectory="bbf166ff-7b62-480f-a6f3-01a007755746" />
    <UnitTestResult executionId="e92e5794-cada-4d5a-8347-c7422c7fcf9f" testId="ce53ebf8-5a86-a3cb-c6ac-f0f2177d3064" testName="Jarvis5.Tests.EaFms.TaskReview.DelegationPhaseIntegrityPostgresTests.Database_RejectsDuplicateIdentityOrSecondOpenPhase(duplicateIdentity: True)" computerName="DESKTOP-TCCLH6H" duration="00:00:00.0573743" startTime="2026-09-23T13:36:00.8611162+05:30" endTime="2026-09-23T13:36:00.8611165+05:30" testType="13cdc9d9-ddb5-4fa4-a97d-d965ccfc6d4b" outcome="Passed" testListId="8c84fa94-04c1-424b-9868-57a2d4851a1d" relativeResultsDirectory="e92e5794-cada-4d5a-8347-c7422c7fcf9f" />
    <UnitTestResult executionId="41ea2bac-a963-4d30-8564-4570ca8d95c9" testId="3438833b-425b-b83b-8ae2-b76fc1403769" testName="Jarvis5.Tests.EaFms.Delegation.DelegationTypeOnlyTatTests.Create_InactiveOrDeletedRules_AreIgnored(active: False, deleted: True)" computerName="DESKTOP-TCCLH6H" duration="00:00:00.0130787" startTime="2026-09-23T13:36:02.3937340+05:30" endTime="2026-09-23T13:36:02.3937343+05:30" testType="13cdc9d9-ddb5-4fa4-a97d-d965ccfc6d4b" outcome="Passed" testListId="8c84fa94-04c1-424b-9868-57a2d4851a1d" relativeResultsDirectory="41ea2bac-a963-4d30-8564-4570ca8d95c9" />
[...]
    <TestEntry testId="f45d36de-91d8-1a7b-ebfa-0b8c15f564a2" executionId="5d003ee3-fe67-48c8-8b1e-dd3ad771a6a2" testListId="8c84fa94-04c1-424b-9868-57a2d4851a1d" />
    <TestEntry testId="ca1d5a54-19a4-32a8-2309-9287edcfe3e9" executionId="8129f2d8-94ed-4c0c-9693-90d2af62397a" testListId="8c84fa94-04c1-424b-9868-57a2d4851a1d" />
    <TestEntry testId="32df2423-42d0-3646-d32e-3ee460d0f46e" executionId="f3cbc277-f265-4fab-aedc-1840a75b238d" testListId="8c84fa94-04c1-424b-9868-57a2d4851a1d" />
    <TestEntry testId="3ea44260-03a2-7e7f-20b3-40247a803448" executionId="b0999cf1-3dee-42b3-bf22-0b4fe525a55b" testListId="8c84fa94-04c1-424b-9868-57a2d4851a1d" />
    <TestEntry testId="b447fcd5-7292-7c6d-f869-2f12a00ccb0e" executionId="0464fc24-33c4-42b3-bcce-1e3a4d9f6b69" testListId="8c84fa94-04c1-424b-9868-57a2d4851a1d" />
    <TestEntry testId="39522a65-945c-29ff-f7fd-eada7bdfe672" executionId="1ff24d63-bd07-41b8-8d29-fe526ff48523" testListId="8c84fa94-04c1-424b-9868-57a2d4851a1d" />
    <TestEntry testId="02bdeba3-71cd-1b0c-f446-e9cc3e07b0d5" executionId="31cdb69c-460b-4c22-b512-e4f0ef43a527" testListId="8c84fa94-04c1-424b-9868-57a2d4851a1d" />
    <TestEntry testId="4c2693de-ae94-e20f-5f68-fb02c6352ebf" executionId="175ca6fe-c371-4a74-8809-73334ca5fc9d" testListId="8c84fa94-04c1-424b-9868-57a2d4851a1d" />
    <TestEntry testId="76cf810c-09a0-6a74-1cf1-6ed2b7781241" executionId="4265d911-a23e-4ad7-baa0-37308fec3ec5" testListId="8c84fa94-04c1-424b-9868-57a2d4851a1d" />
    <TestEntry testId="dce9b23d-2098-bf87-0792-9a497de1ec2e" executionId="f0c98e0b-1763-47c9-9ef8-2b0e8fb7dd83" testListId="8c84fa94-04c1-424b-9868-57a2d4851a1d" />
    <TestEntry testId="68f73680-0c0f-fed7-09e7-c27f7af36903" executionId="d0502b13-f231-43e9-bfce-c46043faaf41" testListId="8c84fa94-04c1-424b-9868-57a2d4851a1d" />
    <TestEntry testId="32ad9f5b-c94b-6201-4df6-828ffd40bc63" executionId="0a62ad77-50ce-4f07-bdb9-f86a5d6d7d91" testListId="8c84fa94-04c1-424b-9868-57a2d4851a1d" />
    <TestEntry testId="344ca912-5035-3048-d92c-c01b7e99e79b" executionId="0ac77ef6-c086-454d-9574-f98d1daeebd6" testListId="8c84fa94-04c1-424b-9868-57a2d4851a1d" />
    <TestEntry testId="7ff53e7b-437c-32d2-565d-033c0678309c" executionId="59103046-3b5f-4a79-9004-fab5688ae392" testListId="8c84fa94-04c1-424b-9868-57a2d4851a1d" />
    <TestEntry testId="7137a273-7895-9c2a-8413-42bc8c42d80e" executionId="bcd77b99-84bb-4bfa-a8f8-2726ae3421b3" testListId="8c84fa94-04c1-424b-9868-57a2d4851a1d" />
    <TestEntry testId="eae0b9ea-aedd-95da-d9bb-23b604ad9ca7" executionId="25501d14-d060-4549-9a54-3dbec2a49dc6" testListId="8c84fa94-04c1-424b-9868-57a2d4851a1d" />
    <TestEntry testId="8d78012f-531c-b21d-eb67-f3afe8459820" executionId="fd6bf70a-5c0e-485b-bb07-ae96087b0eea" testListId="8c84fa94-04c1-424b-9868-57a2d4851a1d" />
    <TestEntry testId="b21ecab3-d975-2e14-fc22-4465ac056f69" executionId="c5d0849b-9f68-4ef5-8252-4626e5bf0a49" testListId="8c84fa94-04c1-424b-9868-57a2d4851a1d" />
    <TestEntry testId="de67fc1c-70a1-98ea-738d-2dc9c9e495d0" executionId="518ea7b1-cf44-4863-8c02-7bcf7e644281" testListId="8c84fa94-04c1-424b-9868-57a2d4851a1d" />
    <TestEntry testId="f694f326-0570-a162-725f-312a5dfa06ae" executionId="0fc1dad7-144e-41ee-8873-b030d9247c7d" testListId="8c84fa94-04c1-424b-9868-57a2d4851a1d" />
    <TestEntry testId="2b2cfb91-d113-d7ea-4302-91c8682e1b62" executionId="90960c73-4e65-4456-9ee4-fae991fa7830" testListId="8c84fa94-04c1-424b-9868-57a2d4851a1d" />
    <TestEntry testId="b8a707df-906d-96ab-ac46-f7e9e9f4f70a" executionId="b7b2f629-3131-41f8-979e-e7813926d324" testListId="8c84fa94-04c1-424b-9868-57a2d4851a1d" />
    <TestEntry testId="4783162e-a6fd-668c-dbc4-18dcbd3cac5a" executionId="6a9f1e15-0a12-4e44-9601-e32bef091648" testListId="8c84fa94-04c1-424b-9868-57a2d4851a1d" />
    <TestEntry testId="026340d7-6f71-9112-940a-999d52bd6e43" executionId="35c11032-cdcc-43df-b64f-bc4fa9029639" testListId="8c84fa94-04c1-424b-9868-57a2d4851a1d" />
    <TestEntry testId="36cdb84a-5531-dfa7-6ae3-400dfb6d5c5b" executionId="9225c0e9-2d9e-4b43-ac0d-a4e937f617af" testListId="8c84fa94-04c1-424b-9868-57a2d4851a1d" />
    <TestEntry testId="4a2b7bf7-d109-debf-8016-599262a4e448" executionId="4426db48-8ef4-41ea-9a1a-d3151a8a7e6f" testListId="8c84fa94-04c1-424b-9868-57a2d4851a1d" />
    <TestEntry testId="e3d3b587-e86f-5580-d74b-fbbfd105baa9" executionId="bbf166ff-7b62-480f-a6f3-01a007755746" testListId="8c84fa94-04c1-424b-9868-57a2d4851a1d" />
    <TestEntry testId="ce53ebf8-5a86-a3cb-c6ac-f0f2177d3064" executionId="e92e5794-cada-4d5a-8347-c7422c7fcf9f" testListId="8c84fa94-04c1-424b-9868-57a2d4851a1d" />
    <TestEntry testId="3438833b-425b-b83b-8ae2-b76fc1403769" executionId="41ea2bac-a963-4d30-8564-4570ca8d95c9" testListId="8c84fa94-04c1-424b-9868-57a2d4851a1d" />
    <TestEntry testId="be4a827e-e5f5-fc10-0ffd-29d689c95bf2" executionId="825e1d52-9b98-46ef-ae96-e57961729af0" testListId="8c84fa94-04c1-424b-9868-57a2d4851a1d" />
    <TestEntry testId="30429ac1-047a-406d-5c0d-ced3eca725ce" executionId="fd37c495-93ca-4e31-934c-fb06538a9f7f" testListId="8c84fa94-04c1-424b-9868-57a2d4851a1d" />
    <TestEntry testId="48517f46-efaf-d23d-ea47-f478e365c1e6" executionId="ab23dd88-1dd3-4d46-8d81-d7584aeb0ab9" testListId="8c84fa94-04c1-424b-9868-57a2d4851a1d" />
    <TestEntry testId="907993d1-666b-44de-bb74-088f1a826b52" executionId="bbe894e4-4819-40eb-bb2b-7b2bc4afe205" testListId="8c84fa94-04c1-424b-9868-57a2d4851a1d" />
    <TestEntry testId="26636363-f2e5-3552-e8aa-bde0ffb0c472" executionId="2e974194-8b0d-42ae-bae1-369999cfa0fb" testListId="8c84fa94-04c1-424b-9868-57a2d4851a1d" />
    <TestEntry testId="4aa76f45-8999-37e5-9985-95dce25e8dbf" executionId="7cdf6bf6-be64-47aa-aa6a-62bbfe3a66cb" testListId="8c84fa94-04c1-424b-9868-57a2d4851a1d" />
    <TestEntry testId="8b7c1d83-03ff-fbfb-c9b4-0a522e0a5150" executionId="1b690dd0-5878-448f-be91-a81fb623b613" testListId="8c84fa94-04c1-424b-9868-57a2d4851a1d" />
    <TestEntry testId="6ab59040-7f97-2443-eef4-c2b5c4e10aca" executionId="f7349d2c-ebde-4855-b824-9d73351ff1bf" testListId="8c84fa94-04c1-424b-9868-57a2d4851a1d" />
    <TestEntry testId="aac8c4e8-e88f-bb23-21b0-fee5e7c3d130" executionId="8d76d7a2-b91b-4c89-8bcf-6fc6f5a21f66" testListId="8c84fa94-04c1-424b-9868-57a2d4851a1d" />
    <TestEntry testId="1b1dad4f-e32f-f219-d7f2-2d92d5e7e45e" executionId="cfad5535-5f10-4268-8437-fdbb222b4b5c" testListId="8c84fa94-04c1-424b-9868-57a2d4851a1d" />
    <TestEntry testId="89c51f11-c55f-45fc-1bab-086928bfb340" executionId="f4c6fd7b-4443-493d-aa08-10c9643d1bd0" testListId="8c84fa94-04c1-424b-9868-57a2d4851a1d" />
    <TestEntry testId="a2e7f5be-f613-2f8c-fd57-81db3502060d" executionId="05e727cc-5bf5-47cd-91a6-98321e88ce05" testListId="8c84fa94-04c1-424b-9868-57a2d4851a1d" />
    <TestEntry testId="9feb9a85-9cdf-9c85-9d5a-c83452922f7f" executionId="e32cfa14-90ad-49e9-82fb-2ff482f8707a" testListId="8c84fa94-04c1-424b-9868-57a2d4851a1d" />
    <TestEntry testId="98302123-31b5-e316-4cb3-b77bd440c10d" executionId="1ba71db0-bb63-47d4-9fbd-7655fadd9a5a" testListId="8c84fa94-04c1-424b-9868-57a2d4851a1d" />
    <TestEntry testId="c172f851-235b-17d6-3935-a330e39a02b0" executionId="728784be-0b7e-4c4c-9e0e-b804110b3ead" testListId="8c84fa94-04c1-424b-9868-57a2d4851a1d" />
    <TestEntry testId="6a51e50f-e1f6-527f-b0bd-cb9951603392" executionId="ae6a667a-aa35-4bfe-92d7-43f4cb4ddaa2" testListId="8c84fa94-04c1-424b-9868-57a2d4851a1d" />
    <TestEntry testId="8a848569-25ce-b50c-3bd4-ec5a87212530" executionId="a24e7622-6e85-431f-8121-aa0a27a4905e" testListId="8c84fa94-04c1-424b-9868-57a2d4851a1d" />
    <TestEntry testId="068348a7-c51b-bedd-567a-5adf5009a044" executionId="51ae9774-49d8-48f7-80dd-ea72399e04e1" testListId="8c84fa94-04c1-424b-9868-57a2d4851a1d" />
    <TestEntry testId="f6dff28d-6b99-a81a-22b3-0385725cf675" executionId="fc881814-74f9-4923-ad7e-90c882a78578" testListId="8c84fa94-04c1-424b-9868-57a2d4851a1d" />
    <TestEntry testId="3d7f6fb6-e2b2-9db1-42cb-e1c98f555127" executionId="0e3c5f2e-cf6c-4a34-a834-efb242e839ba" testListId="8c84fa94-04c1-424b-9868-57a2d4851a1d" />
    <TestEntry testId="8b4c39d4-06bb-33bc-e0fb-9156f09cc329" executionId="d378cea6-3c28-4875-a5cc-0c5ba01f4b41" testListId="8c84fa94-04c1-424b-9868-57a2d4851a1d" />
    <TestEntry testId="17510eb1-9461-7eb1-a342-4cda1b3b186b" executionId="aeba8204-d233-449f-b725-3785774a79cc" testListId="8c84fa94-04c1-424b-9868-57a2d4851a1d" />
    <TestEntry testId="ace77b01-cc70-1426-7645-4fc6b2703bc1" executionId="663d1b56-bac5-477d-818e-1671fe832ab9" testListId="8c84fa94-04c1-424b-9868-57a2d4851a1d" />
    <TestEntry testId="a015a05c-8110-4ce8-152a-ec5edcb0af00" executionId="58fd0a3c-e3e8-4593-84cb-01e0444ef050" testListId="8c84fa94-04c1-424b-9868-57a2d4851a1d" />
    <TestEntry testId="b22b8ad1-8725-8ec1-b1ba-371dddc7b23f" executionId="f50db990-fb81-40d9-910e-882c2ea374e4" testListId="8c84fa94-04c1-424b-9868-57a2d4851a1d" />
    <TestEntry testId="06f279fc-0f5b-b846-d5df-58bcc7464773" executionId="f838d10d-a16c-4b61-af28-7b59c9774eff" testListId="8c84fa94-04c1-424b-9868-57a2d4851a1d" />
    <TestEntry testId="9e50785e-6127-22da-7a76-950439746d16" executionId="9da4d3f0-3ef1-44ec-a562-097a9c4ed2a3" testListId="8c84fa94-04c1-424b-9868-57a2d4851a1d" />
    <TestEntry testId="28c2862d-307f-35ee-e728-e2a43bbe6991" executionId="7fa6a7f3-2d30-408d-834e-3594e7322d5c" testListId="8c84fa94-04c1-424b-9868-57a2d4851a1d" />
    <TestEntry testId="687d1a25-e67c-9b6c-3f11-ef385b1980cb" executionId="0b3eafff-7dc8-4d86-ae5b-97c7b43e9f1f" testListId="8c84fa94-04c1-424b-9868-57a2d4851a1d" />
    <TestEntry testId="0e571ea5-424a-5741-9086-df665d72bec4" executionId="3c4654cc-5518-4f98-9d96-83c4274be2b1" testListId="8c84fa94-04c1-424b-9868-57a2d4851a1d" />
    <TestEntry testId="60f33217-3ebd-698d-7bf3-e4341135229f" executionId="669d02b3-61d3-4eb3-86bc-af121faab796" testListId="8c84fa94-04c1-424b-9868-57a2d4851a1d" />
    <TestEntry testId="bd55ea70-9326-9a2b-4f42-8eeca907a59a" executionId="70ff376c-c3e7-4716-b1ca-8b6e068c7a83" testListId="8c84fa94-04c1-424b-9868-57a2d4851a1d" />
    <TestEntry testId="97f8d52c-f265-99d8-dd0d-43a489186025" executionId="8c2185d7-135a-41c4-a364-b70f461d1f8e" testListId="8c84fa94-04c1-424b-9868-57a2d4851a1d" />
    <TestEntry testId="cbce3718-0076-4327-8557-076a0617f0a5" executionId="ce8667d1-f1e1-4b1b-84e1-2e88b67bd247" testListId="8c84fa94-04c1-424b-9868-57a2d4851a1d" />
    <TestEntry testId="135f3ff1-4dee-6cff-0808-50cc9e0fe997" executionId="8219bc4d-ebc1-4e7d-bb92-23731e913f10" testListId="8c84fa94-04c1-424b-9868-57a2d4851a1d" />
    <TestEntry testId="20fcc4f3-96c9-92f6-9f12-1116b86ee539" executionId="609c3925-4c70-4a07-b550-d35ca2a75d02" testListId="8c84fa94-04c1-424b-9868-57a2d4851a1d" />
    <TestEntry testId="ed959f57-88bf-1166-1ca2-43544cc4a21a" executionId="42ceb6c2-de91-460d-a311-9717d066b152" testListId="8c84fa94-04c1-424b-9868-57a2d4851a1d" />
    <TestEntry testId="7e24516a-2589-632e-4dbc-58df7839270f" executionId="37e997ed-c2cc-453b-b93b-ce9a32fce44b" testListId="8c84fa94-04c1-424b-9868-57a2d4851a1d" />
    <TestEntry testId="f73c2449-f1a8-2fad-6d14-aeee4e380a7e" executionId="a3b3f166-ec68-4568-a328-3ad611db31fc" testListId="8c84fa94-04c1-424b-9868-57a2d4851a1d" />
    <TestEntry testId="b3fbdebc-758d-96ff-144f-472abd05e790" executionId="532ea7c8-534e-4175-ae72-d3bb2d50cba7" testListId="8c84fa94-04c1-424b-9868-57a2d4851a1d" />
    <TestEntry testId="6a54cbd7-35fd-ee7e-1b72-9836a1f9d5bf" executionId="da6c17b2-f016-4553-a8de-375eac49e0b2" testListId="8c84fa94-04c1-424b-9868-57a2d4851a1d" />
    <TestEntry testId="f8eb50ed-ec1e-10c8-d83a-d8cd57235b6e" executionId="d0a152ca-8641-4ef3-8163-2e7cc6ec1aa7" testListId="8c84fa94-04c1-424b-9868-57a2d4851a1d" />
    <TestEntry testId="9bbf3dac-9898-cb8d-3824-2e7e54cdc2af" executionId="d3077d97-43d3-45cd-a745-97255ede95ef" testListId="8c84fa94-04c1-424b-9868-57a2d4851a1d" />
    <TestEntry testId="69680b18-361a-4ccd-897d-f8a4636ff106" executionId="7d3a79fd-8f0b-4fb4-b09a-000431cb424b" testListId="8c84fa94-04c1-424b-9868-57a2d4851a1d" />
    <TestEntry testId="f054e3b5-c72e-ac11-f88d-83e80bf663fb" executionId="d5dfc1e0-99b1-43ef-a703-e0349adfe384" testListId="8c84fa94-04c1-424b-9868-57a2d4851a1d" />
    <TestEntry testId="155efa38-7cb6-62bc-149e-66d062f28d22" executionId="d8edcbc4-27a1-4de9-ad89-a60ecf41b22b" testListId="8c84fa94-04c1-424b-9868-57a2d4851a1d" />
    <TestEntry testId="01f6c6db-ed6c-7ab9-92fe-7880ae26ec45" executionId="6b8a56de-e128-43b0-87da-bb9dcc11999b" testListId="8c84fa94-04c1-424b-9868-57a2d4851a1d" />
    <TestEntry testId="23548610-6c22-e846-9d39-4ab3bd04a0aa" executionId="639620b3-f738-436e-b568-d455e8477832" testListId="8c84fa94-04c1-424b-9868-57a2d4851a1d" />
    <TestEntry testId="ed121b78-f9b5-b3f8-a99b-a26beee7298c" executionId="5b2091b0-5b68-4071-a256-ce281b15bb00" testListId="8c84fa94-04c1-424b-9868-57a2d4851a1d" />
    <TestEntry testId="536d427c-a820-2a21-15ea-3053c83bcbee" executionId="c5dea89e-d889-451f-af24-00e5433e0ad6" testListId="8c84fa94-04c1-424b-9868-57a2d4851a1d" />
    <TestEntry testId="dfc31bff-1afe-9ad2-9153-9696078b7506" executionId="9ad852bc-d045-4108-8536-9917a37576ef" testListId="8c84fa94-04c1-424b-9868-57a2d4851a1d" />
    <TestEntry testId="5320da2c-440e-fd15-5088-4586c7eef1ca" executionId="54244c3c-d34f-4b79-bb0f-30ba952168d0" testListId="8c84fa94-04c1-424b-9868-57a2d4851a1d" />
    <TestEntry testId="7d85ab7c-8fc4-3412-d8fd-e7dd58919ca0" executionId="37dfda7d-471c-403e-9f26-a4e5def81e19" testListId="8c84fa94-04c1-424b-9868-57a2d4851a1d" />
    <TestEntry testId="fe5ff567-4928-4a81-159e-f1851aba0b94" executionId="92828f0d-0af1-4390-a459-1351a5a65512" testListId="8c84fa94-04c1-424b-9868-57a2d4851a1d" />
    <TestEntry testId="9324f8f3-c246-f21e-83ad-db0ca2632d7f" executionId="1706f546-1716-488a-8f35-9d4d520774a9" testListId="8c84fa94-04c1-424b-9868-57a2d4851a1d" />
    <TestEntry testId="074f75c5-be35-0e03-3561-34e5721ae4bd" executionId="6a9c984c-7f72-437d-93f6-40c1916d9818" testListId="8c84fa94-04c1-424b-9868-57a2d4851a1d" />
    <TestEntry testId="928cf232-2f31-bc4b-c20b-a4a5de5a90d0" executionId="b941044b-9f19-4316-a34a-7706716217e5" testListId="8c84fa94-04c1-424b-9868-57a2d4851a1d" />
    <TestEntry testId="35ce1989-17cb-31f9-c611-9a5a4e131edc" executionId="b4756329-d60f-4aae-be34-9d312f22d24a" testListId="8c84fa94-04c1-424b-9868-57a2d4851a1d" />
    <TestEntry testId="2358e266-b8d1-926e-f216-4e62f1d374f3" executionId="40a36555-32e5-4739-9e17-a28350322afb" testListId="8c84fa94-04c1-424b-9868-57a2d4851a1d" />
    <TestEntry testId="52395748-5fac-a8b7-47cb-7d9a72d90664" executionId="44e0f9e6-de5b-4b92-a3e3-bbfa690362bb" testListId="8c84fa94-04c1-424b-9868-57a2d4851a1d" />
    <TestEntry testId="565b6a27-4dca-b355-b196-919f6fe8590e" executionId="96ca1644-72cb-4ce6-8771-b0df97ec48f3" testListId="8c84fa94-04c1-424b-9868-57a2d4851a1d" />
    <TestEntry testId="aa464343-05dc-031c-02af-1b05c0508b4f" executionId="ccec7896-e854-4534-8431-b3ce58ce22a4" testListId="8c84fa94-04c1-424b-9868-57a2d4851a1d" />
    <TestEntry testId="fdf145ea-6909-ebf5-f864-67427ab5f4bd" executionId="09dc1936-3405-4a8d-b692-875e048ffc13" testListId="8c84fa94-04c1-424b-9868-57a2d4851a1d" />
    <TestEntry testId="2d79a816-5597-d4ee-3807-5999bd1b690e" executionId="56adec3f-e1cc-4014-96a2-18fb94a2344e" testListId="8c84fa94-04c1-424b-9868-57a2d4851a1d" />
    <TestEntry testId="3aa5bdc5-3c0a-a763-ba78-be87f12258de" executionId="cba0546d-21e4-4289-9572-2934ca701ae5" testListId="8c84fa94-04c1-424b-9868-57a2d4851a1d" />
    <TestEntry testId="df324771-fca1-3515-444a-4d8063a306ce" executionId="4a615c5f-b0c2-4a1f-986f-6338a0506096" testListId="8c84fa94-04c1-424b-9868-57a2d4851a1d" />
    <TestEntry testId="c2b18fcf-a0a5-62ee-8259-dbd66470eaa0" executionId="0567eba3-9c7d-4258-b694-b7fca09c9641" testListId="8c84fa94-04c1-424b-9868-57a2d4851a1d" />
    <TestEntry testId="dd65f12d-fff4-b581-f708-31d48db21038" executionId="b3f81b71-a8da-43b4-91fe-b3b9146d2aed" testListId="8c84fa94-04c1-424b-9868-57a2d4851a1d" />
    <TestEntry testId="96baab1e-1f63-ad62-8ca5-7c88c83f375d" executionId="724be17d-4f4c-4ca3-b5dd-73a5157557a9" testListId="8c84fa94-04c1-424b-9868-57a2d4851a1d" />
    <TestEntry testId="1b0f1b8f-6365-b0c7-f736-523036ebc447" executionId="3c95ea97-c69d-4103-8cc7-e71dac0f6ce0" testListId="8c84fa94-04c1-424b-9868-57a2d4851a1d" />
    <TestEntry testId="b5910c7d-26b7-6b12-ae82-7a97fe1090d0" executionId="67f2d9f0-2622-4631-8f57-49da79875d3d" testListId="8c84fa94-04c1-424b-9868-57a2d4851a1d" />
    <TestEntry testId="b2fd36d6-fa00-636a-ca46-d540559e0df6" executionId="d8908ad4-8c34-474f-a29e-3edf5c4aa344" testListId="8c84fa94-04c1-424b-9868-57a2d4851a1d" />
    <TestEntry testId="31a05dde-c27b-0d48-ef57-70db5059c9f9" executionId="67d27f61-3013-4428-9d62-6df8a38a8fad" testListId="8c84fa94-04c1-424b-9868-57a2d4851a1d" />
    <TestEntry testId="11dbb9c5-d1a5-cf3c-eaf7-d156520b4e74" executionId="19e95bd8-bdc1-4aea-abc8-38d29974f631" testListId="8c84fa94-04c1-424b-9868-57a2d4851a1d" />
    <TestEntry testId="7d032a6c-71d8-c088-6c1d-db3414cb0db0" executionId="d47fa042-d72d-4c7f-b9d4-793f91545be3" testListId="8c84fa94-04c1-424b-9868-57a2d4851a1d" />
    <TestEntry testId="145e7241-b7d9-2b1b-ed4f-8401630edbde" executionId="65ce56af-c3e4-4a38-9e33-e1d9db93f9f5" testListId="8c84fa94-04c1-424b-9868-57a2d4851a1d" />
    <TestEntry testId="58c4c64e-c24c-48f0-b76d-1b89aaf5382a" executionId="5c66740d-d55b-4298-94af-0fcd0f0a0522" testListId="8c84fa94-04c1-424b-9868-57a2d4851a1d" />
    <TestEntry testId="b24a01ec-65c9-32a4-ece3-b88afd0e6766" executionId="4dd6dbaa-d7dd-4ede-b777-cf915fd94dc7" testListId="8c84fa94-04c1-424b-9868-57a2d4851a1d" />
    <TestEntry testId="13009399-a599-94ed-4117-fbe24fb44152" executionId="866a7e97-cb5e-447c-b522-ef9b5fef1e86" testListId="8c84fa94-04c1-424b-9868-57a2d4851a1d" />
    <TestEntry testId="da57bf4d-4be6-aa8b-4236-9e8e319a7427" executionId="1661d399-0cbf-474e-94e2-b2333fe0b9e4" testListId="8c84fa94-04c1-424b-9868-57a2d4851a1d" />
    <TestEntry testId="ebe5f25d-a85d-1c4a-e7da-000cfb129de0" executionId="8bedb15a-fb97-451e-bfe0-2c49b1023f01" testListId="8c84fa94-04c1-424b-9868-57a2d4851a1d" />
    <TestEntry testId="ffe3fb50-609f-49c7-b755-0e297d0b4f87" executionId="bcc93e43-133c-45e4-a7a8-429adf1a4c66" testListId="8c84fa94-04c1-424b-9868-57a2d4851a1d" />
    <TestEntry testId="ac62a3ea-21a3-b159-ec80-e60ae45334d3" executionId="13684ffe-a7f6-4609-a096-50d05c680328" testListId="8c84fa94-04c1-424b-9868-57a2d4851a1d" />
    <TestEntry testId="f0eacf11-fc3a-eb14-31ba-4abea1e90b97" executionId="b4691f3d-f473-42cc-8c04-e3b91be133af" testListId="8c84fa94-04c1-424b-9868-57a2d4851a1d" />
    <TestEntry testId="28ee3328-1f9b-dcd2-da35-de2e555528de" executionId="65ebaed3-2f2d-49b7-85a8-44bc0f549590" testListId="8c84fa94-04c1-424b-9868-57a2d4851a1d" />
    <TestEntry testId="d248f8d0-dc3b-3bc4-a90f-51e5035c9440" executionId="5238ecb0-ace8-4627-8d65-4b318b342248" testListId="8c84fa94-04c1-424b-9868-57a2d4851a1d" />
  </TestEntries>
  <TestLists>
    <TestList name="Results Not in a List" id="8c84fa94-04c1-424b-9868-57a2d4851a1d" />
    <TestList name="All Loaded Results" id="19431567-8539-422a-85d7-44ee4e166bda" />
  </TestLists>
  <ResultSummary outcome="Completed">
    <Counters total="221" executed="221" passed="221" failed="0" error="0" timeout="0" aborted="0" inconclusive="0" passedButRunAborted="0" notRunnable="0" notExecuted="0" disconnected="0" warning="0" completed="0" inProgress="0" pending="0" />
    <Output>
      <StdOut>[xUnit.net 00:00:00.00] xUnit.net VSTest Adapter v2.4.3+1b45f5407b (64-bit .NET 8.0.31)&#xD;
[xUnit.net 00:00:01.31]   Discovering: Studio5Jarvis.Tests&#xD;
[xUnit.net 00:00:01.54]   Discovered:  Studio5Jarvis.Tests&#xD;
[xUnit.net 00:00:01.55]   Starting:    Studio5Jarvis.Tests&#xD;
[xUnit.net 00:00:17.54]   Finished:    Studio5Jarvis.Tests&#xD;
</StdOut>
    </Output>
  </ResultSummary>
</TestRun>