<?xml version="1.0" encoding="utf-8"?>
<TestRun id="3c3df9da-7b30-410c-8c98-1bbe7e78da15" name="admin@DESKTOP-TCCLH6H 2026-09-23 14:56:36" runUser="DESKTOP-TCCLH6H\admin" xmlns="http://microsoft.com/schemas/VisualStudio/TeamTest/2010">
  <Times creation="2026-09-23T14:56:36.7872835+05:30" queuing="2026-09-23T14:56:36.7872838+05:30" start="2026-09-23T14:56:33.0660667+05:30" finish="2026-09-23T14:56:42.2624161+05:30" />
  <TestSettings name="default" id="d96d3045-d2ea-499c-9229-2886e458f74e">
    <Deployment runDeploymentRoot="admin_DESKTOP-TCCLH6H_2026-09-23_14_56_36" />
  </TestSettings>
  <Results>
    <UnitTestResult executionId="203c3273-169c-4d12-b53d-03938b0f54d7" testId="b2fd36d6-fa00-636a-ca46-d540559e0df6" testName="Jarvis5.Tests.EaFms.Delegation.DelegationTypeOnlyTatTests.EmReport_ActiveTatDelegation_UsesTheLiveTatPosition_AndAPausedOneIsPaused" computerName="DESKTOP-TCCLH6H" duration="00:00:00.0010000" startTime="2026-09-23T14:56:36.8153401+05:30" endTime="2026-09-23T14:56:36.8153403+05:30" testType="13cdc9d9-ddb5-4fa4-a97d-d965ccfc6d4b" outcome="Failed" testListId="8c84fa94-04c1-424b-9868-57a2d4851a1d" relativeResultsDirectory="203c3273-169c-4d12-b53d-03938b0f54d7">
      <Output>
        <ErrorInfo>
          <Message>System.TypeInitializationException : The type initializer for 'Jarvis5.Tests.EaFms.Delegation.ScratchTatDatabase' threw an exception.&#xD;
---- System.InvalidOperationException : Set EA_DELEGATION_TEST_SERVER to a PostgreSQL connection with CREATE DATABASE permission. Tests only write a generated scratch database.</Message>
          <StackTrace>   at Jarvis5.Tests.EaFms.Delegation.ScratchTatDatabase.InitializeAsync() in F:\eaworking\backend work\EA_API_SOURCE\Tests\EaFms\Delegation\DelegationTypeOnlyTatTests.cs:line 45&#xD;
----- Inner Stack Trace -----&#xD;
   at Jarvis5.Tests.EaFms.Delegation.ScratchTatDatabase..cctor() in F:\eaworking\backend work\EA_API_SOURCE\Tests\EaFms\Delegation\DelegationTypeOnlyTatTests.cs:line 33</StackTrace>
        </ErrorInfo>
      </Output>
    </UnitTestResult>
    <UnitTestResult executionId="398421f0-f724-4ea2-9bfa-c3e60efe3b15" testId="39522a65-945c-29ff-f7fd-eada7bdfe672" testName="Jarvis5.Tests.EaFms.Delegation.DelegationPauseResumeTests.CompleteAfterResume_LeavesNoOpenPause_AndClosesTheAnchor" computerName="DESKTOP-TCCLH6H" duration="00:00:00.1191139" startTime="2026-09-23T14:56:40.7192114+05:30" endTime="2026-09-23T14:56:40.7192115+05:30" testType="13cdc9d9-ddb5-4fa4-a97d-d965ccfc6d4b" outcome="Passed" testListId="8c84fa94-04c1-424b-9868-57a2d4851a1d" relativeResultsDirectory="398421f0-f724-4ea2-9bfa-c3e60efe3b15" />
    <UnitTestResult executionId="d219eff1-823c-402c-ab1d-74fdabf21c66" testId="11a1d940-3ddd-54e0-c14c-601566c3064a" testName="Jarvis5.Tests.EaFms.Meetings.MeetingToDelegationTests.CompleteAsync_DeletedMeetingAction_CreatesNoDelegation" computerName="DESKTOP-TCCLH6H" duration="00:00:00.0588835" startTime="2026-09-23T14:56:42.0211908+05:30" endTime="2026-09-23T14:56:42.0211911+05:30" testType="13cdc9d9-ddb5-4fa4-a97d-d965ccfc6d4b" outcome="Failed" testListId="8c84fa94-04c1-424b-9868-57a2d4851a1d" relativeResultsDirectory="d219eff1-823c-402c-ab1d-74fdabf21c66">
      <Output>
        <ErrorInfo>
          <Message>Npgsql.PostgresException : 28P01: password authentication failed for user "postgres"</Message>
          <StackTrace>   at Npgsql.Internal.NpgsqlConnector.ReadMessageLong(Boolean async, DataRowLoadingMode dataRowLoadingMode, Boolean readingNotifications, Boolean isReadingPrependedMessage)&#xD;
   at System.Runtime.CompilerServices.PoolingAsyncValueTaskMethodBuilder`1.StateMachineBox`1.System.Threading.Tasks.Sources.IValueTaskSource&lt;TResult&gt;.GetResult(Int16 token)&#xD;
   at Npgsql.Internal.NpgsqlConnector.AuthenticateSASL(List`1 mechanisms, String username, Boolean async, CancellationToken cancellationToken)&#xD;
   at Npgsql.Internal.NpgsqlConnector.Authenticate(String username, NpgsqlTimeout timeout, Boolean async, CancellationToken cancellationToken)&#xD;
   at Npgsql.Internal.NpgsqlConnector.&lt;Open&gt;g__OpenCore|213_1(NpgsqlConnector conn, SslMode sslMode, NpgsqlTimeout timeout, Boolean async, CancellationToken cancellationToken, Boolean isFirstAttempt)&#xD;
   at Npgsql.Internal.NpgsqlConnector.Open(NpgsqlTimeout timeout, Boolean async, CancellationToken cancellationToken)&#xD;
   at Npgsql.PoolingDataSource.OpenNewConnector(NpgsqlConnection conn, NpgsqlTimeout timeout, Boolean async, CancellationToken cancellationToken)&#xD;
   at Npgsql.PoolingDataSource.&lt;Get&gt;g__RentAsync|33_0(NpgsqlConnection conn, NpgsqlTimeout timeout, Boolean async, CancellationToken cancellationToken)&#xD;
   at Npgsql.NpgsqlConnection.&lt;Open&gt;g__OpenAsync|42_0(Boolean async, CancellationToken cancellationToken)&#xD;
   at Microsoft.EntityFrameworkCore.Storage.RelationalConnection.OpenInternalAsync(Boolean errorsExpected, CancellationToken cancellationToken)&#xD;
   at Microsoft.EntityFrameworkCore.Storage.RelationalConnection.OpenInternalAsync(Boolean errorsExpected, CancellationToken cancellationToken)&#xD;
   at Microsoft.EntityFrameworkCore.Storage.RelationalConnection.OpenAsync(CancellationToken cancellationToken, Boolean errorsExpected)&#xD;
   at Microsoft.EntityFrameworkCore.Storage.RelationalCommand.ExecuteReaderAsync(RelationalCommandParameterObject parameterObject, CancellationToken cancellationToken)&#xD;
   at Microsoft.EntityFrameworkCore.Query.Internal.SingleQueryingEnumerable`1.AsyncEnumerator.InitializeReaderAsync(AsyncEnumerator enumerator, CancellationToken cancellationToken)&#xD;
   at Npgsql.EntityFrameworkCore.PostgreSQL.Storage.Internal.NpgsqlExecutionStrategy.ExecuteAsync[TState,TResult](TState state, Func`4 operation, Func`4 verifySucceeded, CancellationToken cancellationToken)&#xD;
   at Microsoft.EntityFrameworkCore.Query.Internal.SingleQueryingEnumerable`1.AsyncEnumerator.MoveNextAsync()&#xD;
   at Microsoft.EntityFrameworkCore.Query.ShapedQueryCompilingExpressionVisitor.SingleAsync[TSource](IAsyncEnumerable`1 asyncEnumerable, CancellationToken cancellationToken)&#xD;
   at Microsoft.EntityFrameworkCore.Query.ShapedQueryCompilingExpressionVisitor.SingleAsync[TSource](IAsyncEnumerable`1 asyncEnumerable, CancellationToken cancellationToken)&#xD;
   at Jarvis5.Tests.EaFms.Meetings.MeetingToDelegationTests.ResolveModuleIdAsync(EaFmsDbContext db, String name) in F:\eaworking\backend work\EA_API_SOURCE\Tests\EaFms\Meetings\MeetingToDelegationTests.cs:line 42&#xD;
   at Jarvis5.Tests.EaFms.Meetings.MeetingToDelegationTests.SeedInProgressMeetingAsync(EaFmsDbContext db, String marker, String actor) in F:\eaworking\backend work\EA_API_SOURCE\Tests\EaFms\Meetings\MeetingToDelegationTests.cs:line 97&#xD;
   at Jarvis5.Tests.EaFms.Meetings.MeetingToDelegationTests.CompleteAsync_DeletedMeetingAction_CreatesNoDelegation() in F:\eaworking\backend work\EA_API_SOURCE\Tests\EaFms\Meetings\MeetingToDelegationTests.cs:line 385&#xD;
   at Jarvis5.Tests.EaFms.Meetings.MeetingToDelegationTests.CompleteAsync_DeletedMeetingAction_CreatesNoDelegation() in F:\eaworking\backend work\EA_API_SOURCE\Tests\EaFms\Meetings\MeetingToDelegationTests.cs:line 398&#xD;
--- End of stack trace from previous location ---</StackTrace>
        </ErrorInfo>
      </Output>
    </UnitTestResult>
    <UnitTestResult executionId="5586b92a-92ba-4028-8bd5-ad1627a01eb1" testId="f054e3b5-c72e-ac11-f88d-83e80bf663fb" testName="Jarvis5.Tests.EaFms.Delegation.DelegationCompletionPdfTests.InvalidUpload_IsRejected_AndNothingChanges(name: &quot;fake.pdf&quot;, contentType: &quot;application/pdf&quot;, data: [37, 80, 68, 70, 45, ...])" computerName="DESKTOP-TCCLH6H" duration="00:00:00.0995867" startTime="2026-09-23T14:56:39.9875574+05:30" endTime="2026-09-23T14:56:39.9875575+05:30" testType="13cdc9d9-ddb5-4fa4-a97d-d965ccfc6d4b" outcome="Passed" testListId="8c84fa94-04c1-424b-9868-57a2d4851a1d" relativeResultsDirectory="5586b92a-92ba-4028-8bd5-ad1627a01eb1" />
    <UnitTestResult executionId="5f9fe2b8-9ede-4e76-a019-0be4aaf3ff70" testId="68f73680-0c0f-fed7-09e7-c27f7af36903" testName="Jarvis5.Tests.EaFms.Delegation.DelegationServiceTests.List_FilterBySourceBusinessModuleId_StillWorks_ManualDelegationsExcluded" computerName="DESKTOP-TCCLH6H" duration="00:00:00.0233109" startTime="2026-09-23T14:56:41.1998374+05:30" endTime="2026-09-23T14:56:41.1998375+05:30" testType="13cdc9d9-ddb5-4fa4-a97d-d965ccfc6d4b" outcome="Passed" testListId="8c84fa94-04c1-424b-9868-57a2d4851a1d" relativeResultsDirectory="5f9fe2b8-9ede-4e76-a019-0be4aaf3ff70" />
    <UnitTestResult executionId="32a82a16-f97e-4aab-84b9-529ca02e317d" testId="3aa86981-4f20-fc2c-6045-933bd4eb9342" testName="Jarvis5.Tests.EaFms.Meetings.MeetingRequestDtoValidatorsTests.Create_Title_NullEmptyWhitespaceAndValue_AllAccepted(title: null, expectedValid: True)" computerName="DESKTOP-TCCLH6H" duration="00:00:00.0002913" startTime="2026-09-23T14:56:36.8963736+05:30" endTime="2026-09-23T14:56:36.8963737+05:30" testType="13cdc9d9-ddb5-4fa4-a97d-d965ccfc6d4b" outcome="Passed" testListId="8c84fa94-04c1-424b-9868-57a2d4851a1d" relativeResultsDirectory="32a82a16-f97e-4aab-84b9-529ca02e317d" />
    <UnitTestResult executionId="9474a175-0853-421b-b564-4b226db79c39" testId="b5910c7d-26b7-6b12-ae82-7a97fe1090d0" testName="Jarvis5.Tests.EaFms.Delegation.DelegationServiceTests.Create_ManualDelegation_WithOptionalSourceReferenceOnly_Persists" computerName="DESKTOP-TCCLH6H" duration="00:00:00.0162452" startTime="2026-09-23T14:56:41.0631607+05:30" endTime="2026-09-23T14:56:41.0631615+05:30" testType="13cdc9d9-ddb5-4fa4-a97d-d965ccfc6d4b" outcome="Passed" testListId="8c84fa94-04c1-424b-9868-57a2d4851a1d" relativeResultsDirectory="9474a175-0853-421b-b564-4b226db79c39" />
    <UnitTestResult executionId="a794cfce-1e11-4149-9151-6d2bcb7688e4" testId="ebe5f25d-a85d-1c4a-e7da-000cfb129de0" testName="Jarvis5.Tests.EaFms.TaskReview.DelegationPhaseIntegrityPostgresTests.WrongReviewCycle_RejectsDecisionWithoutClosingPhase(action: &quot;rework&quot;)" computerName="DESKTOP-TCCLH6H" duration="00:00:00.0010000" startTime="2026-09-23T14:56:36.8136523+05:30" endTime="2026-09-23T14:56:36.8136527+05:30" testType="13cdc9d9-ddb5-4fa4-a97d-d965ccfc6d4b" outcome="Failed" testListId="8c84fa94-04c1-424b-9868-57a2d4851a1d" relativeResultsDirectory="a794cfce-1e11-4149-9151-6d2bcb7688e4">
      <Output>
        <ErrorInfo>
          <Message>System.TypeInitializationException : The type initializer for 'Jarvis5.Tests.EaFms.Delegation.ScratchTatDatabase' threw an exception.&#xD;
---- System.InvalidOperationException : Set EA_DELEGATION_TEST_SERVER to a PostgreSQL connection with CREATE DATABASE permission. Tests only write a generated scratch database.</Message>
          <StackTrace>   at Jarvis5.Tests.EaFms.Delegation.ScratchTatDatabase.InitializeAsync() in F:\eaworking\backend work\EA_API_SOURCE\Tests\EaFms\Delegation\DelegationTypeOnlyTatTests.cs:line 45&#xD;
----- Inner Stack Trace -----&#xD;
   at Jarvis5.Tests.EaFms.Delegation.ScratchTatDatabase..cctor() in F:\eaworking\backend work\EA_API_SOURCE\Tests\EaFms\Delegation\DelegationTypeOnlyTatTests.cs:line 33</StackTrace>
        </ErrorInfo>
      </Output>
    </UnitTestResult>
    <UnitTestResult executionId="741f9382-2037-4198-8c9a-ab7f55d7e383" testId="52395748-5fac-a8b7-47cb-7d9a72d90664" testName="Jarvis5.Tests.EaFms.Delegation.DelegationServiceTests.View_PendingInProgressCompleted_MatchPersistedStatusExactly(view: &quot;pending&quot;, expectedCount: 1)" computerName="DESKTOP-TCCLH6H" duration="00:00:00.1102622" startTime="2026-09-23T14:56:40.3813140+05:30" endTime="2026-09-23T14:56:40.3813141+05:30" testType="13cdc9d9-ddb5-4fa4-a97d-d965ccfc6d4b" outcome="Passed" testListId="8c84fa94-04c1-424b-9868-57a2d4851a1d" relativeResultsDirectory="741f9382-2037-4198-8c9a-ab7f55d7e383" />
    <UnitTestResult executionId="c3876485-371f-4b60-8957-dcd3603e19f1" testId="6696bfc3-0138-b454-cf13-22ee79f1cf88" testName="Jarvis5.Tests.EaFms.Meetings.MeetingDoersTests.ToArrays_BlankOrNullDoerData_IsAcceptedAndStoredAsEmptyString(doerId: &quot;EMP001&quot;, doerName: &quot;   &quot;, expectedId: &quot;EMP001&quot;, expectedName: &quot;&quot;)" computerName="DESKTOP-TCCLH6H" duration="00:00:00.0052373" startTime="2026-09-23T14:56:36.8974680+05:30" endTime="2026-09-23T14:56:36.8974680+05:30" testType="13cdc9d9-ddb5-4fa4-a97d-d965ccfc6d4b" outcome="Passed" testListId="8c84fa94-04c1-424b-9868-57a2d4851a1d" relativeResultsDirectory="c3876485-371f-4b60-8957-dcd3603e19f1" />
    <UnitTestResult executionId="b0a41d8f-ca26-4778-b201-905a2da243e0" testId="ccce07a1-e998-cf93-da83-c5455bd52dcd" testName="Jarvis5.Tests.EaFms.Meetings.MeetingToDelegationTests.CompleteAsync_ConcurrentCompletion_AtMostOneDelegationPerAction" computerName="DESKTOP-TCCLH6H" duration="00:00:00.1563549" startTime="2026-09-23T14:56:41.5234952+05:30" endTime="2026-09-23T14:56:41.5234954+05:30" testType="13cdc9d9-ddb5-4fa4-a97d-d965ccfc6d4b" outcome="Failed" testListId="8c84fa94-04c1-424b-9868-57a2d4851a1d" relativeResultsDirectory="b0a41d8f-ca26-4778-b201-905a2da243e0">
      <Output>
        <ErrorInfo>
          <Message>Npgsql.PostgresException : 28P01: password authentication failed for user "postgres"</Message>
          <StackTrace>   at Npgsql.Internal.NpgsqlConnector.ReadMessageLong(Boolean async, DataRowLoadingMode dataRowLoadingMode, Boolean readingNotifications, Boolean isReadingPrependedMessage)&#xD;
   at System.Runtime.CompilerServices.PoolingAsyncValueTaskMethodBuilder`1.StateMachineBox`1.System.Threading.Tasks.Sources.IValueTaskSource&lt;TResult&gt;.GetResult(Int16 token)&#xD;
   at Npgsql.Internal.NpgsqlConnector.AuthenticateSASL(List`1 mechanisms, String username, Boolean async, CancellationToken cancellationToken)&#xD;
   at Npgsql.Internal.NpgsqlConnector.Authenticate(String username, NpgsqlTimeout timeout, Boolean async, CancellationToken cancellationToken)&#xD;
   at Npgsql.Internal.NpgsqlConnector.&lt;Open&gt;g__OpenCore|213_1(NpgsqlConnector conn, SslMode sslMode, NpgsqlTimeout timeout, Boolean async, CancellationToken cancellationToken, Boolean isFirstAttempt)&#xD;
   at Npgsql.Internal.NpgsqlConnector.Open(NpgsqlTimeout timeout, Boolean async, CancellationToken cancellationToken)&#xD;
   at Npgsql.PoolingDataSource.OpenNewConnector(NpgsqlConnection conn, NpgsqlTimeout timeout, Boolean async, CancellationToken cancellationToken)&#xD;
   at Npgsql.PoolingDataSource.&lt;Get&gt;g__RentAsync|33_0(NpgsqlConnection conn, NpgsqlTimeout timeout, Boolean async, CancellationToken cancellationToken)&#xD;
   at Npgsql.NpgsqlConnection.&lt;Open&gt;g__OpenAsync|42_0(Boolean async, CancellationToken cancellationToken)&#xD;
   at Microsoft.EntityFrameworkCore.Storage.RelationalConnection.OpenInternalAsync(Boolean errorsExpected, CancellationToken cancellationToken)&#xD;
   at Microsoft.EntityFrameworkCore.Storage.RelationalConnection.OpenInternalAsync(Boolean errorsExpected, CancellationToken cancellationToken)&#xD;
   at Microsoft.EntityFrameworkCore.Storage.RelationalConnection.OpenAsync(CancellationToken cancellationToken, Boolean errorsExpected)&#xD;
   at Microsoft.EntityFrameworkCore.Storage.RelationalCommand.ExecuteReaderAsync(RelationalCommandParameterObject parameterObject, CancellationToken cancellationToken)&#xD;
   at Microsoft.EntityFrameworkCore.Query.Internal.SingleQueryingEnumerable`1.AsyncEnumerator.InitializeReaderAsync(AsyncEnumerator enumerator, CancellationToken cancellationToken)&#xD;
   at Npgsql.EntityFrameworkCore.PostgreSQL.Storage.Internal.NpgsqlExecutionStrategy.ExecuteAsync[TState,TResult](TState state, Func`4 operation, Func`4 verifySucceeded, CancellationToken cancellationToken)&#xD;
   at Microsoft.EntityFrameworkCore.Query.Internal.SingleQueryingEnumerable`1.AsyncEnumerator.MoveNextAsync()&#xD;
   at Microsoft.EntityFrameworkCore.Query.ShapedQueryCompilingExpressionVisitor.SingleAsync[TSource](IAsyncEnumerable`1 asyncEnumerable, CancellationToken cancellationToken)&#xD;
   at Microsoft.EntityFrameworkCore.Query.ShapedQueryCompilingExpressionVisitor.SingleAsync[TSource](IAsyncEnumerable`1 asyncEnumerable, CancellationToken cancellationToken)&#xD;
   at Jarvis5.Tests.EaFms.Meetings.MeetingToDelegationTests.ResolveModuleIdAsync(EaFmsDbContext db, String name) in F:\eaworking\backend work\EA_API_SOURCE\Tests\EaFms\Meetings\MeetingToDelegationTests.cs:line 42&#xD;
   at Jarvis5.Tests.EaFms.Meetings.MeetingToDelegationTests.SeedInProgressMeetingAsync(EaFmsDbContext db, String marker, String actor) in F:\eaworking\backend work\EA_API_SOURCE\Tests\EaFms\Meetings\MeetingToDelegationTests.cs:line 97&#xD;
   at Jarvis5.Tests.EaFms.Meetings.MeetingToDelegationTests.CompleteAsync_ConcurrentCompletion_AtMostOneDelegationPerAction() in F:\eaworking\backend work\EA_API_SOURCE\Tests\EaFms\Meetings\MeetingToDelegationTests.cs:line 480&#xD;
   at Jarvis5.Tests.EaFms.Meetings.MeetingToDelegationTests.CompleteAsync_ConcurrentCompletion_AtMostOneDelegationPerAction() in F:\eaworking\backend work\EA_API_SOURCE\Tests\EaFms\Meetings\MeetingToDelegationTests.cs:line 505&#xD;
--- End of stack trace from previous location ---</StackTrace>
        </ErrorInfo>
      </Output>
    </UnitTestResult>
    <UnitTestResult executionId="6d21f008-92c5-4d6e-b91d-660f2ee117f4" testId="282fe2ef-5027-89e6-15b1-b70a11b53b8c" testName="Jarvis5.Tests.EaFms.Delegation.DelegationContractTests.Create_AcceptsAndPersistsDelegationType_FreeText_NoCatalog" computerName="DESKTOP-TCCLH6H" duration="00:00:00.0302921" startTime="2026-09-23T14:56:39.5909302+05:30" endTime="2026-09-23T14:56:39.5909304+05:30" testType="13cdc9d9-ddb5-4fa4-a97d-d965ccfc6d4b" outcome="Passed" testListId="8c84fa94-04c1-424b-9868-57a2d4851a1d" relativeResultsDirectory="6d21f008-92c5-4d6e-b91d-660f2ee117f4" />
    <UnitTestResult executionId="2843e50e-be5f-4026-8859-ab9d3a3bb5b6" testId="b680a966-1f48-267c-99a4-ab4ccd29af59" testName="Jarvis5.Tests.EaFms.Delegation.DelegationServiceTests.Search_ByTitle_ReferenceDoerName_AndSourceReference_AllMatch" computerName="DESKTOP-TCCLH6H" duration="00:00:00.1130439" startTime="2026-09-23T14:56:41.1763929+05:30" endTime="2026-09-23T14:56:41.1763931+05:30" testType="13cdc9d9-ddb5-4fa4-a97d-d965ccfc6d4b" outcome="Passed" testListId="8c84fa94-04c1-424b-9868-57a2d4851a1d" relativeResultsDirectory="2843e50e-be5f-4026-8859-ab9d3a3bb5b6" />
    <UnitTestResult executionId="4444e6e4-a585-416e-bde0-b125c5139383" testId="61f1e03a-8db5-920a-f899-abf66f409a0b" testName="Jarvis5.Tests.EaFms.TaskReview.DelegationPhasePrecisionTests.ActiveReview_PreservesFractionalPauseSecondsAndComplement(multiple: True)" computerName="DESKTOP-TCCLH6H" duration="00:00:00.0005411" startTime="2026-09-23T14:56:39.6463559+05:30" endTime="2026-09-23T14:56:39.6463561+05:30" testType="13cdc9d9-ddb5-4fa4-a97d-d965ccfc6d4b" outcome="Passed" testListId="8c84fa94-04c1-424b-9868-57a2d4851a1d" relativeResultsDirectory="4444e6e4-a585-416e-bde0-b125c5139383" />
    <UnitTestResult executionId="cf0f38aa-0202-4119-a524-bb6c778dff3d" testId="dce9b23d-2098-bf87-0792-9a497de1ec2e" testName="Jarvis5.Tests.EaFms.Delegation.DelegationTypeOnlyTatTests.Delegation_HasNoSubtypeAnywhere_AndNoHardcodedTypeOptions" computerName="DESKTOP-TCCLH6H" duration="00:00:00.0010000" startTime="2026-09-23T14:56:36.8879233+05:30" endTime="2026-09-23T14:56:36.8879234+05:30" testType="13cdc9d9-ddb5-4fa4-a97d-d965ccfc6d4b" outcome="Failed" testListId="8c84fa94-04c1-424b-9868-57a2d4851a1d" relativeResultsDirectory="cf0f38aa-0202-4119-a524-bb6c778dff3d">
      <Output>
        <ErrorInfo>
          <Message>System.TypeInitializationException : The type initializer for 'Jarvis5.Tests.EaFms.Delegation.ScratchTatDatabase' threw an exception.&#xD;
---- System.InvalidOperationException : Set EA_DELEGATION_TEST_SERVER to a PostgreSQL connection with CREATE DATABASE permission. Tests only write a generated scratch database.</Message>
          <StackTrace>   at Jarvis5.Tests.EaFms.Delegation.ScratchTatDatabase.InitializeAsync() in F:\eaworking\backend work\EA_API_SOURCE\Tests\EaFms\Delegation\DelegationTypeOnlyTatTests.cs:line 45&#xD;
----- Inner Stack Trace -----&#xD;
   at Jarvis5.Tests.EaFms.Delegation.ScratchTatDatabase..cctor() in F:\eaworking\backend work\EA_API_SOURCE\Tests\EaFms\Delegation\DelegationTypeOnlyTatTests.cs:line 33</StackTrace>
        </ErrorInfo>
      </Output>
    </UnitTestResult>
    <UnitTestResult executionId="a77ef1a7-46d9-4a24-bf67-5a81ac14e0fe" testId="c2b18fcf-a0a5-62ee-8259-dbd66470eaa0" testName="Jarvis5.Tests.EaFms.Delegation.IndiaBusinessCalendarTests.ToIndiaDate_ShiftsAcrossTheMidnightIstBoundary_NotTheUtcBoundary(utcIso: &quot;2026-09-17T23:59:59Z&quot;, expectedIndiaDate: &quot;2026-09-18&quot;)" computerName="DESKTOP-TCCLH6H" duration="00:00:00.0000125" startTime="2026-09-23T14:56:39.6529979+05:30" endTime="2026-09-23T14:56:39.6529980+05:30" testType="13cdc9d9-ddb5-4fa4-a97d-d965ccfc6d4b" outcome="Passed" testListId="8c84fa94-04c1-424b-9868-57a2d4851a1d" relativeResultsDirectory="a77ef1a7-46d9-4a24-bf67-5a81ac14e0fe" />
    <UnitTestResult executionId="37c10887-1b4c-48dd-94a8-b92b9d407b4f" testId="3a9f3aca-00e7-d59a-6c1b-e2f8b112fd99" testName="Jarvis5.Tests.EaFms.TaskReview.DelegationPhaseIntegrityPostgresTests.SuccessorInsertFailure_RollsBackReviewAndFrozenSnapshot" computerName="DESKTOP-TCCLH6H" duration="00:00:00.0010000" startTime="2026-09-23T14:56:36.8047722+05:30" endTime="2026-09-23T14:56:36.8047723+05:30" testType="13cdc9d9-ddb5-4fa4-a97d-d965ccfc6d4b" outcome="Failed" testListId="8c84fa94-04c1-424b-9868-57a2d4851a1d" relativeResultsDirectory="37c10887-1b4c-48dd-94a8-b92b9d407b4f">
      <Output>
        <ErrorInfo>
          <Message>System.TypeInitializationException : The type initializer for 'Jarvis5.Tests.EaFms.Delegation.ScratchTatDatabase' threw an exception.&#xD;
---- System.InvalidOperationException : Set EA_DELEGATION_TEST_SERVER to a PostgreSQL connection with CREATE DATABASE permission. Tests only write a generated scratch database.</Message>
          <StackTrace>   at Jarvis5.Tests.EaFms.Delegation.ScratchTatDatabase.InitializeAsync() in F:\eaworking\backend work\EA_API_SOURCE\Tests\EaFms\Delegation\DelegationTypeOnlyTatTests.cs:line 45&#xD;
----- Inner Stack Trace -----&#xD;
   at Jarvis5.Tests.EaFms.Delegation.ScratchTatDatabase..cctor() in F:\eaworking\backend work\EA_API_SOURCE\Tests\EaFms\Delegation\DelegationTypeOnlyTatTests.cs:line 33</StackTrace>
        </ErrorInfo>
      </Output>
    </UnitTestResult>
    <UnitTestResult executionId="97b55f78-717b-4e5a-9198-43ff5f2243e6" testId="28ee3328-1f9b-dcd2-da35-de2e555528de" testName="Jarvis5.Tests.EaFms.Delegation.DelegationPauseResumeTests.Complete_WhilePaused_IsBlocked_WithMeetingsRule_AndChangesNothing" computerName="DESKTOP-TCCLH6H" duration="00:00:00.0762998" startTime="2026-09-23T14:56:40.7956761+05:30" endTime="2026-09-23T14:56:40.7956763+05:30" testType="13cdc9d9-ddb5-4fa4-a97d-d965ccfc6d4b" outcome="Passed" testListId="8c84fa94-04c1-424b-9868-57a2d4851a1d" relativeResultsDirectory="97b55f78-717b-4e5a-9198-43ff5f2243e6" />
    <UnitTestResult executionId="5d82204c-cc52-4d4e-a9bc-22e29d6b72ce" testId="85994226-2c95-e358-d38b-33a58cbcecc3" testName="Jarvis5.Tests.EaFms.TaskReview.DelegationPhaseIntegrityPostgresTests.NotStarted_SubmissionIsRejected" computerName="DESKTOP-TCCLH6H" duration="00:00:00.0010000" startTime="2026-09-23T14:56:36.8771432+05:30" endTime="2026-09-23T14:56:36.8771438+05:30" testType="13cdc9d9-ddb5-4fa4-a97d-d965ccfc6d4b" outcome="Failed" testListId="8c84fa94-04c1-424b-9868-57a2d4851a1d" relativeResultsDirectory="5d82204c-cc52-4d4e-a9bc-22e29d6b72ce">
      <Output>
        <ErrorInfo>
          <Message>System.TypeInitializationException : The type initializer for 'Jarvis5.Tests.EaFms.Delegation.ScratchTatDatabase' threw an exception.&#xD;
---- System.InvalidOperationException : Set EA_DELEGATION_TEST_SERVER to a PostgreSQL connection with CREATE DATABASE permission. Tests only write a generated scratch database.</Message>
          <StackTrace>   at Jarvis5.Tests.EaFms.Delegation.ScratchTatDatabase.InitializeAsync() in F:\eaworking\backend work\EA_API_SOURCE\Tests\EaFms\Delegation\DelegationTypeOnlyTatTests.cs:line 45&#xD;
----- Inner Stack Trace -----&#xD;
   at Jarvis5.Tests.EaFms.Delegation.ScratchTatDatabase..cctor() in F:\eaworking\backend work\EA_API_SOURCE\Tests\EaFms\Delegation\DelegationTypeOnlyTatTests.cs:line 33</StackTrace>
        </ErrorInfo>
      </Output>
    </UnitTestResult>
    <UnitTestResult executionId="7a451ce8-f50c-4c14-a68f-426075e35a46" testId="04f3d8fa-5e2a-15e1-f5ff-13b9685d5df7" testName="Jarvis5.Tests.EaFms.Meetings.MeetingCompleteOptionalFieldsTests.Validator_NoLongerRequiresEither_ButStillLimitsAMom" computerName="DESKTOP-TCCLH6H" duration="00:00:00.0010000" startTime="2026-09-23T14:56:36.7935468+05:30" endTime="2026-09-23T14:56:36.7935472+05:30" testType="13cdc9d9-ddb5-4fa4-a97d-d965ccfc6d4b" outcome="Failed" testListId="8c84fa94-04c1-424b-9868-57a2d4851a1d" relativeResultsDirectory="7a451ce8-f50c-4c14-a68f-426075e35a46">
      <Output>
        <ErrorInfo>
          <Message>System.TypeInitializationException : The type initializer for 'Jarvis5.Tests.EaFms.Delegation.ScratchTatDatabase' threw an exception.&#xD;
---- System.InvalidOperationException : Set EA_DELEGATION_TEST_SERVER to a PostgreSQL connection with CREATE DATABASE permission. Tests only write a generated scratch database.</Message>
          <StackTrace>   at Jarvis5.Tests.EaFms.Delegation.ScratchTatDatabase.InitializeAsync() in F:\eaworking\backend work\EA_API_SOURCE\Tests\EaFms\Delegation\DelegationTypeOnlyTatTests.cs:line 45&#xD;
----- Inner Stack Trace -----&#xD;
   at Jarvis5.Tests.EaFms.Delegation.ScratchTatDatabase..cctor() in F:\eaworking\backend work\EA_API_SOURCE\Tests\EaFms\Delegation\DelegationTypeOnlyTatTests.cs:line 33</StackTrace>
        </ErrorInfo>
      </Output>
    </UnitTestResult>
    <UnitTestResult executionId="c2d6a954-e086-492d-88d5-f4dda277694b" testId="70b15149-c0b4-15b3-21ac-abdd4f470176" testName="Jarvis5.Tests.EaFms.Meetings.MeetingToDelegationTests.ManualDelegation_StillHasNullSource_UnaffectedByMeetingIntegration" computerName="DESKTOP-TCCLH6H" duration="00:00:00.0731988" startTime="2026-09-23T14:56:41.5988974+05:30" endTime="2026-09-23T14:56:41.5988976+05:30" testType="13cdc9d9-ddb5-4fa4-a97d-d965ccfc6d4b" outcome="Failed" testListId="8c84fa94-04c1-424b-9868-57a2d4851a1d" relativeResultsDirectory="c2d6a954-e086-492d-88d5-f4dda277694b">
      <Output>
        <ErrorInfo>
          <Message>Npgsql.PostgresException : 28P01: password authentication failed for user "postgres"</Message>
          <StackTrace>   at Npgsql.Internal.NpgsqlConnector.ReadMessageLong(Boolean async, DataRowLoadingMode dataRowLoadingMode, Boolean readingNotifications, Boolean isReadingPrependedMessage)&#xD;
   at System.Runtime.CompilerServices.PoolingAsyncValueTaskMethodBuilder`1.StateMachineBox`1.System.Threading.Tasks.Sources.IValueTaskSource&lt;TResult&gt;.GetResult(Int16 token)&#xD;
   at Npgsql.Internal.NpgsqlConnector.AuthenticateSASL(List`1 mechanisms, String username, Boolean async, CancellationToken cancellationToken)&#xD;
   at Npgsql.Internal.NpgsqlConnector.Authenticate(String username, NpgsqlTimeout timeout, Boolean async, CancellationToken cancellationToken)&#xD;
   at Npgsql.Internal.NpgsqlConnector.&lt;Open&gt;g__OpenCore|213_1(NpgsqlConnector conn, SslMode sslMode, NpgsqlTimeout timeout, Boolean async, CancellationToken cancellationToken, Boolean isFirstAttempt)&#xD;
   at Npgsql.Internal.NpgsqlConnector.Open(NpgsqlTimeout timeout, Boolean async, CancellationToken cancellationToken)&#xD;
   at Npgsql.PoolingDataSource.OpenNewConnector(NpgsqlConnection conn, NpgsqlTimeout timeout, Boolean async, CancellationToken cancellationToken)&#xD;
   at Npgsql.PoolingDataSource.&lt;Get&gt;g__RentAsync|33_0(NpgsqlConnection conn, NpgsqlTimeout timeout, Boolean async, CancellationToken cancellationToken)&#xD;
   at Npgsql.NpgsqlConnection.&lt;Open&gt;g__OpenAsync|42_0(Boolean async, CancellationToken cancellationToken)&#xD;
   at Microsoft.EntityFrameworkCore.Storage.RelationalConnection.OpenInternalAsync(Boolean errorsExpected, CancellationToken cancellationToken)&#xD;
   at Microsoft.EntityFrameworkCore.Storage.RelationalConnection.OpenInternalAsync(Boolean errorsExpected, CancellationToken cancellationToken)&#xD;
   at Microsoft.EntityFrameworkCore.Storage.RelationalConnection.OpenAsync(CancellationToken cancellationToken, Boolean errorsExpected)&#xD;
   at Microsoft.EntityFrameworkCore.Storage.RelationalConnection.BeginTransactionAsync(IsolationLevel isolationLevel, CancellationToken cancellationToken)&#xD;
   at Microsoft.EntityFrameworkCore.Storage.RelationalConnection.BeginTransactionAsync(CancellationToken cancellationToken)&#xD;
   at Jarvis5.Services.EaFms.DelegationService.CreateAsync(DelegationCreateRequestDto dto, CancellationToken ct) in F:\eaworking\backend work\EA_API_SOURCE\Services\EaFms\DelegationService.cs:line 82&#xD;
   at Jarvis5.Tests.EaFms.Meetings.MeetingToDelegationTests.ManualDelegation_StillHasNullSource_UnaffectedByMeetingIntegration() in F:\eaworking\backend work\EA_API_SOURCE\Tests\EaFms\Meetings\MeetingToDelegationTests.cs:line 626&#xD;
   at Jarvis5.Tests.EaFms.Meetings.MeetingToDelegationTests.ManualDelegation_StillHasNullSource_UnaffectedByMeetingIntegration() in F:\eaworking\backend work\EA_API_SOURCE\Tests\EaFms\Meetings\MeetingToDelegationTests.cs:line 635&#xD;
--- End of stack trace from previous location ---</StackTrace>
        </ErrorInfo>
      </Output>
    </UnitTestResult>
    <UnitTestResult executionId="7390a95c-4966-4595-9b5d-34d03c450ebb" testId="1420f0eb-6895-01b0-4803-c2d8b8205cf5" testName="Jarvis5.Tests.EaFms.Meetings.MeetingToDelegationTests.CompleteAsync_BlankCompletionMom_IsAllowed_AndStoredAsNull" computerName="DESKTOP-TCCLH6H" duration="00:00:00.1796728" startTime="2026-09-23T14:56:41.3651906+05:30" endTime="2026-09-23T14:56:41.3651907+05:30" testType="13cdc9d9-ddb5-4fa4-a97d-d965ccfc6d4b" outcome="Failed" testListId="8c84fa94-04c1-424b-9868-57a2d4851a1d" relativeResultsDirectory="7390a95c-4966-4595-9b5d-34d03c450ebb">
      <Output>
        <ErrorInfo>
          <Message>Npgsql.PostgresException : 28P01: password authentication failed for user "postgres"</Message>
          <StackTrace>   at Npgsql.Internal.NpgsqlConnector.ReadMessageLong(Boolean async, DataRowLoadingMode dataRowLoadingMode, Boolean readingNotifications, Boolean isReadingPrependedMessage)&#xD;
   at System.Runtime.CompilerServices.PoolingAsyncValueTaskMethodBuilder`1.StateMachineBox`1.System.Threading.Tasks.Sources.IValueTaskSource&lt;TResult&gt;.GetResult(Int16 token)&#xD;
   at Npgsql.Internal.NpgsqlConnector.AuthenticateSASL(List`1 mechanisms, String username, Boolean async, CancellationToken cancellationToken)&#xD;
   at Npgsql.Internal.NpgsqlConnector.Authenticate(String username, NpgsqlTimeout timeout, Boolean async, CancellationToken cancellationToken)&#xD;
   at Npgsql.Internal.NpgsqlConnector.&lt;Open&gt;g__OpenCore|213_1(NpgsqlConnector conn, SslMode sslMode, NpgsqlTimeout timeout, Boolean async, CancellationToken cancellationToken, Boolean isFirstAttempt)&#xD;
   at Npgsql.Internal.NpgsqlConnector.Open(NpgsqlTimeout timeout, Boolean async, CancellationToken cancellationToken)&#xD;
   at Npgsql.PoolingDataSource.OpenNewConnector(NpgsqlConnection conn, NpgsqlTimeout timeout, Boolean async, CancellationToken cancellationToken)&#xD;
   at Npgsql.PoolingDataSource.&lt;Get&gt;g__RentAsync|33_0(NpgsqlConnection conn, NpgsqlTimeout timeout, Boolean async, CancellationToken cancellationToken)&#xD;
   at Npgsql.NpgsqlConnection.&lt;Open&gt;g__OpenAsync|42_0(Boolean async, CancellationToken cancellationToken)&#xD;
   at Microsoft.EntityFrameworkCore.Storage.RelationalConnection.OpenInternalAsync(Boolean errorsExpected, CancellationToken cancellationToken)&#xD;
   at Microsoft.EntityFrameworkCore.Storage.RelationalConnection.OpenInternalAsync(Boolean errorsExpected, CancellationToken cancellationToken)&#xD;
   at Microsoft.EntityFrameworkCore.Storage.RelationalConnection.OpenAsync(CancellationToken cancellationToken, Boolean errorsExpected)&#xD;
   at Microsoft.EntityFrameworkCore.Storage.RelationalCommand.ExecuteReaderAsync(RelationalCommandParameterObject parameterObject, CancellationToken cancellationToken)&#xD;
   at Microsoft.EntityFrameworkCore.Query.Internal.SingleQueryingEnumerable`1.AsyncEnumerator.InitializeReaderAsync(AsyncEnumerator enumerator, CancellationToken cancellationToken)&#xD;
   at Npgsql.EntityFrameworkCore.PostgreSQL.Storage.Internal.NpgsqlExecutionStrategy.ExecuteAsync[TState,TResult](TState state, Func`4 operation, Func`4 verifySucceeded, CancellationToken cancellationToken)&#xD;
   at Microsoft.EntityFrameworkCore.Query.Internal.SingleQueryingEnumerable`1.AsyncEnumerator.MoveNextAsync()&#xD;
   at Microsoft.EntityFrameworkCore.Query.ShapedQueryCompilingExpressionVisitor.SingleAsync[TSource](IAsyncEnumerable`1 asyncEnumerable, CancellationToken cancellationToken)&#xD;
   at Microsoft.EntityFrameworkCore.Query.ShapedQueryCompilingExpressionVisitor.SingleAsync[TSource](IAsyncEnumerable`1 asyncEnumerable, CancellationToken cancellationToken)&#xD;
   at Jarvis5.Tests.EaFms.Meetings.MeetingToDelegationTests.ResolveModuleIdAsync(EaFmsDbContext db, String name) in F:\eaworking\backend work\EA_API_SOURCE\Tests\EaFms\Meetings\MeetingToDelegationTests.cs:line 42&#xD;
   at Jarvis5.Tests.EaFms.Meetings.MeetingToDelegationTests.SeedInProgressMeetingAsync(EaFmsDbContext db, String marker, String actor) in F:\eaworking\backend work\EA_API_SOURCE\Tests\EaFms\Meetings\MeetingToDelegationTests.cs:line 97&#xD;
   at Jarvis5.Tests.EaFms.Meetings.MeetingToDelegationTests.CompleteAsync_BlankCompletionMom_IsAllowed_AndStoredAsNull() in F:\eaworking\backend work\EA_API_SOURCE\Tests\EaFms\Meetings\MeetingToDelegationTests.cs:line 691&#xD;
   at Jarvis5.Tests.EaFms.Meetings.MeetingToDelegationTests.CompleteAsync_BlankCompletionMom_IsAllowed_AndStoredAsNull() in F:\eaworking\backend work\EA_API_SOURCE\Tests\EaFms\Meetings\MeetingToDelegationTests.cs:line 702&#xD;
--- End of stack trace from previous location ---</StackTrace>
        </ErrorInfo>
      </Output>
    </UnitTestResult>
    <UnitTestResult executionId="20132bfb-f401-45d9-b4bb-f6664aa1ded9" testId="4f45c306-6b38-ec65-033d-236c23a8d529" testName="Jarvis5.Tests.EaFms.Meetings.MeetingToDelegationTests.CompleteAsync_ExistingSourceLinkedDelegation_DuplicateNotCreated" computerName="DESKTOP-TCCLH6H" duration="00:00:00.0602619" startTime="2026-09-23T14:56:41.7176603+05:30" endTime="2026-09-23T14:56:41.7176605+05:30" testType="13cdc9d9-ddb5-4fa4-a97d-d965ccfc6d4b" outcome="Failed" testListId="8c84fa94-04c1-424b-9868-57a2d4851a1d" relativeResultsDirectory="20132bfb-f401-45d9-b4bb-f6664aa1ded9">
      <Output>
        <ErrorInfo>
          <Message>Npgsql.PostgresException : 28P01: password authentication failed for user "postgres"</Message>
          <StackTrace>   at Npgsql.Internal.NpgsqlConnector.ReadMessageLong(Boolean async, DataRowLoadingMode dataRowLoadingMode, Boolean readingNotifications, Boolean isReadingPrependedMessage)&#xD;
   at System.Runtime.CompilerServices.PoolingAsyncValueTaskMethodBuilder`1.StateMachineBox`1.System.Threading.Tasks.Sources.IValueTaskSource&lt;TResult&gt;.GetResult(Int16 token)&#xD;
   at Npgsql.Internal.NpgsqlConnector.AuthenticateSASL(List`1 mechanisms, String username, Boolean async, CancellationToken cancellationToken)&#xD;
   at Npgsql.Internal.NpgsqlConnector.Authenticate(String username, NpgsqlTimeout timeout, Boolean async, CancellationToken cancellationToken)&#xD;
   at Npgsql.Internal.NpgsqlConnector.&lt;Open&gt;g__OpenCore|213_1(NpgsqlConnector conn, SslMode sslMode, NpgsqlTimeout timeout, Boolean async, CancellationToken cancellationToken, Boolean isFirstAttempt)&#xD;
   at Npgsql.Internal.NpgsqlConnector.Open(NpgsqlTimeout timeout, Boolean async, CancellationToken cancellationToken)&#xD;
   at Npgsql.PoolingDataSource.OpenNewConnector(NpgsqlConnection conn, NpgsqlTimeout timeout, Boolean async, CancellationToken cancellationToken)&#xD;
   at Npgsql.PoolingDataSource.&lt;Get&gt;g__RentAsync|33_0(NpgsqlConnection conn, NpgsqlTimeout timeout, Boolean async, CancellationToken cancellationToken)&#xD;
   at Npgsql.NpgsqlConnection.&lt;Open&gt;g__OpenAsync|42_0(Boolean async, CancellationToken cancellationToken)&#xD;
   at Microsoft.EntityFrameworkCore.Storage.RelationalConnection.OpenInternalAsync(Boolean errorsExpected, CancellationToken cancellationToken)&#xD;
   at Microsoft.EntityFrameworkCore.Storage.RelationalConnection.OpenInternalAsync(Boolean errorsExpected, CancellationToken cancellationToken)&#xD;
   at Microsoft.EntityFrameworkCore.Storage.RelationalConnection.OpenAsync(CancellationToken cancellationToken, Boolean errorsExpected)&#xD;
   at Microsoft.EntityFrameworkCore.Storage.RelationalCommand.ExecuteReaderAsync(RelationalCommandParameterObject parameterObject, CancellationToken cancellationToken)&#xD;
   at Microsoft.EntityFrameworkCore.Query.Internal.SingleQueryingEnumerable`1.AsyncEnumerator.InitializeReaderAsync(AsyncEnumerator enumerator, CancellationToken cancellationToken)&#xD;
   at Npgsql.EntityFrameworkCore.PostgreSQL.Storage.Internal.NpgsqlExecutionStrategy.ExecuteAsync[TState,TResult](TState state, Func`4 operation, Func`4 verifySucceeded, CancellationToken cancellationToken)&#xD;
   at Microsoft.EntityFrameworkCore.Query.Internal.SingleQueryingEnumerable`1.AsyncEnumerator.MoveNextAsync()&#xD;
   at Microsoft.EntityFrameworkCore.Query.ShapedQueryCompilingExpressionVisitor.SingleAsync[TSource](IAsyncEnumerable`1 asyncEnumerable, CancellationToken cancellationToken)&#xD;
   at Microsoft.EntityFrameworkCore.Query.ShapedQueryCompilingExpressionVisitor.SingleAsync[TSource](IAsyncEnumerable`1 asyncEnumerable, CancellationToken cancellationToken)&#xD;
   at Jarvis5.Tests.EaFms.Meetings.MeetingToDelegationTests.ResolveModuleIdAsync(EaFmsDbContext db, String name) in F:\eaworking\backend work\EA_API_SOURCE\Tests\EaFms\Meetings\MeetingToDelegationTests.cs:line 42&#xD;
   at Jarvis5.Tests.EaFms.Meetings.MeetingToDelegationTests.SeedInProgressMeetingAsync(EaFmsDbContext db, String marker, String actor) in F:\eaworking\backend work\EA_API_SOURCE\Tests\EaFms\Meetings\MeetingToDelegationTests.cs:line 97&#xD;
   at Jarvis5.Tests.EaFms.Meetings.MeetingToDelegationTests.CompleteAsync_ExistingSourceLinkedDelegation_DuplicateNotCreated() in F:\eaworking\backend work\EA_API_SOURCE\Tests\EaFms\Meetings\MeetingToDelegationTests.cs:line 410&#xD;
   at Jarvis5.Tests.EaFms.Meetings.MeetingToDelegationTests.CompleteAsync_ExistingSourceLinkedDelegation_DuplicateNotCreated() in F:\eaworking\backend work\EA_API_SOURCE\Tests\EaFms\Meetings\MeetingToDelegationTests.cs:line 436&#xD;
--- End of stack trace from previous location ---</StackTrace>
        </ErrorInfo>
      </Output>
    </UnitTestResult>
    <UnitTestResult executionId="647bc5f4-77fa-43db-a888-e24400438730" testId="068348a7-c51b-bedd-567a-5adf5009a044" testName="Jarvis5.Tests.EaFms.TaskReview.DelegationPhaseIntegrityPostgresTests.ConcurrentDuplicateTransitions_OnlyOneSucceeds(action: &quot;complete&quot;, review: False)" computerName="DESKTOP-TCCLH6H" duration="00:00:00.0010000" startTime="2026-09-23T14:56:36.8647768+05:30" endTime="2026-09-23T14:56:36.8647770+05:30" testType="13cdc9d9-ddb5-4fa4-a97d-d965ccfc6d4b" outcome="Failed" testListId="8c84fa94-04c1-424b-9868-57a2d4851a1d" relativeResultsDirectory="647bc5f4-77fa-43db-a888-e24400438730">
      <Output>
        <ErrorInfo>
          <Message>System.TypeInitializationException : The type initializer for 'Jarvis5.Tests.EaFms.Delegation.ScratchTatDatabase' threw an exception.&#xD;
---- System.InvalidOperationException : Set EA_DELEGATION_TEST_SERVER to a PostgreSQL connection with CREATE DATABASE permission. Tests only write a generated scratch database.</Message>
          <StackTrace>   at Jarvis5.Tests.EaFms.Delegation.ScratchTatDatabase.InitializeAsync() in F:\eaworking\backend work\EA_API_SOURCE\Tests\EaFms\Delegation\DelegationTypeOnlyTatTests.cs:line 45&#xD;
----- Inner Stack Trace -----&#xD;
   at Jarvis5.Tests.EaFms.Delegation.ScratchTatDatabase..cctor() in F:\eaworking\backend work\EA_API_SOURCE\Tests\EaFms\Delegation\DelegationTypeOnlyTatTests.cs:line 33</StackTrace>
        </ErrorInfo>
      </Output>
    </UnitTestResult>
    <UnitTestResult executionId="a4161bf2-f2e8-4e33-ba7f-6bbdbd88432d" testId="4c8f89fd-9301-d37c-4696-0c59e285db05" testName="Jarvis5.Tests.EaFms.Meetings.MeetingActionDoerIdTests.Get_ExposesDoerId_AlongsideDoerName_ForBothStyles" computerName="DESKTOP-TCCLH6H" duration="00:00:00.0727873" startTime="2026-09-23T14:56:39.4712860+05:30" endTime="2026-09-23T14:56:39.4712862+05:30" testType="13cdc9d9-ddb5-4fa4-a97d-d965ccfc6d4b" outcome="Passed" testListId="8c84fa94-04c1-424b-9868-57a2d4851a1d" relativeResultsDirectory="a4161bf2-f2e8-4e33-ba7f-6bbdbd88432d" />
    <UnitTestResult executionId="c308e885-d5b9-4347-87ae-fb291b580ea7" testId="0312bda5-354c-048e-573e-437b7037d14c" testName="Jarvis5.Tests.EaFms.Meetings.MeetingListTatTests.QueryAsync_NoPauseRecords_PausedMinutesIsZeroNotNull_WhenTatExists" computerName="DESKTOP-TCCLH6H" duration="00:00:00.0052320" startTime="2026-09-23T14:56:40.2270160+05:30" endTime="2026-09-23T14:56:40.2270161+05:30" testType="13cdc9d9-ddb5-4fa4-a97d-d965ccfc6d4b" outcome="Passed" testListId="8c84fa94-04c1-424b-9868-57a2d4851a1d" relativeResultsDirectory="c308e885-d5b9-4347-87ae-fb291b580ea7" />
    <UnitTestResult executionId="f09970eb-43a1-4adb-b9f9-92b6e5efcfa7" testId="36459892-3536-c719-9fbf-beccd356edd9" testName="Jarvis5.Tests.EaFms.Meetings.MeetingDoersTests.ToArrays_BlankOrNullDoerData_IsAcceptedAndStoredAsEmptyString(doerId: &quot;EMP001&quot;, doerName: &quot;&quot;, expectedId: &quot;EMP001&quot;, expectedName: &quot;&quot;)" computerName="DESKTOP-TCCLH6H" duration="00:00:00.0000089" startTime="2026-09-23T14:56:36.8980935+05:30" endTime="2026-09-23T14:56:36.8980936+05:30" testType="13cdc9d9-ddb5-4fa4-a97d-d965ccfc6d4b" outcome="Passed" testListId="8c84fa94-04c1-424b-9868-57a2d4851a1d" relativeResultsDirectory="f09970eb-43a1-4adb-b9f9-92b6e5efcfa7" />
    <UnitTestResult executionId="6f0714b3-9df2-40f5-8bb6-abfb049e3998" testId="32ad9f5b-c94b-6201-4df6-828ffd40bc63" testName="Jarvis5.Tests.EaFms.Delegation.DelegationPauseResumeTests.Pause_OpensExactlyOneSharedWorkPause_StatusesUnchanged_IsPausedTrue" computerName="DESKTOP-TCCLH6H" duration="00:00:00.0234117" startTime="2026-09-23T14:56:41.3501379+05:30" endTime="2026-09-23T14:56:41.3501380+05:30" testType="13cdc9d9-ddb5-4fa4-a97d-d965ccfc6d4b" outcome="Passed" testListId="8c84fa94-04c1-424b-9868-57a2d4851a1d" relativeResultsDirectory="6f0714b3-9df2-40f5-8bb6-abfb049e3998" />
    <UnitTestResult executionId="f768b48c-664a-4ae3-94ed-07ab30667607" testId="b07b9984-7c08-36e1-0fe5-1f54297345c0" testName="Jarvis5.Tests.EaFms.Delegation.DelegationPauseResumeTests.Pause_StoresTheProvidedReason" computerName="DESKTOP-TCCLH6H" duration="00:00:00.0231016" startTime="2026-09-23T14:56:40.9557935+05:30" endTime="2026-09-23T14:56:40.9557939+05:30" testType="13cdc9d9-ddb5-4fa4-a97d-d965ccfc6d4b" outcome="Passed" testListId="8c84fa94-04c1-424b-9868-57a2d4851a1d" relativeResultsDirectory="f768b48c-664a-4ae3-94ed-07ab30667607" />
    <UnitTestResult executionId="48e5d43b-aa4b-4637-b0ba-7ab67cb3f893" testId="0763928b-210d-82c5-a6bd-b57a62d5a81e" testName="Jarvis5.Tests.EaFms.Meetings.MeetingToDelegationTests.CompleteAsync_ZeroMeetingActions_CompletesMeeting_CreatesZeroDelegations" computerName="DESKTOP-TCCLH6H" duration="00:00:00.0610925" startTime="2026-09-23T14:56:42.0815064+05:30" endTime="2026-09-23T14:56:42.0815066+05:30" testType="13cdc9d9-ddb5-4fa4-a97d-d965ccfc6d4b" outcome="Failed" testListId="8c84fa94-04c1-424b-9868-57a2d4851a1d" relativeResultsDirectory="48e5d43b-aa4b-4637-b0ba-7ab67cb3f893">
      <Output>
        <ErrorInfo>
          <Message>Npgsql.PostgresException : 28P01: password authentication failed for user "postgres"</Message>
          <StackTrace>   at Npgsql.Internal.NpgsqlConnector.ReadMessageLong(Boolean async, DataRowLoadingMode dataRowLoadingMode, Boolean readingNotifications, Boolean isReadingPrependedMessage)&#xD;
   at System.Runtime.CompilerServices.PoolingAsyncValueTaskMethodBuilder`1.StateMachineBox`1.System.Threading.Tasks.Sources.IValueTaskSource&lt;TResult&gt;.GetResult(Int16 token)&#xD;
   at Npgsql.Internal.NpgsqlConnector.AuthenticateSASL(List`1 mechanisms, String username, Boolean async, CancellationToken cancellationToken)&#xD;
   at Npgsql.Internal.NpgsqlConnector.Authenticate(String username, NpgsqlTimeout timeout, Boolean async, CancellationToken cancellationToken)&#xD;
   at Npgsql.Internal.NpgsqlConnector.&lt;Open&gt;g__OpenCore|213_1(NpgsqlConnector conn, SslMode sslMode, NpgsqlTimeout timeout, Boolean async, CancellationToken cancellationToken, Boolean isFirstAttempt)&#xD;
   at Npgsql.Internal.NpgsqlConnector.Open(NpgsqlTimeout timeout, Boolean async, CancellationToken cancellationToken)&#xD;
   at Npgsql.PoolingDataSource.OpenNewConnector(NpgsqlConnection conn, NpgsqlTimeout timeout, Boolean async, CancellationToken cancellationToken)&#xD;
   at Npgsql.PoolingDataSource.&lt;Get&gt;g__RentAsync|33_0(NpgsqlConnection conn, NpgsqlTimeout timeout, Boolean async, CancellationToken cancellationToken)&#xD;
   at Npgsql.NpgsqlConnection.&lt;Open&gt;g__OpenAsync|42_0(Boolean async, CancellationToken cancellationToken)&#xD;
   at Microsoft.EntityFrameworkCore.Storage.RelationalConnection.OpenInternalAsync(Boolean errorsExpected, CancellationToken cancellationToken)&#xD;
   at Microsoft.EntityFrameworkCore.Storage.RelationalConnection.OpenInternalAsync(Boolean errorsExpected, CancellationToken cancellationToken)&#xD;
   at Microsoft.EntityFrameworkCore.Storage.RelationalConnection.OpenAsync(CancellationToken cancellationToken, Boolean errorsExpected)&#xD;
   at Microsoft.EntityFrameworkCore.Storage.RelationalCommand.ExecuteReaderAsync(RelationalCommandParameterObject parameterObject, CancellationToken cancellationToken)&#xD;
   at Microsoft.EntityFrameworkCore.Query.Internal.SingleQueryingEnumerable`1.AsyncEnumerator.InitializeReaderAsync(AsyncEnumerator enumerator, CancellationToken cancellationToken)&#xD;
   at Npgsql.EntityFrameworkCore.PostgreSQL.Storage.Internal.NpgsqlExecutionStrategy.ExecuteAsync[TState,TResult](TState state, Func`4 operation, Func`4 verifySucceeded, CancellationToken cancellationToken)&#xD;
   at Microsoft.EntityFrameworkCore.Query.Internal.SingleQueryingEnumerable`1.AsyncEnumerator.MoveNextAsync()&#xD;
   at Microsoft.EntityFrameworkCore.Query.ShapedQueryCompilingExpressionVisitor.SingleAsync[TSource](IAsyncEnumerable`1 asyncEnumerable, CancellationToken cancellationToken)&#xD;
   at Microsoft.EntityFrameworkCore.Query.ShapedQueryCompilingExpressionVisitor.SingleAsync[TSource](IAsyncEnumerable`1 asyncEnumerable, CancellationToken cancellationToken)&#xD;
   at Jarvis5.Tests.EaFms.Meetings.MeetingToDelegationTests.ResolveModuleIdAsync(EaFmsDbContext db, String name) in F:\eaworking\backend work\EA_API_SOURCE\Tests\EaFms\Meetings\MeetingToDelegationTests.cs:line 42&#xD;
   at Jarvis5.Tests.EaFms.Meetings.MeetingToDelegationTests.SeedInProgressMeetingAsync(EaFmsDbContext db, String marker, String actor) in F:\eaworking\backend work\EA_API_SOURCE\Tests\EaFms\Meetings\MeetingToDelegationTests.cs:line 97&#xD;
   at Jarvis5.Tests.EaFms.Meetings.MeetingToDelegationTests.CompleteAsync_ZeroMeetingActions_CompletesMeeting_CreatesZeroDelegations() in F:\eaworking\backend work\EA_API_SOURCE\Tests\EaFms\Meetings\MeetingToDelegationTests.cs:line 180&#xD;
   at Jarvis5.Tests.EaFms.Meetings.MeetingToDelegationTests.CompleteAsync_ZeroMeetingActions_CompletesMeeting_CreatesZeroDelegations() in F:\eaworking\backend work\EA_API_SOURCE\Tests\EaFms\Meetings\MeetingToDelegationTests.cs:line 192&#xD;
--- End of stack trace from previous location ---</StackTrace>
        </ErrorInfo>
      </Output>
    </UnitTestResult>
    <UnitTestResult executionId="2e5036e7-21e9-4ecb-be76-2ff8e4dbabce" testId="21affad4-78a2-a7d9-c368-4fc246ea1b37" testName="Jarvis5.Tests.EaFms.Meetings.MeetingListTatTests.GetPausedDuration_DependencyWaitingPause_IsExcluded" computerName="DESKTOP-TCCLH6H" duration="00:00:00.0005641" startTime="2026-09-23T14:56:40.2270886+05:30" endTime="2026-09-23T14:56:40.2270887+05:30" testType="13cdc9d9-ddb5-4fa4-a97d-d965ccfc6d4b" outcome="Passed" testListId="8c84fa94-04c1-424b-9868-57a2d4851a1d" relativeResultsDirectory="2e5036e7-21e9-4ecb-be76-2ff8e4dbabce" />
    <UnitTestResult executionId="3e6a4d40-cb1b-40b1-86b4-b95fb8a9fcd1" testId="816ee892-e7a2-582a-7718-c77a66863f8a" testName="Jarvis5.Tests.EaFms.TaskReview.ApprovalTaskReviewTests.Phase10F_BusinessApprove_PreservesExistingApprovalBehavior" computerName="DESKTOP-TCCLH6H" duration="00:00:00.4162157" startTime="2026-09-23T14:56:39.9533129+05:30" endTime="2026-09-23T14:56:39.9533132+05:30" testType="13cdc9d9-ddb5-4fa4-a97d-d965ccfc6d4b" outcome="Passed" testListId="8c84fa94-04c1-424b-9868-57a2d4851a1d" relativeResultsDirectory="3e6a4d40-cb1b-40b1-86b4-b95fb8a9fcd1" />
    <UnitTestResult executionId="c5eb68c4-6f84-4128-85dc-063179fae4f0" testId="44dcf09a-1a7a-71fb-f4d4-8e9357e78ee7" testName="Jarvis5.Tests.EaFms.Delegation.DelegationCompletionPdfTests.PublicSurface_HasNoEvidenceOrCompletionPdfRoutes_AndTheUploadLivesInComplete" computerName="DESKTOP-TCCLH6H" duration="00:00:00.0122653" startTime="2026-09-23T14:56:40.8635392+05:30" endTime="2026-09-23T14:56:40.8635394+05:30" testType="13cdc9d9-ddb5-4fa4-a97d-d965ccfc6d4b" outcome="Passed" testListId="8c84fa94-04c1-424b-9868-57a2d4851a1d" relativeResultsDirectory="c5eb68c4-6f84-4128-85dc-063179fae4f0" />
    <UnitTestResult executionId="10acc42c-47b6-4e2f-a5d9-162d747781bd" testId="13009399-a599-94ed-4117-fbe24fb44152" testName="Jarvis5.Tests.EaFms.TaskReview.DelegationPhaseTatTests.FullCycle_EachPhaseGetsItsOwnAllottedUsedAndDifference" computerName="DESKTOP-TCCLH6H" duration="00:00:00.0831482" startTime="2026-09-23T14:56:39.8869242+05:30" endTime="2026-09-23T14:56:39.8869248+05:30" testType="13cdc9d9-ddb5-4fa4-a97d-d965ccfc6d4b" outcome="Passed" testListId="8c84fa94-04c1-424b-9868-57a2d4851a1d" relativeResultsDirectory="10acc42c-47b6-4e2f-a5d9-162d747781bd" />
    <UnitTestResult executionId="88c9f416-95bf-440e-86f6-8518c9a1023d" testId="3dcd9891-fb45-8f20-d97b-bb37f794eb61" testName="Jarvis5.Tests.EaFms.Delegation.DelegationServiceTests.View_PendingInProgressCompleted_MatchPersistedStatusExactly(view: &quot;completed&quot;, expectedCount: 1)" computerName="DESKTOP-TCCLH6H" duration="00:00:00.1379183" startTime="2026-09-23T14:56:40.2709125+05:30" endTime="2026-09-23T14:56:40.2709126+05:30" testType="13cdc9d9-ddb5-4fa4-a97d-d965ccfc6d4b" outcome="Passed" testListId="8c84fa94-04c1-424b-9868-57a2d4851a1d" relativeResultsDirectory="88c9f416-95bf-440e-86f6-8518c9a1023d" />
    <UnitTestResult executionId="522dd385-4e39-419a-bb73-dcc2e2622b04" testId="12b52580-62a7-5538-8ad5-fc9fd632acd8" testName="Jarvis5.Tests.EaFms.Delegation.DelegationTatContractTests.List_PopulatesTatSummaryAndTatPausedMinutes_InOneBatch_NoTatRowsUseUnavailableShape" computerName="DESKTOP-TCCLH6H" duration="00:00:00.0010000" startTime="2026-09-23T14:56:36.8016283+05:30" endTime="2026-09-23T14:56:36.8016285+05:30" testType="13cdc9d9-ddb5-4fa4-a97d-d965ccfc6d4b" outcome="Failed" testListId="8c84fa94-04c1-424b-9868-57a2d4851a1d" relativeResultsDirectory="522dd385-4e39-419a-bb73-dcc2e2622b04">
      <Output>
        <ErrorInfo>
          <Message>System.TypeInitializationException : The type initializer for 'Jarvis5.Tests.EaFms.Delegation.ScratchTatDatabase' threw an exception.&#xD;
---- System.InvalidOperationException : Set EA_DELEGATION_TEST_SERVER to a PostgreSQL connection with CREATE DATABASE permission. Tests only write a generated scratch database.</Message>
          <StackTrace>   at Jarvis5.Tests.EaFms.Delegation.ScratchTatDatabase.InitializeAsync() in F:\eaworking\backend work\EA_API_SOURCE\Tests\EaFms\Delegation\DelegationTypeOnlyTatTests.cs:line 45&#xD;
----- Inner Stack Trace -----&#xD;
   at Jarvis5.Tests.EaFms.Delegation.ScratchTatDatabase..cctor() in F:\eaworking\backend work\EA_API_SOURCE\Tests\EaFms\Delegation\DelegationTypeOnlyTatTests.cs:line 33</StackTrace>
        </ErrorInfo>
      </Output>
    </UnitTestResult>
    <UnitTestResult executionId="dd3aa172-e523-409d-b47c-e0d862f6304e" testId="2fa805ef-8498-acfa-a434-5eb604d77294" testName="Jarvis5.Tests.EaFms.Delegation.DelegationPauseResumeTests.ListAndDetail_ExposeIsPaused_WithBatchedLookup" computerName="DESKTOP-TCCLH6H" duration="00:00:00.1073111" startTime="2026-09-23T14:56:40.1325893+05:30" endTime="2026-09-23T14:56:40.1325895+05:30" testType="13cdc9d9-ddb5-4fa4-a97d-d965ccfc6d4b" outcome="Passed" testListId="8c84fa94-04c1-424b-9868-57a2d4851a1d" relativeResultsDirectory="dd3aa172-e523-409d-b47c-e0d862f6304e" />
    <UnitTestResult executionId="b03a9fb6-2873-45f3-a8c5-e489d85c62cb" testId="26685b1a-d2b0-3ba8-c05a-86fefea70378" testName="Jarvis5.Tests.EaFms.Meetings.MeetingDoersTests.ToArrays_BlankOrNullDoerData_IsAcceptedAndStoredAsEmptyString(doerId: &quot;&quot;, doerName: &quot;Person One&quot;, expectedId: &quot;&quot;, expectedName: &quot;Person One&quot;)" computerName="DESKTOP-TCCLH6H" duration="00:00:00.0003807" startTime="2026-09-23T14:56:36.8975119+05:30" endTime="2026-09-23T14:56:36.8975120+05:30" testType="13cdc9d9-ddb5-4fa4-a97d-d965ccfc6d4b" outcome="Passed" testListId="8c84fa94-04c1-424b-9868-57a2d4851a1d" relativeResultsDirectory="b03a9fb6-2873-45f3-a8c5-e489d85c62cb" />
    <UnitTestResult executionId="a0ad2107-4983-43b0-b686-5d9df7fa51ac" testId="2d79a816-5597-d4ee-3807-5999bd1b690e" testName="Jarvis5.Tests.EaFms.Delegation.IndiaBusinessCalendarTests.ToIndiaDate_ShiftsAcrossTheMidnightIstBoundary_NotTheUtcBoundary(utcIso: &quot;2026-09-18T00:00:00Z&quot;, expectedIndiaDate: &quot;2026-09-18&quot;)" computerName="DESKTOP-TCCLH6H" duration="00:00:00.0016272" startTime="2026-09-23T14:56:39.6527880+05:30" endTime="2026-09-23T14:56:39.6527882+05:30" testType="13cdc9d9-ddb5-4fa4-a97d-d965ccfc6d4b" outcome="Passed" testListId="8c84fa94-04c1-424b-9868-57a2d4851a1d" relativeResultsDirectory="a0ad2107-4983-43b0-b686-5d9df7fa51ac" />
    <UnitTestResult executionId="0ed53eb9-189c-45de-99a3-8ab370c1e200" testId="eec2b63c-8698-6990-4a66-b109f2773dac" testName="Jarvis5.Tests.EaFms.Delegation.DelegationTypeOnlyTatTests.TatRuleApi_MeetingRules_StillRequireASubtype_AndStillAcceptTypePlusSubtype" computerName="DESKTOP-TCCLH6H" duration="00:00:00.0010000" startTime="2026-09-23T14:56:36.8713048+05:30" endTime="2026-09-23T14:56:36.8713049+05:30" testType="13cdc9d9-ddb5-4fa4-a97d-d965ccfc6d4b" outcome="Failed" testListId="8c84fa94-04c1-424b-9868-57a2d4851a1d" relativeResultsDirectory="0ed53eb9-189c-45de-99a3-8ab370c1e200">
      <Output>
        <ErrorInfo>
          <Message>System.TypeInitializationException : The type initializer for 'Jarvis5.Tests.EaFms.Delegation.ScratchTatDatabase' threw an exception.&#xD;
---- System.InvalidOperationException : Set EA_DELEGATION_TEST_SERVER to a PostgreSQL connection with CREATE DATABASE permission. Tests only write a generated scratch database.</Message>
          <StackTrace>   at Jarvis5.Tests.EaFms.Delegation.ScratchTatDatabase.InitializeAsync() in F:\eaworking\backend work\EA_API_SOURCE\Tests\EaFms\Delegation\DelegationTypeOnlyTatTests.cs:line 45&#xD;
----- Inner Stack Trace -----&#xD;
   at Jarvis5.Tests.EaFms.Delegation.ScratchTatDatabase..cctor() in F:\eaworking\backend work\EA_API_SOURCE\Tests\EaFms\Delegation\DelegationTypeOnlyTatTests.cs:line 33</StackTrace>
        </ErrorInfo>
      </Output>
    </UnitTestResult>
    <UnitTestResult executionId="a98c750d-5aa2-4186-85da-23690eef09a8" testId="9af4ab4b-5e5c-7127-1f39-28658f791c8c" testName="Jarvis5.Tests.EaFms.Delegation.DelegationServiceTests.Complete_UnknownId_ThrowsNotFound" computerName="DESKTOP-TCCLH6H" duration="00:00:00.0058830" startTime="2026-09-23T14:56:41.7087878+05:30" endTime="2026-09-23T14:56:41.7087880+05:30" testType="13cdc9d9-ddb5-4fa4-a97d-d965ccfc6d4b" outcome="Passed" testListId="8c84fa94-04c1-424b-9868-57a2d4851a1d" relativeResultsDirectory="a98c750d-5aa2-4186-85da-23690eef09a8" />
    <UnitTestResult executionId="e8c8d2b7-5263-4f5f-b507-a47f8e35318b" testId="76cf810c-09a0-6a74-1cf1-6ed2b7781241" testName="Jarvis5.Tests.EaFms.Delegation.DelegationCreateCoreTransactionTests.CreateCoreAsync_InsideCallerOwnedTransaction_ThenRollback_PersistsNothing" computerName="DESKTOP-TCCLH6H" duration="00:00:00.0010000" startTime="2026-09-23T14:56:36.7556760+05:30" endTime="2026-09-23T14:56:36.7556762+05:30" testType="13cdc9d9-ddb5-4fa4-a97d-d965ccfc6d4b" outcome="Failed" testListId="8c84fa94-04c1-424b-9868-57a2d4851a1d" relativeResultsDirectory="e8c8d2b7-5263-4f5f-b507-a47f8e35318b">
      <Output>
        <ErrorInfo>
          <Message>System.TypeInitializationException : The type initializer for 'Jarvis5.Tests.EaFms.Delegation.ScratchTatDatabase' threw an exception.&#xD;
---- System.InvalidOperationException : Set EA_DELEGATION_TEST_SERVER to a PostgreSQL connection with CREATE DATABASE permission. Tests only write a generated scratch database.</Message>
          <StackTrace>   at Jarvis5.Tests.EaFms.Delegation.ScratchTatDatabase.InitializeAsync() in F:\eaworking\backend work\EA_API_SOURCE\Tests\EaFms\Delegation\DelegationTypeOnlyTatTests.cs:line 45&#xD;
----- Inner Stack Trace -----&#xD;
   at Jarvis5.Tests.EaFms.Delegation.ScratchTatDatabase..cctor() in F:\eaworking\backend work\EA_API_SOURCE\Tests\EaFms\Delegation\DelegationTypeOnlyTatTests.cs:line 33</StackTrace>
        </ErrorInfo>
      </Output>
    </UnitTestResult>
    <UnitTestResult executionId="762b67d8-4561-495d-a774-d1dba4969f49" testId="30662c60-e890-4e7c-fde4-132607f337a9" testName="Jarvis5.Tests.EaFms.TaskReview.ApprovalTaskReviewTests.Approve_Twice_SecondCallRejected" computerName="DESKTOP-TCCLH6H" duration="00:00:00.0281441" startTime="2026-09-23T14:56:39.9815574+05:30" endTime="2026-09-23T14:56:39.9815575+05:30" testType="13cdc9d9-ddb5-4fa4-a97d-d965ccfc6d4b" outcome="Passed" testListId="8c84fa94-04c1-424b-9868-57a2d4851a1d" relativeResultsDirectory="762b67d8-4561-495d-a774-d1dba4969f49" />
    <UnitTestResult executionId="34af0ec7-140e-490f-b0f5-419bb5e6b177" testId="5a98266d-5eac-9f14-ae7a-73b33f67da69" testName="Jarvis5.Tests.EaFms.Delegation.DelegationTatContractTests.TatSummary_Resume_ContinuesFromPriorActiveDuration_ExcludingPausedWindow" computerName="DESKTOP-TCCLH6H" duration="00:00:00.0010000" startTime="2026-09-23T14:56:36.7958259+05:30" endTime="2026-09-23T14:56:36.7958261+05:30" testType="13cdc9d9-ddb5-4fa4-a97d-d965ccfc6d4b" outcome="Failed" testListId="8c84fa94-04c1-424b-9868-57a2d4851a1d" relativeResultsDirectory="34af0ec7-140e-490f-b0f5-419bb5e6b177">
      <Output>
        <ErrorInfo>
          <Message>System.TypeInitializationException : The type initializer for 'Jarvis5.Tests.EaFms.Delegation.ScratchTatDatabase' threw an exception.&#xD;
---- System.InvalidOperationException : Set EA_DELEGATION_TEST_SERVER to a PostgreSQL connection with CREATE DATABASE permission. Tests only write a generated scratch database.</Message>
          <StackTrace>   at Jarvis5.Tests.EaFms.Delegation.ScratchTatDatabase.InitializeAsync() in F:\eaworking\backend work\EA_API_SOURCE\Tests\EaFms\Delegation\DelegationTypeOnlyTatTests.cs:line 45&#xD;
----- Inner Stack Trace -----&#xD;
   at Jarvis5.Tests.EaFms.Delegation.ScratchTatDatabase..cctor() in F:\eaworking\backend work\EA_API_SOURCE\Tests\EaFms\Delegation\DelegationTypeOnlyTatTests.cs:line 33</StackTrace>
        </ErrorInfo>
      </Output>
    </UnitTestResult>
    <UnitTestResult executionId="e21e4301-8cac-46b9-b06e-166108542a35" testId="1fb856e9-ec87-1bdc-a01a-633b3e1c901c" testName="Jarvis5.Tests.EaFms.Delegation.DelegationPauseResumeTests.PauseAndResume_WriteOneAuditEachAndOneSharedWorkflowHistoryRowEach" computerName="DESKTOP-TCCLH6H" duration="00:00:00.0530263" startTime="2026-09-23T14:56:40.9139079+05:30" endTime="2026-09-23T14:56:40.9139080+05:30" testType="13cdc9d9-ddb5-4fa4-a97d-d965ccfc6d4b" outcome="Passed" testListId="8c84fa94-04c1-424b-9868-57a2d4851a1d" relativeResultsDirectory="e21e4301-8cac-46b9-b06e-166108542a35" />
    <UnitTestResult executionId="2eef3b8b-feb5-4c80-a962-0c5c71fc3b2c" testId="1901eb35-d907-e392-e44e-a927679d0498" testName="Jarvis5.Tests.EaFms.TaskReview.TaskReviewServiceTests.TerminalTask_CannotSubmit(status: &quot;Completed&quot;)" computerName="DESKTOP-TCCLH6H" duration="00:00:00.0143769" startTime="2026-09-23T14:56:39.6274612+05:30" endTime="2026-09-23T14:56:39.6274615+05:30" testType="13cdc9d9-ddb5-4fa4-a97d-d965ccfc6d4b" outcome="Passed" testListId="8c84fa94-04c1-424b-9868-57a2d4851a1d" relativeResultsDirectory="2eef3b8b-feb5-4c80-a962-0c5c71fc3b2c" />
    <UnitTestResult executionId="e33abc9c-12e9-4e8c-aeb3-a0be346f841a" testId="b19c3e69-1450-15dd-a566-807ea45429db" testName="Jarvis5.Tests.EaFms.Meetings.MeetingCompleteOptionalFieldsTests.CompleteBeforeStart_UnknownMeeting_AndDoubleComplete_KeepTheirExistingRejections" computerName="DESKTOP-TCCLH6H" duration="00:00:00.0010000" startTime="2026-09-23T14:56:36.7716716+05:30" endTime="2026-09-23T14:56:36.7716717+05:30" testType="13cdc9d9-ddb5-4fa4-a97d-d965ccfc6d4b" outcome="Failed" testListId="8c84fa94-04c1-424b-9868-57a2d4851a1d" relativeResultsDirectory="e33abc9c-12e9-4e8c-aeb3-a0be346f841a">
      <Output>
        <ErrorInfo>
          <Message>System.TypeInitializationException : The type initializer for 'Jarvis5.Tests.EaFms.Delegation.ScratchTatDatabase' threw an exception.&#xD;
---- System.InvalidOperationException : Set EA_DELEGATION_TEST_SERVER to a PostgreSQL connection with CREATE DATABASE permission. Tests only write a generated scratch database.</Message>
          <StackTrace>   at Jarvis5.Tests.EaFms.Delegation.ScratchTatDatabase.InitializeAsync() in F:\eaworking\backend work\EA_API_SOURCE\Tests\EaFms\Delegation\DelegationTypeOnlyTatTests.cs:line 45&#xD;
----- Inner Stack Trace -----&#xD;
   at Jarvis5.Tests.EaFms.Delegation.ScratchTatDatabase..cctor() in F:\eaworking\backend work\EA_API_SOURCE\Tests\EaFms\Delegation\DelegationTypeOnlyTatTests.cs:line 33</StackTrace>
        </ErrorInfo>
      </Output>
    </UnitTestResult>
    <UnitTestResult executionId="4c5eb919-621a-489e-8305-3e1d37df676c" testId="fdf145ea-6909-ebf5-f864-67427ab5f4bd" testName="Jarvis5.Tests.EaFms.Delegation.DelegationTypeOnlyTatTests.Create_WithoutDelegationType_StaysNoTat_EvenWhenRulesExist(type: null)" computerName="DESKTOP-TCCLH6H" duration="00:00:00.0010000" startTime="2026-09-23T14:56:36.8802009+05:30" endTime="2026-09-23T14:56:36.8802013+05:30" testType="13cdc9d9-ddb5-4fa4-a97d-d965ccfc6d4b" outcome="Failed" testListId="8c84fa94-04c1-424b-9868-57a2d4851a1d" relativeResultsDirectory="4c5eb919-621a-489e-8305-3e1d37df676c">
      <Output>
        <ErrorInfo>
          <Message>System.TypeInitializationException : The type initializer for 'Jarvis5.Tests.EaFms.Delegation.ScratchTatDatabase' threw an exception.&#xD;
---- System.InvalidOperationException : Set EA_DELEGATION_TEST_SERVER to a PostgreSQL connection with CREATE DATABASE permission. Tests only write a generated scratch database.</Message>
          <StackTrace>   at Jarvis5.Tests.EaFms.Delegation.ScratchTatDatabase.InitializeAsync() in F:\eaworking\backend work\EA_API_SOURCE\Tests\EaFms\Delegation\DelegationTypeOnlyTatTests.cs:line 45&#xD;
----- Inner Stack Trace -----&#xD;
   at Jarvis5.Tests.EaFms.Delegation.ScratchTatDatabase..cctor() in F:\eaworking\backend work\EA_API_SOURCE\Tests\EaFms\Delegation\DelegationTypeOnlyTatTests.cs:line 33</StackTrace>
        </ErrorInfo>
      </Output>
    </UnitTestResult>
    <UnitTestResult executionId="c60f9686-450b-4972-bbe7-9b748da4058f" testId="e80cae52-b0d2-bbf9-10e9-a39495a62dc0" testName="Jarvis5.Tests.EaFms.Delegation.DelegationServiceTests.Lifecycle_MovesItemBetweenPendingInProgressCompletedViews_AndSummaryCounts" computerName="DESKTOP-TCCLH6H" duration="00:00:00.0742098" startTime="2026-09-23T14:56:40.8763353+05:30" endTime="2026-09-23T14:56:40.8763361+05:30" testType="13cdc9d9-ddb5-4fa4-a97d-d965ccfc6d4b" outcome="Passed" testListId="8c84fa94-04c1-424b-9868-57a2d4851a1d" relativeResultsDirectory="c60f9686-450b-4972-bbe7-9b748da4058f" />
    <UnitTestResult executionId="0b3e975c-6fdc-488e-85e5-798415fa9c09" testId="7d85ab7c-8fc4-3412-d8fd-e7dd58919ca0" testName="Jarvis5.Tests.EaFms.Delegation.DelegationPauseResumeTests.PauseAfterResume_OpensASecondPause_OnTheSameAnchor" computerName="DESKTOP-TCCLH6H" duration="00:00:00.0370358" startTime="2026-09-23T14:56:41.2272164+05:30" endTime="2026-09-23T14:56:41.2272166+05:30" testType="13cdc9d9-ddb5-4fa4-a97d-d965ccfc6d4b" outcome="Passed" testListId="8c84fa94-04c1-424b-9868-57a2d4851a1d" relativeResultsDirectory="0b3e975c-6fdc-488e-85e5-798415fa9c09" />
    <UnitTestResult executionId="e5e0b43e-8fb8-48b8-af07-4d4dff2c98d1" testId="06f279fc-0f5b-b846-d5df-58bcc7464773" testName="Jarvis5.Tests.EaFms.Delegation.DelegationTypeOnlyTatTests.MeetingCreatedDelegation_HasNoType_AndStaysNoTat_NeverDependingOnATatRule" computerName="DESKTOP-TCCLH6H" duration="00:00:00.0010000" startTime="2026-09-23T14:56:36.8481801+05:30" endTime="2026-09-23T14:56:36.8481803+05:30" testType="13cdc9d9-ddb5-4fa4-a97d-d965ccfc6d4b" outcome="Failed" testListId="8c84fa94-04c1-424b-9868-57a2d4851a1d" relativeResultsDirectory="e5e0b43e-8fb8-48b8-af07-4d4dff2c98d1">
      <Output>
        <ErrorInfo>
          <Message>System.TypeInitializationException : The type initializer for 'Jarvis5.Tests.EaFms.Delegation.ScratchTatDatabase' threw an exception.&#xD;
---- System.InvalidOperationException : Set EA_DELEGATION_TEST_SERVER to a PostgreSQL connection with CREATE DATABASE permission. Tests only write a generated scratch database.</Message>
          <StackTrace>   at Jarvis5.Tests.EaFms.Delegation.ScratchTatDatabase.InitializeAsync() in F:\eaworking\backend work\EA_API_SOURCE\Tests\EaFms\Delegation\DelegationTypeOnlyTatTests.cs:line 45&#xD;
----- Inner Stack Trace -----&#xD;
   at Jarvis5.Tests.EaFms.Delegation.ScratchTatDatabase..cctor() in F:\eaworking\backend work\EA_API_SOURCE\Tests\EaFms\Delegation\DelegationTypeOnlyTatTests.cs:line 33</StackTrace>
        </ErrorInfo>
      </Output>
    </UnitTestResult>
    <UnitTestResult executionId="0461de6e-3bba-4d8e-b393-7f7b0b755a05" testId="16796c79-1294-db76-84f8-f170c1141d10" testName="Jarvis5.Tests.EaFms.Meetings.MeetingRequestDtoValidatorsTests.Create_Title_NullEmptyWhitespaceAndValue_AllAccepted(title: &quot;&quot;, expectedValid: True)" computerName="DESKTOP-TCCLH6H" duration="00:00:00.0934751" startTime="2026-09-23T14:56:36.8957634+05:30" endTime="2026-09-23T14:56:36.8957636+05:30" testType="13cdc9d9-ddb5-4fa4-a97d-d965ccfc6d4b" outcome="Passed" testListId="8c84fa94-04c1-424b-9868-57a2d4851a1d" relativeResultsDirectory="0461de6e-3bba-4d8e-b393-7f7b0b755a05" />
    <UnitTestResult executionId="b5f29d2f-3d7e-4701-b3d1-be1cf3683639" testId="27bd8ef9-2b84-5ceb-a081-295b7f60adc6" testName="Jarvis5.Tests.EaFms.Delegation.DelegationContractTests.Update_ChangesDelegationType_AndBlankClearsIt" computerName="DESKTOP-TCCLH6H" duration="00:00:00.0642464" startTime="2026-09-23T14:56:39.6839497+05:30" endTime="2026-09-23T14:56:39.6839500+05:30" testType="13cdc9d9-ddb5-4fa4-a97d-d965ccfc6d4b" outcome="Passed" testListId="8c84fa94-04c1-424b-9868-57a2d4851a1d" relativeResultsDirectory="b5f29d2f-3d7e-4701-b3d1-be1cf3683639" />
    <UnitTestResult executionId="8dcea4ec-6151-4abb-92d4-c8b17bc4509d" testId="9bbf3dac-9898-cb8d-3824-2e7e54cdc2af" testName="Jarvis5.Tests.EaFms.Delegation.DelegationTypeOnlyTatTests.GenericCreate_StillRequiresTypeAndSubtype_TheExactMeetingStyleLookupIsUnchanged" computerName="DESKTOP-TCCLH6H" duration="00:00:00.0010000" startTime="2026-09-23T14:56:36.8385264+05:30" endTime="2026-09-23T14:56:36.8385266+05:30" testType="13cdc9d9-ddb5-4fa4-a97d-d965ccfc6d4b" outcome="Failed" testListId="8c84fa94-04c1-424b-9868-57a2d4851a1d" relativeResultsDirectory="8dcea4ec-6151-4abb-92d4-c8b17bc4509d">
      <Output>
        <ErrorInfo>
          <Message>System.TypeInitializationException : The type initializer for 'Jarvis5.Tests.EaFms.Delegation.ScratchTatDatabase' threw an exception.&#xD;
---- System.InvalidOperationException : Set EA_DELEGATION_TEST_SERVER to a PostgreSQL connection with CREATE DATABASE permission. Tests only write a generated scratch database.</Message>
          <StackTrace>   at Jarvis5.Tests.EaFms.Delegation.ScratchTatDatabase.InitializeAsync() in F:\eaworking\backend work\EA_API_SOURCE\Tests\EaFms\Delegation\DelegationTypeOnlyTatTests.cs:line 45&#xD;
----- Inner Stack Trace -----&#xD;
   at Jarvis5.Tests.EaFms.Delegation.ScratchTatDatabase..cctor() in F:\eaworking\backend work\EA_API_SOURCE\Tests\EaFms\Delegation\DelegationTypeOnlyTatTests.cs:line 33</StackTrace>
        </ErrorInfo>
      </Output>
    </UnitTestResult>
    <UnitTestResult executionId="27cad48d-16e2-40b3-9717-68080504c20b" testId="8b7c1d83-03ff-fbfb-c9b4-0a522e0a5150" testName="Jarvis5.Tests.EaFms.TaskReview.DelegationPhaseTatTests.NoRuleConfiguredForAPhase_LeavesItUnallotted_ButStillTracksPauseTime" computerName="DESKTOP-TCCLH6H" duration="00:00:00.0246635" startTime="2026-09-23T14:56:39.8047865+05:30" endTime="2026-09-23T14:56:39.8047866+05:30" testType="13cdc9d9-ddb5-4fa4-a97d-d965ccfc6d4b" outcome="Passed" testListId="8c84fa94-04c1-424b-9868-57a2d4851a1d" relativeResultsDirectory="27cad48d-16e2-40b3-9717-68080504c20b" />
    <UnitTestResult executionId="4be94ef7-551b-4bbe-8c82-bf7b767f1268" testId="155efa38-7cb6-62bc-149e-66d062f28d22" testName="Jarvis5.Tests.EaFms.Delegation.DelegationContractTests.DatabaseModel_UsesDoerColumns_KeepsDueDate_AndHasNoAssignedToOrEndDateColumns" computerName="DESKTOP-TCCLH6H" duration="00:00:00.0075074" startTime="2026-09-23T14:56:39.5586029+05:30" endTime="2026-09-23T14:56:39.5586033+05:30" testType="13cdc9d9-ddb5-4fa4-a97d-d965ccfc6d4b" outcome="Passed" testListId="8c84fa94-04c1-424b-9868-57a2d4851a1d" relativeResultsDirectory="4be94ef7-551b-4bbe-8c82-bf7b767f1268" />
    <UnitTestResult executionId="3ff9d052-606c-41a8-aa33-ee5b371d5311" testId="b10d2547-6f07-e727-7843-ed2770965b1c" testName="Jarvis5.Tests.EaFms.Meetings.MeetingDoersTests.ToArrays_CardinalityStaysEqual_AcrossMixedBlankAndFilledDoers" computerName="DESKTOP-TCCLH6H" duration="00:00:00.0025088" startTime="2026-09-23T14:56:36.8981520+05:30" endTime="2026-09-23T14:56:36.8981521+05:30" testType="13cdc9d9-ddb5-4fa4-a97d-d965ccfc6d4b" outcome="Passed" testListId="8c84fa94-04c1-424b-9868-57a2d4851a1d" relativeResultsDirectory="3ff9d052-606c-41a8-aa33-ee5b371d5311" />
    <UnitTestResult executionId="e96a3ead-6081-4e20-8ffa-98ac4c10f952" testId="20fcc4f3-96c9-92f6-9f12-1116b86ee539" testName="Jarvis5.Tests.EaFms.Delegation.DelegationTatContractTests.Start_SetsStartedAtAndInProgress_TheClockRunsFromStartedAt_NotFromTheStartDate" computerName="DESKTOP-TCCLH6H" duration="00:00:00.0010000" startTime="2026-09-23T14:56:36.7830125+05:30" endTime="2026-09-23T14:56:36.7830129+05:30" testType="13cdc9d9-ddb5-4fa4-a97d-d965ccfc6d4b" outcome="Failed" testListId="8c84fa94-04c1-424b-9868-57a2d4851a1d" relativeResultsDirectory="e96a3ead-6081-4e20-8ffa-98ac4c10f952">
      <Output>
        <ErrorInfo>
          <Message>System.TypeInitializationException : The type initializer for 'Jarvis5.Tests.EaFms.Delegation.ScratchTatDatabase' threw an exception.&#xD;
---- System.InvalidOperationException : Set EA_DELEGATION_TEST_SERVER to a PostgreSQL connection with CREATE DATABASE permission. Tests only write a generated scratch database.</Message>
          <StackTrace>   at Jarvis5.Tests.EaFms.Delegation.ScratchTatDatabase.InitializeAsync() in F:\eaworking\backend work\EA_API_SOURCE\Tests\EaFms\Delegation\DelegationTypeOnlyTatTests.cs:line 45&#xD;
----- Inner Stack Trace -----&#xD;
   at Jarvis5.Tests.EaFms.Delegation.ScratchTatDatabase..cctor() in F:\eaworking\backend work\EA_API_SOURCE\Tests\EaFms\Delegation\DelegationTypeOnlyTatTests.cs:line 33</StackTrace>
        </ErrorInfo>
      </Output>
    </UnitTestResult>
    <UnitTestResult executionId="53c37ddb-b6d2-4fe7-9fd8-823b8bd5f144" testId="f73c2449-f1a8-2fad-6d14-aeee4e380a7e" testName="Jarvis5.Tests.EaFms.TaskReview.DelegationPhaseTatTests.MultipleOpenHistoricalPhases_RejectTransitionWithoutWritingReview" computerName="DESKTOP-TCCLH6H" duration="00:00:00.2218692" startTime="2026-09-23T14:56:39.6179110+05:30" endTime="2026-09-23T14:56:39.6179112+05:30" testType="13cdc9d9-ddb5-4fa4-a97d-d965ccfc6d4b" outcome="Passed" testListId="8c84fa94-04c1-424b-9868-57a2d4851a1d" relativeResultsDirectory="53c37ddb-b6d2-4fe7-9fd8-823b8bd5f144" />
    <UnitTestResult executionId="cb7ccdb1-afb7-406b-9fb0-66225e1c36d7" testId="536d427c-a820-2a21-15ea-3053c83bcbee" testName="Jarvis5.Tests.EaFms.Delegation.DelegationTatContractTests.NoTatDelegation_ReturnsNullTatValuesAtEveryStep_NeverZero" computerName="DESKTOP-TCCLH6H" duration="00:00:00.0010000" startTime="2026-09-23T14:56:36.7743748+05:30" endTime="2026-09-23T14:56:36.7743749+05:30" testType="13cdc9d9-ddb5-4fa4-a97d-d965ccfc6d4b" outcome="Failed" testListId="8c84fa94-04c1-424b-9868-57a2d4851a1d" relativeResultsDirectory="cb7ccdb1-afb7-406b-9fb0-66225e1c36d7">
      <Output>
        <ErrorInfo>
          <Message>System.TypeInitializationException : The type initializer for 'Jarvis5.Tests.EaFms.Delegation.ScratchTatDatabase' threw an exception.&#xD;
---- System.InvalidOperationException : Set EA_DELEGATION_TEST_SERVER to a PostgreSQL connection with CREATE DATABASE permission. Tests only write a generated scratch database.</Message>
          <StackTrace>   at Jarvis5.Tests.EaFms.Delegation.ScratchTatDatabase.InitializeAsync() in F:\eaworking\backend work\EA_API_SOURCE\Tests\EaFms\Delegation\DelegationTypeOnlyTatTests.cs:line 45&#xD;
----- Inner Stack Trace -----&#xD;
   at Jarvis5.Tests.EaFms.Delegation.ScratchTatDatabase..cctor() in F:\eaworking\backend work\EA_API_SOURCE\Tests\EaFms\Delegation\DelegationTypeOnlyTatTests.cs:line 33</StackTrace>
        </ErrorInfo>
      </Output>
    </UnitTestResult>
    <UnitTestResult executionId="c07b55ff-1426-4b07-9c4a-46f18ee44967" testId="5af12082-6c68-cf43-e32c-874fb86d563a" testName="Jarvis5.Tests.EaFms.Delegation.DelegationServiceTests.View_PendingInProgressCompleted_MatchPersistedStatusExactly(view: &quot;inProgress&quot;, expectedCount: 1)" computerName="DESKTOP-TCCLH6H" duration="00:00:00.1128342" startTime="2026-09-23T14:56:40.4942424+05:30" endTime="2026-09-23T14:56:40.4942425+05:30" testType="13cdc9d9-ddb5-4fa4-a97d-d965ccfc6d4b" outcome="Passed" testListId="8c84fa94-04c1-424b-9868-57a2d4851a1d" relativeResultsDirectory="c07b55ff-1426-4b07-9c4a-46f18ee44967" />
    <UnitTestResult executionId="4f1d1d45-06ba-4b88-b275-a3b78df2aa8e" testId="48517f46-efaf-d23d-ea47-f478e365c1e6" testName="Jarvis5.Tests.EaFms.Delegation.DelegationTypeOnlyTatTests.Create_WithoutDelegationType_StaysNoTat_EvenWhenRulesExist(type: &quot;&quot;)" computerName="DESKTOP-TCCLH6H" duration="00:00:00.0010000" startTime="2026-09-23T14:56:36.8811297+05:30" endTime="2026-09-23T14:56:36.8811298+05:30" testType="13cdc9d9-ddb5-4fa4-a97d-d965ccfc6d4b" outcome="Failed" testListId="8c84fa94-04c1-424b-9868-57a2d4851a1d" relativeResultsDirectory="4f1d1d45-06ba-4b88-b275-a3b78df2aa8e">
      <Output>
        <ErrorInfo>
          <Message>System.TypeInitializationException : The type initializer for 'Jarvis5.Tests.EaFms.Delegation.ScratchTatDatabase' threw an exception.&#xD;
---- System.InvalidOperationException : Set EA_DELEGATION_TEST_SERVER to a PostgreSQL connection with CREATE DATABASE permission. Tests only write a generated scratch database.</Message>
          <StackTrace>   at Jarvis5.Tests.EaFms.Delegation.ScratchTatDatabase.InitializeAsync() in F:\eaworking\backend work\EA_API_SOURCE\Tests\EaFms\Delegation\DelegationTypeOnlyTatTests.cs:line 45&#xD;
----- Inner Stack Trace -----&#xD;
   at Jarvis5.Tests.EaFms.Delegation.ScratchTatDatabase..cctor() in F:\eaworking\backend work\EA_API_SOURCE\Tests\EaFms\Delegation\DelegationTypeOnlyTatTests.cs:line 33</StackTrace>
        </ErrorInfo>
      </Output>
    </UnitTestResult>
    <UnitTestResult executionId="21529f27-130b-474e-a27b-d5f54a554a14" testId="4ecee5b5-9af1-c91d-5ee4-cf0e2a4b8d1d" testName="Jarvis5.Tests.EaFms.Meetings.MeetingCompleteOptionalFieldsTests.C_PdfOnly_Completes_AndPersistsTheAttachmentAndFile" computerName="DESKTOP-TCCLH6H" duration="00:00:00.0010000" startTime="2026-09-23T14:56:36.7842101+05:30" endTime="2026-09-23T14:56:36.7842103+05:30" testType="13cdc9d9-ddb5-4fa4-a97d-d965ccfc6d4b" outcome="Failed" testListId="8c84fa94-04c1-424b-9868-57a2d4851a1d" relativeResultsDirectory="21529f27-130b-474e-a27b-d5f54a554a14">
      <Output>
        <ErrorInfo>
          <Message>System.TypeInitializationException : The type initializer for 'Jarvis5.Tests.EaFms.Delegation.ScratchTatDatabase' threw an exception.&#xD;
---- System.InvalidOperationException : Set EA_DELEGATION_TEST_SERVER to a PostgreSQL connection with CREATE DATABASE permission. Tests only write a generated scratch database.</Message>
          <StackTrace>   at Jarvis5.Tests.EaFms.Delegation.ScratchTatDatabase.InitializeAsync() in F:\eaworking\backend work\EA_API_SOURCE\Tests\EaFms\Delegation\DelegationTypeOnlyTatTests.cs:line 45&#xD;
----- Inner Stack Trace -----&#xD;
   at Jarvis5.Tests.EaFms.Delegation.ScratchTatDatabase..cctor() in F:\eaworking\backend work\EA_API_SOURCE\Tests\EaFms\Delegation\DelegationTypeOnlyTatTests.cs:line 33</StackTrace>
        </ErrorInfo>
      </Output>
    </UnitTestResult>
    <UnitTestResult executionId="c5ef6d86-a304-47b6-afc4-f088fc7d1cea" testId="b5d9c88c-da09-04ae-a615-fbc5a48e8368" testName="Jarvis5.Tests.EaFms.Delegation.DelegationServiceTests.Summary_CountsMatchExactly_AndExcludesSoftDeleted" computerName="DESKTOP-TCCLH6H" duration="00:00:00.0405147" startTime="2026-09-23T14:56:41.2783445+05:30" endTime="2026-09-23T14:56:41.2783446+05:30" testType="13cdc9d9-ddb5-4fa4-a97d-d965ccfc6d4b" outcome="Passed" testListId="8c84fa94-04c1-424b-9868-57a2d4851a1d" relativeResultsDirectory="c5ef6d86-a304-47b6-afc4-f088fc7d1cea" />
    <UnitTestResult executionId="0fb9138a-420e-4ea2-a47e-147087c3bb14" testId="b24a01ec-65c9-32a4-ece3-b88afd0e6766" testName="Jarvis5.Tests.EaFms.Delegation.DelegationContractTests.DelegationType_IsTrimmed_AndBlankBecomesNull(input: &quot;   &quot;, expected: null)" computerName="DESKTOP-TCCLH6H" duration="00:00:00.1481826" startTime="2026-09-23T14:56:39.5157491+05:30" endTime="2026-09-23T14:56:39.5157493+05:30" testType="13cdc9d9-ddb5-4fa4-a97d-d965ccfc6d4b" outcome="Passed" testListId="8c84fa94-04c1-424b-9868-57a2d4851a1d" relativeResultsDirectory="0fb9138a-420e-4ea2-a47e-147087c3bb14" />
    <UnitTestResult executionId="4f30ecd6-c428-407e-a9c6-8abcd609e4d6" testId="dc12ef25-0a8f-30af-9496-001cea7f5fb5" testName="Jarvis5.Tests.EaFms.TaskReview.DelegationPhaseIntegrityPostgresTests.ReviewPrecision_PersistedSnapshotSurvivesReloadAndPauseChanges" computerName="DESKTOP-TCCLH6H" duration="00:00:00.0010000" startTime="2026-09-23T14:56:36.8742960+05:30" endTime="2026-09-23T14:56:36.8742962+05:30" testType="13cdc9d9-ddb5-4fa4-a97d-d965ccfc6d4b" outcome="Failed" testListId="8c84fa94-04c1-424b-9868-57a2d4851a1d" relativeResultsDirectory="4f30ecd6-c428-407e-a9c6-8abcd609e4d6">
      <Output>
        <ErrorInfo>
          <Message>System.TypeInitializationException : The type initializer for 'Jarvis5.Tests.EaFms.Delegation.ScratchTatDatabase' threw an exception.&#xD;
[...]
      </RunInfo>
      <RunInfo computerName="DESKTOP-TCCLH6H" outcome="Error" timestamp="2026-09-23T14:56:36.8279786+05:30">
        <Text>[xUnit.net 00:00:03.11]     Jarvis5.Tests.EaFms.TaskReview.DelegationPhaseIntegrityPostgresTests.InvalidOpenPhase_RejectsSubmissionBeforeReviewWrite(fault: "type") [FAIL]</Text>
      </RunInfo>
      <RunInfo computerName="DESKTOP-TCCLH6H" outcome="Error" timestamp="2026-09-23T14:56:36.8306276+05:30">
        <Text>[xUnit.net 00:00:03.11]     Jarvis5.Tests.EaFms.Delegation.DelegationTypeOnlyTatTests.EmReport_TatEnabledDelegation_IsMeasuredByTat_NotByItsEndDate [FAIL]</Text>
      </RunInfo>
      <RunInfo computerName="DESKTOP-TCCLH6H" outcome="Error" timestamp="2026-09-23T14:56:36.8307053+05:30">
        <Text>[xUnit.net 00:00:03.11]     Jarvis5.Tests.EaFms.TaskReview.DelegationPhaseIntegrityPostgresTests.InvalidOpenPhase_RejectsSubmissionBeforeReviewWrite(fault: "cycle") [FAIL]</Text>
      </RunInfo>
      <RunInfo computerName="DESKTOP-TCCLH6H" outcome="Error" timestamp="2026-09-23T14:56:36.8307857+05:30">
        <Text>[xUnit.net 00:00:03.11]     Jarvis5.Tests.EaFms.TaskReview.DelegationPhaseIntegrityPostgresTests.WrongReviewCycle_RejectsDecisionWithoutClosingPhase(action: "rework") [FAIL]</Text>
      </RunInfo>
      <RunInfo computerName="DESKTOP-TCCLH6H" outcome="Error" timestamp="2026-09-23T14:56:36.8308744+05:30">
        <Text>[xUnit.net 00:00:03.11]     Jarvis5.Tests.EaFms.Delegation.DelegationTypeOnlyTatTests.EmReport_ActiveTatDelegation_UsesTheLiveTatPosition_AndAPausedOneIsPaused [FAIL]</Text>
      </RunInfo>
      <RunInfo computerName="DESKTOP-TCCLH6H" outcome="Error" timestamp="2026-09-23T14:56:36.8309494+05:30">
        <Text>[xUnit.net 00:00:03.12]     Jarvis5.Tests.EaFms.TaskReview.DelegationPhaseIntegrityPostgresTests.WrongReviewCycle_RejectsDecisionWithoutClosingPhase(action: "approve") [FAIL]</Text>
      </RunInfo>
      <RunInfo computerName="DESKTOP-TCCLH6H" outcome="Error" timestamp="2026-09-23T14:56:36.8310565+05:30">
        <Text>[xUnit.net 00:00:03.12]     Jarvis5.Tests.EaFms.Delegation.DelegationTypeOnlyTatTests.ExactLookup_DoesNotMatchTypeOnlyRules_AndTypeOnlyLookupDoesNotMatchSubtypedRules [FAIL]</Text>
      </RunInfo>
      <RunInfo computerName="DESKTOP-TCCLH6H" outcome="Error" timestamp="2026-09-23T14:56:36.8311285+05:30">
        <Text>[xUnit.net 00:00:03.12]     Jarvis5.Tests.EaFms.TaskReview.DelegationPhaseIntegrityPostgresTests.OpenPause_BlocksTransitionWithoutChangingHistory(action: "submit", review: False) [FAIL]</Text>
      </RunInfo>
      <RunInfo computerName="DESKTOP-TCCLH6H" outcome="Error" timestamp="2026-09-23T14:56:36.8312029+05:30">
        <Text>[xUnit.net 00:00:03.12]     Jarvis5.Tests.EaFms.Delegation.DelegationTypeOnlyTatTests.Create_ZeroOrNegativeRuleMinutes_AreImpossible_ByTheExistingCheckConstraint [FAIL]</Text>
      </RunInfo>
      <RunInfo computerName="DESKTOP-TCCLH6H" outcome="Error" timestamp="2026-09-23T14:56:36.8428876+05:30">
        <Text>[xUnit.net 00:00:03.14]     Jarvis5.Tests.EaFms.TaskReview.DelegationPhaseIntegrityPostgresTests.OpenPause_BlocksTransitionWithoutChangingHistory(action: "approve", review: True) [FAIL]</Text>
      </RunInfo>
      <RunInfo computerName="DESKTOP-TCCLH6H" outcome="Error" timestamp="2026-09-23T14:56:36.8429814+05:30">
        <Text>[xUnit.net 00:00:03.14]     Jarvis5.Tests.EaFms.Delegation.DelegationTypeOnlyTatTests.GenericCreate_StillRequiresTypeAndSubtype_TheExactMeetingStyleLookupIsUnchanged [FAIL]</Text>
      </RunInfo>
      <RunInfo computerName="DESKTOP-TCCLH6H" outcome="Error" timestamp="2026-09-23T14:56:36.8430871+05:30">
        <Text>[xUnit.net 00:00:03.14]     Jarvis5.Tests.EaFms.TaskReview.DelegationPhaseIntegrityPostgresTests.OpenPause_BlocksTransitionWithoutChangingHistory(action: "rework", review: True) [FAIL]</Text>
      </RunInfo>
      <RunInfo computerName="DESKTOP-TCCLH6H" outcome="Error" timestamp="2026-09-23T14:56:36.8440406+05:30">
        <Text>[xUnit.net 00:00:03.14]     Jarvis5.Tests.EaFms.Delegation.DelegationTypeOnlyTatTests.Create_SelfDelegation_MapsToTypeSelfDelegation_WithNullSubtype_AndSnapshotsTheRule [FAIL]</Text>
      </RunInfo>
      <RunInfo computerName="DESKTOP-TCCLH6H" outcome="Error" timestamp="2026-09-23T14:56:36.8456878+05:30">
        <Text>[xUnit.net 00:00:03.15]     Jarvis5.Tests.EaFms.TaskReview.DelegationPhaseIntegrityPostgresTests.OpenPause_BlocksTransitionWithoutChangingHistory(action: "complete", review: False) [FAIL]</Text>
      </RunInfo>
      <RunInfo computerName="DESKTOP-TCCLH6H" outcome="Error" timestamp="2026-09-23T14:56:36.8471266+05:30">
        <Text>[xUnit.net 00:00:03.15]     Jarvis5.Tests.EaFms.Delegation.DelegationTypeOnlyTatTests.MeetingCreatedDelegation_HasNoType_AndStaysNoTat_NeverDependingOnATatRule [FAIL]</Text>
      </RunInfo>
      <RunInfo computerName="DESKTOP-TCCLH6H" outcome="Error" timestamp="2026-09-23T14:56:36.8489218+05:30">
        <Text>[xUnit.net 00:00:03.15]     Jarvis5.Tests.EaFms.TaskReview.DelegationPhaseIntegrityPostgresTests.ConcurrentDuplicateTransitions_OnlyOneSucceeds(action: "approve", review: True) [FAIL]</Text>
      </RunInfo>
      <RunInfo computerName="DESKTOP-TCCLH6H" outcome="Error" timestamp="2026-09-23T14:56:36.8505932+05:30">
        <Text>[xUnit.net 00:00:03.15]     Jarvis5.Tests.EaFms.TaskReview.DelegationPhaseIntegrityPostgresTests.ConcurrentDuplicateTransitions_OnlyOneSucceeds(action: "rework", review: True) [FAIL]</Text>
      </RunInfo>
      <RunInfo computerName="DESKTOP-TCCLH6H" outcome="Error" timestamp="2026-09-23T14:56:36.8516955+05:30">
        <Text>[xUnit.net 00:00:03.15]     Jarvis5.Tests.EaFms.Delegation.DelegationTypeOnlyTatTests.Create_DirectorDelegation_MapsToItsOwnTypeRule_AndNeverToAnotherTypesRule [FAIL]</Text>
      </RunInfo>
      <RunInfo computerName="DESKTOP-TCCLH6H" outcome="Error" timestamp="2026-09-23T14:56:36.8587518+05:30">
        <Text>[xUnit.net 00:00:03.15]     Jarvis5.Tests.EaFms.TaskReview.DelegationPhaseIntegrityPostgresTests.ConcurrentDuplicateTransitions_OnlyOneSucceeds(action: "submit", review: False) [FAIL]</Text>
      </RunInfo>
      <RunInfo computerName="DESKTOP-TCCLH6H" outcome="Error" timestamp="2026-09-23T14:56:36.8630469+05:30">
        <Text>[xUnit.net 00:00:03.16]     Jarvis5.Tests.EaFms.Delegation.DelegationTypeOnlyTatTests.Complete_WithoutAnyPause_FreezesElapsedTime_AndCompleteWhilePausedIsStillBlocked [FAIL]</Text>
      </RunInfo>
      <RunInfo computerName="DESKTOP-TCCLH6H" outcome="Error" timestamp="2026-09-23T14:56:36.8642164+05:30">
        <Text>[xUnit.net 00:00:03.16]     Jarvis5.Tests.EaFms.TaskReview.DelegationPhaseIntegrityPostgresTests.ConcurrentDuplicateTransitions_OnlyOneSucceeds(action: "complete", review: False) [FAIL]</Text>
      </RunInfo>
      <RunInfo computerName="DESKTOP-TCCLH6H" outcome="Error" timestamp="2026-09-23T14:56:36.8651825+05:30">
        <Text>[xUnit.net 00:00:03.17]     Jarvis5.Tests.EaFms.Delegation.DelegationTypeOnlyTatTests.PauseAndResume_ExcludePausedTime_FromActiveTat_LiveAndAtCompletion [FAIL]</Text>
      </RunInfo>
      <RunInfo computerName="DESKTOP-TCCLH6H" outcome="Error" timestamp="2026-09-23T14:56:36.8661959+05:30">
        <Text>[xUnit.net 00:00:03.17]     Jarvis5.Tests.EaFms.TaskReview.DelegationPhaseIntegrityPostgresTests.CompetingTransitions_SerializeWithoutExtraPhases(first: "approve", second: "rework", review: True) [FAIL]</Text>
      </RunInfo>
      <RunInfo computerName="DESKTOP-TCCLH6H" outcome="Error" timestamp="2026-09-23T14:56:36.8671463+05:30">
        <Text>[xUnit.net 00:00:03.17]     Jarvis5.Tests.EaFms.Delegation.DelegationTypeOnlyTatTests.EmReport_DelegationWithoutATatSnapshot_KeepsTheEndDateRule [FAIL]</Text>
      </RunInfo>
      <RunInfo computerName="DESKTOP-TCCLH6H" outcome="Error" timestamp="2026-09-23T14:56:36.8682889+05:30">
        <Text>[xUnit.net 00:00:03.17]     Jarvis5.Tests.EaFms.TaskReview.DelegationPhaseIntegrityPostgresTests.CompetingTransitions_SerializeWithoutExtraPhases(first: "submit", second: "complete", review: False) [FAIL]</Text>
      </RunInfo>
      <RunInfo computerName="DESKTOP-TCCLH6H" outcome="Error" timestamp="2026-09-23T14:56:36.8691592+05:30">
        <Text>[xUnit.net 00:00:03.17]     Jarvis5.Tests.EaFms.Delegation.DelegationTypeOnlyTatTests.TatRuleApi_MeetingRules_StillRequireASubtype_AndStillAcceptTypePlusSubtype [FAIL]</Text>
      </RunInfo>
      <RunInfo computerName="DESKTOP-TCCLH6H" outcome="Error" timestamp="2026-09-23T14:56:36.8783709+05:30">
        <Text>[xUnit.net 00:00:03.17]     Jarvis5.Tests.EaFms.TaskReview.DelegationPhaseIntegrityPostgresTests.ReviewPrecision_PersistedSnapshotSurvivesReloadAndPauseChanges [FAIL]</Text>
      </RunInfo>
      <RunInfo computerName="DESKTOP-TCCLH6H" outcome="Error" timestamp="2026-09-23T14:56:36.8784622+05:30">
        <Text>[xUnit.net 00:00:03.18]     Jarvis5.Tests.EaFms.Delegation.DelegationTypeOnlyTatTests.Create_InactiveOrDeletedRules_AreIgnored(active: False, deleted: False) [FAIL]</Text>
      </RunInfo>
      <RunInfo computerName="DESKTOP-TCCLH6H" outcome="Error" timestamp="2026-09-23T14:56:36.8785800+05:30">
        <Text>[xUnit.net 00:00:03.18]     Jarvis5.Tests.EaFms.Delegation.DelegationTypeOnlyTatTests.Create_InactiveOrDeletedRules_AreIgnored(active: False, deleted: True) [FAIL]</Text>
      </RunInfo>
      <RunInfo computerName="DESKTOP-TCCLH6H" outcome="Error" timestamp="2026-09-23T14:56:36.8786873+05:30">
        <Text>[xUnit.net 00:00:03.18]     Jarvis5.Tests.EaFms.TaskReview.DelegationPhaseIntegrityPostgresTests.NotStarted_SubmissionIsRejected [FAIL]</Text>
      </RunInfo>
      <RunInfo computerName="DESKTOP-TCCLH6H" outcome="Error" timestamp="2026-09-23T14:56:36.8787755+05:30">
        <Text>[xUnit.net 00:00:03.18]     Jarvis5.Tests.EaFms.Delegation.DelegationTypeOnlyTatTests.TatRuleApi_RejectsASecondActiveTypeOnlyRule_AndADelegationRuleWithASubtype [FAIL]</Text>
      </RunInfo>
      <RunInfo computerName="DESKTOP-TCCLH6H" outcome="Error" timestamp="2026-09-23T14:56:36.8789269+05:30">
        <Text>[xUnit.net 00:00:03.18]     Jarvis5.Tests.EaFms.TaskReview.DelegationPhaseIntegrityPostgresTests.ThreeReviews_TwoReworks_IndependentSnapshotsAndFreshStarts [FAIL]</Text>
      </RunInfo>
      <RunInfo computerName="DESKTOP-TCCLH6H" outcome="Error" timestamp="2026-09-23T14:56:36.8797022+05:30">
        <Text>[xUnit.net 00:00:03.18]     Jarvis5.Tests.EaFms.Delegation.DelegationTypeOnlyTatTests.Create_WithoutDelegationType_StaysNoTat_EvenWhenRulesExist(type: null) [FAIL]</Text>
      </RunInfo>
      <RunInfo computerName="DESKTOP-TCCLH6H" outcome="Error" timestamp="2026-09-23T14:56:36.8806404+05:30">
        <Text>[xUnit.net 00:00:03.18]     Jarvis5.Tests.EaFms.Delegation.DelegationTypeOnlyTatTests.Create_WithoutDelegationType_StaysNoTat_EvenWhenRulesExist(type: "") [FAIL]</Text>
      </RunInfo>
      <RunInfo computerName="DESKTOP-TCCLH6H" outcome="Error" timestamp="2026-09-23T14:56:36.8858640+05:30">
        <Text>[xUnit.net 00:00:03.18]     Jarvis5.Tests.EaFms.Delegation.DelegationTypeOnlyTatTests.Create_WithoutDelegationType_StaysNoTat_EvenWhenRulesExist(type: "   ") [FAIL]</Text>
      </RunInfo>
      <RunInfo computerName="DESKTOP-TCCLH6H" outcome="Error" timestamp="2026-09-23T14:56:36.8859797+05:30">
        <Text>[xUnit.net 00:00:03.18]     Jarvis5.Tests.EaFms.Delegation.DelegationTypeOnlyTatTests.SharedActiveTatCalculation_IsTheSameMathMeetingUses [FAIL]</Text>
      </RunInfo>
      <RunInfo computerName="DESKTOP-TCCLH6H" outcome="Error" timestamp="2026-09-23T14:56:36.8860777+05:30">
        <Text>[xUnit.net 00:00:03.18]     Jarvis5.Tests.EaFms.Delegation.DelegationTypeOnlyTatTests.TypeOnlyCreation_IsRefusedForAnyOtherModule [FAIL]</Text>
      </RunInfo>
      <RunInfo computerName="DESKTOP-TCCLH6H" outcome="Error" timestamp="2026-09-23T14:56:36.8861540+05:30">
        <Text>[xUnit.net 00:00:03.19]     Jarvis5.Tests.EaFms.Delegation.DelegationTypeOnlyTatTests.Complete_NoTatDelegation_LeavesTatUsedNull_AndStillWorks [FAIL]</Text>
      </RunInfo>
      <RunInfo computerName="DESKTOP-TCCLH6H" outcome="Error" timestamp="2026-09-23T14:56:36.8862386+05:30">
        <Text>[xUnit.net 00:00:03.19]     Jarvis5.Tests.EaFms.Delegation.DelegationTypeOnlyTatTests.TatRuleApi_AcceptsADelegationRuleWithModuleTypeAndMinutesOnly [FAIL]</Text>
      </RunInfo>
      <RunInfo computerName="DESKTOP-TCCLH6H" outcome="Error" timestamp="2026-09-23T14:56:36.8864530+05:30">
        <Text>[xUnit.net 00:00:03.19]     Jarvis5.Tests.EaFms.Delegation.DelegationTypeOnlyTatTests.EmReport_TatEnabledDelegation_OverItsTat_IsDelayed_EvenWithAFutureEndDate [FAIL]</Text>
      </RunInfo>
      <RunInfo computerName="DESKTOP-TCCLH6H" outcome="Error" timestamp="2026-09-23T14:56:36.8874610+05:30">
        <Text>[xUnit.net 00:00:03.19]     Jarvis5.Tests.EaFms.Delegation.DelegationTypeOnlyTatTests.Delegation_HasNoSubtypeAnywhere_AndNoHardcodedTypeOptions [FAIL]</Text>
      </RunInfo>
      <RunInfo computerName="DESKTOP-TCCLH6H" outcome="Error" timestamp="2026-09-23T14:56:36.8883161+05:30">
        <Text>[xUnit.net 00:00:03.19]     Jarvis5.Tests.EaFms.Delegation.DelegationTypeOnlyTatTests.Create_ARuleThatCarriesASubtype_IsNotATypeOnlyMatch_AndNoGeneralSubtypeIsEverGenerated [FAIL]</Text>
      </RunInfo>
      <RunInfo computerName="DESKTOP-TCCLH6H" outcome="Error" timestamp="2026-09-23T14:56:36.8895573+05:30">
        <Text>[xUnit.net 00:00:03.19]     Jarvis5.Tests.EaFms.Delegation.DelegationTypeOnlyTatTests.Create_RuleLookup_IsCaseAndWhitespaceInsensitive_LikeTheExistingExactLookup [FAIL]</Text>
      </RunInfo>
      <RunInfo computerName="DESKTOP-TCCLH6H" outcome="Error" timestamp="2026-09-23T14:56:36.9020573+05:30">
        <Text>[xUnit.net 00:00:03.19]     Jarvis5.Tests.EaFms.Delegation.DelegationTypeOnlyTatTests.Create_ANewFrontendType_WorksWithoutAnyBackendChange_WhenItsRuleIsConfigured [FAIL]</Text>
      </RunInfo>
      <RunInfo computerName="DESKTOP-TCCLH6H" outcome="Error" timestamp="2026-09-23T14:56:36.9021352+05:30">
        <Text>[xUnit.net 00:00:03.19]     Jarvis5.Tests.EaFms.Delegation.DelegationTypeOnlyTatTests.Create_MissingTypeRule_FailsWithTheCanonicalTatFailure_AndCreatesNothing [FAIL]</Text>
      </RunInfo>
      <RunInfo computerName="DESKTOP-TCCLH6H" outcome="Error" timestamp="2026-09-23T14:56:36.9022185+05:30">
        <Text>[xUnit.net 00:00:03.19]     Jarvis5.Tests.EaFms.Delegation.DelegationTypeOnlyTatTests.Start_TheActualStartedAt_StartsTheClock_NotThePlannedStartDate [FAIL]</Text>
      </RunInfo>
      <RunInfo computerName="DESKTOP-TCCLH6H" outcome="Error" timestamp="2026-09-23T14:56:36.9023001+05:30">
        <Text>[xUnit.net 00:00:03.20]     Jarvis5.Tests.EaFms.Delegation.DelegationTypeOnlyTatTests.DuplicateActiveRules_NormalizedIdentity_IsRejectedByDatabase [FAIL]</Text>
      </RunInfo>
      <RunInfo computerName="DESKTOP-TCCLH6H" outcome="Error" timestamp="2026-09-23T14:56:40.3354144+05:30">
        <Text>[xUnit.net 00:00:06.64]     Jarvis5.Tests.EaFms.Meetings.MeetingToDelegationTests.CompleteAsync_ValidDoerId_NullDoerName_SucceedsWithNullNameSnapshot [FAIL]</Text>
      </RunInfo>
      <RunInfo computerName="DESKTOP-TCCLH6H" outcome="Error" timestamp="2026-09-23T14:56:40.4289628+05:30">
        <Text>[xUnit.net 00:00:06.73]     Jarvis5.Tests.EaFms.Meetings.MeetingToDelegationTests.CompleteAsync_OneValidAction_CreatesExactlyOneDelegation_WithFullFieldMapping [FAIL]</Text>
      </RunInfo>
      <RunInfo computerName="DESKTOP-TCCLH6H" outcome="Error" timestamp="2026-09-23T14:56:40.6619521+05:30">
        <Text>[xUnit.net 00:00:06.96]     Jarvis5.Tests.EaFms.Meetings.MeetingToDelegationTests.CompleteAsync_MissingDoerId_FailsCompletion_NoFakeDoer_NoPartialDelegations_MeetingRemainsIncomplete(blankDoerId: "   ") [FAIL]</Text>
      </RunInfo>
      <RunInfo computerName="DESKTOP-TCCLH6H" outcome="Error" timestamp="2026-09-23T14:56:40.8015812+05:30">
        <Text>[xUnit.net 00:00:07.10]     Jarvis5.Tests.EaFms.Meetings.MeetingToDelegationTests.CompleteAsync_MissingDoerId_FailsCompletion_NoFakeDoer_NoPartialDelegations_MeetingRemainsIncomplete(blankDoerId: null) [FAIL]</Text>
      </RunInfo>
      <RunInfo computerName="DESKTOP-TCCLH6H" outcome="Error" timestamp="2026-09-23T14:56:40.9912977+05:30">
        <Text>[xUnit.net 00:00:07.29]     Jarvis5.Tests.EaFms.Meetings.MeetingToDelegationTests.CompleteAsync_MissingDoerId_FailsCompletion_NoFakeDoer_NoPartialDelegations_MeetingRemainsIncomplete(blankDoerId: "") [FAIL]</Text>
      </RunInfo>
      <RunInfo computerName="DESKTOP-TCCLH6H" outcome="Error" timestamp="2026-09-23T14:56:41.1781532+05:30">
        <Text>[xUnit.net 00:00:07.48]     Jarvis5.Tests.EaFms.Meetings.MeetingToDelegationTests.GeneratedDelegation_StartAndCompleteLifecycle_WorksViaExistingEndpoints_MeetingDoesNotAutoCompleteIt [FAIL]</Text>
      </RunInfo>
      <RunInfo computerName="DESKTOP-TCCLH6H" outcome="Error" timestamp="2026-09-23T14:56:41.3626823+05:30">
        <Text>[xUnit.net 00:00:07.66]     Jarvis5.Tests.EaFms.Meetings.MeetingToDelegationTests.CompleteAsync_BlankCompletionMom_IsAllowed_AndStoredAsNull [FAIL]</Text>
      </RunInfo>
      <RunInfo computerName="DESKTOP-TCCLH6H" outcome="Error" timestamp="2026-09-23T14:56:41.5208008+05:30">
        <Text>[xUnit.net 00:00:07.82]     Jarvis5.Tests.EaFms.Meetings.MeetingToDelegationTests.CompleteAsync_ConcurrentCompletion_AtMostOneDelegationPerAction [FAIL]</Text>
      </RunInfo>
      <RunInfo computerName="DESKTOP-TCCLH6H" outcome="Error" timestamp="2026-09-23T14:56:41.5969795+05:30">
        <Text>[xUnit.net 00:00:07.90]     Jarvis5.Tests.EaFms.Meetings.MeetingToDelegationTests.ManualDelegation_StillHasNullSource_UnaffectedByMeetingIntegration [FAIL]</Text>
      </RunInfo>
      <RunInfo computerName="DESKTOP-TCCLH6H" outcome="Error" timestamp="2026-09-23T14:56:41.6532278+05:30">
        <Text>[xUnit.net 00:00:07.95]     Jarvis5.Tests.EaFms.Meetings.MeetingToDelegationTests.GeneratedDelegation_VisibleThroughDoerIdFilter_DifferentDoerExcluded [FAIL]</Text>
      </RunInfo>
      <RunInfo computerName="DESKTOP-TCCLH6H" outcome="Error" timestamp="2026-09-23T14:56:41.7153817+05:30">
        <Text>[xUnit.net 00:00:08.02]     Jarvis5.Tests.EaFms.Meetings.MeetingToDelegationTests.CompleteAsync_ExistingSourceLinkedDelegation_DuplicateNotCreated [FAIL]</Text>
      </RunInfo>
      <RunInfo computerName="DESKTOP-TCCLH6H" outcome="Error" timestamp="2026-09-23T14:56:41.7871283+05:30">
        <Text>[xUnit.net 00:00:08.09]     Jarvis5.Tests.EaFms.Meetings.MeetingToDelegationTests.CompleteAsync_FailureDuringSecondDelegationCreation_RollsBackFirstToo [FAIL]</Text>
      </RunInfo>
      <RunInfo computerName="DESKTOP-TCCLH6H" outcome="Error" timestamp="2026-09-23T14:56:41.9557605+05:30">
        <Text>[xUnit.net 00:00:08.26]     Jarvis5.Tests.EaFms.Meetings.MeetingToDelegationTests.CompleteAsync_MultipleValidActions_CreatesOneDelegationPerAction [FAIL]</Text>
      </RunInfo>
      <RunInfo computerName="DESKTOP-TCCLH6H" outcome="Error" timestamp="2026-09-23T14:56:42.0170974+05:30">
        <Text>[xUnit.net 00:00:08.32]     Jarvis5.Tests.EaFms.Meetings.MeetingToDelegationTests.CompleteAsync_DeletedMeetingAction_CreatesNoDelegation [FAIL]</Text>
      </RunInfo>
      <RunInfo computerName="DESKTOP-TCCLH6H" outcome="Error" timestamp="2026-09-23T14:56:42.0797674+05:30">
        <Text>[xUnit.net 00:00:08.38]     Jarvis5.Tests.EaFms.Meetings.MeetingToDelegationTests.CompleteAsync_ZeroMeetingActions_CompletesMeeting_CreatesZeroDelegations [FAIL]</Text>
      </RunInfo>
      <RunInfo computerName="DESKTOP-TCCLH6H" outcome="Error" timestamp="2026-09-23T14:56:42.1380378+05:30">
        <Text>[xUnit.net 00:00:08.44]     Jarvis5.Tests.EaFms.Meetings.MeetingToDelegationTests.CompleteAsync_RetryAfterSuccess_SecondCallRejected_NoDuplicateDelegation [FAIL]</Text>
      </RunInfo>
    </RunInfos>
  </ResultSummary>
</TestRun>