<?xml version="1.0" encoding="utf-8"?>
<TestRun id="04df30a2-ef5e-492e-9430-052befa96423" name="admin@DESKTOP-TCCLH6H 2026-09-24 09:48:33" runUser="DESKTOP-TCCLH6H\CodexSandboxOffline" xmlns="http://microsoft.com/schemas/VisualStudio/TeamTest/2010">
  <Times creation="2026-09-24T09:48:33.6874669+05:30" queuing="2026-09-24T09:48:33.6874672+05:30" start="2026-09-24T09:48:29.3686059+05:30" finish="2026-09-24T09:48:37.0612583+05:30" />
  <TestSettings name="default" id="bf080264-93ed-466e-9a3c-bd0a3077a5c3">
    <Deployment runDeploymentRoot="admin_DESKTOP-TCCLH6H_2026-09-24_09_48_33" />
  </TestSettings>
  <Results>
    <UnitTestResult executionId="94b8c8c6-d065-478b-9fe9-7f799c0637c4" testId="55510339-9d9f-1428-d787-5a341843222c" testName="Jarvis5.Tests.EaFms.TaskReview.ApprovalTaskReviewTests.SubmitForReview_WhilePendingReview_Rejected" computerName="DESKTOP-TCCLH6H" duration="00:00:00.0151967" startTime="2026-09-24T09:48:34.9622930+05:30" endTime="2026-09-24T09:48:34.9622931+05:30" testType="13cdc9d9-ddb5-4fa4-a97d-d965ccfc6d4b" outcome="Passed" testListId="8c84fa94-04c1-424b-9868-57a2d4851a1d" relativeResultsDirectory="94b8c8c6-d065-478b-9fe9-7f799c0637c4" />
    <UnitTestResult executionId="cdd5c817-ede8-406d-b8ee-c244463bcc04" testId="23241a0f-51df-0294-b9ec-5463b7dd273c" testName="Jarvis5.Tests.EaFms.Approvals.ApprovalApprovedRejectedByTests.NoUsersHrmsOrJwtDependency_InTheDecisionPath" computerName="DESKTOP-TCCLH6H" duration="00:00:00.0010425" startTime="2026-09-24T09:48:34.9110440+05:30" endTime="2026-09-24T09:48:34.9110443+05:30" testType="13cdc9d9-ddb5-4fa4-a97d-d965ccfc6d4b" outcome="Passed" testListId="8c84fa94-04c1-424b-9868-57a2d4851a1d" relativeResultsDirectory="cdd5c817-ede8-406d-b8ee-c244463bcc04" />
    <UnitTestResult executionId="fc02b18c-1379-428c-8cf8-651c577e64ce" testId="82c1781f-ac89-c9af-428c-fc49a817dd3f" testName="Jarvis5.Tests.EaFms.TaskReview.ApprovalTaskReviewTests.FullCycle_Submit_Rework_Resubmit_Approve" computerName="DESKTOP-TCCLH6H" duration="00:00:00.1330256" startTime="2026-09-24T09:48:34.8419622+05:30" endTime="2026-09-24T09:48:34.8419625+05:30" testType="13cdc9d9-ddb5-4fa4-a97d-d965ccfc6d4b" outcome="Passed" testListId="8c84fa94-04c1-424b-9868-57a2d4851a1d" relativeResultsDirectory="fc02b18c-1379-428c-8cf8-651c577e64ce" />
    <UnitTestResult executionId="f944c8f6-d269-420b-bdf4-2820138d5c94" testId="9ccfc23a-6814-f234-4ffa-2d4627aa5f72" testName="Jarvis5.Tests.EaFms.Approvals.ApprovalPhaseTatTests.Pause_AfterBusinessDecision_Throws409_NotInProgress" computerName="DESKTOP-TCCLH6H" duration="00:00:00.0118751" startTime="2026-09-24T09:48:36.9309702+05:30" endTime="2026-09-24T09:48:36.9309704+05:30" testType="13cdc9d9-ddb5-4fa4-a97d-d965ccfc6d4b" outcome="Passed" testListId="8c84fa94-04c1-424b-9868-57a2d4851a1d" relativeResultsDirectory="f944c8f6-d269-420b-bdf4-2820138d5c94" />
    <UnitTestResult executionId="656dfef1-7025-4117-bbe1-2229573fd6e0" testId="0f028f84-7155-f5b2-a046-138955c3f1aa" testName="Jarvis5.Tests.EaFms.Approvals.ApprovalPhaseTatTests.ExplicitStarts_AllPhases_OpenIdle_RejectWrongOrRepeatedStarts" computerName="DESKTOP-TCCLH6H" duration="00:00:00.0469726" startTime="2026-09-24T09:48:35.1473487+05:30" endTime="2026-09-24T09:48:35.1473490+05:30" testType="13cdc9d9-ddb5-4fa4-a97d-d965ccfc6d4b" outcome="Passed" testListId="8c84fa94-04c1-424b-9868-57a2d4851a1d" relativeResultsDirectory="656dfef1-7025-4117-bbe1-2229573fd6e0" />
    <UnitTestResult executionId="3299ab5a-597c-4077-9ca6-e253a651e5d6" testId="478c948f-7cc6-8743-efe4-973bf1161d5b" testName="Jarvis5.Tests.EaFms.Approvals.ApprovalTatRuleServiceIntegrationTests.TatRuleService_RejectsApprovalRule_WithBothSubtypeAndTaskType" computerName="DESKTOP-TCCLH6H" duration="00:00:00.0010000" startTime="2026-09-24T09:48:33.6689750+05:30" endTime="2026-09-24T09:48:33.6689751+05:30" testType="13cdc9d9-ddb5-4fa4-a97d-d965ccfc6d4b" outcome="Failed" testListId="8c84fa94-04c1-424b-9868-57a2d4851a1d" relativeResultsDirectory="3299ab5a-597c-4077-9ca6-e253a651e5d6">
      <Output>
        <ErrorInfo>
          <Message>System.TypeInitializationException : The type initializer for 'Jarvis5.Tests.EaFms.Delegation.ScratchTatDatabase' threw an exception.&#xD;
---- System.InvalidOperationException : Set EA_DELEGATION_TEST_SERVER to a PostgreSQL connection with CREATE DATABASE permission. Tests only write a generated scratch database.</Message>
          <StackTrace>   at Jarvis5.Tests.EaFms.Delegation.ScratchTatDatabase.InitializeAsync() in F:\eaworking\backend work\EA_API_SOURCE\Tests\EaFms\Delegation\DelegationTypeOnlyTatTests.cs:line 45&#xD;
----- Inner Stack Trace -----&#xD;
   at Jarvis5.Tests.EaFms.Delegation.ScratchTatDatabase..cctor() in F:\eaworking\backend work\EA_API_SOURCE\Tests\EaFms\Delegation\DelegationTypeOnlyTatTests.cs:line 33</StackTrace>
        </ErrorInfo>
      </Output>
    </UnitTestResult>
    <UnitTestResult executionId="4dabac3b-e0a8-4966-a4a8-e1f0673750ee" testId="1a6c8a8f-a1b3-1c30-4a18-d75a06f724ec" testName="Jarvis5.Tests.EaFms.Approvals.ApprovalPhaseTatTests.Create_OpensActualPhaseIdle_WithResolvedTat" computerName="DESKTOP-TCCLH6H" duration="00:00:00.0074824" startTime="2026-09-24T09:48:35.1001939+05:30" endTime="2026-09-24T09:48:35.1001940+05:30" testType="13cdc9d9-ddb5-4fa4-a97d-d965ccfc6d4b" outcome="Passed" testListId="8c84fa94-04c1-424b-9868-57a2d4851a1d" relativeResultsDirectory="4dabac3b-e0a8-4966-a4a8-e1f0673750ee" />
    <UnitTestResult executionId="8d65d00d-7639-47e3-bd0e-d85d38f476a1" testId="79cedbaa-703a-b61b-0fb9-02cdfc3cbc4d" testName="Jarvis5.Tests.EaFms.Approvals.ApprovalApprovedRejectedByTests.ApproverName_StaysTheDesignatedApprover_SeparateFromApprovedBy" computerName="DESKTOP-TCCLH6H" duration="00:00:00.0996316" startTime="2026-09-24T09:48:34.5920562+05:30" endTime="2026-09-24T09:48:34.5920566+05:30" testType="13cdc9d9-ddb5-4fa4-a97d-d965ccfc6d4b" outcome="Passed" testListId="8c84fa94-04c1-424b-9868-57a2d4851a1d" relativeResultsDirectory="8d65d00d-7639-47e3-bd0e-d85d38f476a1" />
    <UnitTestResult executionId="851925f9-f67e-4f24-9471-de25080e2df6" testId="cd97f41d-b4e6-c4ee-bad5-66cb649398d6" testName="Jarvis5.Tests.EaFms.TaskReview.ApprovalTaskReviewTests.Phase10G_BusinessReject_PreservesExistingRejectionBehavior" computerName="DESKTOP-TCCLH6H" duration="00:00:00.0075153" startTime="2026-09-24T09:48:34.9699171+05:30" endTime="2026-09-24T09:48:34.9699172+05:30" testType="13cdc9d9-ddb5-4fa4-a97d-d965ccfc6d4b" outcome="Passed" testListId="8c84fa94-04c1-424b-9868-57a2d4851a1d" relativeResultsDirectory="851925f9-f67e-4f24-9471-de25080e2df6" />
    <UnitTestResult executionId="d05b127a-ad73-449c-b725-1f29bc4e80b8" testId="e5d0b6f3-9c78-aa2f-5127-0039dbeb091b" testName="Jarvis5.Tests.EaFms.ApprovalDocuments.ApprovalDocumentServiceTests.Upload_MissingFile_Throws" computerName="DESKTOP-TCCLH6H" duration="00:00:00.2816073" startTime="2026-09-24T09:48:32.8807251+05:30" endTime="2026-09-24T09:48:32.8807255+05:30" testType="13cdc9d9-ddb5-4fa4-a97d-d965ccfc6d4b" outcome="Passed" testListId="8c84fa94-04c1-424b-9868-57a2d4851a1d" relativeResultsDirectory="d05b127a-ad73-449c-b725-1f29bc4e80b8" />
    <UnitTestResult executionId="1c1af0d0-9ca4-4da2-95c0-5f2f4da87289" testId="c17da2c1-e6eb-21dd-45d2-d00b1273b810" testName="Jarvis5.Tests.EaFms.Approvals.ApprovalPhaseTatTests.GetApplicableForApprovalPhaseAsync_FallsBackToTaskTypeAgnosticCascade_WhenNoExactMatch" computerName="DESKTOP-TCCLH6H" duration="00:00:00.0048351" startTime="2026-09-24T09:48:35.1676001+05:30" endTime="2026-09-24T09:48:35.1676002+05:30" testType="13cdc9d9-ddb5-4fa4-a97d-d965ccfc6d4b" outcome="Passed" testListId="8c84fa94-04c1-424b-9868-57a2d4851a1d" relativeResultsDirectory="1c1af0d0-9ca4-4da2-95c0-5f2f4da87289" />
    <UnitTestResult executionId="35d21dd3-559c-44e1-a5e7-b89e798fcf53" testId="cf561802-f7d8-5279-ded0-9e5ae4d7b40b" testName="Jarvis5.Tests.EaFms.Approvals.ApprovalTatRuleServiceIntegrationTests.TatRuleService_AcceptsApprovalRule_WithTaskTypeSet_AndSubtypeOmitted" computerName="DESKTOP-TCCLH6H" duration="00:00:00.0010000" startTime="2026-09-24T09:48:33.6684446+05:30" endTime="2026-09-24T09:48:33.6684449+05:30" testType="13cdc9d9-ddb5-4fa4-a97d-d965ccfc6d4b" outcome="Failed" testListId="8c84fa94-04c1-424b-9868-57a2d4851a1d" relativeResultsDirectory="35d21dd3-559c-44e1-a5e7-b89e798fcf53">
      <Output>
        <ErrorInfo>
          <Message>System.TypeInitializationException : The type initializer for 'Jarvis5.Tests.EaFms.Delegation.ScratchTatDatabase' threw an exception.&#xD;
---- System.InvalidOperationException : Set EA_DELEGATION_TEST_SERVER to a PostgreSQL connection with CREATE DATABASE permission. Tests only write a generated scratch database.</Message>
          <StackTrace>   at Jarvis5.Tests.EaFms.Delegation.ScratchTatDatabase.InitializeAsync() in F:\eaworking\backend work\EA_API_SOURCE\Tests\EaFms\Delegation\DelegationTypeOnlyTatTests.cs:line 45&#xD;
----- Inner Stack Trace -----&#xD;
   at Jarvis5.Tests.EaFms.Delegation.ScratchTatDatabase..cctor() in F:\eaworking\backend work\EA_API_SOURCE\Tests\EaFms\Delegation\DelegationTypeOnlyTatTests.cs:line 33</StackTrace>
        </ErrorInfo>
      </Output>
    </UnitTestResult>
    <UnitTestResult executionId="0720c8f8-7ad8-4f0b-b565-fdbee33e988c" testId="79ec618d-bd8f-d64a-7822-32f76eb6320f" testName="Jarvis5.Tests.EaFms.ApprovalDocuments.ApprovalDocumentServiceIntegrationTests.Upload_WithNoCurrentCycle_IsRejected" computerName="DESKTOP-TCCLH6H" duration="00:00:00.0601517" startTime="2026-09-24T09:48:34.3455974+05:30" endTime="2026-09-24T09:48:34.3455979+05:30" testType="13cdc9d9-ddb5-4fa4-a97d-d965ccfc6d4b" outcome="Passed" testListId="8c84fa94-04c1-424b-9868-57a2d4851a1d" relativeResultsDirectory="0720c8f8-7ad8-4f0b-b565-fdbee33e988c" />
    <UnitTestResult executionId="26ba9dd6-d281-4452-a788-bd876b4ad395" testId="4f63d078-913d-60d5-c02e-7d14e227b7e9" testName="Jarvis5.Tests.EaFms.TaskReview.ApprovalTaskReviewTests.Phase11_BusinessReject_CompletesEaTask_ThenTaskReviewSubmit_IsBlocked" computerName="DESKTOP-TCCLH6H" duration="00:00:00.0158024" startTime="2026-09-24T09:48:34.8579028+05:30" endTime="2026-09-24T09:48:34.8579030+05:30" testType="13cdc9d9-ddb5-4fa4-a97d-d965ccfc6d4b" outcome="Passed" testListId="8c84fa94-04c1-424b-9868-57a2d4851a1d" relativeResultsDirectory="26ba9dd6-d281-4452-a788-bd876b4ad395" />
    <UnitTestResult executionId="773aede1-3d2f-4fe3-a22a-858169a77fe3" testId="ca5a7916-c80e-329d-2d23-01d3f09a2306" testName="Jarvis5.Tests.EaFms.Approvals.ApprovalApprovedRejectedByTests.ApproveAction_SetsApprovedAtFromTheServerClock_InTheSameSaveAsTheStatus_AndDetailReturnsIt" computerName="DESKTOP-TCCLH6H" duration="00:00:00.0211354" startTime="2026-09-24T09:48:34.9900775+05:30" endTime="2026-09-24T09:48:34.9900777+05:30" testType="13cdc9d9-ddb5-4fa4-a97d-d965ccfc6d4b" outcome="Passed" testListId="8c84fa94-04c1-424b-9868-57a2d4851a1d" relativeResultsDirectory="773aede1-3d2f-4fe3-a22a-858169a77fe3" />
    <UnitTestResult executionId="37f339ab-b2d7-48ab-9670-efb6ba81de7a" testId="02afa38e-05c2-e3e9-b00f-a68921ca0540" testName="Jarvis5.Tests.EaFms.ApprovalDocuments.ApprovalDocumentServiceComprehensiveTests.AuditAndFailureCleanup_FileDeletedOnPersistenceFailure" computerName="DESKTOP-TCCLH6H" duration="00:00:00.0231427" startTime="2026-09-24T09:48:34.8978923+05:30" endTime="2026-09-24T09:48:34.8978927+05:30" testType="13cdc9d9-ddb5-4fa4-a97d-d965ccfc6d4b" outcome="Passed" testListId="8c84fa94-04c1-424b-9868-57a2d4851a1d" relativeResultsDirectory="37f339ab-b2d7-48ab-9670-efb6ba81de7a" />
    <UnitTestResult executionId="14d2807b-4f65-4768-913f-dbc2193b5ce8" testId="eaa74c76-cdaf-39db-4aa0-fb43339eeb2f" testName="Jarvis5.Tests.EaFms.ApprovalDocuments.ApprovalDocumentServiceComprehensiveTests.Architecture_NoProhibitedApprovalSpecificEntities" computerName="DESKTOP-TCCLH6H" duration="00:00:00.0017823" startTime="2026-09-24T09:48:34.2175549+05:30" endTime="2026-09-24T09:48:34.2175552+05:30" testType="13cdc9d9-ddb5-4fa4-a97d-d965ccfc6d4b" outcome="Passed" testListId="8c84fa94-04c1-424b-9868-57a2d4851a1d" relativeResultsDirectory="14d2807b-4f65-4768-913f-dbc2193b5ce8" />
    <UnitTestResult executionId="9a139210-0efa-471f-a694-f50e188ea549" testId="b81609e8-a1de-b693-4513-eaece34e2e24" testName="Jarvis5.Tests.EaFms.Approvals.ApprovalAiServiceTests.RecommendApprover_WithHistory_HonorsAiPick_WhenItIsARealCandidate" computerName="DESKTOP-TCCLH6H" duration="00:00:00.0419008" startTime="2026-09-24T09:48:34.8610708+05:30" endTime="2026-09-24T09:48:34.8610711+05:30" testType="13cdc9d9-ddb5-4fa4-a97d-d965ccfc6d4b" outcome="Passed" testListId="8c84fa94-04c1-424b-9868-57a2d4851a1d" relativeResultsDirectory="9a139210-0efa-471f-a694-f50e188ea549" />
    <UnitTestResult executionId="f577746a-461e-427c-9339-2cd219ce16c9" testId="007fbc2f-07e0-4865-ce95-2ba40df435e6" testName="Jarvis5.Tests.EaFms.TaskReview.ApprovalTaskReviewTests.Phase11_TaskReviewPending_ThenBusinessApprove_BothCyclesCoexistIndependently" computerName="DESKTOP-TCCLH6H" duration="00:00:00.0181211" startTime="2026-09-24T09:48:34.9138569+05:30" endTime="2026-09-24T09:48:34.9138572+05:30" testType="13cdc9d9-ddb5-4fa4-a97d-d965ccfc6d4b" outcome="Passed" testListId="8c84fa94-04c1-424b-9868-57a2d4851a1d" relativeResultsDirectory="f577746a-461e-427c-9339-2cd219ce16c9" />
    <UnitTestResult executionId="5e96b21a-dcac-4a9b-b42b-95805201af86" testId="2d528b27-9efe-ca41-d1f4-9f19a4b7800d" testName="Jarvis5.Tests.EaFms.ApprovalDocuments.ApprovalDocumentServiceComprehensiveTests.Lifecycle_UploadAllowedAndDeniedByWorkflowStatus" computerName="DESKTOP-TCCLH6H" duration="00:00:00.6085652" startTime="2026-09-24T09:48:34.8248322+05:30" endTime="2026-09-24T09:48:34.8248325+05:30" testType="13cdc9d9-ddb5-4fa4-a97d-d965ccfc6d4b" outcome="Passed" testListId="8c84fa94-04c1-424b-9868-57a2d4851a1d" relativeResultsDirectory="5e96b21a-dcac-4a9b-b42b-95805201af86" />
    <UnitTestResult executionId="c2c12bc2-4185-4f75-b496-33071d2bf778" testId="1ed41273-c4d5-ed76-e91e-03f772074dd8" testName="Jarvis5.Tests.EaFms.ApprovalDocuments.ApprovalDocumentServiceComprehensiveTests.CycleLinking_ExplicitValidCurrentCycle_AllowsUpload" computerName="DESKTOP-TCCLH6H" duration="00:00:00.0499048" startTime="2026-09-24T09:48:34.8746124+05:30" endTime="2026-09-24T09:48:34.8746126+05:30" testType="13cdc9d9-ddb5-4fa4-a97d-d965ccfc6d4b" outcome="Passed" testListId="8c84fa94-04c1-424b-9868-57a2d4851a1d" relativeResultsDirectory="c2c12bc2-4185-4f75-b496-33071d2bf778" />
    <UnitTestResult executionId="160540fe-05d6-46e1-89d9-578d9b3cb641" testId="d6f5117c-24f7-b5b9-7baf-a4580a9e4c58" testName="Jarvis5.Tests.EaFms.Approvals.ApprovalPhaseTatTests.Start_UnknownApproval_ReturnsNotFound" computerName="DESKTOP-TCCLH6H" duration="00:00:00.0051861" startTime="2026-09-24T09:48:36.9189701+05:30" endTime="2026-09-24T09:48:36.9189703+05:30" testType="13cdc9d9-ddb5-4fa4-a97d-d965ccfc6d4b" outcome="Passed" testListId="8c84fa94-04c1-424b-9868-57a2d4851a1d" relativeResultsDirectory="160540fe-05d6-46e1-89d9-578d9b3cb641" />
    <UnitTestResult executionId="4baeb649-b0b8-44d3-bd7f-16beb60611e9" testId="d20f86e0-3848-34eb-652a-8bdc4aee54f3" testName="Jarvis5.Tests.EaFms.Approvals.ApprovalNoTatQueryTests.List_detail_and_dashboard_handle_optional_snapshot(minutes: null, started: True, dueState: &quot;Unavailable&quot;, overdueCount: 0)" computerName="DESKTOP-TCCLH6H" duration="00:00:02.5040434" startTime="2026-09-24T09:48:35.0996974+05:30" endTime="2026-09-24T09:48:35.0996975+05:30" testType="13cdc9d9-ddb5-4fa4-a97d-d965ccfc6d4b" outcome="Passed" testListId="8c84fa94-04c1-424b-9868-57a2d4851a1d" relativeResultsDirectory="4baeb649-b0b8-44d3-bd7f-16beb60611e9" />
    <UnitTestResult executionId="fd71b67a-9114-447c-b2c9-013532d6837d" testId="5c413a92-cf2c-164b-18a7-89e6ad4a60b6" testName="Jarvis5.Tests.EaFms.TaskReview.ApprovalTaskReviewTests.Phase11_BusinessApprove_CompletesEaTask_ThenTaskReviewSubmit_IsBlocked" computerName="DESKTOP-TCCLH6H" duration="00:00:00.0187623" startTime="2026-09-24T09:48:34.8768103+05:30" endTime="2026-09-24T09:48:34.8768105+05:30" testType="13cdc9d9-ddb5-4fa4-a97d-d965ccfc6d4b" outcome="Passed" testListId="8c84fa94-04c1-424b-9868-57a2d4851a1d" relativeResultsDirectory="fd71b67a-9114-447c-b2c9-013532d6837d" />
    <UnitTestResult executionId="2d908c84-e8e4-402a-81d7-d02338a17539" testId="9b4d25ff-df8c-71f3-b365-4bcf7c767e99" testName="Jarvis5.Tests.EaFms.ApprovalDocuments.ApprovalDocumentServiceComprehensiveTests.Authorization_CreatorApproverAndUnauthorizedBehaviors" computerName="DESKTOP-TCCLH6H" duration="00:00:00.0264260" startTime="2026-09-24T09:48:34.9920680+05:30" endTime="2026-09-24T09:48:34.9920682+05:30" testType="13cdc9d9-ddb5-4fa4-a97d-d965ccfc6d4b" outcome="Passed" testListId="8c84fa94-04c1-424b-9868-57a2d4851a1d" relativeResultsDirectory="2d908c84-e8e4-402a-81d7-d02338a17539" />
    <UnitTestResult executionId="011d6878-f46c-4140-bc03-369308560e56" testId="8aa09f58-cf11-a9ec-053d-6cf925447577" testName="Jarvis5.Tests.EaFms.Approvals.ApprovalAiServiceTests.RecommendApprover_NoHistoryForDepartment_ReturnsNullWithoutCallingClaude" computerName="DESKTOP-TCCLH6H" duration="00:00:00.0620091" startTime="2026-09-24T09:48:34.7915901+05:30" endTime="2026-09-24T09:48:34.7915903+05:30" testType="13cdc9d9-ddb5-4fa4-a97d-d965ccfc6d4b" outcome="Passed" testListId="8c84fa94-04c1-424b-9868-57a2d4851a1d" relativeResultsDirectory="011d6878-f46c-4140-bc03-369308560e56" />
    <UnitTestResult executionId="8ef03477-a3fe-42e3-bb4c-22a5056cd78f" testId="6ffb0b13-2b95-ecb7-ac2e-fb956ecf8a48" testName="Jarvis5.Tests.EaFms.ApprovalDocuments.ApprovalDocumentServiceComprehensiveTests.Upload_PathTraversalClientFilename_IsSanitizedAndStoredSafely" computerName="DESKTOP-TCCLH6H" duration="00:00:00.0133598" startTime="2026-09-24T09:48:35.0160738+05:30" endTime="2026-09-24T09:48:35.0160740+05:30" testType="13cdc9d9-ddb5-4fa4-a97d-d965ccfc6d4b" outcome="Passed" testListId="8c84fa94-04c1-424b-9868-57a2d4851a1d" relativeResultsDirectory="8ef03477-a3fe-42e3-bb4c-22a5056cd78f" />
    <UnitTestResult executionId="0e1e3e06-6296-4a83-8068-87db048b6f8e" testId="709b911c-fcbb-1f65-22bb-dde40803abde" testName="Jarvis5.Tests.EaFms.Approvals.ApprovalNoTatQueryTests.List_detail_and_dashboard_handle_optional_snapshot(minutes: 30, started: True, dueState: &quot;Overdue&quot;, overdueCount: 1)" computerName="DESKTOP-TCCLH6H" duration="00:00:00.0319532" startTime="2026-09-24T09:48:35.1317788+05:30" endTime="2026-09-24T09:48:35.1317791+05:30" testType="13cdc9d9-ddb5-4fa4-a97d-d965ccfc6d4b" outcome="Passed" testListId="8c84fa94-04c1-424b-9868-57a2d4851a1d" relativeResultsDirectory="0e1e3e06-6296-4a83-8068-87db048b6f8e" />
    <UnitTestResult executionId="0047454a-4709-456c-9bd1-a6ca569e3402" testId="8426a701-4228-6896-95ba-87bf7b4918b4" testName="Jarvis5.Tests.EaFms.Approvals.ApprovalPhaseTatTests.Resume_WithoutAnyPause_Throws409" computerName="DESKTOP-TCCLH6H" duration="00:00:00.0065121" startTime="2026-09-24T09:48:35.0566488+05:30" endTime="2026-09-24T09:48:35.0566490+05:30" testType="13cdc9d9-ddb5-4fa4-a97d-d965ccfc6d4b" outcome="Passed" testListId="8c84fa94-04c1-424b-9868-57a2d4851a1d" relativeResultsDirectory="0047454a-4709-456c-9bd1-a6ca569e3402" />
    <UnitTestResult executionId="9893b894-6a6f-444b-8149-d75f6cae9a45" testId="bf9075fd-a102-273c-966a-61bd6682e930" testName="Jarvis5.Tests.EaFms.Approvals.ApprovalPhaseTatTests.Create_NoMatchingRule_OpensActualPhase_WithNullAllotted_NeverThrows" computerName="DESKTOP-TCCLH6H" duration="00:00:00.0058348" startTime="2026-09-24T09:48:36.8782515+05:30" endTime="2026-09-24T09:48:36.8782517+05:30" testType="13cdc9d9-ddb5-4fa4-a97d-d965ccfc6d4b" outcome="Passed" testListId="8c84fa94-04c1-424b-9868-57a2d4851a1d" relativeResultsDirectory="9893b894-6a6f-444b-8149-d75f6cae9a45" />
    <UnitTestResult executionId="b6472061-9231-4099-8595-62b89122e182" testId="d2f5218b-6cb8-67e5-8d3e-e80db53edbed" testName="Jarvis5.Tests.EaFms.Approvals.ApprovalAiServiceTests.CheckReadiness_MalformedJson_RetriesThenSucceeds" computerName="DESKTOP-TCCLH6H" duration="00:00:00.0291268" startTime="2026-09-24T09:48:34.6847143+05:30" endTime="2026-09-24T09:48:34.6847144+05:30" testType="13cdc9d9-ddb5-4fa4-a97d-d965ccfc6d4b" outcome="Passed" testListId="8c84fa94-04c1-424b-9868-57a2d4851a1d" relativeResultsDirectory="b6472061-9231-4099-8595-62b89122e182" />
    <UnitTestResult executionId="8676eb2b-3dc6-49df-a759-ba8e38878dbc" testId="ff41ec65-028d-9f15-77b3-d1514896bae7" testName="Jarvis5.Tests.EaFms.ApprovalDocuments.ApprovalDocumentServiceComprehensiveTests.CycleLinking_OmittedApprovalCycleId_ResolvesCurrentCycleNo" computerName="DESKTOP-TCCLH6H" duration="00:00:00.0212277" startTime="2026-09-24T09:48:35.0815169+05:30" endTime="2026-09-24T09:48:35.0815174+05:30" testType="13cdc9d9-ddb5-4fa4-a97d-d965ccfc6d4b" outcome="Passed" testListId="8c84fa94-04c1-424b-9868-57a2d4851a1d" relativeResultsDirectory="8676eb2b-3dc6-49df-a759-ba8e38878dbc" />
    <UnitTestResult executionId="26424e72-c19a-469f-ad26-786a2da1f1e0" testId="ac896158-1240-9d40-6b40-d998d9db6a5e" testName="Jarvis5.Tests.EaFms.Approvals.ApprovalApprovedRejectedByTests.ApprovalPostSwaggerExample_ShowsApprovedByAndRejectedByAsNull_WithoutSampleData" computerName="DESKTOP-TCCLH6H" duration="00:00:00.0022506" startTime="2026-09-24T09:48:34.6868269+05:30" endTime="2026-09-24T09:48:34.6868271+05:30" testType="13cdc9d9-ddb5-4fa4-a97d-d965ccfc6d4b" outcome="Passed" testListId="8c84fa94-04c1-424b-9868-57a2d4851a1d" relativeResultsDirectory="26424e72-c19a-469f-ad26-786a2da1f1e0" />
    <UnitTestResult executionId="6853ffe8-4db0-4f6c-b402-2991d04a39aa" testId="799852c0-6589-3963-76ec-df5f544d6aa1" testName="Jarvis5.Tests.EaFms.TaskReview.ApprovalTaskReviewTests.Rework_WithoutPendingReview_Rejected" computerName="DESKTOP-TCCLH6H" duration="00:00:00.0084689" startTime="2026-09-24T09:48:34.9466947+05:30" endTime="2026-09-24T09:48:34.9466950+05:30" testType="13cdc9d9-ddb5-4fa4-a97d-d965ccfc6d4b" outcome="Passed" testListId="8c84fa94-04c1-424b-9868-57a2d4851a1d" relativeResultsDirectory="6853ffe8-4db0-4f6c-b402-2991d04a39aa" />
    <UnitTestResult executionId="056a7c5f-8458-4a25-b35b-506228164d95" testId="156b261e-40c3-5caa-4fde-f86e2f1ee01e" testName="Jarvis5.Tests.EaFms.Approvals.ApprovalPhaseTatTests.PauseThenResume_ReturnsApprovalDetailDto_WithIsPausedFlag" computerName="DESKTOP-TCCLH6H" duration="00:00:00.0175778" startTime="2026-09-24T09:48:36.8959753+05:30" endTime="2026-09-24T09:48:36.8959756+05:30" testType="13cdc9d9-ddb5-4fa4-a97d-d965ccfc6d4b" outcome="Passed" testListId="8c84fa94-04c1-424b-9868-57a2d4851a1d" relativeResultsDirectory="056a7c5f-8458-4a25-b35b-506228164d95" />
    <UnitTestResult executionId="5b7ff103-ee1d-4a2d-906f-4897306be1d0" testId="816ee892-e7a2-582a-7718-c77a66863f8a" testName="Jarvis5.Tests.EaFms.TaskReview.ApprovalTaskReviewTests.Phase10F_BusinessApprove_PreservesExistingApprovalBehavior" computerName="DESKTOP-TCCLH6H" duration="00:00:00.0975829" startTime="2026-09-24T09:48:34.5212322+05:30" endTime="2026-09-24T09:48:34.5212325+05:30" testType="13cdc9d9-ddb5-4fa4-a97d-d965ccfc6d4b" outcome="Passed" testListId="8c84fa94-04c1-424b-9868-57a2d4851a1d" relativeResultsDirectory="5b7ff103-ee1d-4a2d-906f-4897306be1d0" />
    <UnitTestResult executionId="9017607e-d52a-40ce-bf18-107e27b30b92" testId="cf59ff83-dcf0-2c16-06b7-2dac6e221008" testName="Jarvis5.Tests.EaFms.Followups.FollowupBusinessApiTests.Create_ApprovalFollowup_UsesReferenceNoTheCentralTaskIdentity" computerName="DESKTOP-TCCLH6H" duration="00:00:02.0292825" startTime="2026-09-24T09:48:34.6270067+05:30" endTime="2026-09-24T09:48:34.6270072+05:30" testType="13cdc9d9-ddb5-4fa4-a97d-d965ccfc6d4b" outcome="Passed" testListId="8c84fa94-04c1-424b-9868-57a2d4851a1d" relativeResultsDirectory="9017607e-d52a-40ce-bf18-107e27b30b92" />
    <UnitTestResult executionId="0c2a0707-9263-463f-8a24-345cbcc5bd6a" testId="f1e0d9c7-6564-fd03-65af-e8251b9dc729" testName="Jarvis5.Tests.EaFms.Approvals.ApprovalApprovedRejectedByTests.DraftSave_DoesNotSetApprovedAt" computerName="DESKTOP-TCCLH6H" duration="00:00:00.0231272" startTime="2026-09-24T09:48:34.9342699+05:30" endTime="2026-09-24T09:48:34.9342702+05:30" testType="13cdc9d9-ddb5-4fa4-a97d-d965ccfc6d4b" outcome="Passed" testListId="8c84fa94-04c1-424b-9868-57a2d4851a1d" relativeResultsDirectory="0c2a0707-9263-463f-8a24-345cbcc5bd6a" />
    <UnitTestResult executionId="0f81f3e2-de28-4244-8153-020b4903b549" testId="89c90b6f-d2e2-4a48-88c8-d272b2f51a67" testName="Jarvis5.Tests.EaFms.ApprovalDocuments.ApprovalDocumentServiceComprehensiveTests.CycleLinking_MissingCurrentCycle_IsRejected" computerName="DESKTOP-TCCLH6H" duration="00:00:00.0169050" startTime="2026-09-24T09:48:35.0985210+05:30" endTime="2026-09-24T09:48:35.0985212+05:30" testType="13cdc9d9-ddb5-4fa4-a97d-d965ccfc6d4b" outcome="Passed" testListId="8c84fa94-04c1-424b-9868-57a2d4851a1d" relativeResultsDirectory="0f81f3e2-de28-4244-8153-020b4903b549" />
    <UnitTestResult executionId="3127dc44-db05-4313-980c-4e6bfc0f9627" testId="cc3765c1-6c0e-eaa0-c94f-200e5f815252" testName="Jarvis5.Tests.EaFms.Approvals.ApprovalApprovedRejectedByTests.FailedApprove_LeavesApprovedAtNull" computerName="DESKTOP-TCCLH6H" duration="00:00:00.0121247" startTime="2026-09-24T09:48:34.6826595+05:30" endTime="2026-09-24T09:48:34.6826597+05:30" testType="13cdc9d9-ddb5-4fa4-a97d-d965ccfc6d4b" outcome="Passed" testListId="8c84fa94-04c1-424b-9868-57a2d4851a1d" relativeResultsDirectory="3127dc44-db05-4313-980c-4e6bfc0f9627" />
    <UnitTestResult executionId="da1a18d5-f99b-4017-9f00-83dfc6128a7b" testId="ec27e8cf-143f-2b14-46b9-62976b1fb286" testName="Jarvis5.Tests.EaFms.Approvals.ApprovalPhaseTatTests.Start_RejectsOpenPause_AndCancelledTask(type: &quot;Review&quot;)" computerName="DESKTOP-TCCLH6H" duration="00:00:00.0070889" startTime="2026-09-24T09:48:35.1902377+05:30" endTime="2026-09-24T09:48:35.1902378+05:30" testType="13cdc9d9-ddb5-4fa4-a97d-d965ccfc6d4b" outcome="Passed" testListId="8c84fa94-04c1-424b-9868-57a2d4851a1d" relativeResultsDirectory="da1a18d5-f99b-4017-9f00-83dfc6128a7b" />
    <UnitTestResult executionId="428ac19d-bb7c-490a-9b11-e6c2810c2212" testId="8e05107c-7319-9f85-9b50-07a249362d41" testName="Jarvis5.Tests.EaFms.Documents.DocumentRegisterTests.Approval_NumericRequestId_IsResolvedToTheReferenceNo_AndThenToTheRightEaTask" computerName="DESKTOP-TCCLH6H" duration="00:00:00.0010000" startTime="2026-09-24T09:48:32.6201796+05:30" endTime="2026-09-24T09:48:32.6202089+05:30" testType="13cdc9d9-ddb5-4fa4-a97d-d965ccfc6d4b" outcome="Failed" testListId="8c84fa94-04c1-424b-9868-57a2d4851a1d" relativeResultsDirectory="428ac19d-bb7c-490a-9b11-e6c2810c2212">
      <Output>
        <ErrorInfo>
          <Message>System.TypeInitializationException : The type initializer for 'Jarvis5.Tests.EaFms.Delegation.ScratchTatDatabase' threw an exception.&#xD;
---- System.InvalidOperationException : Set EA_DELEGATION_TEST_SERVER to a PostgreSQL connection with CREATE DATABASE permission. Tests only write a generated scratch database.</Message>
          <StackTrace>   at Jarvis5.Tests.EaFms.Delegation.ScratchTatDatabase.InitializeAsync() in F:\eaworking\backend work\EA_API_SOURCE\Tests\EaFms\Delegation\DelegationTypeOnlyTatTests.cs:line 45&#xD;
----- Inner Stack Trace -----&#xD;
   at Jarvis5.Tests.EaFms.Delegation.ScratchTatDatabase..cctor() in F:\eaworking\backend work\EA_API_SOURCE\Tests\EaFms\Delegation\DelegationTypeOnlyTatTests.cs:line 33</StackTrace>
        </ErrorInfo>
      </Output>
    </UnitTestResult>
    <UnitTestResult executionId="5f58a9aa-7de8-4b3b-b92a-3dc9ee1724f5" testId="b8d002c4-47b3-9866-b927-197aeddb2798" testName="Jarvis5.Tests.EaFms.Approvals.ApprovalPhaseTatTests.Approve_FreezesOpenPhase_AndClosesPauseAnchor_WhenOneExists" computerName="DESKTOP-TCCLH6H" duration="00:00:02.3704462" startTime="2026-09-24T09:48:34.9661158+05:30" endTime="2026-09-24T09:48:34.9661159+05:30" testType="13cdc9d9-ddb5-4fa4-a97d-d965ccfc6d4b" outcome="Passed" testListId="8c84fa94-04c1-424b-9868-57a2d4851a1d" relativeResultsDirectory="5f58a9aa-7de8-4b3b-b92a-3dc9ee1724f5" />
    <UnitTestResult executionId="967bdf19-91fd-4fe3-9218-f4ebf0e2d342" testId="30662c60-e890-4e7c-fde4-132607f337a9" testName="Jarvis5.Tests.EaFms.TaskReview.ApprovalTaskReviewTests.Approve_Twice_SecondCallRejected" computerName="DESKTOP-TCCLH6H" duration="00:00:00.1874399" startTime="2026-09-24T09:48:34.7087998+05:30" endTime="2026-09-24T09:48:34.7087999+05:30" testType="13cdc9d9-ddb5-4fa4-a97d-d965ccfc6d4b" outcome="Passed" testListId="8c84fa94-04c1-424b-9868-57a2d4851a1d" relativeResultsDirectory="967bdf19-91fd-4fe3-9218-f4ebf0e2d342" />
    <UnitTestResult executionId="1806054c-33dc-4d9b-81ba-31c469107a83" testId="d848bb47-727b-aa5f-3e7e-829c56094fa6" testName="Jarvis5.Tests.EaFms.Approvals.ApprovalApprovedRejectedByTests.RejectAction_SetsRejectedAt_AndNeverApprovedAt" computerName="DESKTOP-TCCLH6H" duration="00:00:00.0131595" startTime="2026-09-24T09:48:34.7039356+05:30" endTime="2026-09-24T09:48:34.7039359+05:30" testType="13cdc9d9-ddb5-4fa4-a97d-d965ccfc6d4b" outcome="Passed" testListId="8c84fa94-04c1-424b-9868-57a2d4851a1d" relativeResultsDirectory="1806054c-33dc-4d9b-81ba-31c469107a83" />
    <UnitTestResult executionId="1b51a3b2-0c3d-431d-8f10-7319e8218838" testId="3833e0a8-75ad-ab7c-1665-4b80d8abc138" testName="Jarvis5.Tests.EaFms.Approvals.ApprovalPhaseTatTests.Start_RejectsOpenPause_AndCancelledTask(type: &quot;Rework&quot;)" computerName="DESKTOP-TCCLH6H" duration="00:00:00.0059154" startTime="2026-09-24T09:48:35.1830543+05:30" endTime="2026-09-24T09:48:35.1830544+05:30" testType="13cdc9d9-ddb5-4fa4-a97d-d965ccfc6d4b" outcome="Passed" testListId="8c84fa94-04c1-424b-9868-57a2d4851a1d" relativeResultsDirectory="1b51a3b2-0c3d-431d-8f10-7319e8218838" />
    <UnitTestResult executionId="2f730b08-f8d7-4ecc-8187-35ceec3c2fbb" testId="f076e0eb-2b47-47ac-e74c-8cfde9f72b88" testName="Jarvis5.Tests.EaFms.Approvals.ApprovalCreateSubmitTests.Create_WithOneDocument_AssociatesAfterCycleExists" computerName="DESKTOP-TCCLH6H" duration="00:00:00.2296017" startTime="2026-09-24T09:48:34.7173178+05:30" endTime="2026-09-24T09:48:34.7173181+05:30" testType="13cdc9d9-ddb5-4fa4-a97d-d965ccfc6d4b" outcome="Passed" testListId="8c84fa94-04c1-424b-9868-57a2d4851a1d" relativeResultsDirectory="2f730b08-f8d7-4ecc-8187-35ceec3c2fbb" />
    <UnitTestResult executionId="92de5fda-eaa2-4da0-8c23-a6c991ef3b4b" testId="12662aed-c2a3-f296-984e-4692b6b7e929" testName="Jarvis5.Tests.EaFms.Approvals.ApprovalPhaseTatTests.Reject_FreezesOpenPhase_EvenWithoutAPauseAnchor" computerName="DESKTOP-TCCLH6H" duration="00:00:00.0063276" startTime="2026-09-24T09:48:34.9725403+05:30" endTime="2026-09-24T09:48:34.9725404+05:30" testType="13cdc9d9-ddb5-4fa4-a97d-d965ccfc6d4b" outcome="Passed" testListId="8c84fa94-04c1-424b-9868-57a2d4851a1d" relativeResultsDirectory="92de5fda-eaa2-4da0-8c23-a6c991ef3b4b" />
    <UnitTestResult executionId="df14356c-26e9-4c52-9669-9e2bcc81b5b7" testId="fb38b9d5-e6da-7854-f00c-9117cd0c34b7" testName="Jarvis5.Tests.EaFms.Approvals.ApprovalPhaseTatTests.BusinessDecision_WithoutStart_FreezesZeroSnapshot(approve: False, withTat: False)" computerName="DESKTOP-TCCLH6H" duration="00:00:00.0093408" startTime="2026-09-24T09:48:35.0377056+05:30" endTime="2026-09-24T09:48:35.0377057+05:30" testType="13cdc9d9-ddb5-4fa4-a97d-d965ccfc6d4b" outcome="Passed" testListId="8c84fa94-04c1-424b-9868-57a2d4851a1d" relativeResultsDirectory="df14356c-26e9-4c52-9669-9e2bcc81b5b7" />
    <UnitTestResult executionId="1c79ba48-3ec1-4d39-bd60-b3452a1e8908" testId="65b7301a-3b53-c87c-0761-a7d814c9d271" testName="Jarvis5.Tests.EaFms.Approvals.ApprovalApprovedRejectedByTests.ApproveAction_SetsApprovedByToTheActor_ClearsRejectedBy_AndKeepsTheDesignatedApprover" computerName="DESKTOP-TCCLH6H" duration="00:00:00.0117467" startTime="2026-09-24T09:48:34.6160621+05:30" endTime="2026-09-24T09:48:34.6160623+05:30" testType="13cdc9d9-ddb5-4fa4-a97d-d965ccfc6d4b" outcome="Passed" testListId="8c84fa94-04c1-424b-9868-57a2d4851a1d" relativeResultsDirectory="1c79ba48-3ec1-4d39-bd60-b3452a1e8908" />
    <UnitTestResult executionId="4859fdca-690d-4910-b02d-0d827e2d8f77" testId="193027f7-b368-5759-9dd5-01fe92eb98f2" testName="Jarvis5.Tests.EaFms.Approvals.ApprovalPhaseTatTests.NullableStart_MigrationAndSnapshotMatchModel" computerName="DESKTOP-TCCLH6H" duration="00:00:01.6728142" startTime="2026-09-24T09:48:36.8722042+05:30" endTime="2026-09-24T09:48:36.8722045+05:30" testType="13cdc9d9-ddb5-4fa4-a97d-d965ccfc6d4b" outcome="Passed" testListId="8c84fa94-04c1-424b-9868-57a2d4851a1d" relativeResultsDirectory="4859fdca-690d-4910-b02d-0d827e2d8f77" />
    <UnitTestResult executionId="b56e9199-891a-4b89-b948-fe599070658f" testId="16662b56-4ca0-d1b6-266c-94cc7275be22" testName="Jarvis5.Tests.EaFms.Approvals.ApprovalAiServiceTests.CheckReadiness_NeverWritesToTheDatabase" computerName="DESKTOP-TCCLH6H" duration="00:00:00.1377542" startTime="2026-09-24T09:48:34.6546813+05:30" endTime="2026-09-24T09:48:34.6546815+05:30" testType="13cdc9d9-ddb5-4fa4-a97d-d965ccfc6d4b" outcome="Passed" testListId="8c84fa94-04c1-424b-9868-57a2d4851a1d" relativeResultsDirectory="b56e9199-891a-4b89-b948-fe599070658f" />
    <UnitTestResult executionId="fd4c7d65-64c8-4d98-ab2b-eff4e1e6fb9d" testId="ab74e710-5434-03e1-9307-d7e8c51c3959" testName="Jarvis5.Tests.EaFms.Approvals.ApprovalCreateSubmitTests.Create_WithMultipleDocuments_AssociatesAllToFirstCycle" computerName="DESKTOP-TCCLH6H" duration="00:00:00.0377812" startTime="2026-09-24T09:48:34.7552453+05:30" endTime="2026-09-24T09:48:34.7552455+05:30" testType="13cdc9d9-ddb5-4fa4-a97d-d965ccfc6d4b" outcome="Passed" testListId="8c84fa94-04c1-424b-9868-57a2d4851a1d" relativeResultsDirectory="fd4c7d65-64c8-4d98-ab2b-eff4e1e6fb9d" />
    <UnitTestResult executionId="ea639bb1-a654-4d11-b209-222ffcf754fa" testId="7be7307b-4cce-f412-6331-e4f3fbe47c63" testName="Jarvis5.Tests.EaFms.Approvals.ApprovalApprovedRejectedByTests.DraftSave_AppliesApprovedByAndRejectedBy" computerName="DESKTOP-TCCLH6H" duration="00:00:00.0309587" startTime="2026-09-24T09:48:34.6447765+05:30" endTime="2026-09-24T09:48:34.6447770+05:30" testType="13cdc9d9-ddb5-4fa4-a97d-d965ccfc6d4b" outcome="Passed" testListId="8c84fa94-04c1-424b-9868-57a2d4851a1d" relativeResultsDirectory="ea639bb1-a654-4d11-b209-222ffcf754fa" />
    <UnitTestResult executionId="f799b605-87a2-4eae-b54e-29082a30f503" testId="f0f152ae-5c29-2a20-76f0-e9bfd97745d9" testName="Jarvis5.Tests.EaFms.TaskReview.ApprovalTaskReviewTests.Phase10E_BusinessResubmit_DoesNotCreateOrChangeTaskReview" computerName="DESKTOP-TCCLH6H" duration="00:00:00.0235763" startTime="2026-09-24T09:48:34.9390573+05:30" endTime="2026-09-24T09:48:34.9390575+05:30" testType="13cdc9d9-ddb5-4fa4-a97d-d965ccfc6d4b" outcome="Passed" testListId="8c84fa94-04c1-424b-9868-57a2d4851a1d" relativeResultsDirectory="f799b605-87a2-4eae-b54e-29082a30f503" />
    <UnitTestResult executionId="79bd4c75-bc36-47ee-b5b9-73622d070b4d" testId="9d7cd68d-dcd8-04b9-5fa8-4f9489ed3c47" testName="Jarvis5.Tests.EaFms.TaskReview.ApprovalTaskReviewTests.Phase10D_BusinessRequestChanges_DoesNotCreateOrChangeTaskReview" computerName="DESKTOP-TCCLH6H" duration="00:00:00.0099745" startTime="2026-09-24T09:48:34.8869048+05:30" endTime="2026-09-24T09:48:34.8869051+05:30" testType="13cdc9d9-ddb5-4fa4-a97d-d965ccfc6d4b" outcome="Passed" testListId="8c84fa94-04c1-424b-9868-57a2d4851a1d" relativeResultsDirectory="79bd4c75-bc36-47ee-b5b9-73622d070b4d" />
    <UnitTestResult executionId="67c95be4-41b8-409b-b49c-d13d07a88471" testId="6f016a01-cac9-8f5b-ef81-12aeff6e1685" testName="Jarvis5.Tests.EaFms.Approvals.ApprovalAiServiceTests.CheckReadiness_ReturnsAiJudgement_AndAlwaysWarnsAboutFileContents" computerName="DESKTOP-TCCLH6H" duration="00:00:00.0144901" startTime="2026-09-24T09:48:34.6987044+05:30" endTime="2026-09-24T09:48:34.6987046+05:30" testType="13cdc9d9-ddb5-4fa4-a97d-d965ccfc6d4b" outcome="Passed" testListId="8c84fa94-04c1-424b-9868-57a2d4851a1d" relativeResultsDirectory="67c95be4-41b8-409b-b49c-d13d07a88471" />
    <UnitTestResult executionId="46e6b59d-0106-4ea1-97f1-216992c6c389" testId="d7693bb1-ac03-ed24-04e3-3c0ca91b5dec" testName="Jarvis5.Tests.EaFms.ApprovalDocuments.ApprovalDocumentServiceComprehensiveTests.Upload_SuccessfulUpload_PersistsAttachmentAndWritesFileAndAudit" computerName="DESKTOP-TCCLH6H" duration="00:00:00.0289523" startTime="2026-09-24T09:48:34.9654810+05:30" endTime="2026-09-24T09:48:34.9654812+05:30" testType="13cdc9d9-ddb5-4fa4-a97d-d965ccfc6d4b" outcome="Passed" testListId="8c84fa94-04c1-424b-9868-57a2d4851a1d" relativeResultsDirectory="46e6b59d-0106-4ea1-97f1-216992c6c389" />
    <UnitTestResult executionId="875e03ff-219a-4517-a1ff-360af08a0651" testId="962df34b-7bc3-470d-f37c-0a8e2d94483f" testName="Jarvis5.Tests.EaFms.TatRules.ApprovalTatRuleMatchingTests.Matches_module_only_when_type_and_subtype_are_absent" computerName="DESKTOP-TCCLH6H" duration="00:00:00.0021315" startTime="2026-09-24T09:48:34.2727590+05:30" endTime="2026-09-24T09:48:34.2727591+05:30" testType="13cdc9d9-ddb5-4fa4-a97d-d965ccfc6d4b" outcome="Passed" testListId="8c84fa94-04c1-424b-9868-57a2d4851a1d" relativeResultsDirectory="875e03ff-219a-4517-a1ff-360af08a0651" />
    <UnitTestResult executionId="ad1bf14e-c49e-4728-8b91-7ed841fbc74d" testId="8db01b64-b383-c83e-964b-748f6ae6ae98" testName="Jarvis5.Tests.EaFms.Approvals.ApprovalTatRuleServiceIntegrationTests.TatRuleService_StillAcceptsApprovalRule_WithSubtypeOnly_NoTaskType" computerName="DESKTOP-TCCLH6H" duration="00:00:00.0010000" startTime="2026-09-24T09:48:33.6674337+05:30" endTime="2026-09-24T09:48:33.6674339+05:30" testType="13cdc9d9-ddb5-4fa4-a97d-d965ccfc6d4b" outcome="Failed" testListId="8c84fa94-04c1-424b-9868-57a2d4851a1d" relativeResultsDirectory="ad1bf14e-c49e-4728-8b91-7ed841fbc74d">
      <Output>
        <ErrorInfo>
          <Message>System.TypeInitializationException : The type initializer for 'Jarvis5.Tests.EaFms.Delegation.ScratchTatDatabase' threw an exception.&#xD;
---- System.InvalidOperationException : Set EA_DELEGATION_TEST_SERVER to a PostgreSQL connection with CREATE DATABASE permission. Tests only write a generated scratch database.</Message>
          <StackTrace>   at Jarvis5.Tests.EaFms.Delegation.ScratchTatDatabase.InitializeAsync() in F:\eaworking\backend work\EA_API_SOURCE\Tests\EaFms\Delegation\DelegationTypeOnlyTatTests.cs:line 45&#xD;
----- Inner Stack Trace -----&#xD;
   at Jarvis5.Tests.EaFms.Delegation.ScratchTatDatabase..cctor() in F:\eaworking\backend work\EA_API_SOURCE\Tests\EaFms\Delegation\DelegationTypeOnlyTatTests.cs:line 33</StackTrace>
        </ErrorInfo>
      </Output>
    </UnitTestResult>
    <UnitTestResult executionId="64a1ee5a-a72b-4d77-a461-a09fd27b64d5" testId="5a23dff7-35aa-273c-daee-04828bcac68c" testName="Jarvis5.Tests.EaFms.Approvals.ApprovalAiSwaggerTests.GeneratedContract_ExposesExactlyTheThreeApprovalAiRoutes_WithNoProviderInternals" computerName="DESKTOP-TCCLH6H" duration="00:00:02.0995030" startTime="2026-09-24T09:48:34.6988042+05:30" endTime="2026-09-24T09:48:34.6988043+05:30" testType="13cdc9d9-ddb5-4fa4-a97d-d965ccfc6d4b" outcome="Passed" testListId="8c84fa94-04c1-424b-9868-57a2d4851a1d" relativeResultsDirectory="64a1ee5a-a72b-4d77-a461-a09fd27b64d5" />
    <UnitTestResult executionId="5cb97ec3-23dd-4b07-bb24-29d0c6d2b125" testId="b58fb24d-b8bd-63d7-ab31-f982297fb513" testName="Jarvis5.Tests.EaFms.Approvals.ApprovalApprovedRejectedByTests.RejectAction_SetsRejectedByToTheActor_ClearsApprovedBy" computerName="DESKTOP-TCCLH6H" duration="00:00:00.0054726" startTime="2026-09-24T09:48:34.6906287+05:30" endTime="2026-09-24T09:48:34.6906289+05:30" testType="13cdc9d9-ddb5-4fa4-a97d-d965ccfc6d4b" outcome="Passed" testListId="8c84fa94-04c1-424b-9868-57a2d4851a1d" relativeResultsDirectory="5cb97ec3-23dd-4b07-bb24-29d0c6d2b125" />
    <UnitTestResult executionId="d2c29868-59a0-4108-a3d4-db7150de0e9c" testId="89d5fbce-5689-2754-3c17-f09a79f62c1e" testName="Jarvis5.Tests.EaFms.TatRules.ApprovalTatRuleMatchingTests.Prefers_exact_module_type_and_subtype_match" computerName="DESKTOP-TCCLH6H" duration="00:00:00.0277726" startTime="2026-09-24T09:48:34.2718479+05:30" endTime="2026-09-24T09:48:34.2718481+05:30" testType="13cdc9d9-ddb5-4fa4-a97d-d965ccfc6d4b" outcome="Passed" testListId="8c84fa94-04c1-424b-9868-57a2d4851a1d" relativeResultsDirectory="d2c29868-59a0-4108-a3d4-db7150de0e9c" />
    <UnitTestResult executionId="67c1415a-3063-41e2-aeda-31309fa676ee" testId="a01b3cfe-b206-73d0-6b08-9796d4d1520c" testName="Jarvis5.Tests.EaFms.Approvals.ApprovalCreateSubmitTests.Create_WithoutDocuments_CreatesPendingApprovalAndExactlyOneNormalCycle" computerName="DESKTOP-TCCLH6H" duration="00:00:00.0687741" startTime="2026-09-24T09:48:34.4421756+05:30" endTime="2026-09-24T09:48:34.4421758+05:30" testType="13cdc9d9-ddb5-4fa4-a97d-d965ccfc6d4b" outcome="Passed" testListId="8c84fa94-04c1-424b-9868-57a2d4851a1d" relativeResultsDirectory="67c1415a-3063-41e2-aeda-31309fa676ee" />
    <UnitTestResult executionId="a2a4bd4a-6d1f-41cc-a760-fc3f603a7f56" testId="1a8bf7fa-341a-bd4b-e11f-60cc4f1b1ee7" testName="Jarvis5.Tests.EaFms.ApprovalDocuments.ApprovalDocumentServiceComprehensiveTests.Upload_EmptyFile_Throws" computerName="DESKTOP-TCCLH6H" duration="00:00:00.0156066" startTime="2026-09-24T09:48:34.9263264+05:30" endTime="2026-09-24T09:48:34.9263266+05:30" testType="13cdc9d9-ddb5-4fa4-a97d-d965ccfc6d4b" outcome="Passed" testListId="8c84fa94-04c1-424b-9868-57a2d4851a1d" relativeResultsDirectory="a2a4bd4a-6d1f-41cc-a760-fc3f603a7f56" />
    <UnitTestResult executionId="def48362-d542-47b8-87e4-399e6b838f40" testId="33651c43-dcf2-7a28-f6bd-1bc9b60e4879" testName="Jarvis5.Tests.EaFms.Approvals.ApprovalPhaseTatTests.Pause_Twice_SecondCallThrows409" computerName="DESKTOP-TCCLH6H" duration="00:00:00.0174372" startTime="2026-09-24T09:48:36.9135931+05:30" endTime="2026-09-24T09:48:36.9136095+05:30" testType="13cdc9d9-ddb5-4fa4-a97d-d965ccfc6d4b" outcome="Passed" testListId="8c84fa94-04c1-424b-9868-57a2d4851a1d" relativeResultsDirectory="def48362-d542-47b8-87e4-399e6b838f40" />
    <UnitTestResult executionId="9e197ea9-8a25-43fc-b0d4-778b48fe3c6c" testId="410c5104-75c8-d349-34a0-6b83d69f5230" testName="Jarvis5.Tests.EaFms.Approvals.ApprovalPhaseTatTests.BusinessDecision_WithoutStart_FreezesZeroSnapshot(approve: False, withTat: True)" computerName="DESKTOP-TCCLH6H" duration="00:00:00.0097330" startTime="2026-09-24T09:48:35.0282833+05:30" endTime="2026-09-24T09:48:35.0282835+05:30" testType="13cdc9d9-ddb5-4fa4-a97d-d965ccfc6d4b" outcome="Passed" testListId="8c84fa94-04c1-424b-9868-57a2d4851a1d" relativeResultsDirectory="9e197ea9-8a25-43fc-b0d4-778b48fe3c6c" />
    <UnitTestResult executionId="bb3fd98b-b229-4add-9c2f-b77c170fe424" testId="7154201f-f47f-57a4-a6f1-b76154198782" testName="Jarvis5.Tests.EaFms.Approvals.ApprovalApprovedRejectedByTests.Post_WithBothNull_StillWorks_AndHistoricalNullRowsReadFine" computerName="DESKTOP-TCCLH6H" duration="00:00:00.0066829" startTime="2026-09-24T09:48:34.9099233+05:30" endTime="2026-09-24T09:48:34.9099238+05:30" testType="13cdc9d9-ddb5-4fa4-a97d-d965ccfc6d4b" outcome="Passed" testListId="8c84fa94-04c1-424b-9868-57a2d4851a1d" relativeResultsDirectory="bb3fd98b-b229-4add-9c2f-b77c170fe424" />
    <UnitTestResult executionId="6965f946-4fad-4159-a0c2-818a5142c243" testId="bbdd0dc8-6b2b-e31a-8d35-c94e53c63a8c" testName="Jarvis5.Tests.EaFms.Approvals.ApprovalApprovedRejectedByTests.ApproveAction_ClearsAStaleRejectedAt" computerName="DESKTOP-TCCLH6H" duration="00:00:00.0255264" startTime="2026-09-24T09:48:34.6704856+05:30" endTime="2026-09-24T09:48:34.6704858+05:30" testType="13cdc9d9-ddb5-4fa4-a97d-d965ccfc6d4b" outcome="Passed" testListId="8c84fa94-04c1-424b-9868-57a2d4851a1d" relativeResultsDirectory="6965f946-4fad-4159-a0c2-818a5142c243" />
    <UnitTestResult executionId="74e63a0d-6cc5-4834-b70c-46bc35f99fe6" testId="19b8c4e4-d323-6695-b042-abe0edf66902" testName="Jarvis5.Tests.EaFms.Approvals.ApprovalApprovedRejectedByTests.ChangesRequestedThenResubmitThenApprove_SetsApprovedAtOnlyOnTheFinalApproval" computerName="DESKTOP-TCCLH6H" duration="00:00:00.0275008" startTime="2026-09-24T09:48:34.9619177+05:30" endTime="2026-09-24T09:48:34.9619178+05:30" testType="13cdc9d9-ddb5-4fa4-a97d-d965ccfc6d4b" outcome="Passed" testListId="8c84fa94-04c1-424b-9868-57a2d4851a1d" relativeResultsDirectory="74e63a0d-6cc5-4834-b70c-46bc35f99fe6" />
    <UnitTestResult executionId="a5a322a0-79ce-4b23-9229-b9d908460666" testId="ef976b25-3482-1f85-7476-617768be4a18" testName="Jarvis5.Tests.EaFms.Approvals.ApprovalApprovedRejectedByTests.PendingApproval_HasNoDecisionTimestamps_EvenWhenApprovedByWasSuppliedAtPost" computerName="DESKTOP-TCCLH6H" duration="00:00:00.0096159" startTime="2026-09-24T09:48:34.6018288+05:30" endTime="2026-09-24T09:48:34.6018290+05:30" testType="13cdc9d9-ddb5-4fa4-a97d-d965ccfc6d4b" outcome="Passed" testListId="8c84fa94-04c1-424b-9868-57a2d4851a1d" relativeResultsDirectory="a5a322a0-79ce-4b23-9229-b9d908460666" />
    <UnitTestResult executionId="18a5d786-61b6-4855-832f-9bf78584d427" testId="1a8768f2-a355-1e16-48b2-25fa708dc3ea" testName="Jarvis5.Tests.EaFms.Approvals.ApprovalNoTatQueryTests.List_detail_and_dashboard_handle_optional_snapshot(minutes: 30, started: False, dueState: &quot;Unavailable&quot;, overdueCount: 0)" computerName="DESKTOP-TCCLH6H" duration="00:00:00.0247687" startTime="2026-09-24T09:48:35.1566869+05:30" endTime="2026-09-24T09:48:35.1566871+05:30" testType="13cdc9d9-ddb5-4fa4-a97d-d965ccfc6d4b" outcome="Passed" testListId="8c84fa94-04c1-424b-9868-57a2d4851a1d" relativeResultsDirectory="18a5d786-61b6-4855-832f-9bf78584d427" />
    <UnitTestResult executionId="6d2d15b5-d86e-4a59-adb5-169f6559223f" testId="90159c99-25b6-98f5-2c0e-16351a91aaf3" testName="Jarvis5.Tests.EaFms.TatRules.ApprovalTatRuleMatchingTests.Falls_back_from_exact_to_type_then_module" computerName="DESKTOP-TCCLH6H" duration="00:00:01.3616109" startTime="2026-09-24T09:48:34.2422424+05:30" endTime="2026-09-24T09:48:34.2422426+05:30" testType="13cdc9d9-ddb5-4fa4-a97d-d965ccfc6d4b" outcome="Passed" testListId="8c84fa94-04c1-424b-9868-57a2d4851a1d" relativeResultsDirectory="6d2d15b5-d86e-4a59-adb5-169f6559223f" />
    <UnitTestResult executionId="a6e27a9d-3d14-4684-b233-13baa2d7e00d" testId="8ec252e7-eca8-a301-b60b-bbeb25cfd340" testName="Jarvis5.Tests.EaFms.Approvals.ApprovalCreateSubmitTests.Create_ApproverCanContinueExistingApproveFlow" computerName="DESKTOP-TCCLH6H" duration="00:00:00.0452449" startTime="2026-09-24T09:48:34.4875678+05:30" endTime="2026-09-24T09:48:34.4875681+05:30" testType="13cdc9d9-ddb5-4fa4-a97d-d965ccfc6d4b" outcome="Passed" testListId="8c84fa94-04c1-424b-9868-57a2d4851a1d" relativeResultsDirectory="a6e27a9d-3d14-4684-b233-13baa2d7e00d" />
    <UnitTestResult executionId="67effc55-acff-45a9-b7f0-ed5f39f91225" testId="1cdc4cba-96e3-718a-87b2-fecc3eb91dbd" testName="Jarvis5.Tests.EaFms.Followups.FollowupTaskContextAlignmentTests.ApprovalFollowup_MatchesTheTaskByReferenceNo_NotByNumericId" computerName="DESKTOP-TCCLH6H" duration="00:00:02.0185266" startTime="2026-09-24T09:48:34.6221190+05:30" endTime="2026-09-24T09:48:34.6221194+05:30" testType="13cdc9d9-ddb5-4fa4-a97d-d965ccfc6d4b" outcome="Passed" testListId="8c84fa94-04c1-424b-9868-57a2d4851a1d" relativeResultsDirectory="67effc55-acff-45a9-b7f0-ed5f39f91225" />
    <UnitTestResult executionId="eb89c93b-08d7-40e3-93f5-d8e0aba1e035" testId="b918d931-132f-8599-5333-64d5babdb039" testName="Jarvis5.Tests.EaFms.Approvals.ApprovalPhaseTatTests.ReviewRework_ClosesReviewPhase_AndOpensReworkPhase_AtSameCycle" computerName="DESKTOP-TCCLH6H" duration="00:00:00.0287937" startTime="2026-09-24T09:48:35.0855980+05:30" endTime="2026-09-24T09:48:35.0855983+05:30" testType="13cdc9d9-ddb5-4fa4-a97d-d965ccfc6d4b" outcome="Passed" testListId="8c84fa94-04c1-424b-9868-57a2d4851a1d" relativeResultsDirectory="eb89c93b-08d7-40e3-93f5-d8e0aba1e035" />
    <UnitTestResult executionId="a2c6e7b0-cd96-423b-8439-6931ff929616" testId="87b8445f-8ee5-4895-9eeb-a297d3e165fe" testName="Jarvis5.Tests.EaFms.ApprovalDocuments.ApprovalDocumentServiceComprehensiveTests.Upload_OversizedFile_Throws" computerName="DESKTOP-TCCLH6H" duration="00:00:00.0103605" startTime="2026-09-24T09:48:35.0025172+05:30" endTime="2026-09-24T09:48:35.0025173+05:30" testType="13cdc9d9-ddb5-4fa4-a97d-d965ccfc6d4b" outcome="Passed" testListId="8c84fa94-04c1-424b-9868-57a2d4851a1d" relativeResultsDirectory="a2c6e7b0-cd96-423b-8439-6931ff929616" />
    <UnitTestResult executionId="f7b6756c-5c7b-4fcd-b5af-cc0151b88a9e" testId="4fdfbee3-b8f8-d4c0-8d3c-569ae9cdc184" testName="Jarvis5.Tests.EaFms.Approvals.ApprovalAiServiceTests.RecommendApprover_AiReturnsNameNotInCandidateList_FallsBackToTopCandidate" computerName="DESKTOP-TCCLH6H" duration="00:00:00.0326906" startTime="2026-09-24T09:48:34.9246105+05:30" endTime="2026-09-24T09:48:34.9246109+05:30" testType="13cdc9d9-ddb5-4fa4-a97d-d965ccfc6d4b" outcome="Passed" testListId="8c84fa94-04c1-424b-9868-57a2d4851a1d" relativeResultsDirectory="f7b6756c-5c7b-4fcd-b5af-cc0151b88a9e" />
    <UnitTestResult executionId="32fd8c47-9012-4b5f-b79e-9322bbd87072" testId="49fb4213-665b-6b83-a0dd-56c030f18f93" testName="Jarvis5.Tests.EaFms.Approvals.ApprovalApprovedRejectedByTests.ExistingLifecycleRules_AreUnchanged" computerName="DESKTOP-TCCLH6H" duration="00:00:00.8348935" startTime="2026-09-24T09:48:34.4922681+05:30" endTime="2026-09-24T09:48:34.4922683+05:30" testType="13cdc9d9-ddb5-4fa4-a97d-d965ccfc6d4b" outcome="Passed" testListId="8c84fa94-04c1-424b-9868-57a2d4851a1d" relativeResultsDirectory="32fd8c47-9012-4b5f-b79e-9322bbd87072" />
    <UnitTestResult executionId="5b03dbd9-f651-4780-8bb9-01c082910564" testId="9619c825-a705-19f8-3da8-711ef85a8aad" testName="Jarvis5.Tests.EaFms.TatRules.ApprovalTatRuleMatchingTests.Ignores_inactive_deleted_and_nonpositive_rules_and_returns_no_match" computerName="DESKTOP-TCCLH6H" duration="00:00:00.0050051" startTime="2026-09-24T09:48:34.2825452+05:30" endTime="2026-09-24T09:48:34.2825454+05:30" testType="13cdc9d9-ddb5-4fa4-a97d-d965ccfc6d4b" outcome="Passed" testListId="8c84fa94-04c1-424b-9868-57a2d4851a1d" relativeResultsDirectory="5b03dbd9-f651-4780-8bb9-01c082910564" />
    <UnitTestResult executionId="2828328c-ae25-46af-87a2-ec859b2ac227" testId="0ad96f1e-78b4-1cbf-711e-432eb755c620" testName="Jarvis5.Tests.EaFms.Approvals.ApprovalAiServiceTests.SummarizeStatus_UnknownApproval_ThrowsNotFound" computerName="DESKTOP-TCCLH6H" duration="00:00:00.1924519" startTime="2026-09-24T09:48:34.5168258+05:30" endTime="2026-09-24T09:48:34.5168261+05:30" testType="13cdc9d9-ddb5-4fa4-a97d-d965ccfc6d4b" outcome="Passed" testListId="8c84fa94-04c1-424b-9868-57a2d4851a1d" relativeResultsDirectory="2828328c-ae25-46af-87a2-ec859b2ac227" />
    <UnitTestResult executionId="1dfa0f7a-0a3a-41ae-912e-4b7fb0cb72a0" testId="c68831c9-ed2a-ce0b-69e5-1defff053755" testName="Jarvis5.Tests.EaFms.TatRules.ApprovalTatRuleMatchingTests.Matches_module_and_type_when_subtype_is_absent" computerName="DESKTOP-TCCLH6H" duration="00:00:00.0026788" startTime="2026-09-24T09:48:34.2876840+05:30" endTime="2026-09-24T09:48:34.2876843+05:30" testType="13cdc9d9-ddb5-4fa4-a97d-d965ccfc6d4b" outcome="Passed" testListId="8c84fa94-04c1-424b-9868-57a2d4851a1d" relativeResultsDirectory="1dfa0f7a-0a3a-41ae-912e-4b7fb0cb72a0" />
    <UnitTestResult executionId="5ffa858f-d05d-4536-b387-829d7300612d" testId="21642d96-cff1-8768-060e-ae6cc331cda3" testName="Jarvis5.Tests.EaFms.Approvals.ApprovalAiServiceTests.SummarizeStatus_MalformedJson_ExhaustsRetries_Throws" computerName="DESKTOP-TCCLH6H" duration="00:00:00.0236228" startTime="2026-09-24T09:48:34.8848646+05:30" endTime="2026-09-24T09:48:34.8848650+05:30" testType="13cdc9d9-ddb5-4fa4-a97d-d965ccfc6d4b" outcome="Passed" testListId="8c84fa94-04c1-424b-9868-57a2d4851a1d" relativeResultsDirectory="5ffa858f-d05d-4536-b387-829d7300612d" />
    <UnitTestResult executionId="f9f12401-9147-464f-bacb-05e7f8c414a1" testId="b909a745-9127-1762-1a0c-a9976b50845d" testName="Jarvis5.Tests.EaFms.Approvals.ApprovalPhaseTatTests.RequestChanges_DoesNotFreezeTheOpenPhase" computerName="DESKTOP-TCCLH6H" duration="00:00:00.0064240" startTime="2026-09-24T09:48:35.0442431+05:30" endTime="2026-09-24T09:48:35.0442432+05:30" testType="13cdc9d9-ddb5-4fa4-a97d-d965ccfc6d4b" outcome="Passed" testListId="8c84fa94-04c1-424b-9868-57a2d4851a1d" relativeResultsDirectory="f9f12401-9147-464f-bacb-05e7f8c414a1" />
    <UnitTestResult executionId="0644c148-8fc3-4eb6-ac26-255028b0ec38" testId="099a42c3-57f1-3141-4cb0-3e93132ece1c" testName="Jarvis5.Tests.EaFms.Approvals.ApprovalPhaseTatTests.ReviewApprove_ClosesReviewPhase_AndDoesNotTouchWorkflowStatusOrExecutionStatus" computerName="DESKTOP-TCCLH6H" duration="00:00:00.0150063" startTime="2026-09-24T09:48:35.1625590+05:30" endTime="2026-09-24T09:48:35.1625592+05:30" testType="13cdc9d9-ddb5-4fa4-a97d-d965ccfc6d4b" outcome="Passed" testListId="8c84fa94-04c1-424b-9868-57a2d4851a1d" relativeResultsDirectory="0644c148-8fc3-4eb6-ac26-255028b0ec38" />
    <UnitTestResult executionId="4665f5a3-4334-4892-8310-04dbd6c63ff2" testId="fdce2eb2-632b-c451-4f55-5f396da0303c" testName="Jarvis5.Tests.EaFms.Approvals.ApprovalAiServiceTests.SummarizeStatus_ReturnsAiSummary_AndMirrorsRealWorkflowFields" computerName="DESKTOP-TCCLH6H" duration="00:00:00.0213543" startTime="2026-09-24T09:48:34.7201838+05:30" endTime="2026-09-24T09:48:34.7201839+05:30" testType="13cdc9d9-ddb5-4fa4-a97d-d965ccfc6d4b" outcome="Passed" testListId="8c84fa94-04c1-424b-9868-57a2d4851a1d" relativeResultsDirectory="4665f5a3-4334-4892-8310-04dbd6c63ff2" />
    <UnitTestResult executionId="b93ff00e-8ba9-4ad9-838f-41f19d0c983f" testId="f5ea0cdf-a78d-abc1-a9aa-6daead97e2ff" testName="Jarvis5.Tests.EaFms.Approvals.ApprovalAiServiceTests.CheckReadiness_UnknownApproval_ThrowsNotFound" computerName="DESKTOP-TCCLH6H" duration="00:00:00.0088755" startTime="2026-09-24T09:48:34.7292203+05:30" endTime="2026-09-24T09:48:34.7292205+05:30" testType="13cdc9d9-ddb5-4fa4-a97d-d965ccfc6d4b" outcome="Passed" testListId="8c84fa94-04c1-424b-9868-57a2d4851a1d" relativeResultsDirectory="b93ff00e-8ba9-4ad9-838f-41f19d0c983f" />
    <UnitTestResult executionId="26071268-5130-41d0-944c-92c28b4ff6f4" testId="c2a9b2c5-58f6-31f0-09a2-bf073a9232e1" testName="Jarvis5.Tests.EaFms.Approvals.ApprovalApprovedRejectedByTests.Post_AcceptsApprovedByAndRejectedBy_PersistsThem_AndReturnsThemOnPostDetailAndList" computerName="DESKTOP-TCCLH6H" duration="00:00:00.1989896" startTime="2026-09-24T09:48:34.9031000+05:30" endTime="2026-09-24T09:48:34.9031002+05:30" testType="13cdc9d9-ddb5-4fa4-a97d-d965ccfc6d4b" outcome="Passed" testListId="8c84fa94-04c1-424b-9868-57a2d4851a1d" relativeResultsDirectory="26071268-5130-41d0-944c-92c28b4ff6f4" />
    <UnitTestResult executionId="299f8d92-6b93-4fc4-ac21-f2a8b89eedd2" testId="fe8ead08-9d11-c930-f2eb-92b7e91f155e" testName="Jarvis5.Tests.EaFms.ApprovalDocuments.ApprovalDocumentServiceComprehensiveTests.Delete_SoftDeleteAndExclusionAndAudit" computerName="DESKTOP-TCCLH6H" duration="00:00:00.0438200" startTime="2026-09-24T09:48:35.0600607+05:30" endTime="2026-09-24T09:48:35.0600609+05:30" testType="13cdc9d9-ddb5-4fa4-a97d-d965ccfc6d4b" outcome="Passed" testListId="8c84fa94-04c1-424b-9868-57a2d4851a1d" relativeResultsDirectory="299f8d92-6b93-4fc4-ac21-f2a8b89eedd2" />
    <UnitTestResult executionId="ee706b8d-4aaf-4c0a-a232-789b12b93cc6" testId="9e0c3293-e8ea-eacb-0614-bec62fd51b57" testName="Jarvis5.Tests.EaFms.TaskReview.ApprovalTaskReviewTests.Approve_WithoutPendingReview_Rejected" computerName="DESKTOP-TCCLH6H" duration="00:00:00.0085314" startTime="2026-09-24T09:48:34.8955521+05:30" endTime="2026-09-24T09:48:34.8955522+05:30" testType="13cdc9d9-ddb5-4fa4-a97d-d965ccfc6d4b" outcome="Passed" testListId="8c84fa94-04c1-424b-9868-57a2d4851a1d" relativeResultsDirectory="ee706b8d-4aaf-4c0a-a232-789b12b93cc6" />
    <UnitTestResult executionId="0a577673-7806-4515-9e4a-109a4c606d28" testId="6e97e212-2cd8-b202-8682-a17263e9c981" testName="Jarvis5.Tests.EaFms.Approvals.ApprovalPhaseTatTests.SubmitForReview_ClosesActualPhase_AndOpensReviewPhase" computerName="DESKTOP-TCCLH6H" duration="00:00:00.0089294" startTime="2026-09-24T09:48:35.1992280+05:30" endTime="2026-09-24T09:48:35.1992282+05:30" testType="13cdc9d9-ddb5-4fa4-a97d-d965ccfc6d4b" outcome="Passed" testListId="8c84fa94-04c1-424b-9868-57a2d4851a1d" relativeResultsDirectory="0a577673-7806-4515-9e4a-109a4c606d28" />
    <UnitTestResult executionId="c31a9cb4-0f3b-40de-83ce-1646dae55c25" testId="fc0ad22c-f47e-9c55-a24c-b489bd0d2c82" testName="Jarvis5.Tests.EaFms.Approvals.ApprovalPhaseTatTests.GetApplicableForApprovalPhaseAsync_BlankType_SkipsExactMatch_GoesStraightToCascade" computerName="DESKTOP-TCCLH6H" duration="00:00:00.0056971" startTime="2026-09-24T09:48:35.0500372+05:30" endTime="2026-09-24T09:48:35.0500374+05:30" testType="13cdc9d9-ddb5-4fa4-a97d-d965ccfc6d4b" outcome="Passed" testListId="8c84fa94-04c1-424b-9868-57a2d4851a1d" relativeResultsDirectory="c31a9cb4-0f3b-40de-83ce-1646dae55c25" />
    <UnitTestResult executionId="d00cdba9-a172-486c-9974-8f4b4d4494b5" testId="ed06effd-7392-0c39-b08b-a2a7d74fa99d" testName="Jarvis5.Tests.EaFms.Escalations.EscalationBusinessApiTests.Create_ApprovalSourcedFollowup_UsesReferenceNoAsBusinessRecordId" computerName="DESKTOP-TCCLH6H" duration="00:00:01.8275358" startTime="2026-09-24T09:48:34.4232776+05:30" endTime="2026-09-24T09:48:34.4232779+05:30" testType="13cdc9d9-ddb5-4fa4-a97d-d965ccfc6d4b" outcome="Passed" testListId="8c84fa94-04c1-424b-9868-57a2d4851a1d" relativeResultsDirectory="d00cdba9-a172-486c-9974-8f4b4d4494b5" />
    <UnitTestResult executionId="a2720dd7-b7b6-4b1c-9cb2-0bfec0ebf64e" testId="5c72a9df-f394-6022-7e52-6b8d2ddfe314" testName="Jarvis5.Tests.EaFms.TatRules.ApprovalTatRuleMatchingTests.Matching_is_case_insensitive_and_keeps_the_related_module_name_available" computerName="DESKTOP-TCCLH6H" duration="00:00:00.0045664" startTime="2026-09-24T09:48:34.2768050+05:30" endTime="2026-09-24T09:48:34.2768053+05:30" testType="13cdc9d9-ddb5-4fa4-a97d-d965ccfc6d4b" outcome="Passed" testListId="8c84fa94-04c1-424b-9868-57a2d4851a1d" relativeResultsDirectory="a2720dd7-b7b6-4b1c-9cb2-0bfec0ebf64e" />
    <UnitTestResult executionId="96f282bc-9386-4a3e-8855-0dd2268d53ca" testId="3a4ec804-40f6-a26a-01bc-8c1366e0c7c1" testName="Jarvis5.Tests.EaFms.Approvals.ApprovalApprovedRejectedByTests.Decision_WithoutActor_LeavesSuppliedValuesAlone_AndNeverBorrowsTheDesignatedApprover" computerName="DESKTOP-TCCLH6H" duration="00:00:00.0067308" startTime="2026-09-24T09:48:34.9688044+05:30" endTime="2026-09-24T09:48:34.9688045+05:30" testType="13cdc9d9-ddb5-4fa4-a97d-d965ccfc6d4b" outcome="Passed" testListId="8c84fa94-04c1-424b-9868-57a2d4851a1d" relativeResultsDirectory="96f282bc-9386-4a3e-8855-0dd2268d53ca" />
    <UnitTestResult executionId="1e4828c4-292b-4416-a937-f6973e653cdd" testId="61a57edc-06a2-fbe6-c8b6-3b54f422fba7" testName="Jarvis5.Tests.EaFms.Approvals.ApprovalPhaseTatTests.BusinessDecision_WithoutStart_FreezesZeroSnapshot(approve: True, withTat: True)" computerName="DESKTOP-TCCLH6H" duration="00:00:00.0152378" startTime="2026-09-24T09:48:35.0184395+05:30" endTime="2026-09-24T09:48:35.0184396+05:30" testType="13cdc9d9-ddb5-4fa4-a97d-d965ccfc6d4b" outcome="Passed" testListId="8c84fa94-04c1-424b-9868-57a2d4851a1d" relativeResultsDirectory="1e4828c4-292b-4416-a937-f6973e653cdd" />
    <UnitTestResult executionId="fd40883e-1408-4671-b55b-2075f30cbbba" testId="bde84b60-4c20-3504-8f2b-37181a090d49" testName="Jarvis5.Tests.EaFms.EaTasks.EaTaskCentralSnapshotTests.Approval_ClassificationSnapshot_CanBePreservedWithoutTat" computerName="DESKTOP-TCCLH6H" duration="00:00:00.0263770" startTime="2026-09-24T09:48:34.3730445+05:30" endTime="2026-09-24T09:48:34.3730448+05:30" testType="13cdc9d9-ddb5-4fa4-a97d-d965ccfc6d4b" outcome="Passed" testListId="8c84fa94-04c1-424b-9868-57a2d4851a1d" relativeResultsDirectory="fd40883e-1408-4671-b55b-2075f30cbbba" />
    <UnitTestResult executionId="e33c1625-5bc6-4107-8777-20c81c46ce2d" testId="47c6c862-03f3-66b8-4a2e-52b2777cce20" testName="Jarvis5.Tests.EaFms.ApprovalDocuments.ApprovalDocumentServiceComprehensiveTests.CycleLinking_ExplicitCycleBelongingToAnotherRequest_IsRejected" computerName="DESKTOP-TCCLH6H" duration="00:00:01.6182158" startTime="2026-09-24T09:48:34.2144615+05:30" endTime="2026-09-24T09:48:34.2144620+05:30" testType="13cdc9d9-ddb5-4fa4-a97d-d965ccfc6d4b" outcome="Passed" testListId="8c84fa94-04c1-424b-9868-57a2d4851a1d" relativeResultsDirectory="e33c1625-5bc6-4107-8777-20c81c46ce2d" />
    <UnitTestResult executionId="6c5067d5-45e2-42b3-aeb9-ff67dc5f2b22" testId="e6142300-77b3-7e22-824b-75e4501c0a9a" testName="Jarvis5.Tests.EaFms.Approvals.ApprovalPhaseTatTests.GetApplicableForApprovalPhaseAsync_PrefersExactTypeAndTaskTypeMatch" computerName="DESKTOP-TCCLH6H" duration="00:00:00.0069233" startTime="2026-09-24T09:48:35.0926550+05:30" endTime="2026-09-24T09:48:35.0926551+05:30" testType="13cdc9d9-ddb5-4fa4-a97d-d965ccfc6d4b" outcome="Passed" testListId="8c84fa94-04c1-424b-9868-57a2d4851a1d" relativeResultsDirectory="6c5067d5-45e2-42b3-aeb9-ff67dc5f2b22" />
    <UnitTestResult executionId="b3094c61-0148-4143-be30-6d9299fa4899" testId="5b640411-ba30-7cab-0297-6eefd026bf91" testName="Jarvis5.Tests.EaFms.ApprovalDocuments.ApprovalDocumentServiceComprehensiveTests.CycleLinking_CurrentCycleChangeDuringTransaction_IsRejected" computerName="DESKTOP-TCCLH6H" duration="00:00:00.0010000" startTime="2026-09-24T09:48:34.9382268+05:30" endTime="2026-09-24T09:48:34.9382270+05:30" testType="13cdc9d9-ddb5-4fa4-a97d-d965ccfc6d4b" outcome="NotExecuted" testListId="8c84fa94-04c1-424b-9868-57a2d4851a1d" relativeResultsDirectory="b3094c61-0148-4143-be30-6d9299fa4899">
      <Output>
        <StdOut>Requires simulation of concurrent change of current cycle inside DB transaction; environment does not provide easy hook. Marked as blocker.</StdOut>
      </Output>
    </UnitTestResult>
    <UnitTestResult executionId="bb7076a8-c783-4534-ad74-f89a3c536be3" testId="51cb915f-288e-2475-38f2-147b2dc3b264" testName="Jarvis5.Tests.EaFms.ApprovalDocuments.ApprovalDocumentServiceComprehensiveTests.CycleLinking_ExplicitNonCurrentCycle_IsRejected" computerName="DESKTOP-TCCLH6H" duration="00:00:00.0126139" startTime="2026-09-24T09:48:34.9106183+05:30" endTime="2026-09-24T09:48:34.9106185+05:30" testType="13cdc9d9-ddb5-4fa4-a97d-d965ccfc6d4b" outcome="Passed" testListId="8c84fa94-04c1-424b-9868-57a2d4851a1d" relativeResultsDirectory="bb7076a8-c783-4534-ad74-f89a3c536be3" />
    <UnitTestResult executionId="532149b6-c3ec-4366-be29-8a95753404ab" testId="500093b8-f8da-94fb-4491-5917398d3c87" testName="Jarvis5.Tests.EaFms.ApprovalDocuments.ApprovalDocumentServiceComprehensiveTests.Upload_InvalidExtension_Throws" computerName="DESKTOP-TCCLH6H" duration="00:00:00.0097204" startTime="2026-09-24T09:48:34.9361870+05:30" endTime="2026-09-24T09:48:34.9361872+05:30" testType="13cdc9d9-ddb5-4fa4-a97d-d965ccfc6d4b" outcome="Passed" testListId="8c84fa94-04c1-424b-9868-57a2d4851a1d" relativeResultsDirectory="532149b6-c3ec-4366-be29-8a95753404ab" />
    <UnitTestResult executionId="745920f8-93bd-44ec-8e5f-234f8a9b15df" testId="29980a82-b1ef-4f18-ac54-d2379a93afc7" testName="Jarvis5.Tests.EaFms.Approvals.ApprovalPhaseTatTests.Start_RejectsOpenPause_AndCancelledTask(type: &quot;Actual&quot;)" computerName="DESKTOP-TCCLH6H" duration="00:00:00.0093414" startTime="2026-09-24T09:48:35.1770403+05:30" endTime="2026-09-24T09:48:35.1770405+05:30" testType="13cdc9d9-ddb5-4fa4-a97d-d965ccfc6d4b" outcome="Passed" testListId="8c84fa94-04c1-424b-9868-57a2d4851a1d" relativeResultsDirectory="745920f8-93bd-44ec-8e5f-234f8a9b15df" />
    <UnitTestResult executionId="ec3de282-6de0-488a-8bcf-e2f68a6d8105" testId="03be249b-1711-7294-0b70-3103da82c617" testName="Jarvis5.Tests.EaFms.Approvals.ApprovalAiServiceTests.RecommendApprover_UnknownApproval_ThrowsNotFound" computerName="DESKTOP-TCCLH6H" duration="00:00:00.0067820" startTime="2026-09-24T09:48:34.8928365+05:30" endTime="2026-09-24T09:48:34.8928367+05:30" testType="13cdc9d9-ddb5-4fa4-a97d-d965ccfc6d4b" outcome="Passed" testListId="8c84fa94-04c1-424b-9868-57a2d4851a1d" relativeResultsDirectory="ec3de282-6de0-488a-8bcf-e2f68a6d8105" />
    <UnitTestResult executionId="310e5cc4-9aa0-4cd1-ab2a-23d763313b86" testId="1ee1b3f1-0dc0-f435-79e3-e59bf33bbadf" testName="Jarvis5.Tests.EaFms.Approvals.ApprovalPhaseTatTests.BusinessDecision_WithoutStart_FreezesZeroSnapshot(approve: True, withTat: False)" computerName="DESKTOP-TCCLH6H" duration="00:00:00.0304707" startTime="2026-09-24T09:48:35.0030920+05:30" endTime="2026-09-24T09:48:35.0030921+05:30" testType="13cdc9d9-ddb5-4fa4-a97d-d965ccfc6d4b" outcome="Passed" testListId="8c84fa94-04c1-424b-9868-57a2d4851a1d" relativeResultsDirectory="310e5cc4-9aa0-4cd1-ab2a-23d763313b86" />
    <UnitTestResult executionId="de0585b0-e7c2-4901-b083-b60faaaa96cb" testId="a66d357c-fd37-3167-7d24-07fe97fb5ef8" testName="Jarvis5.Tests.EaFms.Approvals.ApprovalAiServiceTests.RecommendApprover_NoDepartment_ReturnsNullWithoutCallingClaude" computerName="DESKTOP-TCCLH6H" duration="00:00:00.0273388" startTime="2026-09-24T09:48:34.8190460+05:30" endTime="2026-09-24T09:48:34.8190463+05:30" testType="13cdc9d9-ddb5-4fa4-a97d-d965ccfc6d4b" outcome="Passed" testListId="8c84fa94-04c1-424b-9868-57a2d4851a1d" relativeResultsDirectory="de0585b0-e7c2-4901-b083-b60faaaa96cb" />
    <UnitTestResult executionId="326e0cb8-47a1-4d35-bf36-9947bea8210e" testId="c01a69e9-d525-9d0c-e11f-be077f15bdb0" testName="Jarvis5.Tests.EaFms.TaskReview.ApprovalTaskReviewTests.Phase10H_TaskReviewHistory_And_ApprovalCycleHistory_AreIndependent" computerName="DESKTOP-TCCLH6H" duration="00:00:00.0295513" startTime="2026-09-24T09:48:34.9995873+05:30" endTime="2026-09-24T09:48:34.9995875+05:30" testType="13cdc9d9-ddb5-4fa4-a97d-d965ccfc6d4b" outcome="Passed" testListId="8c84fa94-04c1-424b-9868-57a2d4851a1d" relativeResultsDirectory="326e0cb8-47a1-4d35-bf36-9947bea8210e" />
  </Results>
  <TestDefinitions>
    <UnitTest name="Jarvis5.Tests.EaFms.Approvals.ApprovalAiServiceTests.RecommendApprover_WithHistory_HonorsAiPick_WhenItIsARealCandidate" storage="f:\eaworking\backend work\ea_api_source\tests\bin\debug\net8.0\studio5jarvis.tests.dll" id="b81609e8-a1de-b693-4513-eaece34e2e24">
      <Execution id="9a139210-0efa-471f-a694-f50e188ea549" />
      <TestMethod codeBase="F:\eaworking\backend work\EA_API_SOURCE\Tests\bin\Debug\net8.0\Studio5Jarvis.Tests.dll" adapterTypeName="executor://xunit/VsTestRunner2/netcoreapp" className="Jarvis5.Tests.EaFms.Approvals.ApprovalAiServiceTests" name="RecommendApprover_WithHistory_HonorsAiPick_WhenItIsARealCandidate" />
    </UnitTest>
    <UnitTest name="Jarvis5.Tests.EaFms.ApprovalDocuments.ApprovalDocumentServiceComprehensiveTests.Upload_OversizedFile_Throws" storage="f:\eaworking\backend work\ea_api_source\tests\bin\debug\net8.0\studio5jarvis.tests.dll" id="87b8445f-8ee5-4895-9eeb-a297d3e165fe">
      <Execution id="a2c6e7b0-cd96-423b-8439-6931ff929616" />
      <TestMethod codeBase="F:\eaworking\backend work\EA_API_SOURCE\Tests\bin\Debug\net8.0\Studio5Jarvis.Tests.dll" adapterTypeName="executor://xunit/VsTestRunner2/netcoreapp" className="Jarvis5.Tests.EaFms.ApprovalDocuments.ApprovalDocumentServiceComprehensiveTests" name="Upload_OversizedFile_Throws" />
    </UnitTest>
    <UnitTest name="Jarvis5.Tests.EaFms.Approvals.ApprovalNoTatQueryTests.List_detail_and_dashboard_handle_optional_snapshot(minutes: 30, started: False, dueState: &quot;Unavailable&quot;, overdueCount: 0)" storage="f:\eaworking\backend work\ea_api_source\tests\bin\debug\net8.0\studio5jarvis.tests.dll" id="1a8768f2-a355-1e16-48b2-25fa708dc3ea">
      <Execution id="18a5d786-61b6-4855-832f-9bf78584d427" />
      <TestMethod codeBase="F:\eaworking\backend work\EA_API_SOURCE\Tests\bin\Debug\net8.0\Studio5Jarvis.Tests.dll" adapterTypeName="executor://xunit/VsTestRunner2/netcoreapp" className="Jarvis5.Tests.EaFms.Approvals.ApprovalNoTatQueryTests" name="List_detail_and_dashboard_handle_optional_snapshot" />
    </UnitTest>
    <UnitTest name="Jarvis5.Tests.EaFms.Approvals.ApprovalApprovedRejectedByTests.ApprovalPostSwaggerExample_ShowsApprovedByAndRejectedByAsNull_WithoutSampleData" storage="f:\eaworking\backend work\ea_api_source\tests\bin\debug\net8.0\studio5jarvis.tests.dll" id="ac896158-1240-9d40-6b40-d998d9db6a5e">
      <Execution id="26424e72-c19a-469f-ad26-786a2da1f1e0" />
      <TestMethod codeBase="F:\eaworking\backend work\EA_API_SOURCE\Tests\bin\Debug\net8.0\Studio5Jarvis.Tests.dll" adapterTypeName="executor://xunit/VsTestRunner2/netcoreapp" className="Jarvis5.Tests.EaFms.Approvals.ApprovalApprovedRejectedByTests" name="ApprovalPostSwaggerExample_ShowsApprovedByAndRejectedByAsNull_WithoutSampleData" />
    </UnitTest>
    <UnitTest name="Jarvis5.Tests.EaFms.Approvals.ApprovalPhaseTatTests.Create_NoMatchingRule_OpensActualPhase_WithNullAllotted_NeverThrows" storage="f:\eaworking\backend work\ea_api_source\tests\bin\debug\net8.0\studio5jarvis.tests.dll" id="bf9075fd-a102-273c-966a-61bd6682e930">
      <Execution id="9893b894-6a6f-444b-8149-d75f6cae9a45" />
      <TestMethod codeBase="F:\eaworking\backend work\EA_API_SOURCE\Tests\bin\Debug\net8.0\Studio5Jarvis.Tests.dll" adapterTypeName="executor://xunit/VsTestRunner2/netcoreapp" className="Jarvis5.Tests.EaFms.Approvals.ApprovalPhaseTatTests" name="Create_NoMatchingRule_OpensActualPhase_WithNullAllotted_NeverThrows" />
    </UnitTest>
    <UnitTest name="Jarvis5.Tests.EaFms.Approvals.ApprovalAiSwaggerTests.GeneratedContract_ExposesExactlyTheThreeApprovalAiRoutes_WithNoProviderInternals" storage="f:\eaworking\backend work\ea_api_source\tests\bin\debug\net8.0\studio5jarvis.tests.dll" id="5a23dff7-35aa-273c-daee-04828bcac68c">
      <Execution id="64a1ee5a-a72b-4d77-a461-a09fd27b64d5" />
      <TestMethod codeBase="F:\eaworking\backend work\EA_API_SOURCE\Tests\bin\Debug\net8.0\Studio5Jarvis.Tests.dll" adapterTypeName="executor://xunit/VsTestRunner2/netcoreapp" className="Jarvis5.Tests.EaFms.Approvals.ApprovalAiSwaggerTests" name="GeneratedContract_ExposesExactlyTheThreeApprovalAiRoutes_WithNoProviderInternals" />
    </UnitTest>
    <UnitTest name="Jarvis5.Tests.EaFms.TatRules.ApprovalTatRuleMatchingTests.Prefers_exact_module_type_and_subtype_match" storage="f:\eaworking\backend work\ea_api_source\tests\bin\debug\net8.0\studio5jarvis.tests.dll" id="89d5fbce-5689-2754-3c17-f09a79f62c1e">
      <Execution id="d2c29868-59a0-4108-a3d4-db7150de0e9c" />
      <TestMethod codeBase="F:\eaworking\backend work\EA_API_SOURCE\Tests\bin\Debug\net8.0\Studio5Jarvis.Tests.dll" adapterTypeName="executor://xunit/VsTestRunner2/netcoreapp" className="Jarvis5.Tests.EaFms.TatRules.ApprovalTatRuleMatchingTests" name="Prefers_exact_module_type_and_subtype_match" />
    </UnitTest>
    <UnitTest name="Jarvis5.Tests.EaFms.Approvals.ApprovalPhaseTatTests.Approve_FreezesOpenPhase_AndClosesPauseAnchor_WhenOneExists" storage="f:\eaworking\backend work\ea_api_source\tests\bin\debug\net8.0\studio5jarvis.tests.dll" id="b8d002c4-47b3-9866-b927-197aeddb2798">
      <Execution id="5f58a9aa-7de8-4b3b-b92a-3dc9ee1724f5" />
      <TestMethod codeBase="F:\eaworking\backend work\EA_API_SOURCE\Tests\bin\Debug\net8.0\Studio5Jarvis.Tests.dll" adapterTypeName="executor://xunit/VsTestRunner2/netcoreapp" className="Jarvis5.Tests.EaFms.Approvals.ApprovalPhaseTatTests" name="Approve_FreezesOpenPhase_AndClosesPauseAnchor_WhenOneExists" />
    </UnitTest>
    <UnitTest name="Jarvis5.Tests.EaFms.Approvals.ApprovalApprovedRejectedByTests.ExistingLifecycleRules_AreUnchanged" storage="f:\eaworking\backend work\ea_api_source\tests\bin\debug\net8.0\studio5jarvis.tests.dll" id="49fb4213-665b-6b83-a0dd-56c030f18f93">
      <Execution id="32fd8c47-9012-4b5f-b79e-9322bbd87072" />
      <TestMethod codeBase="F:\eaworking\backend work\EA_API_SOURCE\Tests\bin\Debug\net8.0\Studio5Jarvis.Tests.dll" adapterTypeName="executor://xunit/VsTestRunner2/netcoreapp" className="Jarvis5.Tests.EaFms.Approvals.ApprovalApprovedRejectedByTests" name="ExistingLifecycleRules_AreUnchanged" />
    </UnitTest>
    <UnitTest name="Jarvis5.Tests.EaFms.Escalations.EscalationBusinessApiTests.Create_ApprovalSourcedFollowup_UsesReferenceNoAsBusinessRecordId" storage="f:\eaworking\backend work\ea_api_source\tests\bin\debug\net8.0\studio5jarvis.tests.dll" id="ed06effd-7392-0c39-b08b-a2a7d74fa99d">
      <Execution id="d00cdba9-a172-486c-9974-8f4b4d4494b5" />
      <TestMethod codeBase="F:\eaworking\backend work\EA_API_SOURCE\Tests\bin\Debug\net8.0\Studio5Jarvis.Tests.dll" adapterTypeName="executor://xunit/VsTestRunner2/netcoreapp" className="Jarvis5.Tests.EaFms.Escalations.EscalationBusinessApiTests" name="Create_ApprovalSourcedFollowup_UsesReferenceNoAsBusinessRecordId" />
    </UnitTest>
    <UnitTest name="Jarvis5.Tests.EaFms.Approvals.ApprovalPhaseTatTests.Pause_Twice_SecondCallThrows409" storage="f:\eaworking\backend work\ea_api_source\tests\bin\debug\net8.0\studio5jarvis.tests.dll" id="33651c43-dcf2-7a28-f6bd-1bc9b60e4879">
      <Execution id="def48362-d542-47b8-87e4-399e6b838f40" />
      <TestMethod codeBase="F:\eaworking\backend work\EA_API_SOURCE\Tests\bin\Debug\net8.0\Studio5Jarvis.Tests.dll" adapterTypeName="executor://xunit/VsTestRunner2/netcoreapp" className="Jarvis5.Tests.EaFms.Approvals.ApprovalPhaseTatTests" name="Pause_Twice_SecondCallThrows409" />
    </UnitTest>
    <UnitTest name="Jarvis5.Tests.EaFms.Approvals.ApprovalPhaseTatTests.ExplicitStarts_AllPhases_OpenIdle_RejectWrongOrRepeatedStarts" storage="f:\eaworking\backend work\ea_api_source\tests\bin\debug\net8.0\studio5jarvis.tests.dll" id="0f028f84-7155-f5b2-a046-138955c3f1aa">
      <Execution id="656dfef1-7025-4117-bbe1-2229573fd6e0" />
      <TestMethod codeBase="F:\eaworking\backend work\EA_API_SOURCE\Tests\bin\Debug\net8.0\Studio5Jarvis.Tests.dll" adapterTypeName="executor://xunit/VsTestRunner2/netcoreapp" className="Jarvis5.Tests.EaFms.Approvals.ApprovalPhaseTatTests" name="ExplicitStarts_AllPhases_OpenIdle_RejectWrongOrRepeatedStarts" />
    </UnitTest>
    <UnitTest name="Jarvis5.Tests.EaFms.ApprovalDocuments.ApprovalDocumentServiceComprehensiveTests.Upload_SuccessfulUpload_PersistsAttachmentAndWritesFileAndAudit" storage="f:\eaworking\backend work\ea_api_source\tests\bin\debug\net8.0\studio5jarvis.tests.dll" id="d7693bb1-ac03-ed24-04e3-3c0ca91b5dec">
      <Execution id="46e6b59d-0106-4ea1-97f1-216992c6c389" />
      <TestMethod codeBase="F:\eaworking\backend work\EA_API_SOURCE\Tests\bin\Debug\net8.0\Studio5Jarvis.Tests.dll" adapterTypeName="executor://xunit/VsTestRunner2/netcoreapp" className="Jarvis5.Tests.EaFms.ApprovalDocuments.ApprovalDocumentServiceComprehensiveTests" name="Upload_SuccessfulUpload_PersistsAttachmentAndWritesFileAndAudit" />
    </UnitTest>
    <UnitTest name="Jarvis5.Tests.EaFms.Approvals.ApprovalPhaseTatTests.Resume_WithoutAnyPause_Throws409" storage="f:\eaworking\backend work\ea_api_source\tests\bin\debug\net8.0\studio5jarvis.tests.dll" id="8426a701-4228-6896-95ba-87bf7b4918b4">
      <Execution id="0047454a-4709-456c-9bd1-a6ca569e3402" />
      <TestMethod codeBase="F:\eaworking\backend work\EA_API_SOURCE\Tests\bin\Debug\net8.0\Studio5Jarvis.Tests.dll" adapterTypeName="executor://xunit/VsTestRunner2/netcoreapp" className="Jarvis5.Tests.EaFms.Approvals.ApprovalPhaseTatTests" name="Resume_WithoutAnyPause_Throws409" />
    </UnitTest>
    <UnitTest name="Jarvis5.Tests.EaFms.Approvals.ApprovalNoTatQueryTests.List_detail_and_dashboard_handle_optional_snapshot(minutes: 30, started: True, dueState: &quot;Overdue&quot;, overdueCount: 1)" storage="f:\eaworking\backend work\ea_api_source\tests\bin\debug\net8.0\studio5jarvis.tests.dll" id="709b911c-fcbb-1f65-22bb-dde40803abde">
      <Execution id="0e1e3e06-6296-4a83-8068-87db048b6f8e" />
      <TestMethod codeBase="F:\eaworking\backend work\EA_API_SOURCE\Tests\bin\Debug\net8.0\Studio5Jarvis.Tests.dll" adapterTypeName="executor://xunit/VsTestRunner2/netcoreapp" className="Jarvis5.Tests.EaFms.Approvals.ApprovalNoTatQueryTests" name="List_detail_and_dashboard_handle_optional_snapshot" />
    </UnitTest>
    <UnitTest name="Jarvis5.Tests.EaFms.TaskReview.ApprovalTaskReviewTests.Approve_WithoutPendingReview_Rejected" storage="f:\eaworking\backend work\ea_api_source\tests\bin\debug\net8.0\studio5jarvis.tests.dll" id="9e0c3293-e8ea-eacb-0614-bec62fd51b57">
      <Execution id="ee706b8d-4aaf-4c0a-a232-789b12b93cc6" />
      <TestMethod codeBase="F:\eaworking\backend work\EA_API_SOURCE\Tests\bin\Debug\net8.0\Studio5Jarvis.Tests.dll" adapterTypeName="executor://xunit/VsTestRunner2/netcoreapp" className="Jarvis5.Tests.EaFms.TaskReview.ApprovalTaskReviewTests" name="Approve_WithoutPendingReview_Rejected" />
    </UnitTest>
    <UnitTest name="Jarvis5.Tests.EaFms.ApprovalDocuments.ApprovalDocumentServiceTests.Upload_MissingFile_Throws" storage="f:\eaworking\backend work\ea_api_source\tests\bin\debug\net8.0\studio5jarvis.tests.dll" id="e5d0b6f3-9c78-aa2f-5127-0039dbeb091b">
      <Execution id="d05b127a-ad73-449c-b725-1f29bc4e80b8" />
      <TestMethod codeBase="F:\eaworking\backend work\EA_API_SOURCE\Tests\bin\Debug\net8.0\Studio5Jarvis.Tests.dll" adapterTypeName="executor://xunit/VsTestRunner2/netcoreapp" className="Jarvis5.Tests.EaFms.ApprovalDocuments.ApprovalDocumentServiceTests" name="Upload_MissingFile_Throws" />
    </UnitTest>
    <UnitTest name="Jarvis5.Tests.EaFms.TaskReview.ApprovalTaskReviewTests.Phase10F_BusinessApprove_PreservesExistingApprovalBehavior" storage="f:\eaworking\backend work\ea_api_source\tests\bin\debug\net8.0\studio5jarvis.tests.dll" id="816ee892-e7a2-582a-7718-c77a66863f8a">
      <Execution id="5b7ff103-ee1d-4a2d-906f-4897306be1d0" />
      <TestMethod codeBase="F:\eaworking\backend work\EA_API_SOURCE\Tests\bin\Debug\net8.0\Studio5Jarvis.Tests.dll" adapterTypeName="executor://xunit/VsTestRunner2/netcoreapp" className="Jarvis5.Tests.EaFms.TaskReview.ApprovalTaskReviewTests" name="Phase10F_BusinessApprove_PreservesExistingApprovalBehavior" />
    </UnitTest>
    <UnitTest name="Jarvis5.Tests.EaFms.Approvals.ApprovalPhaseTatTests.BusinessDecision_WithoutStart_FreezesZeroSnapshot(approve: True, withTat: False)" storage="f:\eaworking\backend work\ea_api_source\tests\bin\debug\net8.0\studio5jarvis.tests.dll" id="1ee1b3f1-0dc0-f435-79e3-e59bf33bbadf">
      <Execution id="310e5cc4-9aa0-4cd1-ab2a-23d763313b86" />
      <TestMethod codeBase="F:\eaworking\backend work\EA_API_SOURCE\Tests\bin\Debug\net8.0\Studio5Jarvis.Tests.dll" adapterTypeName="executor://xunit/VsTestRunner2/netcoreapp" className="Jarvis5.Tests.EaFms.Approvals.ApprovalPhaseTatTests" name="BusinessDecision_WithoutStart_FreezesZeroSnapshot" />
    </UnitTest>
    <UnitTest name="Jarvis5.Tests.EaFms.ApprovalDocuments.ApprovalDocumentServiceComprehensiveTests.Lifecycle_UploadAllowedAndDeniedByWorkflowStatus" storage="f:\eaworking\backend work\ea_api_source\tests\bin\debug\net8.0\studio5jarvis.tests.dll" id="2d528b27-9efe-ca41-d1f4-9f19a4b7800d">
      <Execution id="5e96b21a-dcac-4a9b-b42b-95805201af86" />
      <TestMethod codeBase="F:\eaworking\backend work\EA_API_SOURCE\Tests\bin\Debug\net8.0\Studio5Jarvis.Tests.dll" adapterTypeName="executor://xunit/VsTestRunner2/netcoreapp" className="Jarvis5.Tests.EaFms.ApprovalDocuments.ApprovalDocumentServiceComprehensiveTests" name="Lifecycle_UploadAllowedAndDeniedByWorkflowStatus" />
    </UnitTest>
    <UnitTest name="Jarvis5.Tests.EaFms.TaskReview.ApprovalTaskReviewTests.FullCycle_Submit_Rework_Resubmit_Approve" storage="f:\eaworking\backend work\ea_api_source\tests\bin\debug\net8.0\studio5jarvis.tests.dll" id="82c1781f-ac89-c9af-428c-fc49a817dd3f">
      <Execution id="fc02b18c-1379-428c-8cf8-651c577e64ce" />
[...]
    <TestEntry testId="6ffb0b13-2b95-ecb7-ac2e-fb956ecf8a48" executionId="8ef03477-a3fe-42e3-bb4c-22a5056cd78f" testListId="8c84fa94-04c1-424b-9868-57a2d4851a1d" />
    <TestEntry testId="709b911c-fcbb-1f65-22bb-dde40803abde" executionId="0e1e3e06-6296-4a83-8068-87db048b6f8e" testListId="8c84fa94-04c1-424b-9868-57a2d4851a1d" />
    <TestEntry testId="8426a701-4228-6896-95ba-87bf7b4918b4" executionId="0047454a-4709-456c-9bd1-a6ca569e3402" testListId="8c84fa94-04c1-424b-9868-57a2d4851a1d" />
    <TestEntry testId="bf9075fd-a102-273c-966a-61bd6682e930" executionId="9893b894-6a6f-444b-8149-d75f6cae9a45" testListId="8c84fa94-04c1-424b-9868-57a2d4851a1d" />
    <TestEntry testId="d2f5218b-6cb8-67e5-8d3e-e80db53edbed" executionId="b6472061-9231-4099-8595-62b89122e182" testListId="8c84fa94-04c1-424b-9868-57a2d4851a1d" />
    <TestEntry testId="ff41ec65-028d-9f15-77b3-d1514896bae7" executionId="8676eb2b-3dc6-49df-a759-ba8e38878dbc" testListId="8c84fa94-04c1-424b-9868-57a2d4851a1d" />
    <TestEntry testId="ac896158-1240-9d40-6b40-d998d9db6a5e" executionId="26424e72-c19a-469f-ad26-786a2da1f1e0" testListId="8c84fa94-04c1-424b-9868-57a2d4851a1d" />
    <TestEntry testId="799852c0-6589-3963-76ec-df5f544d6aa1" executionId="6853ffe8-4db0-4f6c-b402-2991d04a39aa" testListId="8c84fa94-04c1-424b-9868-57a2d4851a1d" />
    <TestEntry testId="156b261e-40c3-5caa-4fde-f86e2f1ee01e" executionId="056a7c5f-8458-4a25-b35b-506228164d95" testListId="8c84fa94-04c1-424b-9868-57a2d4851a1d" />
    <TestEntry testId="816ee892-e7a2-582a-7718-c77a66863f8a" executionId="5b7ff103-ee1d-4a2d-906f-4897306be1d0" testListId="8c84fa94-04c1-424b-9868-57a2d4851a1d" />
    <TestEntry testId="cf59ff83-dcf0-2c16-06b7-2dac6e221008" executionId="9017607e-d52a-40ce-bf18-107e27b30b92" testListId="8c84fa94-04c1-424b-9868-57a2d4851a1d" />
    <TestEntry testId="f1e0d9c7-6564-fd03-65af-e8251b9dc729" executionId="0c2a0707-9263-463f-8a24-345cbcc5bd6a" testListId="8c84fa94-04c1-424b-9868-57a2d4851a1d" />
    <TestEntry testId="89c90b6f-d2e2-4a48-88c8-d272b2f51a67" executionId="0f81f3e2-de28-4244-8153-020b4903b549" testListId="8c84fa94-04c1-424b-9868-57a2d4851a1d" />
    <TestEntry testId="cc3765c1-6c0e-eaa0-c94f-200e5f815252" executionId="3127dc44-db05-4313-980c-4e6bfc0f9627" testListId="8c84fa94-04c1-424b-9868-57a2d4851a1d" />
    <TestEntry testId="ec27e8cf-143f-2b14-46b9-62976b1fb286" executionId="da1a18d5-f99b-4017-9f00-83dfc6128a7b" testListId="8c84fa94-04c1-424b-9868-57a2d4851a1d" />
    <TestEntry testId="8e05107c-7319-9f85-9b50-07a249362d41" executionId="428ac19d-bb7c-490a-9b11-e6c2810c2212" testListId="8c84fa94-04c1-424b-9868-57a2d4851a1d" />
    <TestEntry testId="b8d002c4-47b3-9866-b927-197aeddb2798" executionId="5f58a9aa-7de8-4b3b-b92a-3dc9ee1724f5" testListId="8c84fa94-04c1-424b-9868-57a2d4851a1d" />
    <TestEntry testId="30662c60-e890-4e7c-fde4-132607f337a9" executionId="967bdf19-91fd-4fe3-9218-f4ebf0e2d342" testListId="8c84fa94-04c1-424b-9868-57a2d4851a1d" />
    <TestEntry testId="d848bb47-727b-aa5f-3e7e-829c56094fa6" executionId="1806054c-33dc-4d9b-81ba-31c469107a83" testListId="8c84fa94-04c1-424b-9868-57a2d4851a1d" />
    <TestEntry testId="3833e0a8-75ad-ab7c-1665-4b80d8abc138" executionId="1b51a3b2-0c3d-431d-8f10-7319e8218838" testListId="8c84fa94-04c1-424b-9868-57a2d4851a1d" />
    <TestEntry testId="f076e0eb-2b47-47ac-e74c-8cfde9f72b88" executionId="2f730b08-f8d7-4ecc-8187-35ceec3c2fbb" testListId="8c84fa94-04c1-424b-9868-57a2d4851a1d" />
    <TestEntry testId="12662aed-c2a3-f296-984e-4692b6b7e929" executionId="92de5fda-eaa2-4da0-8c23-a6c991ef3b4b" testListId="8c84fa94-04c1-424b-9868-57a2d4851a1d" />
    <TestEntry testId="fb38b9d5-e6da-7854-f00c-9117cd0c34b7" executionId="df14356c-26e9-4c52-9669-9e2bcc81b5b7" testListId="8c84fa94-04c1-424b-9868-57a2d4851a1d" />
    <TestEntry testId="65b7301a-3b53-c87c-0761-a7d814c9d271" executionId="1c79ba48-3ec1-4d39-bd60-b3452a1e8908" testListId="8c84fa94-04c1-424b-9868-57a2d4851a1d" />
    <TestEntry testId="193027f7-b368-5759-9dd5-01fe92eb98f2" executionId="4859fdca-690d-4910-b02d-0d827e2d8f77" testListId="8c84fa94-04c1-424b-9868-57a2d4851a1d" />
    <TestEntry testId="16662b56-4ca0-d1b6-266c-94cc7275be22" executionId="b56e9199-891a-4b89-b948-fe599070658f" testListId="8c84fa94-04c1-424b-9868-57a2d4851a1d" />
    <TestEntry testId="ab74e710-5434-03e1-9307-d7e8c51c3959" executionId="fd4c7d65-64c8-4d98-ab2b-eff4e1e6fb9d" testListId="8c84fa94-04c1-424b-9868-57a2d4851a1d" />
    <TestEntry testId="7be7307b-4cce-f412-6331-e4f3fbe47c63" executionId="ea639bb1-a654-4d11-b209-222ffcf754fa" testListId="8c84fa94-04c1-424b-9868-57a2d4851a1d" />
    <TestEntry testId="f0f152ae-5c29-2a20-76f0-e9bfd97745d9" executionId="f799b605-87a2-4eae-b54e-29082a30f503" testListId="8c84fa94-04c1-424b-9868-57a2d4851a1d" />
    <TestEntry testId="9d7cd68d-dcd8-04b9-5fa8-4f9489ed3c47" executionId="79bd4c75-bc36-47ee-b5b9-73622d070b4d" testListId="8c84fa94-04c1-424b-9868-57a2d4851a1d" />
    <TestEntry testId="6f016a01-cac9-8f5b-ef81-12aeff6e1685" executionId="67c95be4-41b8-409b-b49c-d13d07a88471" testListId="8c84fa94-04c1-424b-9868-57a2d4851a1d" />
    <TestEntry testId="d7693bb1-ac03-ed24-04e3-3c0ca91b5dec" executionId="46e6b59d-0106-4ea1-97f1-216992c6c389" testListId="8c84fa94-04c1-424b-9868-57a2d4851a1d" />
    <TestEntry testId="962df34b-7bc3-470d-f37c-0a8e2d94483f" executionId="875e03ff-219a-4517-a1ff-360af08a0651" testListId="8c84fa94-04c1-424b-9868-57a2d4851a1d" />
    <TestEntry testId="8db01b64-b383-c83e-964b-748f6ae6ae98" executionId="ad1bf14e-c49e-4728-8b91-7ed841fbc74d" testListId="8c84fa94-04c1-424b-9868-57a2d4851a1d" />
    <TestEntry testId="5a23dff7-35aa-273c-daee-04828bcac68c" executionId="64a1ee5a-a72b-4d77-a461-a09fd27b64d5" testListId="8c84fa94-04c1-424b-9868-57a2d4851a1d" />
    <TestEntry testId="b58fb24d-b8bd-63d7-ab31-f982297fb513" executionId="5cb97ec3-23dd-4b07-bb24-29d0c6d2b125" testListId="8c84fa94-04c1-424b-9868-57a2d4851a1d" />
    <TestEntry testId="89d5fbce-5689-2754-3c17-f09a79f62c1e" executionId="d2c29868-59a0-4108-a3d4-db7150de0e9c" testListId="8c84fa94-04c1-424b-9868-57a2d4851a1d" />
    <TestEntry testId="a01b3cfe-b206-73d0-6b08-9796d4d1520c" executionId="67c1415a-3063-41e2-aeda-31309fa676ee" testListId="8c84fa94-04c1-424b-9868-57a2d4851a1d" />
    <TestEntry testId="1a8bf7fa-341a-bd4b-e11f-60cc4f1b1ee7" executionId="a2a4bd4a-6d1f-41cc-a760-fc3f603a7f56" testListId="8c84fa94-04c1-424b-9868-57a2d4851a1d" />
    <TestEntry testId="33651c43-dcf2-7a28-f6bd-1bc9b60e4879" executionId="def48362-d542-47b8-87e4-399e6b838f40" testListId="8c84fa94-04c1-424b-9868-57a2d4851a1d" />
    <TestEntry testId="410c5104-75c8-d349-34a0-6b83d69f5230" executionId="9e197ea9-8a25-43fc-b0d4-778b48fe3c6c" testListId="8c84fa94-04c1-424b-9868-57a2d4851a1d" />
    <TestEntry testId="7154201f-f47f-57a4-a6f1-b76154198782" executionId="bb3fd98b-b229-4add-9c2f-b77c170fe424" testListId="8c84fa94-04c1-424b-9868-57a2d4851a1d" />
    <TestEntry testId="bbdd0dc8-6b2b-e31a-8d35-c94e53c63a8c" executionId="6965f946-4fad-4159-a0c2-818a5142c243" testListId="8c84fa94-04c1-424b-9868-57a2d4851a1d" />
    <TestEntry testId="19b8c4e4-d323-6695-b042-abe0edf66902" executionId="74e63a0d-6cc5-4834-b70c-46bc35f99fe6" testListId="8c84fa94-04c1-424b-9868-57a2d4851a1d" />
    <TestEntry testId="ef976b25-3482-1f85-7476-617768be4a18" executionId="a5a322a0-79ce-4b23-9229-b9d908460666" testListId="8c84fa94-04c1-424b-9868-57a2d4851a1d" />
    <TestEntry testId="1a8768f2-a355-1e16-48b2-25fa708dc3ea" executionId="18a5d786-61b6-4855-832f-9bf78584d427" testListId="8c84fa94-04c1-424b-9868-57a2d4851a1d" />
    <TestEntry testId="90159c99-25b6-98f5-2c0e-16351a91aaf3" executionId="6d2d15b5-d86e-4a59-adb5-169f6559223f" testListId="8c84fa94-04c1-424b-9868-57a2d4851a1d" />
    <TestEntry testId="8ec252e7-eca8-a301-b60b-bbeb25cfd340" executionId="a6e27a9d-3d14-4684-b233-13baa2d7e00d" testListId="8c84fa94-04c1-424b-9868-57a2d4851a1d" />
    <TestEntry testId="1cdc4cba-96e3-718a-87b2-fecc3eb91dbd" executionId="67effc55-acff-45a9-b7f0-ed5f39f91225" testListId="8c84fa94-04c1-424b-9868-57a2d4851a1d" />
    <TestEntry testId="b918d931-132f-8599-5333-64d5babdb039" executionId="eb89c93b-08d7-40e3-93f5-d8e0aba1e035" testListId="8c84fa94-04c1-424b-9868-57a2d4851a1d" />
    <TestEntry testId="87b8445f-8ee5-4895-9eeb-a297d3e165fe" executionId="a2c6e7b0-cd96-423b-8439-6931ff929616" testListId="8c84fa94-04c1-424b-9868-57a2d4851a1d" />
    <TestEntry testId="4fdfbee3-b8f8-d4c0-8d3c-569ae9cdc184" executionId="f7b6756c-5c7b-4fcd-b5af-cc0151b88a9e" testListId="8c84fa94-04c1-424b-9868-57a2d4851a1d" />
    <TestEntry testId="49fb4213-665b-6b83-a0dd-56c030f18f93" executionId="32fd8c47-9012-4b5f-b79e-9322bbd87072" testListId="8c84fa94-04c1-424b-9868-57a2d4851a1d" />
    <TestEntry testId="9619c825-a705-19f8-3da8-711ef85a8aad" executionId="5b03dbd9-f651-4780-8bb9-01c082910564" testListId="8c84fa94-04c1-424b-9868-57a2d4851a1d" />
    <TestEntry testId="0ad96f1e-78b4-1cbf-711e-432eb755c620" executionId="2828328c-ae25-46af-87a2-ec859b2ac227" testListId="8c84fa94-04c1-424b-9868-57a2d4851a1d" />
    <TestEntry testId="c68831c9-ed2a-ce0b-69e5-1defff053755" executionId="1dfa0f7a-0a3a-41ae-912e-4b7fb0cb72a0" testListId="8c84fa94-04c1-424b-9868-57a2d4851a1d" />
    <TestEntry testId="21642d96-cff1-8768-060e-ae6cc331cda3" executionId="5ffa858f-d05d-4536-b387-829d7300612d" testListId="8c84fa94-04c1-424b-9868-57a2d4851a1d" />
    <TestEntry testId="b909a745-9127-1762-1a0c-a9976b50845d" executionId="f9f12401-9147-464f-bacb-05e7f8c414a1" testListId="8c84fa94-04c1-424b-9868-57a2d4851a1d" />
    <TestEntry testId="099a42c3-57f1-3141-4cb0-3e93132ece1c" executionId="0644c148-8fc3-4eb6-ac26-255028b0ec38" testListId="8c84fa94-04c1-424b-9868-57a2d4851a1d" />
    <TestEntry testId="fdce2eb2-632b-c451-4f55-5f396da0303c" executionId="4665f5a3-4334-4892-8310-04dbd6c63ff2" testListId="8c84fa94-04c1-424b-9868-57a2d4851a1d" />
    <TestEntry testId="f5ea0cdf-a78d-abc1-a9aa-6daead97e2ff" executionId="b93ff00e-8ba9-4ad9-838f-41f19d0c983f" testListId="8c84fa94-04c1-424b-9868-57a2d4851a1d" />
    <TestEntry testId="c2a9b2c5-58f6-31f0-09a2-bf073a9232e1" executionId="26071268-5130-41d0-944c-92c28b4ff6f4" testListId="8c84fa94-04c1-424b-9868-57a2d4851a1d" />
    <TestEntry testId="fe8ead08-9d11-c930-f2eb-92b7e91f155e" executionId="299f8d92-6b93-4fc4-ac21-f2a8b89eedd2" testListId="8c84fa94-04c1-424b-9868-57a2d4851a1d" />
    <TestEntry testId="9e0c3293-e8ea-eacb-0614-bec62fd51b57" executionId="ee706b8d-4aaf-4c0a-a232-789b12b93cc6" testListId="8c84fa94-04c1-424b-9868-57a2d4851a1d" />
    <TestEntry testId="6e97e212-2cd8-b202-8682-a17263e9c981" executionId="0a577673-7806-4515-9e4a-109a4c606d28" testListId="8c84fa94-04c1-424b-9868-57a2d4851a1d" />
    <TestEntry testId="fc0ad22c-f47e-9c55-a24c-b489bd0d2c82" executionId="c31a9cb4-0f3b-40de-83ce-1646dae55c25" testListId="8c84fa94-04c1-424b-9868-57a2d4851a1d" />
    <TestEntry testId="ed06effd-7392-0c39-b08b-a2a7d74fa99d" executionId="d00cdba9-a172-486c-9974-8f4b4d4494b5" testListId="8c84fa94-04c1-424b-9868-57a2d4851a1d" />
    <TestEntry testId="5c72a9df-f394-6022-7e52-6b8d2ddfe314" executionId="a2720dd7-b7b6-4b1c-9cb2-0bfec0ebf64e" testListId="8c84fa94-04c1-424b-9868-57a2d4851a1d" />
    <TestEntry testId="3a4ec804-40f6-a26a-01bc-8c1366e0c7c1" executionId="96f282bc-9386-4a3e-8855-0dd2268d53ca" testListId="8c84fa94-04c1-424b-9868-57a2d4851a1d" />
    <TestEntry testId="61a57edc-06a2-fbe6-c8b6-3b54f422fba7" executionId="1e4828c4-292b-4416-a937-f6973e653cdd" testListId="8c84fa94-04c1-424b-9868-57a2d4851a1d" />
    <TestEntry testId="bde84b60-4c20-3504-8f2b-37181a090d49" executionId="fd40883e-1408-4671-b55b-2075f30cbbba" testListId="8c84fa94-04c1-424b-9868-57a2d4851a1d" />
    <TestEntry testId="47c6c862-03f3-66b8-4a2e-52b2777cce20" executionId="e33c1625-5bc6-4107-8777-20c81c46ce2d" testListId="8c84fa94-04c1-424b-9868-57a2d4851a1d" />
    <TestEntry testId="e6142300-77b3-7e22-824b-75e4501c0a9a" executionId="6c5067d5-45e2-42b3-aeb9-ff67dc5f2b22" testListId="8c84fa94-04c1-424b-9868-57a2d4851a1d" />
    <TestEntry testId="5b640411-ba30-7cab-0297-6eefd026bf91" executionId="b3094c61-0148-4143-be30-6d9299fa4899" testListId="8c84fa94-04c1-424b-9868-57a2d4851a1d" />
    <TestEntry testId="51cb915f-288e-2475-38f2-147b2dc3b264" executionId="bb7076a8-c783-4534-ad74-f89a3c536be3" testListId="8c84fa94-04c1-424b-9868-57a2d4851a1d" />
    <TestEntry testId="500093b8-f8da-94fb-4491-5917398d3c87" executionId="532149b6-c3ec-4366-be29-8a95753404ab" testListId="8c84fa94-04c1-424b-9868-57a2d4851a1d" />
    <TestEntry testId="29980a82-b1ef-4f18-ac54-d2379a93afc7" executionId="745920f8-93bd-44ec-8e5f-234f8a9b15df" testListId="8c84fa94-04c1-424b-9868-57a2d4851a1d" />
    <TestEntry testId="03be249b-1711-7294-0b70-3103da82c617" executionId="ec3de282-6de0-488a-8bcf-e2f68a6d8105" testListId="8c84fa94-04c1-424b-9868-57a2d4851a1d" />
    <TestEntry testId="1ee1b3f1-0dc0-f435-79e3-e59bf33bbadf" executionId="310e5cc4-9aa0-4cd1-ab2a-23d763313b86" testListId="8c84fa94-04c1-424b-9868-57a2d4851a1d" />
    <TestEntry testId="a66d357c-fd37-3167-7d24-07fe97fb5ef8" executionId="de0585b0-e7c2-4901-b083-b60faaaa96cb" testListId="8c84fa94-04c1-424b-9868-57a2d4851a1d" />
    <TestEntry testId="c01a69e9-d525-9d0c-e11f-be077f15bdb0" executionId="326e0cb8-47a1-4d35-bf36-9947bea8210e" testListId="8c84fa94-04c1-424b-9868-57a2d4851a1d" />
  </TestEntries>
  <TestLists>
    <TestList name="Results Not in a List" id="8c84fa94-04c1-424b-9868-57a2d4851a1d" />
    <TestList name="All Loaded Results" id="19431567-8539-422a-85d7-44ee4e166bda" />
  </TestLists>
  <ResultSummary outcome="Failed">
    <Counters total="107" executed="106" passed="102" failed="4" error="0" timeout="0" aborted="0" inconclusive="0" passedButRunAborted="0" notRunnable="0" notExecuted="0" disconnected="0" warning="0" completed="0" inProgress="0" pending="0" />
    <Output>
      <StdOut>[xUnit.net 00:00:00.00] xUnit.net VSTest Adapter v2.4.3+1b45f5407b (64-bit .NET 8.0.31)&#xD;
[xUnit.net 00:00:02.11]   Discovering: Studio5Jarvis.Tests&#xD;
[xUnit.net 00:00:02.37]   Discovered:  Studio5Jarvis.Tests&#xD;
[xUnit.net 00:00:02.38]   Starting:    Studio5Jarvis.Tests&#xD;
[xUnit.net 00:00:02.46]       System.TypeInitializationException : The type initializer for 'Jarvis5.Tests.EaFms.Delegation.ScratchTatDatabase' threw an exception.&#xD;
[xUnit.net 00:00:02.46]       ---- System.InvalidOperationException : Set EA_DELEGATION_TEST_SERVER to a PostgreSQL connection with CREATE DATABASE permission. Tests only write a generated scratch database.&#xD;
[xUnit.net 00:00:02.46]       Stack Trace:&#xD;
[xUnit.net 00:00:02.46]         F:\eaworking\backend work\EA_API_SOURCE\Tests\EaFms\Delegation\DelegationTypeOnlyTatTests.cs(45,0): at Jarvis5.Tests.EaFms.Delegation.ScratchTatDatabase.InitializeAsync()&#xD;
[xUnit.net 00:00:02.46]         ----- Inner Stack Trace -----&#xD;
[xUnit.net 00:00:02.46]         F:\eaworking\backend work\EA_API_SOURCE\Tests\EaFms\Delegation\DelegationTypeOnlyTatTests.cs(33,0): at Jarvis5.Tests.EaFms.Delegation.ScratchTatDatabase..cctor()&#xD;
[xUnit.net 00:00:03.51]       System.TypeInitializationException : The type initializer for 'Jarvis5.Tests.EaFms.Delegation.ScratchTatDatabase' threw an exception.&#xD;
[xUnit.net 00:00:03.51]       ---- System.InvalidOperationException : Set EA_DELEGATION_TEST_SERVER to a PostgreSQL connection with CREATE DATABASE permission. Tests only write a generated scratch database.&#xD;
[xUnit.net 00:00:03.51]       Stack Trace:&#xD;
[xUnit.net 00:00:03.51]         F:\eaworking\backend work\EA_API_SOURCE\Tests\EaFms\Delegation\DelegationTypeOnlyTatTests.cs(45,0): at Jarvis5.Tests.EaFms.Delegation.ScratchTatDatabase.InitializeAsync()&#xD;
[xUnit.net 00:00:03.51]         ----- Inner Stack Trace -----&#xD;
[xUnit.net 00:00:03.51]         F:\eaworking\backend work\EA_API_SOURCE\Tests\EaFms\Delegation\DelegationTypeOnlyTatTests.cs(33,0): at Jarvis5.Tests.EaFms.Delegation.ScratchTatDatabase..cctor()&#xD;
[xUnit.net 00:00:03.51]       System.TypeInitializationException : The type initializer for 'Jarvis5.Tests.EaFms.Delegation.ScratchTatDatabase' threw an exception.&#xD;
[xUnit.net 00:00:03.51]       ---- System.InvalidOperationException : Set EA_DELEGATION_TEST_SERVER to a PostgreSQL connection with CREATE DATABASE permission. Tests only write a generated scratch database.&#xD;
[xUnit.net 00:00:03.51]       Stack Trace:&#xD;
[xUnit.net 00:00:03.51]         F:\eaworking\backend work\EA_API_SOURCE\Tests\EaFms\Delegation\DelegationTypeOnlyTatTests.cs(45,0): at Jarvis5.Tests.EaFms.Delegation.ScratchTatDatabase.InitializeAsync()&#xD;
[xUnit.net 00:00:03.51]         ----- Inner Stack Trace -----&#xD;
[xUnit.net 00:00:03.51]         F:\eaworking\backend work\EA_API_SOURCE\Tests\EaFms\Delegation\DelegationTypeOnlyTatTests.cs(33,0): at Jarvis5.Tests.EaFms.Delegation.ScratchTatDatabase..cctor()&#xD;
[xUnit.net 00:00:03.51]       System.TypeInitializationException : The type initializer for 'Jarvis5.Tests.EaFms.Delegation.ScratchTatDatabase' threw an exception.&#xD;
[xUnit.net 00:00:03.51]       ---- System.InvalidOperationException : Set EA_DELEGATION_TEST_SERVER to a PostgreSQL connection with CREATE DATABASE permission. Tests only write a generated scratch database.&#xD;
[xUnit.net 00:00:03.51]       Stack Trace:&#xD;
[xUnit.net 00:00:03.51]         F:\eaworking\backend work\EA_API_SOURCE\Tests\EaFms\Delegation\DelegationTypeOnlyTatTests.cs(45,0): at Jarvis5.Tests.EaFms.Delegation.ScratchTatDatabase.InitializeAsync()&#xD;
[xUnit.net 00:00:03.51]         ----- Inner Stack Trace -----&#xD;
[xUnit.net 00:00:03.51]         F:\eaworking\backend work\EA_API_SOURCE\Tests\EaFms\Delegation\DelegationTypeOnlyTatTests.cs(33,0): at Jarvis5.Tests.EaFms.Delegation.ScratchTatDatabase..cctor()&#xD;
[xUnit.net 00:00:04.78]       Requires simulation of concurrent change of current cycle inside DB transaction; environment does not provide easy hook. Marked as blocker.&#xD;
Test 'Jarvis5.Tests.EaFms.ApprovalDocuments.ApprovalDocumentServiceComprehensiveTests.CycleLinking_CurrentCycleChangeDuringTransaction_IsRejected' was skipped in the test run.&#xD;
[xUnit.net 00:00:06.77]   Finished:    Studio5Jarvis.Tests&#xD;
</StdOut>
    </Output>
    <RunInfos>
      <RunInfo computerName="DESKTOP-TCCLH6H" outcome="Error" timestamp="2026-09-24T09:48:32.6359077+05:30">
        <Text>[xUnit.net 00:00:02.46]     Jarvis5.Tests.EaFms.Documents.DocumentRegisterTests.Approval_NumericRequestId_IsResolvedToTheReferenceNo_AndThenToTheRightEaTask [FAIL]</Text>
      </RunInfo>
      <RunInfo computerName="DESKTOP-TCCLH6H" outcome="Error" timestamp="2026-09-24T09:48:33.6959200+05:30">
        <Text>[xUnit.net 00:00:03.51]     Jarvis5.Tests.EaFms.Approvals.ApprovalTatRuleServiceIntegrationTests.TatRuleService_StillAcceptsApprovalRule_WithSubtypeOnly_NoTaskType [FAIL]</Text>
      </RunInfo>
      <RunInfo computerName="DESKTOP-TCCLH6H" outcome="Error" timestamp="2026-09-24T09:48:33.6960549+05:30">
        <Text>[xUnit.net 00:00:03.51]     Jarvis5.Tests.EaFms.Approvals.ApprovalTatRuleServiceIntegrationTests.TatRuleService_AcceptsApprovalRule_WithTaskTypeSet_AndSubtypeOmitted [FAIL]</Text>
      </RunInfo>
      <RunInfo computerName="DESKTOP-TCCLH6H" outcome="Error" timestamp="2026-09-24T09:48:33.6961973+05:30">
        <Text>[xUnit.net 00:00:03.51]     Jarvis5.Tests.EaFms.Approvals.ApprovalTatRuleServiceIntegrationTests.TatRuleService_RejectsApprovalRule_WithBothSubtypeAndTaskType [FAIL]</Text>
      </RunInfo>
      <RunInfo computerName="DESKTOP-TCCLH6H" outcome="Warning" timestamp="2026-09-24T09:48:34.9372472+05:30">
        <Text>[xUnit.net 00:00:04.78]     Jarvis5.Tests.EaFms.ApprovalDocuments.ApprovalDocumentServiceComprehensiveTests.CycleLinking_CurrentCycleChangeDuringTransaction_IsRejected [SKIP]</Text>
      </RunInfo>
    </RunInfos>
  </ResultSummary>
</TestRun>