<?xml version="1.0" encoding="utf-8"?>
<TestRun id="f483a5fd-6dc3-4f05-a88b-748ec46b67b3" name="Admin@PRATIKSHA 2026-09-15 11:49:25" runUser="PRATIKSHA\CodexSandboxOffline" xmlns="http://microsoft.com/schemas/VisualStudio/TeamTest/2010">
  <Times creation="2026-09-15T11:49:25.4710854+05:30" queuing="2026-09-15T11:49:25.4710857+05:30" start="2026-09-15T11:49:21.8331170+05:30" finish="2026-09-15T11:49:25.7966237+05:30" />
  <TestSettings name="default" id="11b9fd4f-f21e-47ec-85b6-422bc637ef61">
    <Deployment runDeploymentRoot="Admin_PRATIKSHA_2026-09-15_11_49_25" />
  </TestSettings>
  <Results>
    <UnitTestResult executionId="d71822e8-35f8-4f26-90e8-a93ae24cb430" testId="02afa38e-05c2-e3e9-b00f-a68921ca0540" testName="Jarvis5.Tests.EaFms.ApprovalDocuments.ApprovalDocumentServiceComprehensiveTests.AuditAndFailureCleanup_FileDeletedOnPersistenceFailure" computerName="PRATIKSHA" duration="00:00:00.0181641" startTime="2026-09-15T11:49:25.4232082+05:30" endTime="2026-09-15T11:49:25.4232084+05:30" testType="13cdc9d9-ddb5-4fa4-a97d-d965ccfc6d4b" outcome="Passed" testListId="8c84fa94-04c1-424b-9868-57a2d4851a1d" relativeResultsDirectory="d71822e8-35f8-4f26-90e8-a93ae24cb430" />
    <UnitTestResult executionId="2bbde5b9-e8c2-4e3f-9841-79ee22635eca" testId="2d528b27-9efe-ca41-d1f4-9f19a4b7800d" testName="Jarvis5.Tests.EaFms.ApprovalDocuments.ApprovalDocumentServiceComprehensiveTests.Lifecycle_UploadAllowedAndDeniedByWorkflowStatus" computerName="PRATIKSHA" duration="00:00:00.2614611" startTime="2026-09-15T11:49:25.3828665+05:30" endTime="2026-09-15T11:49:25.3828667+05:30" testType="13cdc9d9-ddb5-4fa4-a97d-d965ccfc6d4b" outcome="Passed" testListId="8c84fa94-04c1-424b-9868-57a2d4851a1d" relativeResultsDirectory="2bbde5b9-e8c2-4e3f-9841-79ee22635eca" />
    <UnitTestResult executionId="3a1a4594-23f5-4765-b2e2-e15fc7c4ff98" testId="89c90b6f-d2e2-4a48-88c8-d272b2f51a67" testName="Jarvis5.Tests.EaFms.ApprovalDocuments.ApprovalDocumentServiceComprehensiveTests.CycleLinking_MissingCurrentCycle_IsRejected" computerName="PRATIKSHA" duration="00:00:00.0101680" startTime="2026-09-15T11:49:25.6937790+05:30" endTime="2026-09-15T11:49:25.6937792+05:30" testType="13cdc9d9-ddb5-4fa4-a97d-d965ccfc6d4b" outcome="Passed" testListId="8c84fa94-04c1-424b-9868-57a2d4851a1d" relativeResultsDirectory="3a1a4594-23f5-4765-b2e2-e15fc7c4ff98" />
    <UnitTestResult executionId="358cc184-cb66-44b0-b26f-5a14db615841" testId="87b8445f-8ee5-4895-9eeb-a297d3e165fe" testName="Jarvis5.Tests.EaFms.ApprovalDocuments.ApprovalDocumentServiceComprehensiveTests.Upload_OversizedFile_Throws" computerName="PRATIKSHA" duration="00:00:00.0078551" startTime="2026-09-15T11:49:25.5918743+05:30" endTime="2026-09-15T11:49:25.5918748+05:30" testType="13cdc9d9-ddb5-4fa4-a97d-d965ccfc6d4b" outcome="Passed" testListId="8c84fa94-04c1-424b-9868-57a2d4851a1d" relativeResultsDirectory="358cc184-cb66-44b0-b26f-5a14db615841" />
    <UnitTestResult executionId="0391c610-0614-4591-a7ed-9c888160aef7" testId="1a8bf7fa-341a-bd4b-e11f-60cc4f1b1ee7" testName="Jarvis5.Tests.EaFms.ApprovalDocuments.ApprovalDocumentServiceComprehensiveTests.Upload_EmptyFile_Throws" computerName="PRATIKSHA" duration="00:00:00.0070701" startTime="2026-09-15T11:49:25.4399703+05:30" endTime="2026-09-15T11:49:25.4399704+05:30" testType="13cdc9d9-ddb5-4fa4-a97d-d965ccfc6d4b" outcome="Passed" testListId="8c84fa94-04c1-424b-9868-57a2d4851a1d" relativeResultsDirectory="0391c610-0614-4591-a7ed-9c888160aef7" />
    <UnitTestResult executionId="36cd9529-1e8f-4534-94eb-747fb2eea764" testId="1ed41273-c4d5-ed76-e91e-03f772074dd8" testName="Jarvis5.Tests.EaFms.ApprovalDocuments.ApprovalDocumentServiceComprehensiveTests.CycleLinking_ExplicitValidCurrentCycle_AllowsUpload" computerName="PRATIKSHA" duration="00:00:00.0206217" startTime="2026-09-15T11:49:25.4048988+05:30" endTime="2026-09-15T11:49:25.4048989+05:30" testType="13cdc9d9-ddb5-4fa4-a97d-d965ccfc6d4b" outcome="Passed" testListId="8c84fa94-04c1-424b-9868-57a2d4851a1d" relativeResultsDirectory="36cd9529-1e8f-4534-94eb-747fb2eea764" />
    <UnitTestResult executionId="734da1c9-6bd7-4e8d-8d49-7af61b085116" testId="500093b8-f8da-94fb-4491-5917398d3c87" testName="Jarvis5.Tests.EaFms.ApprovalDocuments.ApprovalDocumentServiceComprehensiveTests.Upload_InvalidExtension_Throws" computerName="PRATIKSHA" duration="00:00:00.0093207" startTime="2026-09-15T11:49:25.4514916+05:30" endTime="2026-09-15T11:49:25.4514918+05:30" testType="13cdc9d9-ddb5-4fa4-a97d-d965ccfc6d4b" outcome="Passed" testListId="8c84fa94-04c1-424b-9868-57a2d4851a1d" relativeResultsDirectory="734da1c9-6bd7-4e8d-8d49-7af61b085116" />
    <UnitTestResult executionId="a6e4dcec-e492-4def-962c-1b85a6eb00d7" testId="ff41ec65-028d-9f15-77b3-d1514896bae7" testName="Jarvis5.Tests.EaFms.ApprovalDocuments.ApprovalDocumentServiceComprehensiveTests.CycleLinking_OmittedApprovalCycleId_ResolvesCurrentCycleNo" computerName="PRATIKSHA" duration="00:00:00.0163489" startTime="2026-09-15T11:49:25.6834034+05:30" endTime="2026-09-15T11:49:25.6834037+05:30" testType="13cdc9d9-ddb5-4fa4-a97d-d965ccfc6d4b" outcome="Passed" testListId="8c84fa94-04c1-424b-9868-57a2d4851a1d" relativeResultsDirectory="a6e4dcec-e492-4def-962c-1b85a6eb00d7" />
    <UnitTestResult executionId="0c139b5e-2b7b-4383-86a9-95c2a6d49887" testId="d7693bb1-ac03-ed24-04e3-3c0ca91b5dec" testName="Jarvis5.Tests.EaFms.ApprovalDocuments.ApprovalDocumentServiceComprehensiveTests.Upload_SuccessfulUpload_PersistsAttachmentAndWritesFileAndAudit" computerName="PRATIKSHA" duration="00:00:00.0470890" startTime="2026-09-15T11:49:25.4968072+05:30" endTime="2026-09-15T11:49:25.4968076+05:30" testType="13cdc9d9-ddb5-4fa4-a97d-d965ccfc6d4b" outcome="Passed" testListId="8c84fa94-04c1-424b-9868-57a2d4851a1d" relativeResultsDirectory="0c139b5e-2b7b-4383-86a9-95c2a6d49887" />
    <UnitTestResult executionId="846b42b2-5552-4af3-a91f-91c5a98c2ff0" testId="47c6c862-03f3-66b8-4a2e-52b2777cce20" testName="Jarvis5.Tests.EaFms.ApprovalDocuments.ApprovalDocumentServiceComprehensiveTests.CycleLinking_ExplicitCycleBelongingToAnotherRequest_IsRejected" computerName="PRATIKSHA" duration="00:00:01.1522406" startTime="2026-09-15T11:49:25.1176791+05:30" endTime="2026-09-15T11:49:25.1176792+05:30" testType="13cdc9d9-ddb5-4fa4-a97d-d965ccfc6d4b" outcome="Passed" testListId="8c84fa94-04c1-424b-9868-57a2d4851a1d" relativeResultsDirectory="846b42b2-5552-4af3-a91f-91c5a98c2ff0" />
    <UnitTestResult executionId="910d4a92-2b0d-4481-af0a-df3b73c15604" testId="51cb915f-288e-2475-38f2-147b2dc3b264" testName="Jarvis5.Tests.EaFms.ApprovalDocuments.ApprovalDocumentServiceComprehensiveTests.CycleLinking_ExplicitNonCurrentCycle_IsRejected" computerName="PRATIKSHA" duration="00:00:00.0095013" startTime="2026-09-15T11:49:25.4328091+05:30" endTime="2026-09-15T11:49:25.4328093+05:30" testType="13cdc9d9-ddb5-4fa4-a97d-d965ccfc6d4b" outcome="Passed" testListId="8c84fa94-04c1-424b-9868-57a2d4851a1d" relativeResultsDirectory="910d4a92-2b0d-4481-af0a-df3b73c15604" />
    <UnitTestResult executionId="2c00c180-bb99-47f9-947c-3794fe526c1e" testId="e5d0b6f3-9c78-aa2f-5127-0039dbeb091b" testName="Jarvis5.Tests.EaFms.ApprovalDocuments.ApprovalDocumentServiceTests.Upload_MissingFile_Throws" computerName="PRATIKSHA" duration="00:00:00.1940907" startTime="2026-09-15T11:49:24.1633101+05:30" endTime="2026-09-15T11:49:24.1633444+05:30" testType="13cdc9d9-ddb5-4fa4-a97d-d965ccfc6d4b" outcome="Passed" testListId="8c84fa94-04c1-424b-9868-57a2d4851a1d" relativeResultsDirectory="2c00c180-bb99-47f9-947c-3794fe526c1e" />
    <UnitTestResult executionId="3ea54bfd-886b-4b05-9c21-0ab4aa78bae9" testId="eaa74c76-cdaf-39db-4aa0-fb43339eeb2f" testName="Jarvis5.Tests.EaFms.ApprovalDocuments.ApprovalDocumentServiceComprehensiveTests.Architecture_NoProhibitedApprovalSpecificEntities" computerName="PRATIKSHA" duration="00:00:00.0011375" startTime="2026-09-15T11:49:25.1189054+05:30" endTime="2026-09-15T11:49:25.1189055+05:30" testType="13cdc9d9-ddb5-4fa4-a97d-d965ccfc6d4b" outcome="Passed" testListId="8c84fa94-04c1-424b-9868-57a2d4851a1d" relativeResultsDirectory="3ea54bfd-886b-4b05-9c21-0ab4aa78bae9" />
    <UnitTestResult executionId="e4f101c2-f510-42db-afcc-6ccbca2f8f18" testId="5b640411-ba30-7cab-0297-6eefd026bf91" testName="Jarvis5.Tests.EaFms.ApprovalDocuments.ApprovalDocumentServiceComprehensiveTests.CycleLinking_CurrentCycleChangeDuringTransaction_IsRejected" computerName="PRATIKSHA" duration="00:00:00.0010000" startTime="2026-09-15T11:49:25.4529023+05:30" endTime="2026-09-15T11:49:25.4529027+05:30" testType="13cdc9d9-ddb5-4fa4-a97d-d965ccfc6d4b" outcome="NotExecuted" testListId="8c84fa94-04c1-424b-9868-57a2d4851a1d" relativeResultsDirectory="e4f101c2-f510-42db-afcc-6ccbca2f8f18">
      <Output>
        <StdOut>Requires simulation of concurrent change of current cycle inside DB transaction; environment does not provide easy hook. Marked as blocker.</StdOut>
      </Output>
    </UnitTestResult>
    <UnitTestResult executionId="040404a3-100f-4488-890b-62afd544b92d" testId="fe8ead08-9d11-c930-f2eb-92b7e91f155e" testName="Jarvis5.Tests.EaFms.ApprovalDocuments.ApprovalDocumentServiceComprehensiveTests.Delete_SoftDeleteAndExclusionAndAudit" computerName="PRATIKSHA" duration="00:00:00.0605897" startTime="2026-09-15T11:49:25.6669144+05:30" endTime="2026-09-15T11:49:25.6669148+05:30" testType="13cdc9d9-ddb5-4fa4-a97d-d965ccfc6d4b" outcome="Passed" testListId="8c84fa94-04c1-424b-9868-57a2d4851a1d" relativeResultsDirectory="040404a3-100f-4488-890b-62afd544b92d" />
    <UnitTestResult executionId="0ee44cff-e58d-4cab-ad5d-0e4ccc27c902" testId="6ffb0b13-2b95-ecb7-ac2e-fb956ecf8a48" testName="Jarvis5.Tests.EaFms.ApprovalDocuments.ApprovalDocumentServiceComprehensiveTests.Upload_PathTraversalClientFilename_IsSanitizedAndStoredSafely" computerName="PRATIKSHA" duration="00:00:00.0140946" startTime="2026-09-15T11:49:25.6062013+05:30" endTime="2026-09-15T11:49:25.6062016+05:30" testType="13cdc9d9-ddb5-4fa4-a97d-d965ccfc6d4b" outcome="Passed" testListId="8c84fa94-04c1-424b-9868-57a2d4851a1d" relativeResultsDirectory="0ee44cff-e58d-4cab-ad5d-0e4ccc27c902" />
    <UnitTestResult executionId="887a7a37-e33d-4c5e-ab8a-4f084d9d769d" testId="9b4d25ff-df8c-71f3-b365-4bcf7c767e99" testName="Jarvis5.Tests.EaFms.ApprovalDocuments.ApprovalDocumentServiceComprehensiveTests.Authorization_CreatorApproverAndUnauthorizedBehaviors" computerName="PRATIKSHA" duration="00:00:00.0869082" startTime="2026-09-15T11:49:25.5839359+05:30" endTime="2026-09-15T11:49:25.5839360+05:30" testType="13cdc9d9-ddb5-4fa4-a97d-d965ccfc6d4b" outcome="Passed" testListId="8c84fa94-04c1-424b-9868-57a2d4851a1d" relativeResultsDirectory="887a7a37-e33d-4c5e-ab8a-4f084d9d769d" />
    <UnitTestResult executionId="34f18f2f-61a2-485e-8928-9ac2d742f2e9" testId="79ec618d-bd8f-d64a-7822-32f76eb6320f" testName="Jarvis5.Tests.EaFms.ApprovalDocuments.ApprovalDocumentServiceIntegrationTests.Upload_WithNoCurrentCycle_IsRejected" computerName="PRATIKSHA" duration="00:00:01.1451169" startTime="2026-09-15T11:49:25.1106688+05:30" endTime="2026-09-15T11:49:25.1106691+05:30" testType="13cdc9d9-ddb5-4fa4-a97d-d965ccfc6d4b" outcome="Passed" testListId="8c84fa94-04c1-424b-9868-57a2d4851a1d" relativeResultsDirectory="34f18f2f-61a2-485e-8928-9ac2d742f2e9" />
  </Results>
  <TestDefinitions>
    <UnitTest name="Jarvis5.Tests.EaFms.ApprovalDocuments.ApprovalDocumentServiceComprehensiveTests.Upload_PathTraversalClientFilename_IsSanitizedAndStoredSafely" storage="c:\users\admin\documents\db_jarvis_api\studio5jarvis_master_api-main\tests\bin\debug\net8.0\studio5jarvis.tests.dll" id="6ffb0b13-2b95-ecb7-ac2e-fb956ecf8a48">
      <Execution id="0ee44cff-e58d-4cab-ad5d-0e4ccc27c902" />
      <TestMethod codeBase="C:\Users\Admin\Documents\DB_JARVIS_API\Studio5Jarvis_Master_API-main\Tests\bin\Debug\net8.0\Studio5Jarvis.Tests.dll" adapterTypeName="executor://xunit/VsTestRunner2/netcoreapp" className="Jarvis5.Tests.EaFms.ApprovalDocuments.ApprovalDocumentServiceComprehensiveTests" name="Upload_PathTraversalClientFilename_IsSanitizedAndStoredSafely" />
    </UnitTest>
    <UnitTest name="Jarvis5.Tests.EaFms.ApprovalDocuments.ApprovalDocumentServiceComprehensiveTests.Upload_InvalidExtension_Throws" storage="c:\users\admin\documents\db_jarvis_api\studio5jarvis_master_api-main\tests\bin\debug\net8.0\studio5jarvis.tests.dll" id="500093b8-f8da-94fb-4491-5917398d3c87">
      <Execution id="734da1c9-6bd7-4e8d-8d49-7af61b085116" />
      <TestMethod codeBase="C:\Users\Admin\Documents\DB_JARVIS_API\Studio5Jarvis_Master_API-main\Tests\bin\Debug\net8.0\Studio5Jarvis.Tests.dll" adapterTypeName="executor://xunit/VsTestRunner2/netcoreapp" className="Jarvis5.Tests.EaFms.ApprovalDocuments.ApprovalDocumentServiceComprehensiveTests" name="Upload_InvalidExtension_Throws" />
    </UnitTest>
    <UnitTest name="Jarvis5.Tests.EaFms.ApprovalDocuments.ApprovalDocumentServiceComprehensiveTests.Upload_SuccessfulUpload_PersistsAttachmentAndWritesFileAndAudit" storage="c:\users\admin\documents\db_jarvis_api\studio5jarvis_master_api-main\tests\bin\debug\net8.0\studio5jarvis.tests.dll" id="d7693bb1-ac03-ed24-04e3-3c0ca91b5dec">
      <Execution id="0c139b5e-2b7b-4383-86a9-95c2a6d49887" />
      <TestMethod codeBase="C:\Users\Admin\Documents\DB_JARVIS_API\Studio5Jarvis_Master_API-main\Tests\bin\Debug\net8.0\Studio5Jarvis.Tests.dll" adapterTypeName="executor://xunit/VsTestRunner2/netcoreapp" className="Jarvis5.Tests.EaFms.ApprovalDocuments.ApprovalDocumentServiceComprehensiveTests" name="Upload_SuccessfulUpload_PersistsAttachmentAndWritesFileAndAudit" />
    </UnitTest>
    <UnitTest name="Jarvis5.Tests.EaFms.ApprovalDocuments.ApprovalDocumentServiceComprehensiveTests.Delete_SoftDeleteAndExclusionAndAudit" storage="c:\users\admin\documents\db_jarvis_api\studio5jarvis_master_api-main\tests\bin\debug\net8.0\studio5jarvis.tests.dll" id="fe8ead08-9d11-c930-f2eb-92b7e91f155e">
      <Execution id="040404a3-100f-4488-890b-62afd544b92d" />
      <TestMethod codeBase="C:\Users\Admin\Documents\DB_JARVIS_API\Studio5Jarvis_Master_API-main\Tests\bin\Debug\net8.0\Studio5Jarvis.Tests.dll" adapterTypeName="executor://xunit/VsTestRunner2/netcoreapp" className="Jarvis5.Tests.EaFms.ApprovalDocuments.ApprovalDocumentServiceComprehensiveTests" name="Delete_SoftDeleteAndExclusionAndAudit" />
    </UnitTest>
    <UnitTest name="Jarvis5.Tests.EaFms.ApprovalDocuments.ApprovalDocumentServiceComprehensiveTests.CycleLinking_ExplicitCycleBelongingToAnotherRequest_IsRejected" storage="c:\users\admin\documents\db_jarvis_api\studio5jarvis_master_api-main\tests\bin\debug\net8.0\studio5jarvis.tests.dll" id="47c6c862-03f3-66b8-4a2e-52b2777cce20">
      <Execution id="846b42b2-5552-4af3-a91f-91c5a98c2ff0" />
      <TestMethod codeBase="C:\Users\Admin\Documents\DB_JARVIS_API\Studio5Jarvis_Master_API-main\Tests\bin\Debug\net8.0\Studio5Jarvis.Tests.dll" adapterTypeName="executor://xunit/VsTestRunner2/netcoreapp" className="Jarvis5.Tests.EaFms.ApprovalDocuments.ApprovalDocumentServiceComprehensiveTests" name="CycleLinking_ExplicitCycleBelongingToAnotherRequest_IsRejected" />
    </UnitTest>
    <UnitTest name="Jarvis5.Tests.EaFms.ApprovalDocuments.ApprovalDocumentServiceComprehensiveTests.AuditAndFailureCleanup_FileDeletedOnPersistenceFailure" storage="c:\users\admin\documents\db_jarvis_api\studio5jarvis_master_api-main\tests\bin\debug\net8.0\studio5jarvis.tests.dll" id="02afa38e-05c2-e3e9-b00f-a68921ca0540">
      <Execution id="d71822e8-35f8-4f26-90e8-a93ae24cb430" />
      <TestMethod codeBase="C:\Users\Admin\Documents\DB_JARVIS_API\Studio5Jarvis_Master_API-main\Tests\bin\Debug\net8.0\Studio5Jarvis.Tests.dll" adapterTypeName="executor://xunit/VsTestRunner2/netcoreapp" className="Jarvis5.Tests.EaFms.ApprovalDocuments.ApprovalDocumentServiceComprehensiveTests" name="AuditAndFailureCleanup_FileDeletedOnPersistenceFailure" />
    </UnitTest>
    <UnitTest name="Jarvis5.Tests.EaFms.ApprovalDocuments.ApprovalDocumentServiceComprehensiveTests.Lifecycle_UploadAllowedAndDeniedByWorkflowStatus" storage="c:\users\admin\documents\db_jarvis_api\studio5jarvis_master_api-main\tests\bin\debug\net8.0\studio5jarvis.tests.dll" id="2d528b27-9efe-ca41-d1f4-9f19a4b7800d">
      <Execution id="2bbde5b9-e8c2-4e3f-9841-79ee22635eca" />
      <TestMethod codeBase="C:\Users\Admin\Documents\DB_JARVIS_API\Studio5Jarvis_Master_API-main\Tests\bin\Debug\net8.0\Studio5Jarvis.Tests.dll" adapterTypeName="executor://xunit/VsTestRunner2/netcoreapp" className="Jarvis5.Tests.EaFms.ApprovalDocuments.ApprovalDocumentServiceComprehensiveTests" name="Lifecycle_UploadAllowedAndDeniedByWorkflowStatus" />
    </UnitTest>
    <UnitTest name="Jarvis5.Tests.EaFms.ApprovalDocuments.ApprovalDocumentServiceComprehensiveTests.CycleLinking_OmittedApprovalCycleId_ResolvesCurrentCycleNo" storage="c:\users\admin\documents\db_jarvis_api\studio5jarvis_master_api-main\tests\bin\debug\net8.0\studio5jarvis.tests.dll" id="ff41ec65-028d-9f15-77b3-d1514896bae7">
      <Execution id="a6e4dcec-e492-4def-962c-1b85a6eb00d7" />
      <TestMethod codeBase="C:\Users\Admin\Documents\DB_JARVIS_API\Studio5Jarvis_Master_API-main\Tests\bin\Debug\net8.0\Studio5Jarvis.Tests.dll" adapterTypeName="executor://xunit/VsTestRunner2/netcoreapp" className="Jarvis5.Tests.EaFms.ApprovalDocuments.ApprovalDocumentServiceComprehensiveTests" name="CycleLinking_OmittedApprovalCycleId_ResolvesCurrentCycleNo" />
    </UnitTest>
    <UnitTest name="Jarvis5.Tests.EaFms.ApprovalDocuments.ApprovalDocumentServiceComprehensiveTests.Architecture_NoProhibitedApprovalSpecificEntities" storage="c:\users\admin\documents\db_jarvis_api\studio5jarvis_master_api-main\tests\bin\debug\net8.0\studio5jarvis.tests.dll" id="eaa74c76-cdaf-39db-4aa0-fb43339eeb2f">
      <Execution id="3ea54bfd-886b-4b05-9c21-0ab4aa78bae9" />
      <TestMethod codeBase="C:\Users\Admin\Documents\DB_JARVIS_API\Studio5Jarvis_Master_API-main\Tests\bin\Debug\net8.0\Studio5Jarvis.Tests.dll" adapterTypeName="executor://xunit/VsTestRunner2/netcoreapp" className="Jarvis5.Tests.EaFms.ApprovalDocuments.ApprovalDocumentServiceComprehensiveTests" name="Architecture_NoProhibitedApprovalSpecificEntities" />
    </UnitTest>
    <UnitTest name="Jarvis5.Tests.EaFms.ApprovalDocuments.ApprovalDocumentServiceComprehensiveTests.Upload_OversizedFile_Throws" storage="c:\users\admin\documents\db_jarvis_api\studio5jarvis_master_api-main\tests\bin\debug\net8.0\studio5jarvis.tests.dll" id="87b8445f-8ee5-4895-9eeb-a297d3e165fe">
      <Execution id="358cc184-cb66-44b0-b26f-5a14db615841" />
      <TestMethod codeBase="C:\Users\Admin\Documents\DB_JARVIS_API\Studio5Jarvis_Master_API-main\Tests\bin\Debug\net8.0\Studio5Jarvis.Tests.dll" adapterTypeName="executor://xunit/VsTestRunner2/netcoreapp" className="Jarvis5.Tests.EaFms.ApprovalDocuments.ApprovalDocumentServiceComprehensiveTests" name="Upload_OversizedFile_Throws" />
    </UnitTest>
    <UnitTest name="Jarvis5.Tests.EaFms.ApprovalDocuments.ApprovalDocumentServiceComprehensiveTests.CycleLinking_CurrentCycleChangeDuringTransaction_IsRejected" storage="c:\users\admin\documents\db_jarvis_api\studio5jarvis_master_api-main\tests\bin\debug\net8.0\studio5jarvis.tests.dll" id="5b640411-ba30-7cab-0297-6eefd026bf91">
      <Execution id="e4f101c2-f510-42db-afcc-6ccbca2f8f18" />
      <TestMethod codeBase="C:\Users\Admin\Documents\DB_JARVIS_API\Studio5Jarvis_Master_API-main\Tests\bin\Debug\net8.0\Studio5Jarvis.Tests.dll" adapterTypeName="executor://xunit/VsTestRunner2/netcoreapp" className="Jarvis5.Tests.EaFms.ApprovalDocuments.ApprovalDocumentServiceComprehensiveTests" name="CycleLinking_CurrentCycleChangeDuringTransaction_IsRejected" />
    </UnitTest>
    <UnitTest name="Jarvis5.Tests.EaFms.ApprovalDocuments.ApprovalDocumentServiceComprehensiveTests.CycleLinking_MissingCurrentCycle_IsRejected" storage="c:\users\admin\documents\db_jarvis_api\studio5jarvis_master_api-main\tests\bin\debug\net8.0\studio5jarvis.tests.dll" id="89c90b6f-d2e2-4a48-88c8-d272b2f51a67">
      <Execution id="3a1a4594-23f5-4765-b2e2-e15fc7c4ff98" />
      <TestMethod codeBase="C:\Users\Admin\Documents\DB_JARVIS_API\Studio5Jarvis_Master_API-main\Tests\bin\Debug\net8.0\Studio5Jarvis.Tests.dll" adapterTypeName="executor://xunit/VsTestRunner2/netcoreapp" className="Jarvis5.Tests.EaFms.ApprovalDocuments.ApprovalDocumentServiceComprehensiveTests" name="CycleLinking_MissingCurrentCycle_IsRejected" />
    </UnitTest>
    <UnitTest name="Jarvis5.Tests.EaFms.ApprovalDocuments.ApprovalDocumentServiceComprehensiveTests.Authorization_CreatorApproverAndUnauthorizedBehaviors" storage="c:\users\admin\documents\db_jarvis_api\studio5jarvis_master_api-main\tests\bin\debug\net8.0\studio5jarvis.tests.dll" id="9b4d25ff-df8c-71f3-b365-4bcf7c767e99">
      <Execution id="887a7a37-e33d-4c5e-ab8a-4f084d9d769d" />
      <TestMethod codeBase="C:\Users\Admin\Documents\DB_JARVIS_API\Studio5Jarvis_Master_API-main\Tests\bin\Debug\net8.0\Studio5Jarvis.Tests.dll" adapterTypeName="executor://xunit/VsTestRunner2/netcoreapp" className="Jarvis5.Tests.EaFms.ApprovalDocuments.ApprovalDocumentServiceComprehensiveTests" name="Authorization_CreatorApproverAndUnauthorizedBehaviors" />
    </UnitTest>
    <UnitTest name="Jarvis5.Tests.EaFms.ApprovalDocuments.ApprovalDocumentServiceComprehensiveTests.CycleLinking_ExplicitNonCurrentCycle_IsRejected" storage="c:\users\admin\documents\db_jarvis_api\studio5jarvis_master_api-main\tests\bin\debug\net8.0\studio5jarvis.tests.dll" id="51cb915f-288e-2475-38f2-147b2dc3b264">
      <Execution id="910d4a92-2b0d-4481-af0a-df3b73c15604" />
      <TestMethod codeBase="C:\Users\Admin\Documents\DB_JARVIS_API\Studio5Jarvis_Master_API-main\Tests\bin\Debug\net8.0\Studio5Jarvis.Tests.dll" adapterTypeName="executor://xunit/VsTestRunner2/netcoreapp" className="Jarvis5.Tests.EaFms.ApprovalDocuments.ApprovalDocumentServiceComprehensiveTests" name="CycleLinking_ExplicitNonCurrentCycle_IsRejected" />
    </UnitTest>
    <UnitTest name="Jarvis5.Tests.EaFms.ApprovalDocuments.ApprovalDocumentServiceComprehensiveTests.CycleLinking_ExplicitValidCurrentCycle_AllowsUpload" storage="c:\users\admin\documents\db_jarvis_api\studio5jarvis_master_api-main\tests\bin\debug\net8.0\studio5jarvis.tests.dll" id="1ed41273-c4d5-ed76-e91e-03f772074dd8">
      <Execution id="36cd9529-1e8f-4534-94eb-747fb2eea764" />
      <TestMethod codeBase="C:\Users\Admin\Documents\DB_JARVIS_API\Studio5Jarvis_Master_API-main\Tests\bin\Debug\net8.0\Studio5Jarvis.Tests.dll" adapterTypeName="executor://xunit/VsTestRunner2/netcoreapp" className="Jarvis5.Tests.EaFms.ApprovalDocuments.ApprovalDocumentServiceComprehensiveTests" name="CycleLinking_ExplicitValidCurrentCycle_AllowsUpload" />
    </UnitTest>
    <UnitTest name="Jarvis5.Tests.EaFms.ApprovalDocuments.ApprovalDocumentServiceComprehensiveTests.Upload_EmptyFile_Throws" storage="c:\users\admin\documents\db_jarvis_api\studio5jarvis_master_api-main\tests\bin\debug\net8.0\studio5jarvis.tests.dll" id="1a8bf7fa-341a-bd4b-e11f-60cc4f1b1ee7">
      <Execution id="0391c610-0614-4591-a7ed-9c888160aef7" />
      <TestMethod codeBase="C:\Users\Admin\Documents\DB_JARVIS_API\Studio5Jarvis_Master_API-main\Tests\bin\Debug\net8.0\Studio5Jarvis.Tests.dll" adapterTypeName="executor://xunit/VsTestRunner2/netcoreapp" className="Jarvis5.Tests.EaFms.ApprovalDocuments.ApprovalDocumentServiceComprehensiveTests" name="Upload_EmptyFile_Throws" />
    </UnitTest>
    <UnitTest name="Jarvis5.Tests.EaFms.ApprovalDocuments.ApprovalDocumentServiceIntegrationTests.Upload_WithNoCurrentCycle_IsRejected" storage="c:\users\admin\documents\db_jarvis_api\studio5jarvis_master_api-main\tests\bin\debug\net8.0\studio5jarvis.tests.dll" id="79ec618d-bd8f-d64a-7822-32f76eb6320f">
      <Execution id="34f18f2f-61a2-485e-8928-9ac2d742f2e9" />
      <TestMethod codeBase="C:\Users\Admin\Documents\DB_JARVIS_API\Studio5Jarvis_Master_API-main\Tests\bin\Debug\net8.0\Studio5Jarvis.Tests.dll" adapterTypeName="executor://xunit/VsTestRunner2/netcoreapp" className="Jarvis5.Tests.EaFms.ApprovalDocuments.ApprovalDocumentServiceIntegrationTests" name="Upload_WithNoCurrentCycle_IsRejected" />
    </UnitTest>
    <UnitTest name="Jarvis5.Tests.EaFms.ApprovalDocuments.ApprovalDocumentServiceTests.Upload_MissingFile_Throws" storage="c:\users\admin\documents\db_jarvis_api\studio5jarvis_master_api-main\tests\bin\debug\net8.0\studio5jarvis.tests.dll" id="e5d0b6f3-9c78-aa2f-5127-0039dbeb091b">
      <Execution id="2c00c180-bb99-47f9-947c-3794fe526c1e" />
      <TestMethod codeBase="C:\Users\Admin\Documents\DB_JARVIS_API\Studio5Jarvis_Master_API-main\Tests\bin\Debug\net8.0\Studio5Jarvis.Tests.dll" adapterTypeName="executor://xunit/VsTestRunner2/netcoreapp" className="Jarvis5.Tests.EaFms.ApprovalDocuments.ApprovalDocumentServiceTests" name="Upload_MissingFile_Throws" />
    </UnitTest>
  </TestDefinitions>
  <TestEntries>
    <TestEntry testId="02afa38e-05c2-e3e9-b00f-a68921ca0540" executionId="d71822e8-35f8-4f26-90e8-a93ae24cb430" testListId="8c84fa94-04c1-424b-9868-57a2d4851a1d" />
    <TestEntry testId="2d528b27-9efe-ca41-d1f4-9f19a4b7800d" executionId="2bbde5b9-e8c2-4e3f-9841-79ee22635eca" testListId="8c84fa94-04c1-424b-9868-57a2d4851a1d" />
    <TestEntry testId="89c90b6f-d2e2-4a48-88c8-d272b2f51a67" executionId="3a1a4594-23f5-4765-b2e2-e15fc7c4ff98" testListId="8c84fa94-04c1-424b-9868-57a2d4851a1d" />
    <TestEntry testId="87b8445f-8ee5-4895-9eeb-a297d3e165fe" executionId="358cc184-cb66-44b0-b26f-5a14db615841" testListId="8c84fa94-04c1-424b-9868-57a2d4851a1d" />
    <TestEntry testId="1a8bf7fa-341a-bd4b-e11f-60cc4f1b1ee7" executionId="0391c610-0614-4591-a7ed-9c888160aef7" testListId="8c84fa94-04c1-424b-9868-57a2d4851a1d" />
    <TestEntry testId="1ed41273-c4d5-ed76-e91e-03f772074dd8" executionId="36cd9529-1e8f-4534-94eb-747fb2eea764" testListId="8c84fa94-04c1-424b-9868-57a2d4851a1d" />
    <TestEntry testId="500093b8-f8da-94fb-4491-5917398d3c87" executionId="734da1c9-6bd7-4e8d-8d49-7af61b085116" testListId="8c84fa94-04c1-424b-9868-57a2d4851a1d" />
    <TestEntry testId="ff41ec65-028d-9f15-77b3-d1514896bae7" executionId="a6e4dcec-e492-4def-962c-1b85a6eb00d7" testListId="8c84fa94-04c1-424b-9868-57a2d4851a1d" />
    <TestEntry testId="d7693bb1-ac03-ed24-04e3-3c0ca91b5dec" executionId="0c139b5e-2b7b-4383-86a9-95c2a6d49887" testListId="8c84fa94-04c1-424b-9868-57a2d4851a1d" />
    <TestEntry testId="47c6c862-03f3-66b8-4a2e-52b2777cce20" executionId="846b42b2-5552-4af3-a91f-91c5a98c2ff0" testListId="8c84fa94-04c1-424b-9868-57a2d4851a1d" />
    <TestEntry testId="51cb915f-288e-2475-38f2-147b2dc3b264" executionId="910d4a92-2b0d-4481-af0a-df3b73c15604" testListId="8c84fa94-04c1-424b-9868-57a2d4851a1d" />
    <TestEntry testId="e5d0b6f3-9c78-aa2f-5127-0039dbeb091b" executionId="2c00c180-bb99-47f9-947c-3794fe526c1e" testListId="8c84fa94-04c1-424b-9868-57a2d4851a1d" />
    <TestEntry testId="eaa74c76-cdaf-39db-4aa0-fb43339eeb2f" executionId="3ea54bfd-886b-4b05-9c21-0ab4aa78bae9" testListId="8c84fa94-04c1-424b-9868-57a2d4851a1d" />
    <TestEntry testId="5b640411-ba30-7cab-0297-6eefd026bf91" executionId="e4f101c2-f510-42db-afcc-6ccbca2f8f18" testListId="8c84fa94-04c1-424b-9868-57a2d4851a1d" />
    <TestEntry testId="fe8ead08-9d11-c930-f2eb-92b7e91f155e" executionId="040404a3-100f-4488-890b-62afd544b92d" testListId="8c84fa94-04c1-424b-9868-57a2d4851a1d" />
    <TestEntry testId="6ffb0b13-2b95-ecb7-ac2e-fb956ecf8a48" executionId="0ee44cff-e58d-4cab-ad5d-0e4ccc27c902" testListId="8c84fa94-04c1-424b-9868-57a2d4851a1d" />
    <TestEntry testId="9b4d25ff-df8c-71f3-b365-4bcf7c767e99" executionId="887a7a37-e33d-4c5e-ab8a-4f084d9d769d" testListId="8c84fa94-04c1-424b-9868-57a2d4851a1d" />
    <TestEntry testId="79ec618d-bd8f-d64a-7822-32f76eb6320f" executionId="34f18f2f-61a2-485e-8928-9ac2d742f2e9" testListId="8c84fa94-04c1-424b-9868-57a2d4851a1d" />
  </TestEntries>
  <TestLists>
    <TestList name="Results Not in a List" id="8c84fa94-04c1-424b-9868-57a2d4851a1d" />
    <TestList name="All Loaded Results" id="19431567-8539-422a-85d7-44ee4e166bda" />
  </TestLists>
  <ResultSummary outcome="Completed">
    <Counters total="18" executed="17" passed="17" failed="0" error="0" timeout="0" aborted="0" inconclusive="0" passedButRunAborted="0" notRunnable="0" notExecuted="0" disconnected="0" warning="0" completed="0" inProgress="0" pending="0" />
    <Output>
      <StdOut>[xUnit.net 00:00:00.00] xUnit.net VSTest Adapter v2.4.3+1b45f5407b (64-bit .NET 8.0.31)&#xD;
[xUnit.net 00:00:01.54]   Discovering: Studio5Jarvis.Tests&#xD;
[xUnit.net 00:00:01.57]   Discovered:  Studio5Jarvis.Tests&#xD;
[xUnit.net 00:00:01.57]   Starting:    Studio5Jarvis.Tests&#xD;
[xUnit.net 00:00:03.11]       Requires simulation of concurrent change of current cycle inside DB transaction; environment does not provide easy hook. Marked as blocker.&#xD;
[xUnit.net 00:00:03.36]   Finished:    Studio5Jarvis.Tests&#xD;
Test 'Jarvis5.Tests.EaFms.ApprovalDocuments.ApprovalDocumentServiceComprehensiveTests.CycleLinking_CurrentCycleChangeDuringTransaction_IsRejected' was skipped in the test run.&#xD;
</StdOut>
    </Output>
    <RunInfos>
      <RunInfo computerName="PRATIKSHA" outcome="Warning" timestamp="2026-09-15T11:49:25.4827809+05:30">
        <Text>[xUnit.net 00:00:03.11]     Jarvis5.Tests.EaFms.ApprovalDocuments.ApprovalDocumentServiceComprehensiveTests.CycleLinking_CurrentCycleChangeDuringTransaction_IsRejected [SKIP]</Text>
      </RunInfo>
    </RunInfos>
  </ResultSummary>
</TestRun>