<?xml version="1.0" encoding="utf-8"?>
<TestRun id="89c7ecbf-506b-4d74-a233-1c9b3b12fbcf" name="Admin@PRATIKSHA 2026-09-16 10:20:09" runUser="PRATIKSHA\CodexSandboxOffline" xmlns="http://microsoft.com/schemas/VisualStudio/TeamTest/2010">
  <Times creation="2026-09-16T10:20:09.2595253+05:30" queuing="2026-09-16T10:20:09.2595256+05:30" start="2026-09-16T10:20:06.2400035+05:30" finish="2026-09-16T10:20:09.8584178+05:30" />
  <TestSettings name="default" id="7ce90705-54ab-49d7-9442-214126653ec9">
    <Deployment runDeploymentRoot="Admin_PRATIKSHA_2026-09-16_10_20_09" />
  </TestSettings>
  <Results>
    <UnitTestResult executionId="dfc4d5dc-1188-4293-a340-1d4039e34809" testId="53d147d6-c12c-a757-b4c7-8d6709fa6565" testName="Jarvis5.Tests.EaFms.BusinessModules.BusinessModuleServiceTests.List_ExcludesDeleted_AndActiveOnlyExcludesInactive" computerName="PRATIKSHA" duration="00:00:01.1056550" startTime="2026-09-16T10:20:09.1671297+05:30" endTime="2026-09-16T10:20:09.1671301+05:30" testType="13cdc9d9-ddb5-4fa4-a97d-d965ccfc6d4b" outcome="Passed" testListId="8c84fa94-04c1-424b-9868-57a2d4851a1d" relativeResultsDirectory="dfc4d5dc-1188-4293-a340-1d4039e34809" />
    <UnitTestResult executionId="d7cfc982-55e9-4543-b4d1-e2a49aae1e0e" testId="bf574152-86c8-f641-f093-87868c68c3ef" testName="Jarvis5.Tests.EaFms.Approvals.ApprovalNoTatQueryTests.List_detail_and_dashboard_handle_optional_snapshot(minutes: null, dueState: &quot;Unavailable&quot;, overdueCount: 0)" computerName="PRATIKSHA" duration="00:00:01.6030879" startTime="2026-09-16T10:20:09.6645703+05:30" endTime="2026-09-16T10:20:09.6645705+05:30" testType="13cdc9d9-ddb5-4fa4-a97d-d965ccfc6d4b" outcome="Passed" testListId="8c84fa94-04c1-424b-9868-57a2d4851a1d" relativeResultsDirectory="d7cfc982-55e9-4543-b4d1-e2a49aae1e0e" />
    <UnitTestResult executionId="a5447fce-217d-410c-a5c4-d987118000a3" testId="5258d06e-d635-5b47-a902-bdba3dc27c9e" testName="Jarvis5.Tests.EaFms.Approvals.ApprovalNoTatQueryTests.List_detail_and_dashboard_handle_optional_snapshot(minutes: 30, dueState: &quot;Overdue&quot;, overdueCount: 1)" computerName="PRATIKSHA" duration="00:00:00.0334618" startTime="2026-09-16T10:20:09.6981425+05:30" endTime="2026-09-16T10:20:09.6981427+05:30" testType="13cdc9d9-ddb5-4fa4-a97d-d965ccfc6d4b" outcome="Passed" testListId="8c84fa94-04c1-424b-9868-57a2d4851a1d" relativeResultsDirectory="a5447fce-217d-410c-a5c4-d987118000a3" />
    <UnitTestResult executionId="67108357-e515-4c3a-9c11-acedfd349e12" testId="79ec618d-bd8f-d64a-7822-32f76eb6320f" testName="Jarvis5.Tests.EaFms.ApprovalDocuments.ApprovalDocumentServiceIntegrationTests.Upload_WithNoCurrentCycle_IsRejected" computerName="PRATIKSHA" duration="00:00:01.0965746" startTime="2026-09-16T10:20:09.1581804+05:30" endTime="2026-09-16T10:20:09.1581806+05:30" testType="13cdc9d9-ddb5-4fa4-a97d-d965ccfc6d4b" outcome="Passed" testListId="8c84fa94-04c1-424b-9868-57a2d4851a1d" relativeResultsDirectory="67108357-e515-4c3a-9c11-acedfd349e12" />
    <UnitTestResult executionId="0c21c48a-5fc4-4a24-9c7d-c41db34ee5dd" testId="89d5fbce-5689-2754-3c17-f09a79f62c1e" testName="Jarvis5.Tests.EaFms.TatRules.ApprovalTatRuleMatchingTests.Prefers_exact_module_type_and_subtype_match" computerName="PRATIKSHA" duration="00:00:00.0330618" startTime="2026-09-16T10:20:09.2055673+05:30" endTime="2026-09-16T10:20:09.2055675+05:30" testType="13cdc9d9-ddb5-4fa4-a97d-d965ccfc6d4b" outcome="Passed" testListId="8c84fa94-04c1-424b-9868-57a2d4851a1d" relativeResultsDirectory="0c21c48a-5fc4-4a24-9c7d-c41db34ee5dd" />
    <UnitTestResult executionId="d3624f28-7777-4678-a1a3-5501a13573f8" testId="ff41ec65-028d-9f15-77b3-d1514896bae7" testName="Jarvis5.Tests.EaFms.ApprovalDocuments.ApprovalDocumentServiceComprehensiveTests.CycleLinking_OmittedApprovalCycleId_ResolvesCurrentCycleNo" computerName="PRATIKSHA" duration="00:00:00.0156552" startTime="2026-09-16T10:20:09.7226541+05:30" endTime="2026-09-16T10:20:09.7226544+05:30" testType="13cdc9d9-ddb5-4fa4-a97d-d965ccfc6d4b" outcome="Passed" testListId="8c84fa94-04c1-424b-9868-57a2d4851a1d" relativeResultsDirectory="d3624f28-7777-4678-a1a3-5501a13573f8" />
    <UnitTestResult executionId="5d3595e7-2452-4af4-9684-75531d4a5f0a" testId="5c72a9df-f394-6022-7e52-6b8d2ddfe314" testName="Jarvis5.Tests.EaFms.TatRules.ApprovalTatRuleMatchingTests.Matching_is_case_insensitive_and_keeps_the_related_module_name_available" computerName="PRATIKSHA" duration="00:00:00.0145476" startTime="2026-09-16T10:20:09.2367557+05:30" endTime="2026-09-16T10:20:09.2367557+05:30" testType="13cdc9d9-ddb5-4fa4-a97d-d965ccfc6d4b" outcome="Passed" testListId="8c84fa94-04c1-424b-9868-57a2d4851a1d" relativeResultsDirectory="5d3595e7-2452-4af4-9684-75531d4a5f0a" />
    <UnitTestResult executionId="8a11f415-d9b7-4f5b-8de5-53564ec39e0f" testId="d7693bb1-ac03-ed24-04e3-3c0ca91b5dec" testName="Jarvis5.Tests.EaFms.ApprovalDocuments.ApprovalDocumentServiceComprehensiveTests.Upload_SuccessfulUpload_PersistsAttachmentAndWritesFileAndAudit" computerName="PRATIKSHA" duration="00:00:00.0455656" startTime="2026-09-16T10:20:09.5714734+05:30" endTime="2026-09-16T10:20:09.5714737+05:30" testType="13cdc9d9-ddb5-4fa4-a97d-d965ccfc6d4b" outcome="Passed" testListId="8c84fa94-04c1-424b-9868-57a2d4851a1d" relativeResultsDirectory="8a11f415-d9b7-4f5b-8de5-53564ec39e0f" />
    <UnitTestResult executionId="026cab9f-d9d6-4c64-9b75-93cfbcaaaeed" testId="1a8bf7fa-341a-bd4b-e11f-60cc4f1b1ee7" testName="Jarvis5.Tests.EaFms.ApprovalDocuments.ApprovalDocumentServiceComprehensiveTests.Upload_EmptyFile_Throws" computerName="PRATIKSHA" duration="00:00:00.0070794" startTime="2026-09-16T10:20:09.5178080+05:30" endTime="2026-09-16T10:20:09.5178082+05:30" testType="13cdc9d9-ddb5-4fa4-a97d-d965ccfc6d4b" outcome="Passed" testListId="8c84fa94-04c1-424b-9868-57a2d4851a1d" relativeResultsDirectory="026cab9f-d9d6-4c64-9b75-93cfbcaaaeed" />
    <UnitTestResult executionId="bd45a693-3e74-4dde-8f88-6b59c045dda9" testId="f332357f-d841-7722-6b08-644c4984d50d" testName="Jarvis5.Tests.EaFms.BusinessModules.BusinessModuleServiceTests.Create_NormalizesName_GeneratesId_AndSetsAuditValues" computerName="PRATIKSHA" duration="00:00:00.0244625" startTime="2026-09-16T10:20:09.2868990+05:30" endTime="2026-09-16T10:20:09.2868993+05:30" testType="13cdc9d9-ddb5-4fa4-a97d-d965ccfc6d4b" outcome="Passed" testListId="8c84fa94-04c1-424b-9868-57a2d4851a1d" relativeResultsDirectory="bd45a693-3e74-4dde-8f88-6b59c045dda9" />
    <UnitTestResult executionId="bece4a56-4534-4540-8798-53ab3eae12cb" testId="6ffb0b13-2b95-ecb7-ac2e-fb956ecf8a48" testName="Jarvis5.Tests.EaFms.ApprovalDocuments.ApprovalDocumentServiceComprehensiveTests.Upload_PathTraversalClientFilename_IsSanitizedAndStoredSafely" computerName="PRATIKSHA" duration="00:00:00.0196261" startTime="2026-09-16T10:20:09.6574702+05:30" endTime="2026-09-16T10:20:09.6574718+05:30" testType="13cdc9d9-ddb5-4fa4-a97d-d965ccfc6d4b" outcome="Passed" testListId="8c84fa94-04c1-424b-9868-57a2d4851a1d" relativeResultsDirectory="bece4a56-4534-4540-8798-53ab3eae12cb" />
    <UnitTestResult executionId="ddfe5218-a016-4e4d-9c87-334edb26de4e" testId="47c6c862-03f3-66b8-4a2e-52b2777cce20" testName="Jarvis5.Tests.EaFms.ApprovalDocuments.ApprovalDocumentServiceComprehensiveTests.CycleLinking_ExplicitCycleBelongingToAnotherRequest_IsRejected" computerName="PRATIKSHA" duration="00:00:01.1066581" startTime="2026-09-16T10:20:09.1682799+05:30" endTime="2026-09-16T10:20:09.1682801+05:30" testType="13cdc9d9-ddb5-4fa4-a97d-d965ccfc6d4b" outcome="Passed" testListId="8c84fa94-04c1-424b-9868-57a2d4851a1d" relativeResultsDirectory="ddfe5218-a016-4e4d-9c87-334edb26de4e" />
    <UnitTestResult executionId="481e2018-077b-47eb-a300-789df925aafe" testId="90159c99-25b6-98f5-2c0e-16351a91aaf3" testName="Jarvis5.Tests.EaFms.TatRules.ApprovalTatRuleMatchingTests.Falls_back_from_exact_to_type_then_module" computerName="PRATIKSHA" duration="00:00:01.1107324" startTime="2026-09-16T10:20:09.1723516+05:30" endTime="2026-09-16T10:20:09.1723520+05:30" testType="13cdc9d9-ddb5-4fa4-a97d-d965ccfc6d4b" outcome="Passed" testListId="8c84fa94-04c1-424b-9868-57a2d4851a1d" relativeResultsDirectory="481e2018-077b-47eb-a300-789df925aafe" />
    <UnitTestResult executionId="820b2a16-29ff-440b-82e0-0f53a4f88608" testId="6b8253d0-4853-bc65-93c2-fac0f402ea4a" testName="Jarvis5.Tests.EaFms.TatRules.TatRuleReadTests.TAT_reads_resolve_module_name_from_the_module_relationship" computerName="PRATIKSHA" duration="00:00:01.2048277" startTime="2026-09-16T10:20:09.2664511+05:30" endTime="2026-09-16T10:20:09.2664513+05:30" testType="13cdc9d9-ddb5-4fa4-a97d-d965ccfc6d4b" outcome="Passed" testListId="8c84fa94-04c1-424b-9868-57a2d4851a1d" relativeResultsDirectory="820b2a16-29ff-440b-82e0-0f53a4f88608" />
    <UnitTestResult executionId="a7bb36d4-8b4e-4a6e-9486-151ed02b9d1c" testId="fe8ead08-9d11-c930-f2eb-92b7e91f155e" testName="Jarvis5.Tests.EaFms.ApprovalDocuments.ApprovalDocumentServiceComprehensiveTests.Delete_SoftDeleteAndExclusionAndAudit" computerName="PRATIKSHA" duration="00:00:00.0489014" startTime="2026-09-16T10:20:09.7065882+05:30" endTime="2026-09-16T10:20:09.7065887+05:30" testType="13cdc9d9-ddb5-4fa4-a97d-d965ccfc6d4b" outcome="Passed" testListId="8c84fa94-04c1-424b-9868-57a2d4851a1d" relativeResultsDirectory="a7bb36d4-8b4e-4a6e-9486-151ed02b9d1c" />
    <UnitTestResult executionId="9f733b8b-5f36-4e08-96b3-c65681442f9b" testId="87b8445f-8ee5-4895-9eeb-a297d3e165fe" testName="Jarvis5.Tests.EaFms.ApprovalDocuments.ApprovalDocumentServiceComprehensiveTests.Upload_OversizedFile_Throws" computerName="PRATIKSHA" duration="00:00:00.0083190" startTime="2026-09-16T10:20:09.6376651+05:30" endTime="2026-09-16T10:20:09.6376653+05:30" testType="13cdc9d9-ddb5-4fa4-a97d-d965ccfc6d4b" outcome="Passed" testListId="8c84fa94-04c1-424b-9868-57a2d4851a1d" relativeResultsDirectory="9f733b8b-5f36-4e08-96b3-c65681442f9b" />
    <UnitTestResult executionId="30fd518f-119b-4509-9be8-2912cae6e2e6" testId="1ed41273-c4d5-ed76-e91e-03f772074dd8" testName="Jarvis5.Tests.EaFms.ApprovalDocuments.ApprovalDocumentServiceComprehensiveTests.CycleLinking_ExplicitValidCurrentCycle_AllowsUpload" computerName="PRATIKSHA" duration="00:00:00.0215931" startTime="2026-09-16T10:20:09.4827541+05:30" endTime="2026-09-16T10:20:09.4827542+05:30" testType="13cdc9d9-ddb5-4fa4-a97d-d965ccfc6d4b" outcome="Passed" testListId="8c84fa94-04c1-424b-9868-57a2d4851a1d" relativeResultsDirectory="30fd518f-119b-4509-9be8-2912cae6e2e6" />
    <UnitTestResult executionId="7d9aebd0-1662-4a07-bbe2-4ea10cc5d151" testId="89c90b6f-d2e2-4a48-88c8-d272b2f51a67" testName="Jarvis5.Tests.EaFms.ApprovalDocuments.ApprovalDocumentServiceComprehensiveTests.CycleLinking_MissingCurrentCycle_IsRejected" computerName="PRATIKSHA" duration="00:00:00.0119113" startTime="2026-09-16T10:20:09.7347469+05:30" endTime="2026-09-16T10:20:09.7347474+05:30" testType="13cdc9d9-ddb5-4fa4-a97d-d965ccfc6d4b" outcome="Passed" testListId="8c84fa94-04c1-424b-9868-57a2d4851a1d" relativeResultsDirectory="7d9aebd0-1662-4a07-bbe2-4ea10cc5d151" />
    <UnitTestResult executionId="1154823b-14fc-4e19-88e9-53f7dfb627ab" testId="2d528b27-9efe-ca41-d1f4-9f19a4b7800d" testName="Jarvis5.Tests.EaFms.ApprovalDocuments.ApprovalDocumentServiceComprehensiveTests.Lifecycle_UploadAllowedAndDeniedByWorkflowStatus" computerName="PRATIKSHA" duration="00:00:00.2869261" startTime="2026-09-16T10:20:09.4597288+05:30" endTime="2026-09-16T10:20:09.4597290+05:30" testType="13cdc9d9-ddb5-4fa4-a97d-d965ccfc6d4b" outcome="Passed" testListId="8c84fa94-04c1-424b-9868-57a2d4851a1d" relativeResultsDirectory="1154823b-14fc-4e19-88e9-53f7dfb627ab" />
    <UnitTestResult executionId="3d3cb4fe-e3bc-4182-8968-8a665465d200" testId="9b4d25ff-df8c-71f3-b365-4bcf7c767e99" testName="Jarvis5.Tests.EaFms.ApprovalDocuments.ApprovalDocumentServiceComprehensiveTests.Authorization_CreatorApproverAndUnauthorizedBehaviors" computerName="PRATIKSHA" duration="00:00:00.0577025" startTime="2026-09-16T10:20:09.6292842+05:30" endTime="2026-09-16T10:20:09.6292847+05:30" testType="13cdc9d9-ddb5-4fa4-a97d-d965ccfc6d4b" outcome="Passed" testListId="8c84fa94-04c1-424b-9868-57a2d4851a1d" relativeResultsDirectory="3d3cb4fe-e3bc-4182-8968-8a665465d200" />
    <UnitTestResult executionId="c9874596-2260-4842-bfca-38fe7fe1a8e0" testId="c68831c9-ed2a-ce0b-69e5-1defff053755" testName="Jarvis5.Tests.EaFms.TatRules.ApprovalTatRuleMatchingTests.Matches_module_and_type_when_subtype_is_absent" computerName="PRATIKSHA" duration="00:00:00.0026785" startTime="2026-09-16T10:20:09.2370174+05:30" endTime="2026-09-16T10:20:09.2370175+05:30" testType="13cdc9d9-ddb5-4fa4-a97d-d965ccfc6d4b" outcome="Passed" testListId="8c84fa94-04c1-424b-9868-57a2d4851a1d" relativeResultsDirectory="c9874596-2260-4842-bfca-38fe7fe1a8e0" />
    <UnitTestResult executionId="d174ecac-7bf5-4c7b-8ab1-c4cb3f32c249" testId="5119c3a8-bdd6-79cd-357a-be123bb1ad95" testName="Jarvis5.Tests.EaFms.BusinessModules.BusinessModuleServiceTests.Create_RejectsNormalizedDuplicate" computerName="PRATIKSHA" duration="00:00:00.0032787" startTime="2026-09-16T10:20:09.2902636+05:30" endTime="2026-09-16T10:20:09.2902637+05:30" testType="13cdc9d9-ddb5-4fa4-a97d-d965ccfc6d4b" outcome="Passed" testListId="8c84fa94-04c1-424b-9868-57a2d4851a1d" relativeResultsDirectory="d174ecac-7bf5-4c7b-8ab1-c4cb3f32c249" />
    <UnitTestResult executionId="bbfd78db-8a98-49ff-b1d1-070925b582d3" testId="962df34b-7bc3-470d-f37c-0a8e2d94483f" testName="Jarvis5.Tests.EaFms.TatRules.ApprovalTatRuleMatchingTests.Matches_module_only_when_type_and_subtype_are_absent" computerName="PRATIKSHA" duration="00:00:00.0015074" startTime="2026-09-16T10:20:09.2366164+05:30" endTime="2026-09-16T10:20:09.2366171+05:30" testType="13cdc9d9-ddb5-4fa4-a97d-d965ccfc6d4b" outcome="Passed" testListId="8c84fa94-04c1-424b-9868-57a2d4851a1d" relativeResultsDirectory="bbfd78db-8a98-49ff-b1d1-070925b582d3" />
    <UnitTestResult executionId="dc118225-80b1-42b4-a309-8ffebf7a15a7" testId="51cb915f-288e-2475-38f2-147b2dc3b264" testName="Jarvis5.Tests.EaFms.ApprovalDocuments.ApprovalDocumentServiceComprehensiveTests.CycleLinking_ExplicitNonCurrentCycle_IsRejected" computerName="PRATIKSHA" duration="00:00:00.0102103" startTime="2026-09-16T10:20:09.5106214+05:30" endTime="2026-09-16T10:20:09.5106215+05:30" testType="13cdc9d9-ddb5-4fa4-a97d-d965ccfc6d4b" outcome="Passed" testListId="8c84fa94-04c1-424b-9868-57a2d4851a1d" relativeResultsDirectory="dc118225-80b1-42b4-a309-8ffebf7a15a7" />
    <UnitTestResult executionId="e410f164-086d-403f-a79b-fc171a1e12ae" testId="9619c825-a705-19f8-3da8-711ef85a8aad" testName="Jarvis5.Tests.EaFms.TatRules.ApprovalTatRuleMatchingTests.Ignores_inactive_deleted_and_nonpositive_rules_and_returns_no_match" computerName="PRATIKSHA" duration="00:00:00.0048356" startTime="2026-09-16T10:20:09.2369126+05:30" endTime="2026-09-16T10:20:09.2369127+05:30" testType="13cdc9d9-ddb5-4fa4-a97d-d965ccfc6d4b" outcome="Passed" testListId="8c84fa94-04c1-424b-9868-57a2d4851a1d" relativeResultsDirectory="e410f164-086d-403f-a79b-fc171a1e12ae" />
    <UnitTestResult executionId="93af9d1b-a1a7-40f7-889f-5c80cc1f9dd2" testId="e5d0b6f3-9c78-aa2f-5127-0039dbeb091b" testName="Jarvis5.Tests.EaFms.ApprovalDocuments.ApprovalDocumentServiceTests.Upload_MissingFile_Throws" computerName="PRATIKSHA" duration="00:00:00.1980041" startTime="2026-09-16T10:20:08.2625052+05:30" endTime="2026-09-16T10:20:08.2625298+05:30" testType="13cdc9d9-ddb5-4fa4-a97d-d965ccfc6d4b" outcome="Passed" testListId="8c84fa94-04c1-424b-9868-57a2d4851a1d" relativeResultsDirectory="93af9d1b-a1a7-40f7-889f-5c80cc1f9dd2" />
    <UnitTestResult executionId="51aca243-47ca-4c21-a236-e27c7ecfba07" testId="500093b8-f8da-94fb-4491-5917398d3c87" testName="Jarvis5.Tests.EaFms.ApprovalDocuments.ApprovalDocumentServiceComprehensiveTests.Upload_InvalidExtension_Throws" computerName="PRATIKSHA" duration="00:00:00.0075663" startTime="2026-09-16T10:20:09.5255094+05:30" endTime="2026-09-16T10:20:09.5255099+05:30" testType="13cdc9d9-ddb5-4fa4-a97d-d965ccfc6d4b" outcome="Passed" testListId="8c84fa94-04c1-424b-9868-57a2d4851a1d" relativeResultsDirectory="51aca243-47ca-4c21-a236-e27c7ecfba07" />
    <UnitTestResult executionId="9bde8afd-5662-4071-b59a-515648d54b7b" testId="80b05cd0-31a8-1b7d-ba6e-9e5f7902ef59" testName="Jarvis5.Tests.EaFms.BusinessModules.BusinessModuleServiceTests.Update_ProtectsCanonicalName_ButAllowsStatusAndDescription" computerName="PRATIKSHA" duration="00:00:00.0948579" startTime="2026-09-16T10:20:09.2623182+05:30" endTime="2026-09-16T10:20:09.2623186+05:30" testType="13cdc9d9-ddb5-4fa4-a97d-d965ccfc6d4b" outcome="Passed" testListId="8c84fa94-04c1-424b-9868-57a2d4851a1d" relativeResultsDirectory="9bde8afd-5662-4071-b59a-515648d54b7b" />
    <UnitTestResult executionId="ba6171db-7ad6-4c1d-b79f-3f164000943e" testId="5b640411-ba30-7cab-0297-6eefd026bf91" testName="Jarvis5.Tests.EaFms.ApprovalDocuments.ApprovalDocumentServiceComprehensiveTests.CycleLinking_CurrentCycleChangeDuringTransaction_IsRejected" computerName="PRATIKSHA" duration="00:00:00.0010000" startTime="2026-09-16T10:20:09.5272157+05:30" endTime="2026-09-16T10:20:09.5272159+05:30" testType="13cdc9d9-ddb5-4fa4-a97d-d965ccfc6d4b" outcome="NotExecuted" testListId="8c84fa94-04c1-424b-9868-57a2d4851a1d" relativeResultsDirectory="ba6171db-7ad6-4c1d-b79f-3f164000943e">
      <Output>
        <StdOut>Requires simulation of concurrent change of current cycle inside DB transaction; environment does not provide easy hook. Marked as blocker.</StdOut>
      </Output>
    </UnitTestResult>
    <UnitTestResult executionId="7e4ec37f-6f12-40e0-9e42-6a04c65be61f" testId="02afa38e-05c2-e3e9-b00f-a68921ca0540" testName="Jarvis5.Tests.EaFms.ApprovalDocuments.ApprovalDocumentServiceComprehensiveTests.AuditAndFailureCleanup_FileDeletedOnPersistenceFailure" computerName="PRATIKSHA" duration="00:00:00.0174253" startTime="2026-09-16T10:20:09.5003076+05:30" endTime="2026-09-16T10:20:09.5003077+05:30" testType="13cdc9d9-ddb5-4fa4-a97d-d965ccfc6d4b" outcome="Passed" testListId="8c84fa94-04c1-424b-9868-57a2d4851a1d" relativeResultsDirectory="7e4ec37f-6f12-40e0-9e42-6a04c65be61f" />
    <UnitTestResult executionId="27716e90-8eee-4ae2-890f-5719c54a007b" testId="eaa74c76-cdaf-39db-4aa0-fb43339eeb2f" testName="Jarvis5.Tests.EaFms.ApprovalDocuments.ApprovalDocumentServiceComprehensiveTests.Architecture_NoProhibitedApprovalSpecificEntities" computerName="PRATIKSHA" duration="00:00:00.0018203" startTime="2026-09-16T10:20:09.1701740+05:30" endTime="2026-09-16T10:20:09.1701743+05:30" testType="13cdc9d9-ddb5-4fa4-a97d-d965ccfc6d4b" outcome="Passed" testListId="8c84fa94-04c1-424b-9868-57a2d4851a1d" relativeResultsDirectory="27716e90-8eee-4ae2-890f-5719c54a007b" />
  </Results>
  <TestDefinitions>
    <UnitTest name="Jarvis5.Tests.EaFms.ApprovalDocuments.ApprovalDocumentServiceComprehensiveTests.Upload_PathTraversalClientFilename_IsSanitizedAndStoredSafely" storage="c:\users\admin\documents\db_jarvis_api\studio5jarvis_master_api-main\tests\bin\debug\net8.0\studio5jarvis.tests.dll" id="6ffb0b13-2b95-ecb7-ac2e-fb956ecf8a48">
      <Execution id="bece4a56-4534-4540-8798-53ab3eae12cb" />
      <TestMethod codeBase="C:\Users\Admin\Documents\DB_JARVIS_API\Studio5Jarvis_Master_API-main\Tests\bin\Debug\net8.0\Studio5Jarvis.Tests.dll" adapterTypeName="executor://xunit/VsTestRunner2/netcoreapp" className="Jarvis5.Tests.EaFms.ApprovalDocuments.ApprovalDocumentServiceComprehensiveTests" name="Upload_PathTraversalClientFilename_IsSanitizedAndStoredSafely" />
    </UnitTest>
    <UnitTest name="Jarvis5.Tests.EaFms.BusinessModules.BusinessModuleServiceTests.Create_NormalizesName_GeneratesId_AndSetsAuditValues" storage="c:\users\admin\documents\db_jarvis_api\studio5jarvis_master_api-main\tests\bin\debug\net8.0\studio5jarvis.tests.dll" id="f332357f-d841-7722-6b08-644c4984d50d">
      <Execution id="bd45a693-3e74-4dde-8f88-6b59c045dda9" />
      <TestMethod codeBase="C:\Users\Admin\Documents\DB_JARVIS_API\Studio5Jarvis_Master_API-main\Tests\bin\Debug\net8.0\Studio5Jarvis.Tests.dll" adapterTypeName="executor://xunit/VsTestRunner2/netcoreapp" className="Jarvis5.Tests.EaFms.BusinessModules.BusinessModuleServiceTests" name="Create_NormalizesName_GeneratesId_AndSetsAuditValues" />
    </UnitTest>
    <UnitTest name="Jarvis5.Tests.EaFms.Approvals.ApprovalNoTatQueryTests.List_detail_and_dashboard_handle_optional_snapshot(minutes: null, dueState: &quot;Unavailable&quot;, overdueCount: 0)" storage="c:\users\admin\documents\db_jarvis_api\studio5jarvis_master_api-main\tests\bin\debug\net8.0\studio5jarvis.tests.dll" id="bf574152-86c8-f641-f093-87868c68c3ef">
      <Execution id="d7cfc982-55e9-4543-b4d1-e2a49aae1e0e" />
      <TestMethod codeBase="C:\Users\Admin\Documents\DB_JARVIS_API\Studio5Jarvis_Master_API-main\Tests\bin\Debug\net8.0\Studio5Jarvis.Tests.dll" adapterTypeName="executor://xunit/VsTestRunner2/netcoreapp" className="Jarvis5.Tests.EaFms.Approvals.ApprovalNoTatQueryTests" name="List_detail_and_dashboard_handle_optional_snapshot" />
    </UnitTest>
    <UnitTest name="Jarvis5.Tests.EaFms.TatRules.ApprovalTatRuleMatchingTests.Ignores_inactive_deleted_and_nonpositive_rules_and_returns_no_match" storage="c:\users\admin\documents\db_jarvis_api\studio5jarvis_master_api-main\tests\bin\debug\net8.0\studio5jarvis.tests.dll" id="9619c825-a705-19f8-3da8-711ef85a8aad">
      <Execution id="e410f164-086d-403f-a79b-fc171a1e12ae" />
      <TestMethod codeBase="C:\Users\Admin\Documents\DB_JARVIS_API\Studio5Jarvis_Master_API-main\Tests\bin\Debug\net8.0\Studio5Jarvis.Tests.dll" adapterTypeName="executor://xunit/VsTestRunner2/netcoreapp" className="Jarvis5.Tests.EaFms.TatRules.ApprovalTatRuleMatchingTests" name="Ignores_inactive_deleted_and_nonpositive_rules_and_returns_no_match" />
    </UnitTest>
    <UnitTest name="Jarvis5.Tests.EaFms.ApprovalDocuments.ApprovalDocumentServiceComprehensiveTests.Upload_InvalidExtension_Throws" storage="c:\users\admin\documents\db_jarvis_api\studio5jarvis_master_api-main\tests\bin\debug\net8.0\studio5jarvis.tests.dll" id="500093b8-f8da-94fb-4491-5917398d3c87">
      <Execution id="51aca243-47ca-4c21-a236-e27c7ecfba07" />
      <TestMethod codeBase="C:\Users\Admin\Documents\DB_JARVIS_API\Studio5Jarvis_Master_API-main\Tests\bin\Debug\net8.0\Studio5Jarvis.Tests.dll" adapterTypeName="executor://xunit/VsTestRunner2/netcoreapp" className="Jarvis5.Tests.EaFms.ApprovalDocuments.ApprovalDocumentServiceComprehensiveTests" name="Upload_InvalidExtension_Throws" />
    </UnitTest>
    <UnitTest name="Jarvis5.Tests.EaFms.ApprovalDocuments.ApprovalDocumentServiceComprehensiveTests.Upload_SuccessfulUpload_PersistsAttachmentAndWritesFileAndAudit" storage="c:\users\admin\documents\db_jarvis_api\studio5jarvis_master_api-main\tests\bin\debug\net8.0\studio5jarvis.tests.dll" id="d7693bb1-ac03-ed24-04e3-3c0ca91b5dec">
      <Execution id="8a11f415-d9b7-4f5b-8de5-53564ec39e0f" />
      <TestMethod codeBase="C:\Users\Admin\Documents\DB_JARVIS_API\Studio5Jarvis_Master_API-main\Tests\bin\Debug\net8.0\Studio5Jarvis.Tests.dll" adapterTypeName="executor://xunit/VsTestRunner2/netcoreapp" className="Jarvis5.Tests.EaFms.ApprovalDocuments.ApprovalDocumentServiceComprehensiveTests" name="Upload_SuccessfulUpload_PersistsAttachmentAndWritesFileAndAudit" />
    </UnitTest>
    <UnitTest name="Jarvis5.Tests.EaFms.ApprovalDocuments.ApprovalDocumentServiceComprehensiveTests.Delete_SoftDeleteAndExclusionAndAudit" storage="c:\users\admin\documents\db_jarvis_api\studio5jarvis_master_api-main\tests\bin\debug\net8.0\studio5jarvis.tests.dll" id="fe8ead08-9d11-c930-f2eb-92b7e91f155e">
      <Execution id="a7bb36d4-8b4e-4a6e-9486-151ed02b9d1c" />
      <TestMethod codeBase="C:\Users\Admin\Documents\DB_JARVIS_API\Studio5Jarvis_Master_API-main\Tests\bin\Debug\net8.0\Studio5Jarvis.Tests.dll" adapterTypeName="executor://xunit/VsTestRunner2/netcoreapp" className="Jarvis5.Tests.EaFms.ApprovalDocuments.ApprovalDocumentServiceComprehensiveTests" name="Delete_SoftDeleteAndExclusionAndAudit" />
    </UnitTest>
    <UnitTest name="Jarvis5.Tests.EaFms.BusinessModules.BusinessModuleServiceTests.List_ExcludesDeleted_AndActiveOnlyExcludesInactive" storage="c:\users\admin\documents\db_jarvis_api\studio5jarvis_master_api-main\tests\bin\debug\net8.0\studio5jarvis.tests.dll" id="53d147d6-c12c-a757-b4c7-8d6709fa6565">
      <Execution id="dfc4d5dc-1188-4293-a340-1d4039e34809" />
      <TestMethod codeBase="C:\Users\Admin\Documents\DB_JARVIS_API\Studio5Jarvis_Master_API-main\Tests\bin\Debug\net8.0\Studio5Jarvis.Tests.dll" adapterTypeName="executor://xunit/VsTestRunner2/netcoreapp" className="Jarvis5.Tests.EaFms.BusinessModules.BusinessModuleServiceTests" name="List_ExcludesDeleted_AndActiveOnlyExcludesInactive" />
    </UnitTest>
    <UnitTest name="Jarvis5.Tests.EaFms.BusinessModules.BusinessModuleServiceTests.Create_RejectsNormalizedDuplicate" storage="c:\users\admin\documents\db_jarvis_api\studio5jarvis_master_api-main\tests\bin\debug\net8.0\studio5jarvis.tests.dll" id="5119c3a8-bdd6-79cd-357a-be123bb1ad95">
      <Execution id="d174ecac-7bf5-4c7b-8ab1-c4cb3f32c249" />
      <TestMethod codeBase="C:\Users\Admin\Documents\DB_JARVIS_API\Studio5Jarvis_Master_API-main\Tests\bin\Debug\net8.0\Studio5Jarvis.Tests.dll" adapterTypeName="executor://xunit/VsTestRunner2/netcoreapp" className="Jarvis5.Tests.EaFms.BusinessModules.BusinessModuleServiceTests" name="Create_RejectsNormalizedDuplicate" />
    </UnitTest>
    <UnitTest name="Jarvis5.Tests.EaFms.ApprovalDocuments.ApprovalDocumentServiceComprehensiveTests.CycleLinking_ExplicitCycleBelongingToAnotherRequest_IsRejected" storage="c:\users\admin\documents\db_jarvis_api\studio5jarvis_master_api-main\tests\bin\debug\net8.0\studio5jarvis.tests.dll" id="47c6c862-03f3-66b8-4a2e-52b2777cce20">
      <Execution id="ddfe5218-a016-4e4d-9c87-334edb26de4e" />
      <TestMethod codeBase="C:\Users\Admin\Documents\DB_JARVIS_API\Studio5Jarvis_Master_API-main\Tests\bin\Debug\net8.0\Studio5Jarvis.Tests.dll" adapterTypeName="executor://xunit/VsTestRunner2/netcoreapp" className="Jarvis5.Tests.EaFms.ApprovalDocuments.ApprovalDocumentServiceComprehensiveTests" name="CycleLinking_ExplicitCycleBelongingToAnotherRequest_IsRejected" />
    </UnitTest>
    <UnitTest name="Jarvis5.Tests.EaFms.ApprovalDocuments.ApprovalDocumentServiceComprehensiveTests.AuditAndFailureCleanup_FileDeletedOnPersistenceFailure" storage="c:\users\admin\documents\db_jarvis_api\studio5jarvis_master_api-main\tests\bin\debug\net8.0\studio5jarvis.tests.dll" id="02afa38e-05c2-e3e9-b00f-a68921ca0540">
      <Execution id="7e4ec37f-6f12-40e0-9e42-6a04c65be61f" />
      <TestMethod codeBase="C:\Users\Admin\Documents\DB_JARVIS_API\Studio5Jarvis_Master_API-main\Tests\bin\Debug\net8.0\Studio5Jarvis.Tests.dll" adapterTypeName="executor://xunit/VsTestRunner2/netcoreapp" className="Jarvis5.Tests.EaFms.ApprovalDocuments.ApprovalDocumentServiceComprehensiveTests" name="AuditAndFailureCleanup_FileDeletedOnPersistenceFailure" />
    </UnitTest>
    <UnitTest name="Jarvis5.Tests.EaFms.TatRules.TatRuleReadTests.TAT_reads_resolve_module_name_from_the_module_relationship" storage="c:\users\admin\documents\db_jarvis_api\studio5jarvis_master_api-main\tests\bin\debug\net8.0\studio5jarvis.tests.dll" id="6b8253d0-4853-bc65-93c2-fac0f402ea4a">
      <Execution id="820b2a16-29ff-440b-82e0-0f53a4f88608" />
      <TestMethod codeBase="C:\Users\Admin\Documents\DB_JARVIS_API\Studio5Jarvis_Master_API-main\Tests\bin\Debug\net8.0\Studio5Jarvis.Tests.dll" adapterTypeName="executor://xunit/VsTestRunner2/netcoreapp" className="Jarvis5.Tests.EaFms.TatRules.TatRuleReadTests" name="TAT_reads_resolve_module_name_from_the_module_relationship" />
    </UnitTest>
    <UnitTest name="Jarvis5.Tests.EaFms.ApprovalDocuments.ApprovalDocumentServiceComprehensiveTests.Lifecycle_UploadAllowedAndDeniedByWorkflowStatus" storage="c:\users\admin\documents\db_jarvis_api\studio5jarvis_master_api-main\tests\bin\debug\net8.0\studio5jarvis.tests.dll" id="2d528b27-9efe-ca41-d1f4-9f19a4b7800d">
      <Execution id="1154823b-14fc-4e19-88e9-53f7dfb627ab" />
      <TestMethod codeBase="C:\Users\Admin\Documents\DB_JARVIS_API\Studio5Jarvis_Master_API-main\Tests\bin\Debug\net8.0\Studio5Jarvis.Tests.dll" adapterTypeName="executor://xunit/VsTestRunner2/netcoreapp" className="Jarvis5.Tests.EaFms.ApprovalDocuments.ApprovalDocumentServiceComprehensiveTests" name="Lifecycle_UploadAllowedAndDeniedByWorkflowStatus" />
    </UnitTest>
    <UnitTest name="Jarvis5.Tests.EaFms.ApprovalDocuments.ApprovalDocumentServiceComprehensiveTests.CycleLinking_OmittedApprovalCycleId_ResolvesCurrentCycleNo" storage="c:\users\admin\documents\db_jarvis_api\studio5jarvis_master_api-main\tests\bin\debug\net8.0\studio5jarvis.tests.dll" id="ff41ec65-028d-9f15-77b3-d1514896bae7">
      <Execution id="d3624f28-7777-4678-a1a3-5501a13573f8" />
      <TestMethod codeBase="C:\Users\Admin\Documents\DB_JARVIS_API\Studio5Jarvis_Master_API-main\Tests\bin\Debug\net8.0\Studio5Jarvis.Tests.dll" adapterTypeName="executor://xunit/VsTestRunner2/netcoreapp" className="Jarvis5.Tests.EaFms.ApprovalDocuments.ApprovalDocumentServiceComprehensiveTests" name="CycleLinking_OmittedApprovalCycleId_ResolvesCurrentCycleNo" />
    </UnitTest>
    <UnitTest name="Jarvis5.Tests.EaFms.ApprovalDocuments.ApprovalDocumentServiceComprehensiveTests.Architecture_NoProhibitedApprovalSpecificEntities" storage="c:\users\admin\documents\db_jarvis_api\studio5jarvis_master_api-main\tests\bin\debug\net8.0\studio5jarvis.tests.dll" id="eaa74c76-cdaf-39db-4aa0-fb43339eeb2f">
      <Execution id="27716e90-8eee-4ae2-890f-5719c54a007b" />
      <TestMethod codeBase="C:\Users\Admin\Documents\DB_JARVIS_API\Studio5Jarvis_Master_API-main\Tests\bin\Debug\net8.0\Studio5Jarvis.Tests.dll" adapterTypeName="executor://xunit/VsTestRunner2/netcoreapp" className="Jarvis5.Tests.EaFms.ApprovalDocuments.ApprovalDocumentServiceComprehensiveTests" name="Architecture_NoProhibitedApprovalSpecificEntities" />
    </UnitTest>
    <UnitTest name="Jarvis5.Tests.EaFms.BusinessModules.BusinessModuleServiceTests.Update_ProtectsCanonicalName_ButAllowsStatusAndDescription" storage="c:\users\admin\documents\db_jarvis_api\studio5jarvis_master_api-main\tests\bin\debug\net8.0\studio5jarvis.tests.dll" id="80b05cd0-31a8-1b7d-ba6e-9e5f7902ef59">
      <Execution id="9bde8afd-5662-4071-b59a-515648d54b7b" />
      <TestMethod codeBase="C:\Users\Admin\Documents\DB_JARVIS_API\Studio5Jarvis_Master_API-main\Tests\bin\Debug\net8.0\Studio5Jarvis.Tests.dll" adapterTypeName="executor://xunit/VsTestRunner2/netcoreapp" className="Jarvis5.Tests.EaFms.BusinessModules.BusinessModuleServiceTests" name="Update_ProtectsCanonicalName_ButAllowsStatusAndDescription" />
    </UnitTest>
    <UnitTest name="Jarvis5.Tests.EaFms.ApprovalDocuments.ApprovalDocumentServiceComprehensiveTests.Upload_OversizedFile_Throws" storage="c:\users\admin\documents\db_jarvis_api\studio5jarvis_master_api-main\tests\bin\debug\net8.0\studio5jarvis.tests.dll" id="87b8445f-8ee5-4895-9eeb-a297d3e165fe">
      <Execution id="9f733b8b-5f36-4e08-96b3-c65681442f9b" />
      <TestMethod codeBase="C:\Users\Admin\Documents\DB_JARVIS_API\Studio5Jarvis_Master_API-main\Tests\bin\Debug\net8.0\Studio5Jarvis.Tests.dll" adapterTypeName="executor://xunit/VsTestRunner2/netcoreapp" className="Jarvis5.Tests.EaFms.ApprovalDocuments.ApprovalDocumentServiceComprehensiveTests" name="Upload_OversizedFile_Throws" />
    </UnitTest>
    <UnitTest name="Jarvis5.Tests.EaFms.TatRules.ApprovalTatRuleMatchingTests.Matches_module_only_when_type_and_subtype_are_absent" storage="c:\users\admin\documents\db_jarvis_api\studio5jarvis_master_api-main\tests\bin\debug\net8.0\studio5jarvis.tests.dll" id="962df34b-7bc3-470d-f37c-0a8e2d94483f">
      <Execution id="bbfd78db-8a98-49ff-b1d1-070925b582d3" />
      <TestMethod codeBase="C:\Users\Admin\Documents\DB_JARVIS_API\Studio5Jarvis_Master_API-main\Tests\bin\Debug\net8.0\Studio5Jarvis.Tests.dll" adapterTypeName="executor://xunit/VsTestRunner2/netcoreapp" className="Jarvis5.Tests.EaFms.TatRules.ApprovalTatRuleMatchingTests" name="Matches_module_only_when_type_and_subtype_are_absent" />
    </UnitTest>
    <UnitTest name="Jarvis5.Tests.EaFms.ApprovalDocuments.ApprovalDocumentServiceComprehensiveTests.CycleLinking_CurrentCycleChangeDuringTransaction_IsRejected" storage="c:\users\admin\documents\db_jarvis_api\studio5jarvis_master_api-main\tests\bin\debug\net8.0\studio5jarvis.tests.dll" id="5b640411-ba30-7cab-0297-6eefd026bf91">
      <Execution id="ba6171db-7ad6-4c1d-b79f-3f164000943e" />
      <TestMethod codeBase="C:\Users\Admin\Documents\DB_JARVIS_API\Studio5Jarvis_Master_API-main\Tests\bin\Debug\net8.0\Studio5Jarvis.Tests.dll" adapterTypeName="executor://xunit/VsTestRunner2/netcoreapp" className="Jarvis5.Tests.EaFms.ApprovalDocuments.ApprovalDocumentServiceComprehensiveTests" name="CycleLinking_CurrentCycleChangeDuringTransaction_IsRejected" />
    </UnitTest>
    <UnitTest name="Jarvis5.Tests.EaFms.TatRules.ApprovalTatRuleMatchingTests.Matches_module_and_type_when_subtype_is_absent" storage="c:\users\admin\documents\db_jarvis_api\studio5jarvis_master_api-main\tests\bin\debug\net8.0\studio5jarvis.tests.dll" id="c68831c9-ed2a-ce0b-69e5-1defff053755">
      <Execution id="c9874596-2260-4842-bfca-38fe7fe1a8e0" />
      <TestMethod codeBase="C:\Users\Admin\Documents\DB_JARVIS_API\Studio5Jarvis_Master_API-main\Tests\bin\Debug\net8.0\Studio5Jarvis.Tests.dll" adapterTypeName="executor://xunit/VsTestRunner2/netcoreapp" className="Jarvis5.Tests.EaFms.TatRules.ApprovalTatRuleMatchingTests" name="Matches_module_and_type_when_subtype_is_absent" />
    </UnitTest>
    <UnitTest name="Jarvis5.Tests.EaFms.Approvals.ApprovalNoTatQueryTests.List_detail_and_dashboard_handle_optional_snapshot(minutes: 30, dueState: &quot;Overdue&quot;, overdueCount: 1)" storage="c:\users\admin\documents\db_jarvis_api\studio5jarvis_master_api-main\tests\bin\debug\net8.0\studio5jarvis.tests.dll" id="5258d06e-d635-5b47-a902-bdba3dc27c9e">
      <Execution id="a5447fce-217d-410c-a5c4-d987118000a3" />
      <TestMethod codeBase="C:\Users\Admin\Documents\DB_JARVIS_API\Studio5Jarvis_Master_API-main\Tests\bin\Debug\net8.0\Studio5Jarvis.Tests.dll" adapterTypeName="executor://xunit/VsTestRunner2/netcoreapp" className="Jarvis5.Tests.EaFms.Approvals.ApprovalNoTatQueryTests" name="List_detail_and_dashboard_handle_optional_snapshot" />
    </UnitTest>
    <UnitTest name="Jarvis5.Tests.EaFms.ApprovalDocuments.ApprovalDocumentServiceComprehensiveTests.CycleLinking_MissingCurrentCycle_IsRejected" storage="c:\users\admin\documents\db_jarvis_api\studio5jarvis_master_api-main\tests\bin\debug\net8.0\studio5jarvis.tests.dll" id="89c90b6f-d2e2-4a48-88c8-d272b2f51a67">
      <Execution id="7d9aebd0-1662-4a07-bbe2-4ea10cc5d151" />
      <TestMethod codeBase="C:\Users\Admin\Documents\DB_JARVIS_API\Studio5Jarvis_Master_API-main\Tests\bin\Debug\net8.0\Studio5Jarvis.Tests.dll" adapterTypeName="executor://xunit/VsTestRunner2/netcoreapp" className="Jarvis5.Tests.EaFms.ApprovalDocuments.ApprovalDocumentServiceComprehensiveTests" name="CycleLinking_MissingCurrentCycle_IsRejected" />
    </UnitTest>
    <UnitTest name="Jarvis5.Tests.EaFms.ApprovalDocuments.ApprovalDocumentServiceComprehensiveTests.Authorization_CreatorApproverAndUnauthorizedBehaviors" storage="c:\users\admin\documents\db_jarvis_api\studio5jarvis_master_api-main\tests\bin\debug\net8.0\studio5jarvis.tests.dll" id="9b4d25ff-df8c-71f3-b365-4bcf7c767e99">
      <Execution id="3d3cb4fe-e3bc-4182-8968-8a665465d200" />
      <TestMethod codeBase="C:\Users\Admin\Documents\DB_JARVIS_API\Studio5Jarvis_Master_API-main\Tests\bin\Debug\net8.0\Studio5Jarvis.Tests.dll" adapterTypeName="executor://xunit/VsTestRunner2/netcoreapp" className="Jarvis5.Tests.EaFms.ApprovalDocuments.ApprovalDocumentServiceComprehensiveTests" name="Authorization_CreatorApproverAndUnauthorizedBehaviors" />
    </UnitTest>
    <UnitTest name="Jarvis5.Tests.EaFms.TatRules.ApprovalTatRuleMatchingTests.Matching_is_case_insensitive_and_keeps_the_related_module_name_available" storage="c:\users\admin\documents\db_jarvis_api\studio5jarvis_master_api-main\tests\bin\debug\net8.0\studio5jarvis.tests.dll" id="5c72a9df-f394-6022-7e52-6b8d2ddfe314">
      <Execution id="5d3595e7-2452-4af4-9684-75531d4a5f0a" />
      <TestMethod codeBase="C:\Users\Admin\Documents\DB_JARVIS_API\Studio5Jarvis_Master_API-main\Tests\bin\Debug\net8.0\Studio5Jarvis.Tests.dll" adapterTypeName="executor://xunit/VsTestRunner2/netcoreapp" className="Jarvis5.Tests.EaFms.TatRules.ApprovalTatRuleMatchingTests" name="Matching_is_case_insensitive_and_keeps_the_related_module_name_available" />
    </UnitTest>
    <UnitTest name="Jarvis5.Tests.EaFms.ApprovalDocuments.ApprovalDocumentServiceComprehensiveTests.CycleLinking_ExplicitNonCurrentCycle_IsRejected" storage="c:\users\admin\documents\db_jarvis_api\studio5jarvis_master_api-main\tests\bin\debug\net8.0\studio5jarvis.tests.dll" id="51cb915f-288e-2475-38f2-147b2dc3b264">
      <Execution id="dc118225-80b1-42b4-a309-8ffebf7a15a7" />
      <TestMethod codeBase="C:\Users\Admin\Documents\DB_JARVIS_API\Studio5Jarvis_Master_API-main\Tests\bin\Debug\net8.0\Studio5Jarvis.Tests.dll" adapterTypeName="executor://xunit/VsTestRunner2/netcoreapp" className="Jarvis5.Tests.EaFms.ApprovalDocuments.ApprovalDocumentServiceComprehensiveTests" name="CycleLinking_ExplicitNonCurrentCycle_IsRejected" />
    </UnitTest>
    <UnitTest name="Jarvis5.Tests.EaFms.ApprovalDocuments.ApprovalDocumentServiceComprehensiveTests.CycleLinking_ExplicitValidCurrentCycle_AllowsUpload" storage="c:\users\admin\documents\db_jarvis_api\studio5jarvis_master_api-main\tests\bin\debug\net8.0\studio5jarvis.tests.dll" id="1ed41273-c4d5-ed76-e91e-03f772074dd8">
      <Execution id="30fd518f-119b-4509-9be8-2912cae6e2e6" />
      <TestMethod codeBase="C:\Users\Admin\Documents\DB_JARVIS_API\Studio5Jarvis_Master_API-main\Tests\bin\Debug\net8.0\Studio5Jarvis.Tests.dll" adapterTypeName="executor://xunit/VsTestRunner2/netcoreapp" className="Jarvis5.Tests.EaFms.ApprovalDocuments.ApprovalDocumentServiceComprehensiveTests" name="CycleLinking_ExplicitValidCurrentCycle_AllowsUpload" />
    </UnitTest>
    <UnitTest name="Jarvis5.Tests.EaFms.ApprovalDocuments.ApprovalDocumentServiceComprehensiveTests.Upload_EmptyFile_Throws" storage="c:\users\admin\documents\db_jarvis_api\studio5jarvis_master_api-main\tests\bin\debug\net8.0\studio5jarvis.tests.dll" id="1a8bf7fa-341a-bd4b-e11f-60cc4f1b1ee7">
      <Execution id="026cab9f-d9d6-4c64-9b75-93cfbcaaaeed" />
      <TestMethod codeBase="C:\Users\Admin\Documents\DB_JARVIS_API\Studio5Jarvis_Master_API-main\Tests\bin\Debug\net8.0\Studio5Jarvis.Tests.dll" adapterTypeName="executor://xunit/VsTestRunner2/netcoreapp" className="Jarvis5.Tests.EaFms.ApprovalDocuments.ApprovalDocumentServiceComprehensiveTests" name="Upload_EmptyFile_Throws" />
    </UnitTest>
    <UnitTest name="Jarvis5.Tests.EaFms.TatRules.ApprovalTatRuleMatchingTests.Falls_back_from_exact_to_type_then_module" storage="c:\users\admin\documents\db_jarvis_api\studio5jarvis_master_api-main\tests\bin\debug\net8.0\studio5jarvis.tests.dll" id="90159c99-25b6-98f5-2c0e-16351a91aaf3">
      <Execution id="481e2018-077b-47eb-a300-789df925aafe" />
      <TestMethod codeBase="C:\Users\Admin\Documents\DB_JARVIS_API\Studio5Jarvis_Master_API-main\Tests\bin\Debug\net8.0\Studio5Jarvis.Tests.dll" adapterTypeName="executor://xunit/VsTestRunner2/netcoreapp" className="Jarvis5.Tests.EaFms.TatRules.ApprovalTatRuleMatchingTests" name="Falls_back_from_exact_to_type_then_module" />
    </UnitTest>
    <UnitTest name="Jarvis5.Tests.EaFms.ApprovalDocuments.ApprovalDocumentServiceIntegrationTests.Upload_WithNoCurrentCycle_IsRejected" storage="c:\users\admin\documents\db_jarvis_api\studio5jarvis_master_api-main\tests\bin\debug\net8.0\studio5jarvis.tests.dll" id="79ec618d-bd8f-d64a-7822-32f76eb6320f">
      <Execution id="67108357-e515-4c3a-9c11-acedfd349e12" />
      <TestMethod codeBase="C:\Users\Admin\Documents\DB_JARVIS_API\Studio5Jarvis_Master_API-main\Tests\bin\Debug\net8.0\Studio5Jarvis.Tests.dll" adapterTypeName="executor://xunit/VsTestRunner2/netcoreapp" className="Jarvis5.Tests.EaFms.ApprovalDocuments.ApprovalDocumentServiceIntegrationTests" name="Upload_WithNoCurrentCycle_IsRejected" />
    </UnitTest>
    <UnitTest name="Jarvis5.Tests.EaFms.ApprovalDocuments.ApprovalDocumentServiceTests.Upload_MissingFile_Throws" storage="c:\users\admin\documents\db_jarvis_api\studio5jarvis_master_api-main\tests\bin\debug\net8.0\studio5jarvis.tests.dll" id="e5d0b6f3-9c78-aa2f-5127-0039dbeb091b">
      <Execution id="93af9d1b-a1a7-40f7-889f-5c80cc1f9dd2" />
      <TestMethod codeBase="C:\Users\Admin\Documents\DB_JARVIS_API\Studio5Jarvis_Master_API-main\Tests\bin\Debug\net8.0\Studio5Jarvis.Tests.dll" adapterTypeName="executor://xunit/VsTestRunner2/netcoreapp" className="Jarvis5.Tests.EaFms.ApprovalDocuments.ApprovalDocumentServiceTests" name="Upload_MissingFile_Throws" />
    </UnitTest>
    <UnitTest name="Jarvis5.Tests.EaFms.TatRules.ApprovalTatRuleMatchingTests.Prefers_exact_module_type_and_subtype_match" storage="c:\users\admin\documents\db_jarvis_api\studio5jarvis_master_api-main\tests\bin\debug\net8.0\studio5jarvis.tests.dll" id="89d5fbce-5689-2754-3c17-f09a79f62c1e">
      <Execution id="0c21c48a-5fc4-4a24-9c7d-c41db34ee5dd" />
      <TestMethod codeBase="C:\Users\Admin\Documents\DB_JARVIS_API\Studio5Jarvis_Master_API-main\Tests\bin\Debug\net8.0\Studio5Jarvis.Tests.dll" adapterTypeName="executor://xunit/VsTestRunner2/netcoreapp" className="Jarvis5.Tests.EaFms.TatRules.ApprovalTatRuleMatchingTests" name="Prefers_exact_module_type_and_subtype_match" />
    </UnitTest>
  </TestDefinitions>
  <TestEntries>
    <TestEntry testId="53d147d6-c12c-a757-b4c7-8d6709fa6565" executionId="dfc4d5dc-1188-4293-a340-1d4039e34809" testListId="8c84fa94-04c1-424b-9868-57a2d4851a1d" />
    <TestEntry testId="bf574152-86c8-f641-f093-87868c68c3ef" executionId="d7cfc982-55e9-4543-b4d1-e2a49aae1e0e" testListId="8c84fa94-04c1-424b-9868-57a2d4851a1d" />
    <TestEntry testId="5258d06e-d635-5b47-a902-bdba3dc27c9e" executionId="a5447fce-217d-410c-a5c4-d987118000a3" testListId="8c84fa94-04c1-424b-9868-57a2d4851a1d" />
    <TestEntry testId="79ec618d-bd8f-d64a-7822-32f76eb6320f" executionId="67108357-e515-4c3a-9c11-acedfd349e12" testListId="8c84fa94-04c1-424b-9868-57a2d4851a1d" />
    <TestEntry testId="89d5fbce-5689-2754-3c17-f09a79f62c1e" executionId="0c21c48a-5fc4-4a24-9c7d-c41db34ee5dd" testListId="8c84fa94-04c1-424b-9868-57a2d4851a1d" />
    <TestEntry testId="ff41ec65-028d-9f15-77b3-d1514896bae7" executionId="d3624f28-7777-4678-a1a3-5501a13573f8" testListId="8c84fa94-04c1-424b-9868-57a2d4851a1d" />
    <TestEntry testId="5c72a9df-f394-6022-7e52-6b8d2ddfe314" executionId="5d3595e7-2452-4af4-9684-75531d4a5f0a" testListId="8c84fa94-04c1-424b-9868-57a2d4851a1d" />
    <TestEntry testId="d7693bb1-ac03-ed24-04e3-3c0ca91b5dec" executionId="8a11f415-d9b7-4f5b-8de5-53564ec39e0f" testListId="8c84fa94-04c1-424b-9868-57a2d4851a1d" />
    <TestEntry testId="1a8bf7fa-341a-bd4b-e11f-60cc4f1b1ee7" executionId="026cab9f-d9d6-4c64-9b75-93cfbcaaaeed" testListId="8c84fa94-04c1-424b-9868-57a2d4851a1d" />
    <TestEntry testId="f332357f-d841-7722-6b08-644c4984d50d" executionId="bd45a693-3e74-4dde-8f88-6b59c045dda9" testListId="8c84fa94-04c1-424b-9868-57a2d4851a1d" />
    <TestEntry testId="6ffb0b13-2b95-ecb7-ac2e-fb956ecf8a48" executionId="bece4a56-4534-4540-8798-53ab3eae12cb" testListId="8c84fa94-04c1-424b-9868-57a2d4851a1d" />
    <TestEntry testId="47c6c862-03f3-66b8-4a2e-52b2777cce20" executionId="ddfe5218-a016-4e4d-9c87-334edb26de4e" testListId="8c84fa94-04c1-424b-9868-57a2d4851a1d" />
    <TestEntry testId="90159c99-25b6-98f5-2c0e-16351a91aaf3" executionId="481e2018-077b-47eb-a300-789df925aafe" testListId="8c84fa94-04c1-424b-9868-57a2d4851a1d" />
    <TestEntry testId="6b8253d0-4853-bc65-93c2-fac0f402ea4a" executionId="820b2a16-29ff-440b-82e0-0f53a4f88608" testListId="8c84fa94-04c1-424b-9868-57a2d4851a1d" />
    <TestEntry testId="fe8ead08-9d11-c930-f2eb-92b7e91f155e" executionId="a7bb36d4-8b4e-4a6e-9486-151ed02b9d1c" testListId="8c84fa94-04c1-424b-9868-57a2d4851a1d" />
    <TestEntry testId="87b8445f-8ee5-4895-9eeb-a297d3e165fe" executionId="9f733b8b-5f36-4e08-96b3-c65681442f9b" testListId="8c84fa94-04c1-424b-9868-57a2d4851a1d" />
    <TestEntry testId="1ed41273-c4d5-ed76-e91e-03f772074dd8" executionId="30fd518f-119b-4509-9be8-2912cae6e2e6" testListId="8c84fa94-04c1-424b-9868-57a2d4851a1d" />
    <TestEntry testId="89c90b6f-d2e2-4a48-88c8-d272b2f51a67" executionId="7d9aebd0-1662-4a07-bbe2-4ea10cc5d151" testListId="8c84fa94-04c1-424b-9868-57a2d4851a1d" />
    <TestEntry testId="2d528b27-9efe-ca41-d1f4-9f19a4b7800d" executionId="1154823b-14fc-4e19-88e9-53f7dfb627ab" testListId="8c84fa94-04c1-424b-9868-57a2d4851a1d" />
    <TestEntry testId="9b4d25ff-df8c-71f3-b365-4bcf7c767e99" executionId="3d3cb4fe-e3bc-4182-8968-8a665465d200" testListId="8c84fa94-04c1-424b-9868-57a2d4851a1d" />
    <TestEntry testId="c68831c9-ed2a-ce0b-69e5-1defff053755" executionId="c9874596-2260-4842-bfca-38fe7fe1a8e0" testListId="8c84fa94-04c1-424b-9868-57a2d4851a1d" />
    <TestEntry testId="5119c3a8-bdd6-79cd-357a-be123bb1ad95" executionId="d174ecac-7bf5-4c7b-8ab1-c4cb3f32c249" testListId="8c84fa94-04c1-424b-9868-57a2d4851a1d" />
    <TestEntry testId="962df34b-7bc3-470d-f37c-0a8e2d94483f" executionId="bbfd78db-8a98-49ff-b1d1-070925b582d3" testListId="8c84fa94-04c1-424b-9868-57a2d4851a1d" />
    <TestEntry testId="51cb915f-288e-2475-38f2-147b2dc3b264" executionId="dc118225-80b1-42b4-a309-8ffebf7a15a7" testListId="8c84fa94-04c1-424b-9868-57a2d4851a1d" />
    <TestEntry testId="9619c825-a705-19f8-3da8-711ef85a8aad" executionId="e410f164-086d-403f-a79b-fc171a1e12ae" testListId="8c84fa94-04c1-424b-9868-57a2d4851a1d" />
    <TestEntry testId="e5d0b6f3-9c78-aa2f-5127-0039dbeb091b" executionId="93af9d1b-a1a7-40f7-889f-5c80cc1f9dd2" testListId="8c84fa94-04c1-424b-9868-57a2d4851a1d" />
    <TestEntry testId="500093b8-f8da-94fb-4491-5917398d3c87" executionId="51aca243-47ca-4c21-a236-e27c7ecfba07" testListId="8c84fa94-04c1-424b-9868-57a2d4851a1d" />
    <TestEntry testId="80b05cd0-31a8-1b7d-ba6e-9e5f7902ef59" executionId="9bde8afd-5662-4071-b59a-515648d54b7b" testListId="8c84fa94-04c1-424b-9868-57a2d4851a1d" />
    <TestEntry testId="5b640411-ba30-7cab-0297-6eefd026bf91" executionId="ba6171db-7ad6-4c1d-b79f-3f164000943e" testListId="8c84fa94-04c1-424b-9868-57a2d4851a1d" />
    <TestEntry testId="02afa38e-05c2-e3e9-b00f-a68921ca0540" executionId="7e4ec37f-6f12-40e0-9e42-6a04c65be61f" testListId="8c84fa94-04c1-424b-9868-57a2d4851a1d" />
    <TestEntry testId="eaa74c76-cdaf-39db-4aa0-fb43339eeb2f" executionId="27716e90-8eee-4ae2-890f-5719c54a007b" testListId="8c84fa94-04c1-424b-9868-57a2d4851a1d" />
  </TestEntries>
  <TestLists>
    <TestList name="Results Not in a List" id="8c84fa94-04c1-424b-9868-57a2d4851a1d" />
    <TestList name="All Loaded Results" id="19431567-8539-422a-85d7-44ee4e166bda" />
  </TestLists>
  <ResultSummary outcome="Completed">
    <Counters total="31" executed="30" passed="30" failed="0" error="0" timeout="0" aborted="0" inconclusive="0" passedButRunAborted="0" notRunnable="0" notExecuted="0" disconnected="0" warning="0" completed="0" inProgress="0" pending="0" />
    <Output>
      <StdOut>[xUnit.net 00:00:00.00] xUnit.net VSTest Adapter v2.4.3+1b45f5407b (64-bit .NET 8.0.31)&#xD;
[xUnit.net 00:00:01.20]   Discovering: Studio5Jarvis.Tests&#xD;
[xUnit.net 00:00:01.24]   Discovered:  Studio5Jarvis.Tests&#xD;
[xUnit.net 00:00:01.25]   Starting:    Studio5Jarvis.Tests&#xD;
[xUnit.net 00:00:02.76]       Requires simulation of concurrent change of current cycle inside DB transaction; environment does not provide easy hook. Marked as blocker.&#xD;
Test 'Jarvis5.Tests.EaFms.ApprovalDocuments.ApprovalDocumentServiceComprehensiveTests.CycleLinking_CurrentCycleChangeDuringTransaction_IsRejected' was skipped in the test run.&#xD;
[xUnit.net 00:00:02.97]   Finished:    Studio5Jarvis.Tests&#xD;
</StdOut>
    </Output>
    <RunInfos>
      <RunInfo computerName="PRATIKSHA" outcome="Warning" timestamp="2026-09-16T10:20:09.5266821+05:30">
        <Text>[xUnit.net 00:00:02.76]     Jarvis5.Tests.EaFms.ApprovalDocuments.ApprovalDocumentServiceComprehensiveTests.CycleLinking_CurrentCycleChangeDuringTransaction_IsRejected [SKIP]</Text>
      </RunInfo>
    </RunInfos>
  </ResultSummary>
</TestRun>